=== Starting Finetuning (Stage 2) ===
Config: configs/param0_8-4-10000.yaml
Checkpoint Dir: checkpoints/param0_8-4-10000
ModelWrapper: Detected 27 prunable blocks (Conv1+Conv2 pairs).
>> Loading Stage 1 weights from checkpoints/param0_8-4-10000/student_model.pth
>> Pruning Mask loaded. Applying initial pruning...
>> Optimizer reset: LR=0.1, Epochs=200, WD=0.0001
Epoch 1/200 | Loss: 0.3275 | Val Acc: 0.8208 | LR: 0.10000
   >> New Best Saved! (0.8208)
Epoch 2/200 | Loss: 0.2522 | Val Acc: 0.8580 | LR: 0.10000
   >> New Best Saved! (0.8580)
Epoch 3/200 | Loss: 0.2378 | Val Acc: 0.8528 | LR: 0.10000
Epoch 4/200 | Loss: 0.2250 | Val Acc: 0.8580 | LR: 0.10000
Epoch 5/200 | Loss: 0.2206 | Val Acc: 0.8843 | LR: 0.10000
   >> New Best Saved! (0.8843)
Epoch 6/200 | Loss: 0.2079 | Val Acc: 0.8725 | LR: 0.10000
Epoch 7/200 | Loss: 0.2157 | Val Acc: 0.8562 | LR: 0.10000
Epoch 8/200 | Loss: 0.2085 | Val Acc: 0.8794 | LR: 0.10000
Epoch 9/200 | Loss: 0.2077 | Val Acc: 0.8727 | LR: 0.10000
Epoch 10/200 | Loss: 0.2029 | Val Acc: 0.8704 | LR: 0.10000
Epoch 11/200 | Loss: 0.1970 | Val Acc: 0.8728 | LR: 0.10000
Epoch 12/200 | Loss: 0.1959 | Val Acc: 0.8761 | LR: 0.10000
Epoch 13/200 | Loss: 0.1966 | Val Acc: 0.8956 | LR: 0.10000
   >> New Best Saved! (0.8956)
Epoch 14/200 | Loss: 0.1900 | Val Acc: 0.8794 | LR: 0.10000
Epoch 15/200 | Loss: 0.1943 | Val Acc: 0.8879 | LR: 0.10000
Epoch 16/200 | Loss: 0.1896 | Val Acc: 0.8811 | LR: 0.10000
Epoch 17/200 | Loss: 0.1905 | Val Acc: 0.8170 | LR: 0.10000
Epoch 18/200 | Loss: 0.1873 | Val Acc: 0.8808 | LR: 0.10000
Epoch 19/200 | Loss: 0.1825 | Val Acc: 0.8781 | LR: 0.10000
Epoch 20/200 | Loss: 0.1826 | Val Acc: 0.8542 | LR: 0.10000
Epoch 21/200 | Loss: 0.1854 | Val Acc: 0.8760 | LR: 0.10000
Epoch 22/200 | Loss: 0.1800 | Val Acc: 0.8766 | LR: 0.10000
Epoch 23/200 | Loss: 0.1857 | Val Acc: 0.8629 | LR: 0.10000
Epoch 24/200 | Loss: 0.1870 | Val Acc: 0.8698 | LR: 0.10000
Epoch 25/200 | Loss: 0.1763 | Val Acc: 0.8696 | LR: 0.10000
Epoch 26/200 | Loss: 0.1766 | Val Acc: 0.8846 | LR: 0.10000
Epoch 27/200 | Loss: 0.1794 | Val Acc: 0.8721 | LR: 0.10000
Epoch 28/200 | Loss: 0.1808 | Val Acc: 0.8777 | LR: 0.10000
Epoch 29/200 | Loss: 0.1768 | Val Acc: 0.8866 | LR: 0.10000
Epoch 30/200 | Loss: 0.1789 | Val Acc: 0.8711 | LR: 0.10000
Epoch 31/200 | Loss: 0.1806 | Val Acc: 0.8728 | LR: 0.10000
Epoch 32/200 | Loss: 0.1741 | Val Acc: 0.8685 | LR: 0.10000
Epoch 33/200 | Loss: 0.1799 | Val Acc: 0.8726 | LR: 0.10000
Epoch 34/200 | Loss: 0.1749 | Val Acc: 0.8930 | LR: 0.10000
Epoch 35/200 | Loss: 0.1774 | Val Acc: 0.8753 | LR: 0.10000
Epoch 36/200 | Loss: 0.1714 | Val Acc: 0.8854 | LR: 0.10000
Epoch 37/200 | Loss: 0.1793 | Val Acc: 0.8847 | LR: 0.10000
Epoch 38/200 | Loss: 0.1741 | Val Acc: 0.8825 | LR: 0.10000
Epoch 39/200 | Loss: 0.1749 | Val Acc: 0.8670 | LR: 0.10000
Epoch 40/200 | Loss: 0.1721 | Val Acc: 0.8709 | LR: 0.10000
Epoch 41/200 | Loss: 0.1746 | Val Acc: 0.8855 | LR: 0.10000
Epoch 42/200 | Loss: 0.1725 | Val Acc: 0.8820 | LR: 0.10000
Epoch 43/200 | Loss: 0.1676 | Val Acc: 0.8833 | LR: 0.10000
Epoch 44/200 | Loss: 0.1737 | Val Acc: 0.8771 | LR: 0.10000
Epoch 45/200 | Loss: 0.1741 | Val Acc: 0.8938 | LR: 0.10000
Epoch 46/200 | Loss: 0.1730 | Val Acc: 0.8663 | LR: 0.10000
Epoch 47/200 | Loss: 0.1665 | Val Acc: 0.8732 | LR: 0.10000
Epoch 48/200 | Loss: 0.1674 | Val Acc: 0.8765 | LR: 0.10000
Epoch 49/200 | Loss: 0.1709 | Val Acc: 0.8630 | LR: 0.10000
Epoch 50/200 | Loss: 0.1705 | Val Acc: 0.8660 | LR: 0.10000
Epoch 51/200 | Loss: 0.1667 | Val Acc: 0.8794 | LR: 0.10000
Epoch 52/200 | Loss: 0.1676 | Val Acc: 0.8715 | LR: 0.10000
Epoch 53/200 | Loss: 0.1667 | Val Acc: 0.8648 | LR: 0.10000
Epoch 54/200 | Loss: 0.1722 | Val Acc: 0.8807 | LR: 0.10000
Epoch 55/200 | Loss: 0.1703 | Val Acc: 0.8716 | LR: 0.10000
Epoch 56/200 | Loss: 0.1666 | Val Acc: 0.8659 | LR: 0.10000
Epoch 57/200 | Loss: 0.1711 | Val Acc: 0.8696 | LR: 0.10000
Epoch 58/200 | Loss: 0.1685 | Val Acc: 0.8766 | LR: 0.10000
Epoch 59/200 | Loss: 0.1664 | Val Acc: 0.8840 | LR: 0.10000
Epoch 60/200 | Loss: 0.1731 | Val Acc: 0.8854 | LR: 0.10000
Epoch 61/200 | Loss: 0.1705 | Val Acc: 0.8825 | LR: 0.10000
Epoch 62/200 | Loss: 0.1638 | Val Acc: 0.8859 | LR: 0.10000
Epoch 63/200 | Loss: 0.1676 | Val Acc: 0.8853 | LR: 0.10000
Epoch 64/200 | Loss: 0.1674 | Val Acc: 0.8624 | LR: 0.10000
Epoch 65/200 | Loss: 0.1709 | Val Acc: 0.8792 | LR: 0.10000
Epoch 66/200 | Loss: 0.1689 | Val Acc: 0.8919 | LR: 0.10000
Epoch 67/200 | Loss: 0.1707 | Val Acc: 0.8561 | LR: 0.10000
Epoch 68/200 | Loss: 0.1683 | Val Acc: 0.8921 | LR: 0.10000
Epoch 69/200 | Loss: 0.1609 | Val Acc: 0.8834 | LR: 0.10000
Epoch 70/200 | Loss: 0.1679 | Val Acc: 0.8903 | LR: 0.10000
Epoch 71/200 | Loss: 0.1648 | Val Acc: 0.8836 | LR: 0.10000
Epoch 72/200 | Loss: 0.1662 | Val Acc: 0.8844 | LR: 0.10000
Epoch 73/200 | Loss: 0.1631 | Val Acc: 0.8791 | LR: 0.10000
Epoch 74/200 | Loss: 0.1638 | Val Acc: 0.8757 | LR: 0.10000
Epoch 75/200 | Loss: 0.1662 | Val Acc: 0.8634 | LR: 0.10000
Epoch 76/200 | Loss: 0.1696 | Val Acc: 0.8824 | LR: 0.10000
Epoch 77/200 | Loss: 0.1640 | Val Acc: 0.8833 | LR: 0.10000
Epoch 78/200 | Loss: 0.1647 | Val Acc: 0.8763 | LR: 0.10000
Epoch 79/200 | Loss: 0.1587 | Val Acc: 0.8806 | LR: 0.10000
Epoch 80/200 | Loss: 0.1667 | Val Acc: 0.8767 | LR: 0.10000
Epoch 81/200 | Loss: 0.1610 | Val Acc: 0.8713 | LR: 0.10000
Epoch 82/200 | Loss: 0.1663 | Val Acc: 0.8883 | LR: 0.10000
Epoch 83/200 | Loss: 0.1631 | Val Acc: 0.8834 | LR: 0.10000
Epoch 84/200 | Loss: 0.1628 | Val Acc: 0.8598 | LR: 0.10000
Epoch 85/200 | Loss: 0.1589 | Val Acc: 0.8908 | LR: 0.10000
Epoch 86/200 | Loss: 0.1669 | Val Acc: 0.8844 | LR: 0.10000
Epoch 87/200 | Loss: 0.1673 | Val Acc: 0.8714 | LR: 0.10000
Epoch 88/200 | Loss: 0.1601 | Val Acc: 0.8832 | LR: 0.10000
Epoch 89/200 | Loss: 0.1629 | Val Acc: 0.8845 | LR: 0.10000
Epoch 90/200 | Loss: 0.1649 | Val Acc: 0.8807 | LR: 0.10000
Epoch 91/200 | Loss: 0.1621 | Val Acc: 0.8814 | LR: 0.10000
Epoch 92/200 | Loss: 0.1659 | Val Acc: 0.8895 | LR: 0.10000
Epoch 93/200 | Loss: 0.1520 | Val Acc: 0.8582 | LR: 0.10000
Epoch 94/200 | Loss: 0.1627 | Val Acc: 0.8839 | LR: 0.10000
Epoch 95/200 | Loss: 0.1608 | Val Acc: 0.8858 | LR: 0.10000
Epoch 96/200 | Loss: 0.1597 | Val Acc: 0.8520 | LR: 0.10000
Epoch 97/200 | Loss: 0.1627 | Val Acc: 0.8814 | LR: 0.10000
Epoch 98/200 | Loss: 0.1617 | Val Acc: 0.8823 | LR: 0.10000
Epoch 99/200 | Loss: 0.1601 | Val Acc: 0.8791 | LR: 0.10000
Epoch 100/200 | Loss: 0.1644 | Val Acc: 0.8207 | LR: 0.01000
Epoch 101/200 | Loss: 0.0865 | Val Acc: 0.9281 | LR: 0.01000
   >> New Best Saved! (0.9281)
Epoch 102/200 | Loss: 0.0569 | Val Acc: 0.9286 | LR: 0.01000
   >> New Best Saved! (0.9286)
Epoch 103/200 | Loss: 0.0485 | Val Acc: 0.9297 | LR: 0.01000
   >> New Best Saved! (0.9297)
Epoch 104/200 | Loss: 0.0419 | Val Acc: 0.9288 | LR: 0.01000
Epoch 105/200 | Loss: 0.0365 | Val Acc: 0.9292 | LR: 0.01000
Epoch 106/200 | Loss: 0.0335 | Val Acc: 0.9294 | LR: 0.01000
Epoch 107/200 | Loss: 0.0318 | Val Acc: 0.9280 | LR: 0.01000
Epoch 108/200 | Loss: 0.0290 | Val Acc: 0.9298 | LR: 0.01000
   >> New Best Saved! (0.9298)
Epoch 109/200 | Loss: 0.0272 | Val Acc: 0.9283 | LR: 0.01000
Epoch 110/200 | Loss: 0.0242 | Val Acc: 0.9302 | LR: 0.01000
   >> New Best Saved! (0.9302)
Epoch 111/200 | Loss: 0.0228 | Val Acc: 0.9304 | LR: 0.01000
   >> New Best Saved! (0.9304)
Epoch 112/200 | Loss: 0.0216 | Val Acc: 0.9297 | LR: 0.01000
Epoch 113/200 | Loss: 0.0192 | Val Acc: 0.9295 | LR: 0.01000
Epoch 114/200 | Loss: 0.0198 | Val Acc: 0.9296 | LR: 0.01000
Epoch 115/200 | Loss: 0.0183 | Val Acc: 0.9288 | LR: 0.01000
Epoch 116/200 | Loss: 0.0183 | Val Acc: 0.9289 | LR: 0.01000
Epoch 117/200 | Loss: 0.0178 | Val Acc: 0.9281 | LR: 0.01000
Epoch 118/200 | Loss: 0.0168 | Val Acc: 0.9272 | LR: 0.01000
Epoch 119/200 | Loss: 0.0151 | Val Acc: 0.9317 | LR: 0.01000
   >> New Best Saved! (0.9317)
Epoch 120/200 | Loss: 0.0146 | Val Acc: 0.9294 | LR: 0.01000
Epoch 121/200 | Loss: 0.0141 | Val Acc: 0.9289 | LR: 0.01000
Epoch 122/200 | Loss: 0.0134 | Val Acc: 0.9299 | LR: 0.01000
Epoch 123/200 | Loss: 0.0136 | Val Acc: 0.9307 | LR: 0.01000
Epoch 124/200 | Loss: 0.0124 | Val Acc: 0.9308 | LR: 0.01000
Epoch 125/200 | Loss: 0.0128 | Val Acc: 0.9300 | LR: 0.01000
Epoch 126/200 | Loss: 0.0115 | Val Acc: 0.9300 | LR: 0.01000
Epoch 127/200 | Loss: 0.0122 | Val Acc: 0.9309 | LR: 0.01000
Epoch 128/200 | Loss: 0.0104 | Val Acc: 0.9313 | LR: 0.01000
Epoch 129/200 | Loss: 0.0101 | Val Acc: 0.9320 | LR: 0.01000
   >> New Best Saved! (0.9320)
Epoch 130/200 | Loss: 0.0112 | Val Acc: 0.9306 | LR: 0.01000
Epoch 131/200 | Loss: 0.0101 | Val Acc: 0.9299 | LR: 0.01000
Epoch 132/200 | Loss: 0.0097 | Val Acc: 0.9309 | LR: 0.01000
Epoch 133/200 | Loss: 0.0095 | Val Acc: 0.9317 | LR: 0.01000
Epoch 134/200 | Loss: 0.0093 | Val Acc: 0.9305 | LR: 0.01000
Epoch 135/200 | Loss: 0.0096 | Val Acc: 0.9293 | LR: 0.01000
Epoch 136/200 | Loss: 0.0086 | Val Acc: 0.9305 | LR: 0.01000
Epoch 137/200 | Loss: 0.0096 | Val Acc: 0.9291 | LR: 0.01000
Epoch 138/200 | Loss: 0.0081 | Val Acc: 0.9288 | LR: 0.01000
Epoch 139/200 | Loss: 0.0084 | Val Acc: 0.9301 | LR: 0.01000
Epoch 140/200 | Loss: 0.0084 | Val Acc: 0.9307 | LR: 0.01000
Epoch 141/200 | Loss: 0.0083 | Val Acc: 0.9307 | LR: 0.01000
Epoch 142/200 | Loss: 0.0082 | Val Acc: 0.9325 | LR: 0.01000
   >> New Best Saved! (0.9325)
Epoch 143/200 | Loss: 0.0081 | Val Acc: 0.9300 | LR: 0.01000
Epoch 144/200 | Loss: 0.0071 | Val Acc: 0.9308 | LR: 0.01000
Epoch 145/200 | Loss: 0.0078 | Val Acc: 0.9290 | LR: 0.01000
Epoch 146/200 | Loss: 0.0080 | Val Acc: 0.9305 | LR: 0.01000
Epoch 147/200 | Loss: 0.0077 | Val Acc: 0.9309 | LR: 0.01000
Epoch 148/200 | Loss: 0.0072 | Val Acc: 0.9302 | LR: 0.01000
Epoch 149/200 | Loss: 0.0071 | Val Acc: 0.9295 | LR: 0.01000
Epoch 150/200 | Loss: 0.0070 | Val Acc: 0.9323 | LR: 0.00100
Epoch 151/200 | Loss: 0.0065 | Val Acc: 0.9321 | LR: 0.00100
Epoch 152/200 | Loss: 0.0061 | Val Acc: 0.9326 | LR: 0.00100
   >> New Best Saved! (0.9326)
Epoch 153/200 | Loss: 0.0061 | Val Acc: 0.9325 | LR: 0.00100
Epoch 154/200 | Loss: 0.0053 | Val Acc: 0.9327 | LR: 0.00100
   >> New Best Saved! (0.9327)
Epoch 155/200 | Loss: 0.0052 | Val Acc: 0.9323 | LR: 0.00100
Epoch 156/200 | Loss: 0.0055 | Val Acc: 0.9326 | LR: 0.00100
Epoch 157/200 | Loss: 0.0053 | Val Acc: 0.9334 | LR: 0.00100
   >> New Best Saved! (0.9334)
Epoch 158/200 | Loss: 0.0055 | Val Acc: 0.9331 | LR: 0.00100
Epoch 159/200 | Loss: 0.0051 | Val Acc: 0.9325 | LR: 0.00100
Epoch 160/200 | Loss: 0.0049 | Val Acc: 0.9327 | LR: 0.00100
Epoch 161/200 | Loss: 0.0052 | Val Acc: 0.9327 | LR: 0.00100
Epoch 162/200 | Loss: 0.0053 | Val Acc: 0.9324 | LR: 0.00100
Epoch 163/200 | Loss: 0.0053 | Val Acc: 0.9332 | LR: 0.00100
Epoch 164/200 | Loss: 0.0053 | Val Acc: 0.9319 | LR: 0.00100
Epoch 165/200 | Loss: 0.0047 | Val Acc: 0.9325 | LR: 0.00100
Epoch 166/200 | Loss: 0.0052 | Val Acc: 0.9323 | LR: 0.00100
Epoch 167/200 | Loss: 0.0053 | Val Acc: 0.9315 | LR: 0.00100
Epoch 168/200 | Loss: 0.0045 | Val Acc: 0.9330 | LR: 0.00100
Epoch 169/200 | Loss: 0.0050 | Val Acc: 0.9316 | LR: 0.00100
Epoch 170/200 | Loss: 0.0053 | Val Acc: 0.9330 | LR: 0.00100
Epoch 171/200 | Loss: 0.0051 | Val Acc: 0.9330 | LR: 0.00100
Epoch 172/200 | Loss: 0.0052 | Val Acc: 0.9332 | LR: 0.00100
Epoch 173/200 | Loss: 0.0047 | Val Acc: 0.9329 | LR: 0.00100
Epoch 174/200 | Loss: 0.0048 | Val Acc: 0.9324 | LR: 0.00100
Epoch 175/200 | Loss: 0.0050 | Val Acc: 0.9326 | LR: 0.00100
Epoch 176/200 | Loss: 0.0047 | Val Acc: 0.9328 | LR: 0.00100
Epoch 177/200 | Loss: 0.0045 | Val Acc: 0.9323 | LR: 0.00100
Epoch 178/200 | Loss: 0.0048 | Val Acc: 0.9323 | LR: 0.00100
Epoch 179/200 | Loss: 0.0048 | Val Acc: 0.9324 | LR: 0.00100
Epoch 180/200 | Loss: 0.0049 | Val Acc: 0.9332 | LR: 0.00100
Epoch 181/200 | Loss: 0.0042 | Val Acc: 0.9321 | LR: 0.00100
Epoch 182/200 | Loss: 0.0048 | Val Acc: 0.9318 | LR: 0.00100
Epoch 183/200 | Loss: 0.0046 | Val Acc: 0.9320 | LR: 0.00100
Epoch 184/200 | Loss: 0.0042 | Val Acc: 0.9319 | LR: 0.00100
Epoch 185/200 | Loss: 0.0048 | Val Acc: 0.9317 | LR: 0.00100
Epoch 186/200 | Loss: 0.0047 | Val Acc: 0.9321 | LR: 0.00100
Epoch 187/200 | Loss: 0.0045 | Val Acc: 0.9319 | LR: 0.00100
Epoch 188/200 | Loss: 0.0048 | Val Acc: 0.9317 | LR: 0.00100
Epoch 189/200 | Loss: 0.0043 | Val Acc: 0.9314 | LR: 0.00100
Epoch 190/200 | Loss: 0.0047 | Val Acc: 0.9329 | LR: 0.00100
Epoch 191/200 | Loss: 0.0045 | Val Acc: 0.9326 | LR: 0.00100
Epoch 192/200 | Loss: 0.0041 | Val Acc: 0.9323 | LR: 0.00100
Epoch 193/200 | Loss: 0.0042 | Val Acc: 0.9322 | LR: 0.00100
Epoch 194/200 | Loss: 0.0043 | Val Acc: 0.9330 | LR: 0.00100
Epoch 195/200 | Loss: 0.0044 | Val Acc: 0.9325 | LR: 0.00100
Epoch 196/200 | Loss: 0.0040 | Val Acc: 0.9327 | LR: 0.00100
Epoch 197/200 | Loss: 0.0040 | Val Acc: 0.9317 | LR: 0.00100
Epoch 198/200 | Loss: 0.0044 | Val Acc: 0.9326 | LR: 0.00100
Epoch 199/200 | Loss: 0.0042 | Val Acc: 0.9323 | LR: 0.00100
Epoch 200/200 | Loss: 0.0041 | Val Acc: 0.9323 | LR: 0.00100
=== Finetuning Complete. Best Acc: 0.9334 ===
