nohup: ignoring input
=== Starting Finetuning (Stage 2) ===
Config: configs/param0_8-4-recalibrate.yaml
Checkpoint Dir: checkpoints/param0_8-4-recalibrate
ModelWrapper: Detected 27 prunable blocks (Conv1+Conv2 pairs).
>> Loading Stage 1 weights from checkpoints/param0_8-4-recalibrate/student_model.pth
>> Pruning Mask loaded. Applying initial pruning...
>> Optimizer reset: LR=0.1, Epochs=200, WD=0.0001
Epoch 1/200 | Loss: 0.3296 | Val Acc: 0.8164 | LR: 0.10000
   >> New Best Saved! (0.8164)
Epoch 2/200 | Loss: 0.2466 | Val Acc: 0.8597 | LR: 0.10000
   >> New Best Saved! (0.8597)
Epoch 3/200 | Loss: 0.2359 | Val Acc: 0.8602 | LR: 0.10000
   >> New Best Saved! (0.8602)
Epoch 4/200 | Loss: 0.2289 | Val Acc: 0.8763 | LR: 0.10000
   >> New Best Saved! (0.8763)
Epoch 5/200 | Loss: 0.2186 | Val Acc: 0.8760 | LR: 0.10000
Epoch 6/200 | Loss: 0.2161 | Val Acc: 0.8768 | LR: 0.10000
   >> New Best Saved! (0.8768)
Epoch 7/200 | Loss: 0.2115 | Val Acc: 0.8668 | LR: 0.10000
Epoch 8/200 | Loss: 0.2088 | Val Acc: 0.8694 | LR: 0.10000
Epoch 9/200 | Loss: 0.2049 | Val Acc: 0.8434 | LR: 0.10000
Epoch 10/200 | Loss: 0.2001 | Val Acc: 0.8772 | LR: 0.10000
   >> New Best Saved! (0.8772)
Epoch 11/200 | Loss: 0.1972 | Val Acc: 0.8861 | LR: 0.10000
   >> New Best Saved! (0.8861)
Epoch 12/200 | Loss: 0.1997 | Val Acc: 0.8693 | LR: 0.10000
Epoch 13/200 | Loss: 0.2006 | Val Acc: 0.8643 | LR: 0.10000
Epoch 14/200 | Loss: 0.1964 | Val Acc: 0.8633 | LR: 0.10000
Epoch 15/200 | Loss: 0.2006 | Val Acc: 0.8729 | LR: 0.10000
Epoch 16/200 | Loss: 0.1914 | Val Acc: 0.8741 | LR: 0.10000
Epoch 17/200 | Loss: 0.1912 | Val Acc: 0.8583 | LR: 0.10000
Epoch 18/200 | Loss: 0.1887 | Val Acc: 0.8867 | LR: 0.10000
   >> New Best Saved! (0.8867)
Epoch 19/200 | Loss: 0.1898 | Val Acc: 0.8813 | LR: 0.10000
Epoch 20/200 | Loss: 0.1889 | Val Acc: 0.8667 | LR: 0.10000
Epoch 21/200 | Loss: 0.1891 | Val Acc: 0.8764 | LR: 0.10000
Epoch 22/200 | Loss: 0.1833 | Val Acc: 0.8761 | LR: 0.10000
Epoch 23/200 | Loss: 0.1881 | Val Acc: 0.8618 | LR: 0.10000
Epoch 24/200 | Loss: 0.1843 | Val Acc: 0.8687 | LR: 0.10000
Epoch 25/200 | Loss: 0.1864 | Val Acc: 0.8646 | LR: 0.10000
Epoch 26/200 | Loss: 0.1833 | Val Acc: 0.8765 | LR: 0.10000
Epoch 27/200 | Loss: 0.1858 | Val Acc: 0.8665 | LR: 0.10000
Epoch 28/200 | Loss: 0.1816 | Val Acc: 0.8685 | LR: 0.10000
Epoch 29/200 | Loss: 0.1810 | Val Acc: 0.8805 | LR: 0.10000
Epoch 30/200 | Loss: 0.1754 | Val Acc: 0.8910 | LR: 0.10000
   >> New Best Saved! (0.8910)
Epoch 31/200 | Loss: 0.1769 | Val Acc: 0.8845 | LR: 0.10000
Epoch 32/200 | Loss: 0.1805 | Val Acc: 0.8846 | LR: 0.10000
Epoch 33/200 | Loss: 0.1795 | Val Acc: 0.8727 | LR: 0.10000
Epoch 34/200 | Loss: 0.1796 | Val Acc: 0.8791 | LR: 0.10000
Epoch 35/200 | Loss: 0.1771 | Val Acc: 0.8873 | LR: 0.10000
Epoch 36/200 | Loss: 0.1746 | Val Acc: 0.8763 | LR: 0.10000
Epoch 37/200 | Loss: 0.1771 | Val Acc: 0.8877 | LR: 0.10000
Epoch 38/200 | Loss: 0.1718 | Val Acc: 0.8805 | LR: 0.10000
Epoch 39/200 | Loss: 0.1793 | Val Acc: 0.8810 | LR: 0.10000
Epoch 40/200 | Loss: 0.1750 | Val Acc: 0.8743 | LR: 0.10000
Epoch 41/200 | Loss: 0.1773 | Val Acc: 0.8697 | LR: 0.10000
Epoch 42/200 | Loss: 0.1745 | Val Acc: 0.8544 | LR: 0.10000
Epoch 43/200 | Loss: 0.1699 | Val Acc: 0.8697 | LR: 0.10000
Epoch 44/200 | Loss: 0.1740 | Val Acc: 0.8772 | LR: 0.10000
Epoch 45/200 | Loss: 0.1787 | Val Acc: 0.8831 | LR: 0.10000
Epoch 46/200 | Loss: 0.1768 | Val Acc: 0.8681 | LR: 0.10000
Epoch 47/200 | Loss: 0.1737 | Val Acc: 0.8403 | LR: 0.10000
Epoch 48/200 | Loss: 0.1737 | Val Acc: 0.8704 | LR: 0.10000
Epoch 49/200 | Loss: 0.1729 | Val Acc: 0.8596 | LR: 0.10000
Epoch 50/200 | Loss: 0.1746 | Val Acc: 0.8686 | LR: 0.10000
Epoch 51/200 | Loss: 0.1707 | Val Acc: 0.8810 | LR: 0.10000
Epoch 52/200 | Loss: 0.1664 | Val Acc: 0.8778 | LR: 0.10000
Epoch 53/200 | Loss: 0.1733 | Val Acc: 0.8884 | LR: 0.10000
Epoch 54/200 | Loss: 0.1695 | Val Acc: 0.8823 | LR: 0.10000
Epoch 55/200 | Loss: 0.1719 | Val Acc: 0.8747 | LR: 0.10000
Epoch 56/200 | Loss: 0.1775 | Val Acc: 0.8684 | LR: 0.10000
Epoch 57/200 | Loss: 0.1729 | Val Acc: 0.8760 | LR: 0.10000
Epoch 58/200 | Loss: 0.1708 | Val Acc: 0.8804 | LR: 0.10000
Epoch 59/200 | Loss: 0.1730 | Val Acc: 0.8684 | LR: 0.10000
Epoch 60/200 | Loss: 0.1710 | Val Acc: 0.8859 | LR: 0.10000
Epoch 61/200 | Loss: 0.1710 | Val Acc: 0.8859 | LR: 0.10000
Epoch 62/200 | Loss: 0.1663 | Val Acc: 0.8774 | LR: 0.10000
Epoch 63/200 | Loss: 0.1685 | Val Acc: 0.8606 | LR: 0.10000
Epoch 64/200 | Loss: 0.1706 | Val Acc: 0.8625 | LR: 0.10000
Epoch 65/200 | Loss: 0.1699 | Val Acc: 0.8751 | LR: 0.10000
Epoch 66/200 | Loss: 0.1707 | Val Acc: 0.8560 | LR: 0.10000
Epoch 67/200 | Loss: 0.1669 | Val Acc: 0.8770 | LR: 0.10000
Epoch 68/200 | Loss: 0.1662 | Val Acc: 0.8860 | LR: 0.10000
Epoch 69/200 | Loss: 0.1732 | Val Acc: 0.8816 | LR: 0.10000
Epoch 70/200 | Loss: 0.1629 | Val Acc: 0.8685 | LR: 0.10000
Epoch 71/200 | Loss: 0.1698 | Val Acc: 0.8588 | LR: 0.10000
Epoch 72/200 | Loss: 0.1650 | Val Acc: 0.8810 | LR: 0.10000
Epoch 73/200 | Loss: 0.1655 | Val Acc: 0.8611 | LR: 0.10000
Epoch 74/200 | Loss: 0.1639 | Val Acc: 0.8750 | LR: 0.10000
Epoch 75/200 | Loss: 0.1661 | Val Acc: 0.8704 | LR: 0.10000
Epoch 76/200 | Loss: 0.1674 | Val Acc: 0.8851 | LR: 0.10000
Epoch 77/200 | Loss: 0.1662 | Val Acc: 0.8836 | LR: 0.10000
Epoch 78/200 | Loss: 0.1681 | Val Acc: 0.8495 | LR: 0.10000
Epoch 79/200 | Loss: 0.1609 | Val Acc: 0.8766 | LR: 0.10000
Epoch 80/200 | Loss: 0.1679 | Val Acc: 0.8563 | LR: 0.10000
Epoch 81/200 | Loss: 0.1644 | Val Acc: 0.8408 | LR: 0.10000
Epoch 82/200 | Loss: 0.1620 | Val Acc: 0.8866 | LR: 0.10000
Epoch 83/200 | Loss: 0.1645 | Val Acc: 0.8942 | LR: 0.10000
   >> New Best Saved! (0.8942)
Epoch 84/200 | Loss: 0.1626 | Val Acc: 0.8844 | LR: 0.10000
Epoch 85/200 | Loss: 0.1616 | Val Acc: 0.8770 | LR: 0.10000
Epoch 86/200 | Loss: 0.1644 | Val Acc: 0.8733 | LR: 0.10000
Epoch 87/200 | Loss: 0.1650 | Val Acc: 0.8681 | LR: 0.10000
Epoch 88/200 | Loss: 0.1650 | Val Acc: 0.8861 | LR: 0.10000
Epoch 89/200 | Loss: 0.1661 | Val Acc: 0.8881 | LR: 0.10000
Epoch 90/200 | Loss: 0.1639 | Val Acc: 0.8894 | LR: 0.10000
Epoch 91/200 | Loss: 0.1611 | Val Acc: 0.8788 | LR: 0.10000
Epoch 92/200 | Loss: 0.1662 | Val Acc: 0.8811 | LR: 0.10000
Epoch 93/200 | Loss: 0.1646 | Val Acc: 0.8417 | LR: 0.10000
Epoch 94/200 | Loss: 0.1610 | Val Acc: 0.8620 | LR: 0.10000
Epoch 95/200 | Loss: 0.1602 | Val Acc: 0.8821 | LR: 0.10000
Epoch 96/200 | Loss: 0.1613 | Val Acc: 0.8734 | LR: 0.10000
Epoch 97/200 | Loss: 0.1643 | Val Acc: 0.8875 | LR: 0.10000
Epoch 98/200 | Loss: 0.1653 | Val Acc: 0.8900 | LR: 0.10000
Epoch 99/200 | Loss: 0.1597 | Val Acc: 0.8685 | LR: 0.10000
Epoch 100/200 | Loss: 0.1665 | Val Acc: 0.8596 | LR: 0.01000
Epoch 101/200 | Loss: 0.0860 | Val Acc: 0.9196 | LR: 0.01000
   >> New Best Saved! (0.9196)
Epoch 102/200 | Loss: 0.0590 | Val Acc: 0.9209 | LR: 0.01000
   >> New Best Saved! (0.9209)
Epoch 103/200 | Loss: 0.0502 | Val Acc: 0.9226 | LR: 0.01000
   >> New Best Saved! (0.9226)
Epoch 104/200 | Loss: 0.0432 | Val Acc: 0.9230 | LR: 0.01000
   >> New Best Saved! (0.9230)
Epoch 105/200 | Loss: 0.0396 | Val Acc: 0.9266 | LR: 0.01000
   >> New Best Saved! (0.9266)
Epoch 106/200 | Loss: 0.0348 | Val Acc: 0.9270 | LR: 0.01000
   >> New Best Saved! (0.9270)
Epoch 107/200 | Loss: 0.0328 | Val Acc: 0.9253 | LR: 0.01000
Epoch 108/200 | Loss: 0.0302 | Val Acc: 0.9280 | LR: 0.01000
   >> New Best Saved! (0.9280)
Epoch 109/200 | Loss: 0.0283 | Val Acc: 0.9279 | LR: 0.01000
Epoch 110/200 | Loss: 0.0265 | Val Acc: 0.9262 | LR: 0.01000
Epoch 111/200 | Loss: 0.0252 | Val Acc: 0.9269 | LR: 0.01000
Epoch 112/200 | Loss: 0.0233 | Val Acc: 0.9279 | LR: 0.01000
Epoch 113/200 | Loss: 0.0225 | Val Acc: 0.9284 | LR: 0.01000
   >> New Best Saved! (0.9284)
Epoch 114/200 | Loss: 0.0220 | Val Acc: 0.9274 | LR: 0.01000
Epoch 115/200 | Loss: 0.0211 | Val Acc: 0.9273 | LR: 0.01000
Epoch 116/200 | Loss: 0.0194 | Val Acc: 0.9270 | LR: 0.01000
Epoch 117/200 | Loss: 0.0193 | Val Acc: 0.9273 | LR: 0.01000
Epoch 118/200 | Loss: 0.0177 | Val Acc: 0.9272 | LR: 0.01000
Epoch 119/200 | Loss: 0.0173 | Val Acc: 0.9291 | LR: 0.01000
   >> New Best Saved! (0.9291)
Epoch 120/200 | Loss: 0.0164 | Val Acc: 0.9290 | LR: 0.01000
Epoch 121/200 | Loss: 0.0154 | Val Acc: 0.9291 | LR: 0.01000
Epoch 122/200 | Loss: 0.0148 | Val Acc: 0.9293 | LR: 0.01000
   >> New Best Saved! (0.9293)
Epoch 123/200 | Loss: 0.0156 | Val Acc: 0.9281 | LR: 0.01000
Epoch 124/200 | Loss: 0.0144 | Val Acc: 0.9295 | LR: 0.01000
   >> New Best Saved! (0.9295)
Epoch 125/200 | Loss: 0.0133 | Val Acc: 0.9298 | LR: 0.01000
   >> New Best Saved! (0.9298)
Epoch 126/200 | Loss: 0.0133 | Val Acc: 0.9296 | LR: 0.01000
Epoch 127/200 | Loss: 0.0139 | Val Acc: 0.9287 | LR: 0.01000
Epoch 128/200 | Loss: 0.0120 | Val Acc: 0.9302 | LR: 0.01000
   >> New Best Saved! (0.9302)
Epoch 129/200 | Loss: 0.0110 | Val Acc: 0.9299 | LR: 0.01000
Epoch 130/200 | Loss: 0.0126 | Val Acc: 0.9290 | LR: 0.01000
Epoch 131/200 | Loss: 0.0119 | Val Acc: 0.9290 | LR: 0.01000
Epoch 132/200 | Loss: 0.0108 | Val Acc: 0.9308 | LR: 0.01000
   >> New Best Saved! (0.9308)
Epoch 133/200 | Loss: 0.0103 | Val Acc: 0.9273 | LR: 0.01000
Epoch 134/200 | Loss: 0.0107 | Val Acc: 0.9297 | LR: 0.01000
Epoch 135/200 | Loss: 0.0106 | Val Acc: 0.9295 | LR: 0.01000
Epoch 136/200 | Loss: 0.0109 | Val Acc: 0.9300 | LR: 0.01000
Epoch 137/200 | Loss: 0.0100 | Val Acc: 0.9305 | LR: 0.01000
Epoch 138/200 | Loss: 0.0098 | Val Acc: 0.9286 | LR: 0.01000
Epoch 139/200 | Loss: 0.0085 | Val Acc: 0.9285 | LR: 0.01000
Epoch 140/200 | Loss: 0.0084 | Val Acc: 0.9286 | LR: 0.01000
Epoch 141/200 | Loss: 0.0083 | Val Acc: 0.9269 | LR: 0.01000
Epoch 142/200 | Loss: 0.0093 | Val Acc: 0.9285 | LR: 0.01000
Epoch 143/200 | Loss: 0.0091 | Val Acc: 0.9262 | LR: 0.01000
Epoch 144/200 | Loss: 0.0092 | Val Acc: 0.9279 | LR: 0.01000
Epoch 145/200 | Loss: 0.0078 | Val Acc: 0.9276 | LR: 0.01000
Epoch 146/200 | Loss: 0.0088 | Val Acc: 0.9288 | LR: 0.01000
Epoch 147/200 | Loss: 0.0081 | Val Acc: 0.9314 | LR: 0.01000
   >> New Best Saved! (0.9314)
Epoch 148/200 | Loss: 0.0080 | Val Acc: 0.9286 | LR: 0.01000
Epoch 149/200 | Loss: 0.0086 | Val Acc: 0.9286 | LR: 0.01000
Epoch 150/200 | Loss: 0.0072 | Val Acc: 0.9299 | LR: 0.00100
Epoch 151/200 | Loss: 0.0069 | Val Acc: 0.9300 | LR: 0.00100
Epoch 152/200 | Loss: 0.0066 | Val Acc: 0.9298 | LR: 0.00100
Epoch 153/200 | Loss: 0.0069 | Val Acc: 0.9303 | LR: 0.00100
Epoch 154/200 | Loss: 0.0058 | Val Acc: 0.9312 | LR: 0.00100
Epoch 155/200 | Loss: 0.0065 | Val Acc: 0.9298 | LR: 0.00100
Epoch 156/200 | Loss: 0.0061 | Val Acc: 0.9308 | LR: 0.00100
Epoch 157/200 | Loss: 0.0062 | Val Acc: 0.9310 | LR: 0.00100
Epoch 158/200 | Loss: 0.0063 | Val Acc: 0.9308 | LR: 0.00100
Epoch 159/200 | Loss: 0.0061 | Val Acc: 0.9296 | LR: 0.00100
Epoch 160/200 | Loss: 0.0054 | Val Acc: 0.9301 | LR: 0.00100
Epoch 161/200 | Loss: 0.0058 | Val Acc: 0.9301 | LR: 0.00100
Epoch 162/200 | Loss: 0.0058 | Val Acc: 0.9307 | LR: 0.00100
Epoch 163/200 | Loss: 0.0056 | Val Acc: 0.9319 | LR: 0.00100
   >> New Best Saved! (0.9319)
Epoch 164/200 | Loss: 0.0051 | Val Acc: 0.9302 | LR: 0.00100
Epoch 165/200 | Loss: 0.0049 | Val Acc: 0.9297 | LR: 0.00100
Epoch 166/200 | Loss: 0.0052 | Val Acc: 0.9296 | LR: 0.00100
Epoch 167/200 | Loss: 0.0058 | Val Acc: 0.9307 | LR: 0.00100
Epoch 168/200 | Loss: 0.0050 | Val Acc: 0.9327 | LR: 0.00100
   >> New Best Saved! (0.9327)
Epoch 169/200 | Loss: 0.0054 | Val Acc: 0.9319 | LR: 0.00100
Epoch 170/200 | Loss: 0.0052 | Val Acc: 0.9320 | LR: 0.00100
Epoch 171/200 | Loss: 0.0052 | Val Acc: 0.9311 | LR: 0.00100
Epoch 172/200 | Loss: 0.0053 | Val Acc: 0.9319 | LR: 0.00100
Epoch 173/200 | Loss: 0.0051 | Val Acc: 0.9318 | LR: 0.00100
Epoch 174/200 | Loss: 0.0054 | Val Acc: 0.9298 | LR: 0.00100
Epoch 175/200 | Loss: 0.0053 | Val Acc: 0.9319 | LR: 0.00100
Epoch 176/200 | Loss: 0.0053 | Val Acc: 0.9310 | LR: 0.00100
Epoch 177/200 | Loss: 0.0053 | Val Acc: 0.9301 | LR: 0.00100
Epoch 178/200 | Loss: 0.0051 | Val Acc: 0.9307 | LR: 0.00100
Epoch 179/200 | Loss: 0.0052 | Val Acc: 0.9307 | LR: 0.00100
Epoch 180/200 | Loss: 0.0049 | Val Acc: 0.9316 | LR: 0.00100
Epoch 181/200 | Loss: 0.0050 | Val Acc: 0.9315 | LR: 0.00100
Epoch 182/200 | Loss: 0.0050 | Val Acc: 0.9303 | LR: 0.00100
Epoch 183/200 | Loss: 0.0050 | Val Acc: 0.9312 | LR: 0.00100
Epoch 184/200 | Loss: 0.0048 | Val Acc: 0.9316 | LR: 0.00100
Epoch 185/200 | Loss: 0.0049 | Val Acc: 0.9316 | LR: 0.00100
Epoch 186/200 | Loss: 0.0048 | Val Acc: 0.9321 | LR: 0.00100
Epoch 187/200 | Loss: 0.0050 | Val Acc: 0.9301 | LR: 0.00100
Epoch 188/200 | Loss: 0.0051 | Val Acc: 0.9313 | LR: 0.00100
Epoch 189/200 | Loss: 0.0048 | Val Acc: 0.9307 | LR: 0.00100
Epoch 190/200 | Loss: 0.0048 | Val Acc: 0.9319 | LR: 0.00100
Epoch 191/200 | Loss: 0.0048 | Val Acc: 0.9312 | LR: 0.00100
Epoch 192/200 | Loss: 0.0048 | Val Acc: 0.9319 | LR: 0.00100
Epoch 193/200 | Loss: 0.0044 | Val Acc: 0.9316 | LR: 0.00100
Epoch 194/200 | Loss: 0.0048 | Val Acc: 0.9322 | LR: 0.00100
Epoch 195/200 | Loss: 0.0045 | Val Acc: 0.9320 | LR: 0.00100
Epoch 196/200 | Loss: 0.0046 | Val Acc: 0.9334 | LR: 0.00100
   >> New Best Saved! (0.9334)
Epoch 197/200 | Loss: 0.0047 | Val Acc: 0.9327 | LR: 0.00100
Epoch 198/200 | Loss: 0.0043 | Val Acc: 0.9314 | LR: 0.00100
Epoch 199/200 | Loss: 0.0051 | Val Acc: 0.9326 | LR: 0.00100
Epoch 200/200 | Loss: 0.0044 | Val Acc: 0.9314 | LR: 0.00100
=== Finetuning Complete. Best Acc: 0.9334 ===
