nohup: ignoring input
=== Starting Finetuning (Stage 2) ===
Config: configs/param0_8-0.yaml
Checkpoint Dir: checkpoints/param0_8-0
ModelWrapper: Detected 27 prunable blocks (Conv1+Conv2 pairs).
>> Loading Stage 1 weights from checkpoints/param0_8-0/student_model.pth
>> Pruning Mask loaded. Applying initial pruning...
>> Optimizer reset: LR=0.1, Epochs=200, WD=0.0001
Epoch 1/200 | Loss: 0.3302 | Val Acc: 0.8615 | LR: 0.10000
   >> New Best Saved! (0.8615)
Epoch 2/200 | Loss: 0.2543 | Val Acc: 0.8485 | LR: 0.10000
Epoch 3/200 | Loss: 0.2352 | Val Acc: 0.8498 | LR: 0.10000
Epoch 4/200 | Loss: 0.2302 | Val Acc: 0.8650 | LR: 0.10000
   >> New Best Saved! (0.8650)
Epoch 5/200 | Loss: 0.2127 | Val Acc: 0.8536 | LR: 0.10000
Epoch 6/200 | Loss: 0.2198 | Val Acc: 0.8730 | LR: 0.10000
   >> New Best Saved! (0.8730)
Epoch 7/200 | Loss: 0.2129 | Val Acc: 0.8795 | LR: 0.10000
   >> New Best Saved! (0.8795)
Epoch 8/200 | Loss: 0.2124 | Val Acc: 0.8727 | LR: 0.10000
Epoch 9/200 | Loss: 0.2036 | Val Acc: 0.8632 | LR: 0.10000
Epoch 10/200 | Loss: 0.1979 | Val Acc: 0.8857 | LR: 0.10000
   >> New Best Saved! (0.8857)
Epoch 11/200 | Loss: 0.2018 | Val Acc: 0.8487 | LR: 0.10000
Epoch 12/200 | Loss: 0.1966 | Val Acc: 0.8587 | LR: 0.10000
Epoch 13/200 | Loss: 0.1921 | Val Acc: 0.8628 | LR: 0.10000
Epoch 14/200 | Loss: 0.1988 | Val Acc: 0.8774 | LR: 0.10000
Epoch 15/200 | Loss: 0.1927 | Val Acc: 0.8774 | LR: 0.10000
Epoch 16/200 | Loss: 0.1942 | Val Acc: 0.8806 | LR: 0.10000
Epoch 17/200 | Loss: 0.1867 | Val Acc: 0.8519 | LR: 0.10000
Epoch 18/200 | Loss: 0.1892 | Val Acc: 0.8845 | LR: 0.10000
Epoch 19/200 | Loss: 0.1892 | Val Acc: 0.8629 | LR: 0.10000
Epoch 20/200 | Loss: 0.1824 | Val Acc: 0.8640 | LR: 0.10000
Epoch 21/200 | Loss: 0.1812 | Val Acc: 0.8768 | LR: 0.10000
Epoch 22/200 | Loss: 0.1879 | Val Acc: 0.8404 | LR: 0.10000
Epoch 23/200 | Loss: 0.1824 | Val Acc: 0.8418 | LR: 0.10000
Epoch 24/200 | Loss: 0.1835 | Val Acc: 0.8837 | LR: 0.10000
Epoch 25/200 | Loss: 0.1850 | Val Acc: 0.8490 | LR: 0.10000
Epoch 26/200 | Loss: 0.1805 | Val Acc: 0.8864 | LR: 0.10000
   >> New Best Saved! (0.8864)
Epoch 27/200 | Loss: 0.1804 | Val Acc: 0.8720 | LR: 0.10000
Epoch 28/200 | Loss: 0.1813 | Val Acc: 0.8772 | LR: 0.10000
Epoch 29/200 | Loss: 0.1849 | Val Acc: 0.8803 | LR: 0.10000
Epoch 30/200 | Loss: 0.1768 | Val Acc: 0.8642 | LR: 0.10000
Epoch 31/200 | Loss: 0.1813 | Val Acc: 0.8795 | LR: 0.10000
Epoch 32/200 | Loss: 0.1784 | Val Acc: 0.8620 | LR: 0.10000
Epoch 33/200 | Loss: 0.1789 | Val Acc: 0.8695 | LR: 0.10000
Epoch 34/200 | Loss: 0.1820 | Val Acc: 0.8848 | LR: 0.10000
Epoch 35/200 | Loss: 0.1788 | Val Acc: 0.8785 | LR: 0.10000
Epoch 36/200 | Loss: 0.1800 | Val Acc: 0.8799 | LR: 0.10000
Epoch 37/200 | Loss: 0.1760 | Val Acc: 0.8737 | LR: 0.10000
Epoch 38/200 | Loss: 0.1742 | Val Acc: 0.8766 | LR: 0.10000
Epoch 39/200 | Loss: 0.1782 | Val Acc: 0.8786 | LR: 0.10000
Epoch 40/200 | Loss: 0.1759 | Val Acc: 0.8770 | LR: 0.10000
Epoch 41/200 | Loss: 0.1771 | Val Acc: 0.8970 | LR: 0.10000
   >> New Best Saved! (0.8970)
Epoch 42/200 | Loss: 0.1740 | Val Acc: 0.8859 | LR: 0.10000
Epoch 43/200 | Loss: 0.1715 | Val Acc: 0.8580 | LR: 0.10000
Epoch 44/200 | Loss: 0.1773 | Val Acc: 0.8839 | LR: 0.10000
Epoch 45/200 | Loss: 0.1787 | Val Acc: 0.8522 | LR: 0.10000
Epoch 46/200 | Loss: 0.1737 | Val Acc: 0.8754 | LR: 0.10000
Epoch 47/200 | Loss: 0.1685 | Val Acc: 0.8773 | LR: 0.10000
Epoch 48/200 | Loss: 0.1751 | Val Acc: 0.8604 | LR: 0.10000
Epoch 49/200 | Loss: 0.1766 | Val Acc: 0.8685 | LR: 0.10000
Epoch 50/200 | Loss: 0.1715 | Val Acc: 0.8802 | LR: 0.10000
Epoch 51/200 | Loss: 0.1705 | Val Acc: 0.8896 | LR: 0.10000
Epoch 52/200 | Loss: 0.1705 | Val Acc: 0.8774 | LR: 0.10000
Epoch 53/200 | Loss: 0.1669 | Val Acc: 0.8884 | LR: 0.10000
Epoch 54/200 | Loss: 0.1725 | Val Acc: 0.8960 | LR: 0.10000
Epoch 55/200 | Loss: 0.1731 | Val Acc: 0.8361 | LR: 0.10000
Epoch 56/200 | Loss: 0.1734 | Val Acc: 0.8895 | LR: 0.10000
Epoch 57/200 | Loss: 0.1741 | Val Acc: 0.8916 | LR: 0.10000
Epoch 58/200 | Loss: 0.1692 | Val Acc: 0.8691 | LR: 0.10000
Epoch 59/200 | Loss: 0.1704 | Val Acc: 0.8760 | LR: 0.10000
Epoch 60/200 | Loss: 0.1733 | Val Acc: 0.8992 | LR: 0.10000
   >> New Best Saved! (0.8992)
Epoch 61/200 | Loss: 0.1672 | Val Acc: 0.8850 | LR: 0.10000
Epoch 62/200 | Loss: 0.1700 | Val Acc: 0.8750 | LR: 0.10000
Epoch 63/200 | Loss: 0.1716 | Val Acc: 0.8659 | LR: 0.10000
Epoch 64/200 | Loss: 0.1690 | Val Acc: 0.8931 | LR: 0.10000
Epoch 65/200 | Loss: 0.1671 | Val Acc: 0.8816 | LR: 0.10000
Epoch 66/200 | Loss: 0.1681 | Val Acc: 0.8693 | LR: 0.10000
Epoch 67/200 | Loss: 0.1669 | Val Acc: 0.8679 | LR: 0.10000
Epoch 68/200 | Loss: 0.1710 | Val Acc: 0.8885 | LR: 0.10000
Epoch 69/200 | Loss: 0.1645 | Val Acc: 0.8667 | LR: 0.10000
Epoch 70/200 | Loss: 0.1698 | Val Acc: 0.8820 | LR: 0.10000
Epoch 71/200 | Loss: 0.1687 | Val Acc: 0.8850 | LR: 0.10000
Epoch 72/200 | Loss: 0.1674 | Val Acc: 0.8647 | LR: 0.10000
Epoch 73/200 | Loss: 0.1635 | Val Acc: 0.8886 | LR: 0.10000
Epoch 74/200 | Loss: 0.1644 | Val Acc: 0.8836 | LR: 0.10000
Epoch 75/200 | Loss: 0.1694 | Val Acc: 0.8675 | LR: 0.10000
Epoch 76/200 | Loss: 0.1657 | Val Acc: 0.8683 | LR: 0.10000
Epoch 77/200 | Loss: 0.1647 | Val Acc: 0.8785 | LR: 0.10000
Epoch 78/200 | Loss: 0.1713 | Val Acc: 0.8514 | LR: 0.10000
Epoch 79/200 | Loss: 0.1604 | Val Acc: 0.8861 | LR: 0.10000
Epoch 80/200 | Loss: 0.1698 | Val Acc: 0.8769 | LR: 0.10000
Epoch 81/200 | Loss: 0.1594 | Val Acc: 0.8651 | LR: 0.10000
Epoch 82/200 | Loss: 0.1682 | Val Acc: 0.8773 | LR: 0.10000
Epoch 83/200 | Loss: 0.1654 | Val Acc: 0.8785 | LR: 0.10000
Epoch 84/200 | Loss: 0.1639 | Val Acc: 0.8781 | LR: 0.10000
Epoch 85/200 | Loss: 0.1637 | Val Acc: 0.8608 | LR: 0.10000
Epoch 86/200 | Loss: 0.1701 | Val Acc: 0.8908 | LR: 0.10000
Epoch 87/200 | Loss: 0.1650 | Val Acc: 0.8659 | LR: 0.10000
Epoch 88/200 | Loss: 0.1682 | Val Acc: 0.8777 | LR: 0.10000
Epoch 89/200 | Loss: 0.1619 | Val Acc: 0.8519 | LR: 0.10000
Epoch 90/200 | Loss: 0.1665 | Val Acc: 0.8799 | LR: 0.10000
Epoch 91/200 | Loss: 0.1596 | Val Acc: 0.8778 | LR: 0.10000
Epoch 92/200 | Loss: 0.1666 | Val Acc: 0.8783 | LR: 0.10000
Epoch 93/200 | Loss: 0.1644 | Val Acc: 0.8874 | LR: 0.10000
Epoch 94/200 | Loss: 0.1615 | Val Acc: 0.8672 | LR: 0.10000
Epoch 95/200 | Loss: 0.1654 | Val Acc: 0.8975 | LR: 0.10000
Epoch 96/200 | Loss: 0.1571 | Val Acc: 0.8771 | LR: 0.10000
Epoch 97/200 | Loss: 0.1709 | Val Acc: 0.8832 | LR: 0.10000
Epoch 98/200 | Loss: 0.1591 | Val Acc: 0.8883 | LR: 0.10000
Epoch 99/200 | Loss: 0.1636 | Val Acc: 0.8887 | LR: 0.10000
Epoch 100/200 | Loss: 0.1629 | Val Acc: 0.8859 | LR: 0.01000
Epoch 101/200 | Loss: 0.0856 | Val Acc: 0.9197 | LR: 0.01000
   >> New Best Saved! (0.9197)
Epoch 102/200 | Loss: 0.0594 | Val Acc: 0.9222 | LR: 0.01000
   >> New Best Saved! (0.9222)
Epoch 103/200 | Loss: 0.0507 | Val Acc: 0.9254 | LR: 0.01000
   >> New Best Saved! (0.9254)
Epoch 104/200 | Loss: 0.0441 | Val Acc: 0.9236 | LR: 0.01000
Epoch 105/200 | Loss: 0.0395 | Val Acc: 0.9241 | LR: 0.01000
Epoch 106/200 | Loss: 0.0352 | Val Acc: 0.9269 | LR: 0.01000
   >> New Best Saved! (0.9269)
Epoch 107/200 | Loss: 0.0334 | Val Acc: 0.9261 | LR: 0.01000
Epoch 108/200 | Loss: 0.0306 | Val Acc: 0.9256 | LR: 0.01000
Epoch 109/200 | Loss: 0.0295 | Val Acc: 0.9261 | LR: 0.01000
Epoch 110/200 | Loss: 0.0269 | Val Acc: 0.9257 | LR: 0.01000
Epoch 111/200 | Loss: 0.0262 | Val Acc: 0.9272 | LR: 0.01000
   >> New Best Saved! (0.9272)
Epoch 112/200 | Loss: 0.0235 | Val Acc: 0.9271 | LR: 0.01000
Epoch 113/200 | Loss: 0.0225 | Val Acc: 0.9261 | LR: 0.01000
Epoch 114/200 | Loss: 0.0217 | Val Acc: 0.9254 | LR: 0.01000
Epoch 115/200 | Loss: 0.0205 | Val Acc: 0.9286 | LR: 0.01000
   >> New Best Saved! (0.9286)
Epoch 116/200 | Loss: 0.0189 | Val Acc: 0.9277 | LR: 0.01000
Epoch 117/200 | Loss: 0.0200 | Val Acc: 0.9287 | LR: 0.01000
   >> New Best Saved! (0.9287)
Epoch 118/200 | Loss: 0.0187 | Val Acc: 0.9264 | LR: 0.01000
Epoch 119/200 | Loss: 0.0174 | Val Acc: 0.9281 | LR: 0.01000
Epoch 120/200 | Loss: 0.0163 | Val Acc: 0.9285 | LR: 0.01000
Epoch 121/200 | Loss: 0.0157 | Val Acc: 0.9294 | LR: 0.01000
   >> New Best Saved! (0.9294)
Epoch 122/200 | Loss: 0.0154 | Val Acc: 0.9285 | LR: 0.01000
Epoch 123/200 | Loss: 0.0151 | Val Acc: 0.9283 | LR: 0.01000
Epoch 124/200 | Loss: 0.0145 | Val Acc: 0.9280 | LR: 0.01000
Epoch 125/200 | Loss: 0.0141 | Val Acc: 0.9283 | LR: 0.01000
Epoch 126/200 | Loss: 0.0135 | Val Acc: 0.9278 | LR: 0.01000
Epoch 127/200 | Loss: 0.0126 | Val Acc: 0.9297 | LR: 0.01000
   >> New Best Saved! (0.9297)
Epoch 128/200 | Loss: 0.0114 | Val Acc: 0.9284 | LR: 0.01000
Epoch 129/200 | Loss: 0.0119 | Val Acc: 0.9301 | LR: 0.01000
   >> New Best Saved! (0.9301)
Epoch 130/200 | Loss: 0.0118 | Val Acc: 0.9274 | LR: 0.01000
Epoch 131/200 | Loss: 0.0113 | Val Acc: 0.9289 | LR: 0.01000
Epoch 132/200 | Loss: 0.0109 | Val Acc: 0.9291 | LR: 0.01000
Epoch 133/200 | Loss: 0.0105 | Val Acc: 0.9258 | LR: 0.01000
Epoch 134/200 | Loss: 0.0107 | Val Acc: 0.9286 | LR: 0.01000
Epoch 135/200 | Loss: 0.0117 | Val Acc: 0.9277 | LR: 0.01000
Epoch 136/200 | Loss: 0.0106 | Val Acc: 0.9288 | LR: 0.01000
Epoch 137/200 | Loss: 0.0106 | Val Acc: 0.9281 | LR: 0.01000
Epoch 138/200 | Loss: 0.0092 | Val Acc: 0.9293 | LR: 0.01000
Epoch 139/200 | Loss: 0.0089 | Val Acc: 0.9284 | LR: 0.01000
Epoch 140/200 | Loss: 0.0094 | Val Acc: 0.9301 | LR: 0.01000
Epoch 141/200 | Loss: 0.0097 | Val Acc: 0.9285 | LR: 0.01000
Epoch 142/200 | Loss: 0.0095 | Val Acc: 0.9291 | LR: 0.01000
Epoch 143/200 | Loss: 0.0088 | Val Acc: 0.9294 | LR: 0.01000
Epoch 144/200 | Loss: 0.0090 | Val Acc: 0.9301 | LR: 0.01000
Epoch 145/200 | Loss: 0.0083 | Val Acc: 0.9291 | LR: 0.01000
Epoch 146/200 | Loss: 0.0089 | Val Acc: 0.9291 | LR: 0.01000
Epoch 147/200 | Loss: 0.0092 | Val Acc: 0.9304 | LR: 0.01000
   >> New Best Saved! (0.9304)
Epoch 148/200 | Loss: 0.0084 | Val Acc: 0.9282 | LR: 0.01000
Epoch 149/200 | Loss: 0.0090 | Val Acc: 0.9298 | LR: 0.01000
Epoch 150/200 | Loss: 0.0079 | Val Acc: 0.9289 | LR: 0.00100
Epoch 151/200 | Loss: 0.0080 | Val Acc: 0.9293 | LR: 0.00100
Epoch 152/200 | Loss: 0.0069 | Val Acc: 0.9288 | LR: 0.00100
Epoch 153/200 | Loss: 0.0068 | Val Acc: 0.9294 | LR: 0.00100
Epoch 154/200 | Loss: 0.0058 | Val Acc: 0.9301 | LR: 0.00100
Epoch 155/200 | Loss: 0.0067 | Val Acc: 0.9296 | LR: 0.00100
Epoch 156/200 | Loss: 0.0059 | Val Acc: 0.9298 | LR: 0.00100
Epoch 157/200 | Loss: 0.0069 | Val Acc: 0.9310 | LR: 0.00100
   >> New Best Saved! (0.9310)
Epoch 158/200 | Loss: 0.0063 | Val Acc: 0.9297 | LR: 0.00100
Epoch 159/200 | Loss: 0.0062 | Val Acc: 0.9295 | LR: 0.00100
Epoch 160/200 | Loss: 0.0058 | Val Acc: 0.9288 | LR: 0.00100
Epoch 161/200 | Loss: 0.0060 | Val Acc: 0.9292 | LR: 0.00100
Epoch 162/200 | Loss: 0.0056 | Val Acc: 0.9307 | LR: 0.00100
Epoch 163/200 | Loss: 0.0058 | Val Acc: 0.9299 | LR: 0.00100
Epoch 164/200 | Loss: 0.0056 | Val Acc: 0.9300 | LR: 0.00100
Epoch 165/200 | Loss: 0.0052 | Val Acc: 0.9288 | LR: 0.00100
Epoch 166/200 | Loss: 0.0058 | Val Acc: 0.9296 | LR: 0.00100
Epoch 167/200 | Loss: 0.0059 | Val Acc: 0.9294 | LR: 0.00100
Epoch 168/200 | Loss: 0.0054 | Val Acc: 0.9297 | LR: 0.00100
Epoch 169/200 | Loss: 0.0057 | Val Acc: 0.9295 | LR: 0.00100
Epoch 170/200 | Loss: 0.0053 | Val Acc: 0.9304 | LR: 0.00100
Epoch 171/200 | Loss: 0.0053 | Val Acc: 0.9290 | LR: 0.00100
Epoch 172/200 | Loss: 0.0056 | Val Acc: 0.9304 | LR: 0.00100
Epoch 173/200 | Loss: 0.0054 | Val Acc: 0.9295 | LR: 0.00100
Epoch 174/200 | Loss: 0.0056 | Val Acc: 0.9298 | LR: 0.00100
Epoch 175/200 | Loss: 0.0053 | Val Acc: 0.9303 | LR: 0.00100
Epoch 176/200 | Loss: 0.0058 | Val Acc: 0.9296 | LR: 0.00100
Epoch 177/200 | Loss: 0.0053 | Val Acc: 0.9292 | LR: 0.00100
Epoch 178/200 | Loss: 0.0052 | Val Acc: 0.9303 | LR: 0.00100
Epoch 179/200 | Loss: 0.0048 | Val Acc: 0.9308 | LR: 0.00100
Epoch 180/200 | Loss: 0.0057 | Val Acc: 0.9308 | LR: 0.00100
Epoch 181/200 | Loss: 0.0049 | Val Acc: 0.9311 | LR: 0.00100
   >> New Best Saved! (0.9311)
Epoch 182/200 | Loss: 0.0050 | Val Acc: 0.9306 | LR: 0.00100
Epoch 183/200 | Loss: 0.0051 | Val Acc: 0.9302 | LR: 0.00100
Epoch 184/200 | Loss: 0.0047 | Val Acc: 0.9307 | LR: 0.00100
Epoch 185/200 | Loss: 0.0047 | Val Acc: 0.9300 | LR: 0.00100
Epoch 186/200 | Loss: 0.0050 | Val Acc: 0.9306 | LR: 0.00100
Epoch 187/200 | Loss: 0.0049 | Val Acc: 0.9300 | LR: 0.00100
Epoch 188/200 | Loss: 0.0055 | Val Acc: 0.9306 | LR: 0.00100
Epoch 189/200 | Loss: 0.0049 | Val Acc: 0.9298 | LR: 0.00100
Epoch 190/200 | Loss: 0.0049 | Val Acc: 0.9307 | LR: 0.00100
Epoch 191/200 | Loss: 0.0049 | Val Acc: 0.9309 | LR: 0.00100
Epoch 192/200 | Loss: 0.0049 | Val Acc: 0.9321 | LR: 0.00100
   >> New Best Saved! (0.9321)
Epoch 193/200 | Loss: 0.0047 | Val Acc: 0.9310 | LR: 0.00100
Epoch 194/200 | Loss: 0.0048 | Val Acc: 0.9311 | LR: 0.00100
Epoch 195/200 | Loss: 0.0046 | Val Acc: 0.9301 | LR: 0.00100
Epoch 196/200 | Loss: 0.0046 | Val Acc: 0.9311 | LR: 0.00100
Epoch 197/200 | Loss: 0.0045 | Val Acc: 0.9313 | LR: 0.00100
Epoch 198/200 | Loss: 0.0044 | Val Acc: 0.9307 | LR: 0.00100
Epoch 199/200 | Loss: 0.0050 | Val Acc: 0.9308 | LR: 0.00100
Epoch 200/200 | Loss: 0.0047 | Val Acc: 0.9317 | LR: 0.00100
=== Finetuning Complete. Best Acc: 0.9321 ===
