=== Starting Finetuning (Stage 2) ===
Config: configs/param0_8-4-15.yaml
Checkpoint Dir: checkpoints/param0_8-4-15
ModelWrapper: Detected 27 prunable blocks (Conv1+Conv2 pairs).
>> Loading Stage 1 weights from checkpoints/param0_8-4-15/student_model.pth
>> Pruning Mask loaded. Applying initial pruning...
>> Optimizer reset: LR=0.1, Epochs=200, WD=0.0001
Epoch 1/200 | Loss: 0.3363 | Val Acc: 0.8655 | LR: 0.10000
   >> New Best Saved! (0.8655)
Epoch 2/200 | Loss: 0.2566 | Val Acc: 0.8653 | LR: 0.10000
Epoch 3/200 | Loss: 0.2394 | Val Acc: 0.8617 | LR: 0.10000
Epoch 4/200 | Loss: 0.2289 | Val Acc: 0.8600 | LR: 0.10000
Epoch 5/200 | Loss: 0.2232 | Val Acc: 0.8745 | LR: 0.10000
   >> New Best Saved! (0.8745)
Epoch 6/200 | Loss: 0.2188 | Val Acc: 0.8739 | LR: 0.10000
Epoch 7/200 | Loss: 0.2144 | Val Acc: 0.8420 | LR: 0.10000
Epoch 8/200 | Loss: 0.2138 | Val Acc: 0.8706 | LR: 0.10000
Epoch 9/200 | Loss: 0.2067 | Val Acc: 0.8764 | LR: 0.10000
   >> New Best Saved! (0.8764)
Epoch 10/200 | Loss: 0.2075 | Val Acc: 0.8469 | LR: 0.10000
Epoch 11/200 | Loss: 0.1949 | Val Acc: 0.8760 | LR: 0.10000
Epoch 12/200 | Loss: 0.2045 | Val Acc: 0.8727 | LR: 0.10000
Epoch 13/200 | Loss: 0.1924 | Val Acc: 0.8672 | LR: 0.10000
Epoch 14/200 | Loss: 0.1912 | Val Acc: 0.8543 | LR: 0.10000
Epoch 15/200 | Loss: 0.1950 | Val Acc: 0.8757 | LR: 0.10000
Epoch 16/200 | Loss: 0.1894 | Val Acc: 0.8616 | LR: 0.10000
Epoch 17/200 | Loss: 0.1930 | Val Acc: 0.8620 | LR: 0.10000
Epoch 18/200 | Loss: 0.1921 | Val Acc: 0.8656 | LR: 0.10000
Epoch 19/200 | Loss: 0.1904 | Val Acc: 0.8661 | LR: 0.10000
Epoch 20/200 | Loss: 0.1869 | Val Acc: 0.8842 | LR: 0.10000
   >> New Best Saved! (0.8842)
Epoch 21/200 | Loss: 0.1820 | Val Acc: 0.8723 | LR: 0.10000
Epoch 22/200 | Loss: 0.1846 | Val Acc: 0.8542 | LR: 0.10000
Epoch 23/200 | Loss: 0.1842 | Val Acc: 0.8816 | LR: 0.10000
Epoch 24/200 | Loss: 0.1798 | Val Acc: 0.8554 | LR: 0.10000
Epoch 25/200 | Loss: 0.1818 | Val Acc: 0.8491 | LR: 0.10000
Epoch 26/200 | Loss: 0.1851 | Val Acc: 0.8700 | LR: 0.10000
Epoch 27/200 | Loss: 0.1810 | Val Acc: 0.8775 | LR: 0.10000
Epoch 28/200 | Loss: 0.1845 | Val Acc: 0.8537 | LR: 0.10000
Epoch 29/200 | Loss: 0.1771 | Val Acc: 0.8762 | LR: 0.10000
Epoch 30/200 | Loss: 0.1829 | Val Acc: 0.8864 | LR: 0.10000
   >> New Best Saved! (0.8864)
Epoch 31/200 | Loss: 0.1766 | Val Acc: 0.8586 | LR: 0.10000
Epoch 32/200 | Loss: 0.1840 | Val Acc: 0.8788 | LR: 0.10000
Epoch 33/200 | Loss: 0.1773 | Val Acc: 0.8767 | LR: 0.10000
Epoch 34/200 | Loss: 0.1773 | Val Acc: 0.8880 | LR: 0.10000
   >> New Best Saved! (0.8880)
Epoch 35/200 | Loss: 0.1760 | Val Acc: 0.8810 | LR: 0.10000
Epoch 36/200 | Loss: 0.1787 | Val Acc: 0.8593 | LR: 0.10000
Epoch 37/200 | Loss: 0.1743 | Val Acc: 0.8752 | LR: 0.10000
Epoch 38/200 | Loss: 0.1682 | Val Acc: 0.8777 | LR: 0.10000
Epoch 39/200 | Loss: 0.1794 | Val Acc: 0.8718 | LR: 0.10000
Epoch 40/200 | Loss: 0.1734 | Val Acc: 0.8893 | LR: 0.10000
   >> New Best Saved! (0.8893)
Epoch 41/200 | Loss: 0.1826 | Val Acc: 0.8624 | LR: 0.10000
Epoch 42/200 | Loss: 0.1699 | Val Acc: 0.8793 | LR: 0.10000
Epoch 43/200 | Loss: 0.1659 | Val Acc: 0.8878 | LR: 0.10000
Epoch 44/200 | Loss: 0.1747 | Val Acc: 0.8748 | LR: 0.10000
Epoch 45/200 | Loss: 0.1723 | Val Acc: 0.8703 | LR: 0.10000
Epoch 46/200 | Loss: 0.1748 | Val Acc: 0.8521 | LR: 0.10000
Epoch 47/200 | Loss: 0.1688 | Val Acc: 0.8751 | LR: 0.10000
Epoch 48/200 | Loss: 0.1666 | Val Acc: 0.8475 | LR: 0.10000
Epoch 49/200 | Loss: 0.1711 | Val Acc: 0.8677 | LR: 0.10000
Epoch 50/200 | Loss: 0.1708 | Val Acc: 0.8731 | LR: 0.10000
Epoch 51/200 | Loss: 0.1736 | Val Acc: 0.8614 | LR: 0.10000
Epoch 52/200 | Loss: 0.1705 | Val Acc: 0.8668 | LR: 0.10000
Epoch 53/200 | Loss: 0.1714 | Val Acc: 0.8829 | LR: 0.10000
Epoch 54/200 | Loss: 0.1685 | Val Acc: 0.8825 | LR: 0.10000
Epoch 55/200 | Loss: 0.1696 | Val Acc: 0.8722 | LR: 0.10000
Epoch 56/200 | Loss: 0.1714 | Val Acc: 0.8706 | LR: 0.10000
Epoch 57/200 | Loss: 0.1714 | Val Acc: 0.8835 | LR: 0.10000
Epoch 58/200 | Loss: 0.1694 | Val Acc: 0.8769 | LR: 0.10000
Epoch 59/200 | Loss: 0.1700 | Val Acc: 0.8771 | LR: 0.10000
Epoch 60/200 | Loss: 0.1686 | Val Acc: 0.8845 | LR: 0.10000
Epoch 61/200 | Loss: 0.1643 | Val Acc: 0.8625 | LR: 0.10000
Epoch 62/200 | Loss: 0.1633 | Val Acc: 0.8797 | LR: 0.10000
Epoch 63/200 | Loss: 0.1693 | Val Acc: 0.8871 | LR: 0.10000
Epoch 64/200 | Loss: 0.1722 | Val Acc: 0.8924 | LR: 0.10000
   >> New Best Saved! (0.8924)
Epoch 65/200 | Loss: 0.1711 | Val Acc: 0.8816 | LR: 0.10000
Epoch 66/200 | Loss: 0.1651 | Val Acc: 0.8896 | LR: 0.10000
Epoch 67/200 | Loss: 0.1657 | Val Acc: 0.8781 | LR: 0.10000
Epoch 68/200 | Loss: 0.1656 | Val Acc: 0.8839 | LR: 0.10000
Epoch 69/200 | Loss: 0.1643 | Val Acc: 0.8825 | LR: 0.10000
Epoch 70/200 | Loss: 0.1683 | Val Acc: 0.8823 | LR: 0.10000
Epoch 71/200 | Loss: 0.1663 | Val Acc: 0.8839 | LR: 0.10000
Epoch 72/200 | Loss: 0.1617 | Val Acc: 0.8888 | LR: 0.10000
Epoch 73/200 | Loss: 0.1659 | Val Acc: 0.8896 | LR: 0.10000
Epoch 74/200 | Loss: 0.1666 | Val Acc: 0.8886 | LR: 0.10000
Epoch 75/200 | Loss: 0.1619 | Val Acc: 0.8880 | LR: 0.10000
Epoch 76/200 | Loss: 0.1692 | Val Acc: 0.8758 | LR: 0.10000
Epoch 77/200 | Loss: 0.1671 | Val Acc: 0.8648 | LR: 0.10000
Epoch 78/200 | Loss: 0.1635 | Val Acc: 0.8657 | LR: 0.10000
Epoch 79/200 | Loss: 0.1614 | Val Acc: 0.8942 | LR: 0.10000
   >> New Best Saved! (0.8942)
Epoch 80/200 | Loss: 0.1666 | Val Acc: 0.8730 | LR: 0.10000
Epoch 81/200 | Loss: 0.1580 | Val Acc: 0.8754 | LR: 0.10000
Epoch 82/200 | Loss: 0.1644 | Val Acc: 0.8821 | LR: 0.10000
Epoch 83/200 | Loss: 0.1620 | Val Acc: 0.8641 | LR: 0.10000
Epoch 84/200 | Loss: 0.1652 | Val Acc: 0.8609 | LR: 0.10000
Epoch 85/200 | Loss: 0.1601 | Val Acc: 0.8859 | LR: 0.10000
Epoch 86/200 | Loss: 0.1632 | Val Acc: 0.8884 | LR: 0.10000
Epoch 87/200 | Loss: 0.1637 | Val Acc: 0.8641 | LR: 0.10000
Epoch 88/200 | Loss: 0.1595 | Val Acc: 0.8661 | LR: 0.10000
Epoch 89/200 | Loss: 0.1616 | Val Acc: 0.8573 | LR: 0.10000
Epoch 90/200 | Loss: 0.1697 | Val Acc: 0.8745 | LR: 0.10000
Epoch 91/200 | Loss: 0.1560 | Val Acc: 0.8692 | LR: 0.10000
Epoch 92/200 | Loss: 0.1609 | Val Acc: 0.8600 | LR: 0.10000
Epoch 93/200 | Loss: 0.1645 | Val Acc: 0.8883 | LR: 0.10000
Epoch 94/200 | Loss: 0.1626 | Val Acc: 0.8766 | LR: 0.10000
Epoch 95/200 | Loss: 0.1561 | Val Acc: 0.8778 | LR: 0.10000
Epoch 96/200 | Loss: 0.1629 | Val Acc: 0.8626 | LR: 0.10000
Epoch 97/200 | Loss: 0.1633 | Val Acc: 0.8929 | LR: 0.10000
Epoch 98/200 | Loss: 0.1615 | Val Acc: 0.8873 | LR: 0.10000
Epoch 99/200 | Loss: 0.1595 | Val Acc: 0.8822 | LR: 0.10000
Epoch 100/200 | Loss: 0.1592 | Val Acc: 0.8767 | LR: 0.01000
Epoch 101/200 | Loss: 0.0837 | Val Acc: 0.9230 | LR: 0.01000
   >> New Best Saved! (0.9230)
Epoch 102/200 | Loss: 0.0563 | Val Acc: 0.9244 | LR: 0.01000
   >> New Best Saved! (0.9244)
Epoch 103/200 | Loss: 0.0471 | Val Acc: 0.9248 | LR: 0.01000
   >> New Best Saved! (0.9248)
Epoch 104/200 | Loss: 0.0408 | Val Acc: 0.9263 | LR: 0.01000
   >> New Best Saved! (0.9263)
Epoch 105/200 | Loss: 0.0370 | Val Acc: 0.9272 | LR: 0.01000
   >> New Best Saved! (0.9272)
Epoch 106/200 | Loss: 0.0322 | Val Acc: 0.9269 | LR: 0.01000
Epoch 107/200 | Loss: 0.0294 | Val Acc: 0.9272 | LR: 0.01000
Epoch 108/200 | Loss: 0.0288 | Val Acc: 0.9282 | LR: 0.01000
   >> New Best Saved! (0.9282)
Epoch 109/200 | Loss: 0.0271 | Val Acc: 0.9278 | LR: 0.01000
Epoch 110/200 | Loss: 0.0239 | Val Acc: 0.9293 | LR: 0.01000
   >> New Best Saved! (0.9293)
Epoch 111/200 | Loss: 0.0229 | Val Acc: 0.9285 | LR: 0.01000
Epoch 112/200 | Loss: 0.0219 | Val Acc: 0.9273 | LR: 0.01000
Epoch 113/200 | Loss: 0.0189 | Val Acc: 0.9276 | LR: 0.01000
Epoch 114/200 | Loss: 0.0195 | Val Acc: 0.9277 | LR: 0.01000
Epoch 115/200 | Loss: 0.0177 | Val Acc: 0.9294 | LR: 0.01000
   >> New Best Saved! (0.9294)
Epoch 116/200 | Loss: 0.0169 | Val Acc: 0.9286 | LR: 0.01000
Epoch 117/200 | Loss: 0.0171 | Val Acc: 0.9300 | LR: 0.01000
   >> New Best Saved! (0.9300)
Epoch 118/200 | Loss: 0.0162 | Val Acc: 0.9281 | LR: 0.01000
Epoch 119/200 | Loss: 0.0160 | Val Acc: 0.9290 | LR: 0.01000
Epoch 120/200 | Loss: 0.0141 | Val Acc: 0.9284 | LR: 0.01000
Epoch 121/200 | Loss: 0.0137 | Val Acc: 0.9288 | LR: 0.01000
Epoch 122/200 | Loss: 0.0142 | Val Acc: 0.9296 | LR: 0.01000
Epoch 123/200 | Loss: 0.0139 | Val Acc: 0.9287 | LR: 0.01000
Epoch 124/200 | Loss: 0.0129 | Val Acc: 0.9311 | LR: 0.01000
   >> New Best Saved! (0.9311)
Epoch 125/200 | Loss: 0.0118 | Val Acc: 0.9299 | LR: 0.01000
Epoch 126/200 | Loss: 0.0114 | Val Acc: 0.9300 | LR: 0.01000
Epoch 127/200 | Loss: 0.0116 | Val Acc: 0.9307 | LR: 0.01000
Epoch 128/200 | Loss: 0.0102 | Val Acc: 0.9308 | LR: 0.01000
Epoch 129/200 | Loss: 0.0103 | Val Acc: 0.9312 | LR: 0.01000
   >> New Best Saved! (0.9312)
Epoch 130/200 | Loss: 0.0097 | Val Acc: 0.9298 | LR: 0.01000
Epoch 131/200 | Loss: 0.0096 | Val Acc: 0.9304 | LR: 0.01000
Epoch 132/200 | Loss: 0.0100 | Val Acc: 0.9296 | LR: 0.01000
Epoch 133/200 | Loss: 0.0091 | Val Acc: 0.9283 | LR: 0.01000
Epoch 134/200 | Loss: 0.0086 | Val Acc: 0.9291 | LR: 0.01000
Epoch 135/200 | Loss: 0.0093 | Val Acc: 0.9308 | LR: 0.01000
Epoch 136/200 | Loss: 0.0091 | Val Acc: 0.9300 | LR: 0.01000
Epoch 137/200 | Loss: 0.0095 | Val Acc: 0.9294 | LR: 0.01000
Epoch 138/200 | Loss: 0.0086 | Val Acc: 0.9288 | LR: 0.01000
Epoch 139/200 | Loss: 0.0078 | Val Acc: 0.9306 | LR: 0.01000
Epoch 140/200 | Loss: 0.0073 | Val Acc: 0.9301 | LR: 0.01000
Epoch 141/200 | Loss: 0.0078 | Val Acc: 0.9295 | LR: 0.01000
Epoch 142/200 | Loss: 0.0075 | Val Acc: 0.9284 | LR: 0.01000
Epoch 143/200 | Loss: 0.0071 | Val Acc: 0.9280 | LR: 0.01000
Epoch 144/200 | Loss: 0.0080 | Val Acc: 0.9288 | LR: 0.01000
Epoch 145/200 | Loss: 0.0078 | Val Acc: 0.9290 | LR: 0.01000
Epoch 146/200 | Loss: 0.0083 | Val Acc: 0.9287 | LR: 0.01000
Epoch 147/200 | Loss: 0.0079 | Val Acc: 0.9295 | LR: 0.01000
Epoch 148/200 | Loss: 0.0073 | Val Acc: 0.9301 | LR: 0.01000
Epoch 149/200 | Loss: 0.0075 | Val Acc: 0.9297 | LR: 0.01000
Epoch 150/200 | Loss: 0.0069 | Val Acc: 0.9281 | LR: 0.00100
Epoch 151/200 | Loss: 0.0067 | Val Acc: 0.9294 | LR: 0.00100
Epoch 152/200 | Loss: 0.0062 | Val Acc: 0.9301 | LR: 0.00100
Epoch 153/200 | Loss: 0.0063 | Val Acc: 0.9284 | LR: 0.00100
Epoch 154/200 | Loss: 0.0052 | Val Acc: 0.9301 | LR: 0.00100
Epoch 155/200 | Loss: 0.0053 | Val Acc: 0.9316 | LR: 0.00100
   >> New Best Saved! (0.9316)
Epoch 156/200 | Loss: 0.0057 | Val Acc: 0.9306 | LR: 0.00100
Epoch 157/200 | Loss: 0.0058 | Val Acc: 0.9311 | LR: 0.00100
Epoch 158/200 | Loss: 0.0056 | Val Acc: 0.9307 | LR: 0.00100
Epoch 159/200 | Loss: 0.0053 | Val Acc: 0.9304 | LR: 0.00100
Epoch 160/200 | Loss: 0.0050 | Val Acc: 0.9309 | LR: 0.00100
Epoch 161/200 | Loss: 0.0056 | Val Acc: 0.9311 | LR: 0.00100
Epoch 162/200 | Loss: 0.0054 | Val Acc: 0.9312 | LR: 0.00100
Epoch 163/200 | Loss: 0.0054 | Val Acc: 0.9312 | LR: 0.00100
Epoch 164/200 | Loss: 0.0052 | Val Acc: 0.9313 | LR: 0.00100
Epoch 165/200 | Loss: 0.0046 | Val Acc: 0.9312 | LR: 0.00100
Epoch 166/200 | Loss: 0.0052 | Val Acc: 0.9307 | LR: 0.00100
Epoch 167/200 | Loss: 0.0053 | Val Acc: 0.9315 | LR: 0.00100
Epoch 168/200 | Loss: 0.0051 | Val Acc: 0.9321 | LR: 0.00100
   >> New Best Saved! (0.9321)
Epoch 169/200 | Loss: 0.0046 | Val Acc: 0.9319 | LR: 0.00100
Epoch 170/200 | Loss: 0.0048 | Val Acc: 0.9319 | LR: 0.00100
Epoch 171/200 | Loss: 0.0047 | Val Acc: 0.9308 | LR: 0.00100
Epoch 172/200 | Loss: 0.0048 | Val Acc: 0.9314 | LR: 0.00100
Epoch 173/200 | Loss: 0.0046 | Val Acc: 0.9321 | LR: 0.00100
Epoch 174/200 | Loss: 0.0048 | Val Acc: 0.9318 | LR: 0.00100
Epoch 175/200 | Loss: 0.0045 | Val Acc: 0.9322 | LR: 0.00100
   >> New Best Saved! (0.9322)
Epoch 176/200 | Loss: 0.0046 | Val Acc: 0.9310 | LR: 0.00100
Epoch 177/200 | Loss: 0.0046 | Val Acc: 0.9307 | LR: 0.00100
Epoch 178/200 | Loss: 0.0045 | Val Acc: 0.9316 | LR: 0.00100
Epoch 179/200 | Loss: 0.0048 | Val Acc: 0.9313 | LR: 0.00100
Epoch 180/200 | Loss: 0.0046 | Val Acc: 0.9313 | LR: 0.00100
Epoch 181/200 | Loss: 0.0044 | Val Acc: 0.9319 | LR: 0.00100
Epoch 182/200 | Loss: 0.0047 | Val Acc: 0.9309 | LR: 0.00100
Epoch 183/200 | Loss: 0.0048 | Val Acc: 0.9305 | LR: 0.00100
Epoch 184/200 | Loss: 0.0041 | Val Acc: 0.9314 | LR: 0.00100
Epoch 185/200 | Loss: 0.0046 | Val Acc: 0.9311 | LR: 0.00100
Epoch 186/200 | Loss: 0.0045 | Val Acc: 0.9309 | LR: 0.00100
Epoch 187/200 | Loss: 0.0045 | Val Acc: 0.9317 | LR: 0.00100
Epoch 188/200 | Loss: 0.0045 | Val Acc: 0.9318 | LR: 0.00100
Epoch 189/200 | Loss: 0.0040 | Val Acc: 0.9311 | LR: 0.00100
Epoch 190/200 | Loss: 0.0044 | Val Acc: 0.9309 | LR: 0.00100
Epoch 191/200 | Loss: 0.0045 | Val Acc: 0.9317 | LR: 0.00100
Epoch 192/200 | Loss: 0.0046 | Val Acc: 0.9317 | LR: 0.00100
Epoch 193/200 | Loss: 0.0044 | Val Acc: 0.9310 | LR: 0.00100
Epoch 194/200 | Loss: 0.0043 | Val Acc: 0.9314 | LR: 0.00100
Epoch 195/200 | Loss: 0.0042 | Val Acc: 0.9317 | LR: 0.00100
Epoch 196/200 | Loss: 0.0041 | Val Acc: 0.9323 | LR: 0.00100
   >> New Best Saved! (0.9323)
Epoch 197/200 | Loss: 0.0043 | Val Acc: 0.9315 | LR: 0.00100
Epoch 198/200 | Loss: 0.0045 | Val Acc: 0.9322 | LR: 0.00100
Epoch 199/200 | Loss: 0.0044 | Val Acc: 0.9312 | LR: 0.00100
Epoch 200/200 | Loss: 0.0044 | Val Acc: 0.9320 | LR: 0.00100
=== Finetuning Complete. Best Acc: 0.9323 ===
