=== Starting Finetuning (Stage 2) ===
Config: configs/paramcloss-0001.yaml
Checkpoint Dir: checkpoints/paramcloss-0001
ModelWrapper: Detected 27 prunable blocks (Conv1+Conv2 pairs).
>> Loading Stage 1 weights from checkpoints/paramcloss-0001/student_model.pth
>> Pruning Mask loaded. Applying initial pruning...
>> Optimizer reset: LR=0.1, Epochs=200, WD=0.0001
Epoch 1/200 | Loss: 0.3351 | Val Acc: 0.8611 | LR: 0.10000
   >> New Best Saved! (0.8611)
Epoch 2/200 | Loss: 0.2561 | Val Acc: 0.8682 | LR: 0.10000
   >> New Best Saved! (0.8682)
Epoch 3/200 | Loss: 0.2409 | Val Acc: 0.8496 | LR: 0.10000
Epoch 4/200 | Loss: 0.2323 | Val Acc: 0.8757 | LR: 0.10000
   >> New Best Saved! (0.8757)
Epoch 5/200 | Loss: 0.2226 | Val Acc: 0.8662 | LR: 0.10000
Epoch 6/200 | Loss: 0.2194 | Val Acc: 0.8777 | LR: 0.10000
   >> New Best Saved! (0.8777)
Epoch 7/200 | Loss: 0.2186 | Val Acc: 0.8639 | LR: 0.10000
Epoch 8/200 | Loss: 0.2152 | Val Acc: 0.8773 | LR: 0.10000
Epoch 9/200 | Loss: 0.2096 | Val Acc: 0.8721 | LR: 0.10000
Epoch 10/200 | Loss: 0.2093 | Val Acc: 0.8733 | LR: 0.10000
Epoch 11/200 | Loss: 0.2042 | Val Acc: 0.8587 | LR: 0.10000
Epoch 12/200 | Loss: 0.2031 | Val Acc: 0.8554 | LR: 0.10000
Epoch 13/200 | Loss: 0.1999 | Val Acc: 0.8828 | LR: 0.10000
   >> New Best Saved! (0.8828)
Epoch 14/200 | Loss: 0.2011 | Val Acc: 0.8718 | LR: 0.10000
Epoch 15/200 | Loss: 0.2016 | Val Acc: 0.8647 | LR: 0.10000
Epoch 16/200 | Loss: 0.1938 | Val Acc: 0.8473 | LR: 0.10000
Epoch 17/200 | Loss: 0.1916 | Val Acc: 0.8619 | LR: 0.10000
Epoch 18/200 | Loss: 0.1948 | Val Acc: 0.8649 | LR: 0.10000
Epoch 19/200 | Loss: 0.1897 | Val Acc: 0.8782 | LR: 0.10000
Epoch 20/200 | Loss: 0.1886 | Val Acc: 0.8649 | LR: 0.10000
Epoch 21/200 | Loss: 0.1874 | Val Acc: 0.8693 | LR: 0.10000
Epoch 22/200 | Loss: 0.1910 | Val Acc: 0.8527 | LR: 0.10000
Epoch 23/200 | Loss: 0.1872 | Val Acc: 0.8113 | LR: 0.10000
Epoch 24/200 | Loss: 0.1891 | Val Acc: 0.8817 | LR: 0.10000
Epoch 25/200 | Loss: 0.1899 | Val Acc: 0.8715 | LR: 0.10000
Epoch 26/200 | Loss: 0.1837 | Val Acc: 0.8454 | LR: 0.10000
Epoch 27/200 | Loss: 0.1899 | Val Acc: 0.8890 | LR: 0.10000
   >> New Best Saved! (0.8890)
Epoch 28/200 | Loss: 0.1840 | Val Acc: 0.8851 | LR: 0.10000
Epoch 29/200 | Loss: 0.1801 | Val Acc: 0.8732 | LR: 0.10000
Epoch 30/200 | Loss: 0.1848 | Val Acc: 0.8732 | LR: 0.10000
Epoch 31/200 | Loss: 0.1862 | Val Acc: 0.8672 | LR: 0.10000
Epoch 32/200 | Loss: 0.1863 | Val Acc: 0.8768 | LR: 0.10000
Epoch 33/200 | Loss: 0.1830 | Val Acc: 0.8716 | LR: 0.10000
Epoch 34/200 | Loss: 0.1783 | Val Acc: 0.8764 | LR: 0.10000
Epoch 35/200 | Loss: 0.1858 | Val Acc: 0.8780 | LR: 0.10000
Epoch 36/200 | Loss: 0.1817 | Val Acc: 0.8814 | LR: 0.10000
Epoch 37/200 | Loss: 0.1760 | Val Acc: 0.8758 | LR: 0.10000
Epoch 38/200 | Loss: 0.1746 | Val Acc: 0.8800 | LR: 0.10000
Epoch 39/200 | Loss: 0.1797 | Val Acc: 0.8693 | LR: 0.10000
Epoch 40/200 | Loss: 0.1837 | Val Acc: 0.8871 | LR: 0.10000
Epoch 41/200 | Loss: 0.1765 | Val Acc: 0.8558 | LR: 0.10000
Epoch 42/200 | Loss: 0.1768 | Val Acc: 0.8924 | LR: 0.10000
   >> New Best Saved! (0.8924)
Epoch 43/200 | Loss: 0.1743 | Val Acc: 0.8692 | LR: 0.10000
Epoch 44/200 | Loss: 0.1804 | Val Acc: 0.8733 | LR: 0.10000
Epoch 45/200 | Loss: 0.1782 | Val Acc: 0.8865 | LR: 0.10000
Epoch 46/200 | Loss: 0.1776 | Val Acc: 0.8503 | LR: 0.10000
Epoch 47/200 | Loss: 0.1767 | Val Acc: 0.8810 | LR: 0.10000
Epoch 48/200 | Loss: 0.1790 | Val Acc: 0.8902 | LR: 0.10000
Epoch 49/200 | Loss: 0.1793 | Val Acc: 0.8939 | LR: 0.10000
   >> New Best Saved! (0.8939)
Epoch 50/200 | Loss: 0.1761 | Val Acc: 0.8688 | LR: 0.10000
Epoch 51/200 | Loss: 0.1741 | Val Acc: 0.8788 | LR: 0.10000
Epoch 52/200 | Loss: 0.1778 | Val Acc: 0.8891 | LR: 0.10000
Epoch 53/200 | Loss: 0.1743 | Val Acc: 0.8880 | LR: 0.10000
Epoch 54/200 | Loss: 0.1758 | Val Acc: 0.8821 | LR: 0.10000
Epoch 55/200 | Loss: 0.1764 | Val Acc: 0.8823 | LR: 0.10000
Epoch 56/200 | Loss: 0.1754 | Val Acc: 0.8796 | LR: 0.10000
Epoch 57/200 | Loss: 0.1744 | Val Acc: 0.8777 | LR: 0.10000
Epoch 58/200 | Loss: 0.1684 | Val Acc: 0.8647 | LR: 0.10000
Epoch 59/200 | Loss: 0.1690 | Val Acc: 0.8826 | LR: 0.10000
Epoch 60/200 | Loss: 0.1769 | Val Acc: 0.8867 | LR: 0.10000
Epoch 61/200 | Loss: 0.1711 | Val Acc: 0.8779 | LR: 0.10000
Epoch 62/200 | Loss: 0.1724 | Val Acc: 0.8885 | LR: 0.10000
Epoch 63/200 | Loss: 0.1752 | Val Acc: 0.8914 | LR: 0.10000
Epoch 64/200 | Loss: 0.1698 | Val Acc: 0.8786 | LR: 0.10000
Epoch 65/200 | Loss: 0.1720 | Val Acc: 0.8818 | LR: 0.10000
Epoch 66/200 | Loss: 0.1729 | Val Acc: 0.8829 | LR: 0.10000
Epoch 67/200 | Loss: 0.1707 | Val Acc: 0.8737 | LR: 0.10000
Epoch 68/200 | Loss: 0.1767 | Val Acc: 0.8730 | LR: 0.10000
Epoch 69/200 | Loss: 0.1700 | Val Acc: 0.8872 | LR: 0.10000
Epoch 70/200 | Loss: 0.1724 | Val Acc: 0.8847 | LR: 0.10000
Epoch 71/200 | Loss: 0.1732 | Val Acc: 0.8951 | LR: 0.10000
   >> New Best Saved! (0.8951)
Epoch 72/200 | Loss: 0.1722 | Val Acc: 0.8889 | LR: 0.10000
Epoch 73/200 | Loss: 0.1666 | Val Acc: 0.8764 | LR: 0.10000
Epoch 74/200 | Loss: 0.1693 | Val Acc: 0.8824 | LR: 0.10000
Epoch 75/200 | Loss: 0.1722 | Val Acc: 0.8650 | LR: 0.10000
Epoch 76/200 | Loss: 0.1740 | Val Acc: 0.8604 | LR: 0.10000
Epoch 77/200 | Loss: 0.1672 | Val Acc: 0.8907 | LR: 0.10000
Epoch 78/200 | Loss: 0.1703 | Val Acc: 0.8579 | LR: 0.10000
Epoch 79/200 | Loss: 0.1681 | Val Acc: 0.8935 | LR: 0.10000
Epoch 80/200 | Loss: 0.1696 | Val Acc: 0.8791 | LR: 0.10000
Epoch 81/200 | Loss: 0.1678 | Val Acc: 0.8858 | LR: 0.10000
Epoch 82/200 | Loss: 0.1638 | Val Acc: 0.8752 | LR: 0.10000
Epoch 83/200 | Loss: 0.1703 | Val Acc: 0.8837 | LR: 0.10000
Epoch 84/200 | Loss: 0.1697 | Val Acc: 0.8564 | LR: 0.10000
Epoch 85/200 | Loss: 0.1656 | Val Acc: 0.8854 | LR: 0.10000
Epoch 86/200 | Loss: 0.1680 | Val Acc: 0.8864 | LR: 0.10000
Epoch 87/200 | Loss: 0.1698 | Val Acc: 0.8579 | LR: 0.10000
Epoch 88/200 | Loss: 0.1664 | Val Acc: 0.8809 | LR: 0.10000
Epoch 89/200 | Loss: 0.1654 | Val Acc: 0.8562 | LR: 0.10000
Epoch 90/200 | Loss: 0.1736 | Val Acc: 0.8830 | LR: 0.10000
Epoch 91/200 | Loss: 0.1642 | Val Acc: 0.8734 | LR: 0.10000
Epoch 92/200 | Loss: 0.1730 | Val Acc: 0.8849 | LR: 0.10000
Epoch 93/200 | Loss: 0.1642 | Val Acc: 0.8657 | LR: 0.10000
Epoch 94/200 | Loss: 0.1676 | Val Acc: 0.8974 | LR: 0.10000
   >> New Best Saved! (0.8974)
Epoch 95/200 | Loss: 0.1651 | Val Acc: 0.8890 | LR: 0.10000
Epoch 96/200 | Loss: 0.1600 | Val Acc: 0.8770 | LR: 0.10000
Epoch 97/200 | Loss: 0.1705 | Val Acc: 0.8802 | LR: 0.10000
Epoch 98/200 | Loss: 0.1699 | Val Acc: 0.8853 | LR: 0.10000
Epoch 99/200 | Loss: 0.1673 | Val Acc: 0.8762 | LR: 0.10000
Epoch 100/200 | Loss: 0.1667 | Val Acc: 0.8543 | LR: 0.01000
Epoch 101/200 | Loss: 0.0890 | Val Acc: 0.9223 | LR: 0.01000
   >> New Best Saved! (0.9223)
Epoch 102/200 | Loss: 0.0627 | Val Acc: 0.9251 | LR: 0.01000
   >> New Best Saved! (0.9251)
Epoch 103/200 | Loss: 0.0550 | Val Acc: 0.9262 | LR: 0.01000
   >> New Best Saved! (0.9262)
Epoch 104/200 | Loss: 0.0461 | Val Acc: 0.9280 | LR: 0.01000
   >> New Best Saved! (0.9280)
Epoch 105/200 | Loss: 0.0434 | Val Acc: 0.9280 | LR: 0.01000
Epoch 106/200 | Loss: 0.0374 | Val Acc: 0.9281 | LR: 0.01000
   >> New Best Saved! (0.9281)
Epoch 107/200 | Loss: 0.0353 | Val Acc: 0.9279 | LR: 0.01000
Epoch 108/200 | Loss: 0.0320 | Val Acc: 0.9283 | LR: 0.01000
   >> New Best Saved! (0.9283)
Epoch 109/200 | Loss: 0.0309 | Val Acc: 0.9302 | LR: 0.01000
   >> New Best Saved! (0.9302)
Epoch 110/200 | Loss: 0.0278 | Val Acc: 0.9278 | LR: 0.01000
Epoch 111/200 | Loss: 0.0286 | Val Acc: 0.9291 | LR: 0.01000
Epoch 112/200 | Loss: 0.0253 | Val Acc: 0.9286 | LR: 0.01000
Epoch 113/200 | Loss: 0.0231 | Val Acc: 0.9281 | LR: 0.01000
Epoch 114/200 | Loss: 0.0230 | Val Acc: 0.9304 | LR: 0.01000
   >> New Best Saved! (0.9304)
Epoch 115/200 | Loss: 0.0211 | Val Acc: 0.9306 | LR: 0.01000
   >> New Best Saved! (0.9306)
Epoch 116/200 | Loss: 0.0218 | Val Acc: 0.9293 | LR: 0.01000
Epoch 117/200 | Loss: 0.0204 | Val Acc: 0.9284 | LR: 0.01000
Epoch 118/200 | Loss: 0.0198 | Val Acc: 0.9302 | LR: 0.01000
Epoch 119/200 | Loss: 0.0187 | Val Acc: 0.9306 | LR: 0.01000
Epoch 120/200 | Loss: 0.0171 | Val Acc: 0.9313 | LR: 0.01000
   >> New Best Saved! (0.9313)
Epoch 121/200 | Loss: 0.0167 | Val Acc: 0.9283 | LR: 0.01000
Epoch 122/200 | Loss: 0.0171 | Val Acc: 0.9293 | LR: 0.01000
Epoch 123/200 | Loss: 0.0162 | Val Acc: 0.9305 | LR: 0.01000
Epoch 124/200 | Loss: 0.0152 | Val Acc: 0.9316 | LR: 0.01000
   >> New Best Saved! (0.9316)
Epoch 125/200 | Loss: 0.0148 | Val Acc: 0.9319 | LR: 0.01000
   >> New Best Saved! (0.9319)
Epoch 126/200 | Loss: 0.0143 | Val Acc: 0.9304 | LR: 0.01000
Epoch 127/200 | Loss: 0.0134 | Val Acc: 0.9305 | LR: 0.01000
Epoch 128/200 | Loss: 0.0126 | Val Acc: 0.9312 | LR: 0.01000
Epoch 129/200 | Loss: 0.0127 | Val Acc: 0.9287 | LR: 0.01000
Epoch 130/200 | Loss: 0.0127 | Val Acc: 0.9296 | LR: 0.01000
Epoch 131/200 | Loss: 0.0118 | Val Acc: 0.9317 | LR: 0.01000
Epoch 132/200 | Loss: 0.0131 | Val Acc: 0.9294 | LR: 0.01000
Epoch 133/200 | Loss: 0.0117 | Val Acc: 0.9310 | LR: 0.01000
Epoch 134/200 | Loss: 0.0115 | Val Acc: 0.9297 | LR: 0.01000
Epoch 135/200 | Loss: 0.0123 | Val Acc: 0.9281 | LR: 0.01000
Epoch 136/200 | Loss: 0.0111 | Val Acc: 0.9313 | LR: 0.01000
Epoch 137/200 | Loss: 0.0119 | Val Acc: 0.9300 | LR: 0.01000
Epoch 138/200 | Loss: 0.0105 | Val Acc: 0.9291 | LR: 0.01000
Epoch 139/200 | Loss: 0.0104 | Val Acc: 0.9288 | LR: 0.01000
Epoch 140/200 | Loss: 0.0107 | Val Acc: 0.9311 | LR: 0.01000
Epoch 141/200 | Loss: 0.0105 | Val Acc: 0.9321 | LR: 0.01000
   >> New Best Saved! (0.9321)
Epoch 142/200 | Loss: 0.0102 | Val Acc: 0.9297 | LR: 0.01000
Epoch 143/200 | Loss: 0.0093 | Val Acc: 0.9304 | LR: 0.01000
Epoch 144/200 | Loss: 0.0095 | Val Acc: 0.9284 | LR: 0.01000
Epoch 145/200 | Loss: 0.0100 | Val Acc: 0.9316 | LR: 0.01000
Epoch 146/200 | Loss: 0.0096 | Val Acc: 0.9300 | LR: 0.01000
Epoch 147/200 | Loss: 0.0095 | Val Acc: 0.9296 | LR: 0.01000
Epoch 148/200 | Loss: 0.0089 | Val Acc: 0.9296 | LR: 0.01000
Epoch 149/200 | Loss: 0.0092 | Val Acc: 0.9307 | LR: 0.01000
Epoch 150/200 | Loss: 0.0091 | Val Acc: 0.9295 | LR: 0.00100
Epoch 151/200 | Loss: 0.0082 | Val Acc: 0.9301 | LR: 0.00100
Epoch 152/200 | Loss: 0.0076 | Val Acc: 0.9299 | LR: 0.00100
Epoch 153/200 | Loss: 0.0077 | Val Acc: 0.9311 | LR: 0.00100
Epoch 154/200 | Loss: 0.0068 | Val Acc: 0.9306 | LR: 0.00100
Epoch 155/200 | Loss: 0.0066 | Val Acc: 0.9309 | LR: 0.00100
Epoch 156/200 | Loss: 0.0064 | Val Acc: 0.9321 | LR: 0.00100
Epoch 157/200 | Loss: 0.0066 | Val Acc: 0.9308 | LR: 0.00100
Epoch 158/200 | Loss: 0.0062 | Val Acc: 0.9318 | LR: 0.00100
Epoch 159/200 | Loss: 0.0071 | Val Acc: 0.9314 | LR: 0.00100
Epoch 160/200 | Loss: 0.0061 | Val Acc: 0.9319 | LR: 0.00100
Epoch 161/200 | Loss: 0.0063 | Val Acc: 0.9327 | LR: 0.00100
   >> New Best Saved! (0.9327)
Epoch 162/200 | Loss: 0.0062 | Val Acc: 0.9316 | LR: 0.00100
Epoch 163/200 | Loss: 0.0059 | Val Acc: 0.9314 | LR: 0.00100
Epoch 164/200 | Loss: 0.0064 | Val Acc: 0.9316 | LR: 0.00100
Epoch 165/200 | Loss: 0.0059 | Val Acc: 0.9325 | LR: 0.00100
Epoch 166/200 | Loss: 0.0058 | Val Acc: 0.9305 | LR: 0.00100
Epoch 167/200 | Loss: 0.0065 | Val Acc: 0.9322 | LR: 0.00100
Epoch 168/200 | Loss: 0.0053 | Val Acc: 0.9311 | LR: 0.00100
Epoch 169/200 | Loss: 0.0055 | Val Acc: 0.9313 | LR: 0.00100
Epoch 170/200 | Loss: 0.0061 | Val Acc: 0.9314 | LR: 0.00100
Epoch 171/200 | Loss: 0.0059 | Val Acc: 0.9315 | LR: 0.00100
Epoch 172/200 | Loss: 0.0061 | Val Acc: 0.9316 | LR: 0.00100
Epoch 173/200 | Loss: 0.0060 | Val Acc: 0.9318 | LR: 0.00100
Epoch 174/200 | Loss: 0.0060 | Val Acc: 0.9315 | LR: 0.00100
Epoch 175/200 | Loss: 0.0059 | Val Acc: 0.9319 | LR: 0.00100
Epoch 176/200 | Loss: 0.0057 | Val Acc: 0.9310 | LR: 0.00100
Epoch 177/200 | Loss: 0.0056 | Val Acc: 0.9329 | LR: 0.00100
   >> New Best Saved! (0.9329)
Epoch 178/200 | Loss: 0.0055 | Val Acc: 0.9311 | LR: 0.00100
Epoch 179/200 | Loss: 0.0059 | Val Acc: 0.9319 | LR: 0.00100
Epoch 180/200 | Loss: 0.0057 | Val Acc: 0.9313 | LR: 0.00100
Epoch 181/200 | Loss: 0.0056 | Val Acc: 0.9316 | LR: 0.00100
Epoch 182/200 | Loss: 0.0053 | Val Acc: 0.9327 | LR: 0.00100
Epoch 183/200 | Loss: 0.0054 | Val Acc: 0.9307 | LR: 0.00100
Epoch 184/200 | Loss: 0.0055 | Val Acc: 0.9320 | LR: 0.00100
Epoch 185/200 | Loss: 0.0055 | Val Acc: 0.9315 | LR: 0.00100
Epoch 186/200 | Loss: 0.0055 | Val Acc: 0.9322 | LR: 0.00100
Epoch 187/200 | Loss: 0.0054 | Val Acc: 0.9324 | LR: 0.00100
Epoch 188/200 | Loss: 0.0052 | Val Acc: 0.9311 | LR: 0.00100
Epoch 189/200 | Loss: 0.0055 | Val Acc: 0.9328 | LR: 0.00100
Epoch 190/200 | Loss: 0.0052 | Val Acc: 0.9325 | LR: 0.00100
Epoch 191/200 | Loss: 0.0053 | Val Acc: 0.9320 | LR: 0.00100
Epoch 192/200 | Loss: 0.0057 | Val Acc: 0.9321 | LR: 0.00100
Epoch 193/200 | Loss: 0.0050 | Val Acc: 0.9323 | LR: 0.00100
Epoch 194/200 | Loss: 0.0051 | Val Acc: 0.9329 | LR: 0.00100
Epoch 195/200 | Loss: 0.0052 | Val Acc: 0.9321 | LR: 0.00100
Epoch 196/200 | Loss: 0.0052 | Val Acc: 0.9319 | LR: 0.00100
Epoch 197/200 | Loss: 0.0051 | Val Acc: 0.9323 | LR: 0.00100
Epoch 198/200 | Loss: 0.0048 | Val Acc: 0.9315 | LR: 0.00100
Epoch 199/200 | Loss: 0.0053 | Val Acc: 0.9313 | LR: 0.00100
Epoch 200/200 | Loss: 0.0047 | Val Acc: 0.9308 | LR: 0.00100
=== Finetuning Complete. Best Acc: 0.9329 ===
