=== Starting Finetuning (Stage 2) ===
Config: configs/paramcloss1000.yaml
Checkpoint Dir: checkpoints/paramcloss1000
ModelWrapper: Detected 27 prunable blocks (Conv1+Conv2 pairs).
>> Loading Stage 1 weights from checkpoints/paramcloss1000/student_model.pth
>> Pruning Mask loaded. Applying initial pruning...
>> Optimizer reset: LR=0.1, Epochs=200, WD=0.0001
Epoch 1/200 | Loss: 0.3237 | Val Acc: 0.8508 | LR: 0.10000
   >> New Best Saved! (0.8508)
Epoch 2/200 | Loss: 0.2463 | Val Acc: 0.8293 | LR: 0.10000
Epoch 3/200 | Loss: 0.2338 | Val Acc: 0.8395 | LR: 0.10000
Epoch 4/200 | Loss: 0.2260 | Val Acc: 0.8865 | LR: 0.10000
   >> New Best Saved! (0.8865)
Epoch 5/200 | Loss: 0.2149 | Val Acc: 0.8579 | LR: 0.10000
Epoch 6/200 | Loss: 0.2124 | Val Acc: 0.8708 | LR: 0.10000
Epoch 7/200 | Loss: 0.2109 | Val Acc: 0.8762 | LR: 0.10000
Epoch 8/200 | Loss: 0.2041 | Val Acc: 0.8819 | LR: 0.10000
Epoch 9/200 | Loss: 0.2033 | Val Acc: 0.8534 | LR: 0.10000
Epoch 10/200 | Loss: 0.1960 | Val Acc: 0.8740 | LR: 0.10000
Epoch 11/200 | Loss: 0.2008 | Val Acc: 0.8925 | LR: 0.10000
   >> New Best Saved! (0.8925)
Epoch 12/200 | Loss: 0.1917 | Val Acc: 0.8631 | LR: 0.10000
Epoch 13/200 | Loss: 0.1890 | Val Acc: 0.8752 | LR: 0.10000
Epoch 14/200 | Loss: 0.1865 | Val Acc: 0.8831 | LR: 0.10000
Epoch 15/200 | Loss: 0.1939 | Val Acc: 0.8838 | LR: 0.10000
Epoch 16/200 | Loss: 0.1827 | Val Acc: 0.8841 | LR: 0.10000
Epoch 17/200 | Loss: 0.1878 | Val Acc: 0.8590 | LR: 0.10000
Epoch 18/200 | Loss: 0.1838 | Val Acc: 0.8789 | LR: 0.10000
Epoch 19/200 | Loss: 0.1815 | Val Acc: 0.8794 | LR: 0.10000
Epoch 20/200 | Loss: 0.1773 | Val Acc: 0.8749 | LR: 0.10000
Epoch 21/200 | Loss: 0.1843 | Val Acc: 0.8882 | LR: 0.10000
Epoch 22/200 | Loss: 0.1805 | Val Acc: 0.8710 | LR: 0.10000
Epoch 23/200 | Loss: 0.1791 | Val Acc: 0.8763 | LR: 0.10000
Epoch 24/200 | Loss: 0.1821 | Val Acc: 0.8858 | LR: 0.10000
Epoch 25/200 | Loss: 0.1823 | Val Acc: 0.8590 | LR: 0.10000
Epoch 26/200 | Loss: 0.1730 | Val Acc: 0.8536 | LR: 0.10000
Epoch 27/200 | Loss: 0.1847 | Val Acc: 0.8742 | LR: 0.10000
Epoch 28/200 | Loss: 0.1759 | Val Acc: 0.8779 | LR: 0.10000
Epoch 29/200 | Loss: 0.1772 | Val Acc: 0.8732 | LR: 0.10000
Epoch 30/200 | Loss: 0.1768 | Val Acc: 0.8941 | LR: 0.10000
   >> New Best Saved! (0.8941)
Epoch 31/200 | Loss: 0.1758 | Val Acc: 0.8827 | LR: 0.10000
Epoch 32/200 | Loss: 0.1702 | Val Acc: 0.8833 | LR: 0.10000
Epoch 33/200 | Loss: 0.1733 | Val Acc: 0.8847 | LR: 0.10000
Epoch 34/200 | Loss: 0.1766 | Val Acc: 0.8863 | LR: 0.10000
Epoch 35/200 | Loss: 0.1734 | Val Acc: 0.8889 | LR: 0.10000
Epoch 36/200 | Loss: 0.1737 | Val Acc: 0.8842 | LR: 0.10000
Epoch 37/200 | Loss: 0.1725 | Val Acc: 0.8791 | LR: 0.10000
Epoch 38/200 | Loss: 0.1747 | Val Acc: 0.8774 | LR: 0.10000
Epoch 39/200 | Loss: 0.1685 | Val Acc: 0.8705 | LR: 0.10000
Epoch 40/200 | Loss: 0.1727 | Val Acc: 0.8886 | LR: 0.10000
Epoch 41/200 | Loss: 0.1733 | Val Acc: 0.8566 | LR: 0.10000
Epoch 42/200 | Loss: 0.1669 | Val Acc: 0.8682 | LR: 0.10000
Epoch 43/200 | Loss: 0.1690 | Val Acc: 0.8813 | LR: 0.10000
Epoch 44/200 | Loss: 0.1719 | Val Acc: 0.8891 | LR: 0.10000
Epoch 45/200 | Loss: 0.1722 | Val Acc: 0.8784 | LR: 0.10000
Epoch 46/200 | Loss: 0.1697 | Val Acc: 0.8556 | LR: 0.10000
Epoch 47/200 | Loss: 0.1660 | Val Acc: 0.8424 | LR: 0.10000
Epoch 48/200 | Loss: 0.1686 | Val Acc: 0.8884 | LR: 0.10000
Epoch 49/200 | Loss: 0.1736 | Val Acc: 0.8696 | LR: 0.10000
Epoch 50/200 | Loss: 0.1638 | Val Acc: 0.8629 | LR: 0.10000
Epoch 51/200 | Loss: 0.1642 | Val Acc: 0.8694 | LR: 0.10000
Epoch 52/200 | Loss: 0.1664 | Val Acc: 0.8833 | LR: 0.10000
Epoch 53/200 | Loss: 0.1669 | Val Acc: 0.8809 | LR: 0.10000
Epoch 54/200 | Loss: 0.1614 | Val Acc: 0.8846 | LR: 0.10000
Epoch 55/200 | Loss: 0.1661 | Val Acc: 0.8626 | LR: 0.10000
Epoch 56/200 | Loss: 0.1702 | Val Acc: 0.8758 | LR: 0.10000
Epoch 57/200 | Loss: 0.1637 | Val Acc: 0.8832 | LR: 0.10000
Epoch 58/200 | Loss: 0.1695 | Val Acc: 0.8675 | LR: 0.10000
Epoch 59/200 | Loss: 0.1646 | Val Acc: 0.8727 | LR: 0.10000
Epoch 60/200 | Loss: 0.1653 | Val Acc: 0.8912 | LR: 0.10000
Epoch 61/200 | Loss: 0.1594 | Val Acc: 0.8901 | LR: 0.10000
Epoch 62/200 | Loss: 0.1672 | Val Acc: 0.8579 | LR: 0.10000
Epoch 63/200 | Loss: 0.1646 | Val Acc: 0.8777 | LR: 0.10000
Epoch 64/200 | Loss: 0.1650 | Val Acc: 0.8808 | LR: 0.10000
Epoch 65/200 | Loss: 0.1638 | Val Acc: 0.9001 | LR: 0.10000
   >> New Best Saved! (0.9001)
Epoch 66/200 | Loss: 0.1656 | Val Acc: 0.8562 | LR: 0.10000
Epoch 67/200 | Loss: 0.1672 | Val Acc: 0.8777 | LR: 0.10000
Epoch 68/200 | Loss: 0.1630 | Val Acc: 0.8855 | LR: 0.10000
Epoch 69/200 | Loss: 0.1614 | Val Acc: 0.8723 | LR: 0.10000
Epoch 70/200 | Loss: 0.1638 | Val Acc: 0.8834 | LR: 0.10000
Epoch 71/200 | Loss: 0.1667 | Val Acc: 0.8743 | LR: 0.10000
Epoch 72/200 | Loss: 0.1607 | Val Acc: 0.8914 | LR: 0.10000
Epoch 73/200 | Loss: 0.1583 | Val Acc: 0.8745 | LR: 0.10000
Epoch 74/200 | Loss: 0.1580 | Val Acc: 0.8686 | LR: 0.10000
Epoch 75/200 | Loss: 0.1588 | Val Acc: 0.8788 | LR: 0.10000
Epoch 76/200 | Loss: 0.1686 | Val Acc: 0.8896 | LR: 0.10000
Epoch 77/200 | Loss: 0.1617 | Val Acc: 0.8896 | LR: 0.10000
Epoch 78/200 | Loss: 0.1601 | Val Acc: 0.8760 | LR: 0.10000
Epoch 79/200 | Loss: 0.1551 | Val Acc: 0.8725 | LR: 0.10000
Epoch 80/200 | Loss: 0.1671 | Val Acc: 0.8860 | LR: 0.10000
Epoch 81/200 | Loss: 0.1579 | Val Acc: 0.8798 | LR: 0.10000
Epoch 82/200 | Loss: 0.1612 | Val Acc: 0.8818 | LR: 0.10000
Epoch 83/200 | Loss: 0.1611 | Val Acc: 0.8627 | LR: 0.10000
Epoch 84/200 | Loss: 0.1615 | Val Acc: 0.8590 | LR: 0.10000
Epoch 85/200 | Loss: 0.1581 | Val Acc: 0.8800 | LR: 0.10000
Epoch 86/200 | Loss: 0.1609 | Val Acc: 0.8852 | LR: 0.10000
Epoch 87/200 | Loss: 0.1584 | Val Acc: 0.8681 | LR: 0.10000
Epoch 88/200 | Loss: 0.1649 | Val Acc: 0.8769 | LR: 0.10000
Epoch 89/200 | Loss: 0.1521 | Val Acc: 0.8859 | LR: 0.10000
Epoch 90/200 | Loss: 0.1619 | Val Acc: 0.8802 | LR: 0.10000
Epoch 91/200 | Loss: 0.1628 | Val Acc: 0.8567 | LR: 0.10000
Epoch 92/200 | Loss: 0.1645 | Val Acc: 0.8754 | LR: 0.10000
Epoch 93/200 | Loss: 0.1538 | Val Acc: 0.8810 | LR: 0.10000
Epoch 94/200 | Loss: 0.1580 | Val Acc: 0.8673 | LR: 0.10000
Epoch 95/200 | Loss: 0.1577 | Val Acc: 0.8937 | LR: 0.10000
Epoch 96/200 | Loss: 0.1588 | Val Acc: 0.8695 | LR: 0.10000
Epoch 97/200 | Loss: 0.1628 | Val Acc: 0.8870 | LR: 0.10000
Epoch 98/200 | Loss: 0.1536 | Val Acc: 0.8805 | LR: 0.10000
Epoch 99/200 | Loss: 0.1625 | Val Acc: 0.8861 | LR: 0.10000
Epoch 100/200 | Loss: 0.1600 | Val Acc: 0.8684 | LR: 0.01000
Epoch 101/200 | Loss: 0.0821 | Val Acc: 0.9252 | LR: 0.01000
   >> New Best Saved! (0.9252)
Epoch 102/200 | Loss: 0.0532 | Val Acc: 0.9261 | LR: 0.01000
   >> New Best Saved! (0.9261)
Epoch 103/200 | Loss: 0.0457 | Val Acc: 0.9275 | LR: 0.01000
   >> New Best Saved! (0.9275)
Epoch 104/200 | Loss: 0.0393 | Val Acc: 0.9268 | LR: 0.01000
Epoch 105/200 | Loss: 0.0365 | Val Acc: 0.9291 | LR: 0.01000
   >> New Best Saved! (0.9291)
Epoch 106/200 | Loss: 0.0317 | Val Acc: 0.9302 | LR: 0.01000
   >> New Best Saved! (0.9302)
Epoch 107/200 | Loss: 0.0281 | Val Acc: 0.9300 | LR: 0.01000
Epoch 108/200 | Loss: 0.0263 | Val Acc: 0.9316 | LR: 0.01000
   >> New Best Saved! (0.9316)
Epoch 109/200 | Loss: 0.0247 | Val Acc: 0.9308 | LR: 0.01000
Epoch 110/200 | Loss: 0.0235 | Val Acc: 0.9302 | LR: 0.01000
Epoch 111/200 | Loss: 0.0221 | Val Acc: 0.9309 | LR: 0.01000
Epoch 112/200 | Loss: 0.0197 | Val Acc: 0.9322 | LR: 0.01000
   >> New Best Saved! (0.9322)
Epoch 113/200 | Loss: 0.0190 | Val Acc: 0.9317 | LR: 0.01000
Epoch 114/200 | Loss: 0.0193 | Val Acc: 0.9302 | LR: 0.01000
Epoch 115/200 | Loss: 0.0167 | Val Acc: 0.9309 | LR: 0.01000
Epoch 116/200 | Loss: 0.0164 | Val Acc: 0.9310 | LR: 0.01000
Epoch 117/200 | Loss: 0.0154 | Val Acc: 0.9304 | LR: 0.01000
Epoch 118/200 | Loss: 0.0154 | Val Acc: 0.9295 | LR: 0.01000
Epoch 119/200 | Loss: 0.0141 | Val Acc: 0.9322 | LR: 0.01000
Epoch 120/200 | Loss: 0.0141 | Val Acc: 0.9306 | LR: 0.01000
Epoch 121/200 | Loss: 0.0136 | Val Acc: 0.9305 | LR: 0.01000
Epoch 122/200 | Loss: 0.0127 | Val Acc: 0.9292 | LR: 0.01000
Epoch 123/200 | Loss: 0.0126 | Val Acc: 0.9309 | LR: 0.01000
Epoch 124/200 | Loss: 0.0118 | Val Acc: 0.9327 | LR: 0.01000
   >> New Best Saved! (0.9327)
Epoch 125/200 | Loss: 0.0113 | Val Acc: 0.9337 | LR: 0.01000
   >> New Best Saved! (0.9337)
Epoch 126/200 | Loss: 0.0112 | Val Acc: 0.9307 | LR: 0.01000
Epoch 127/200 | Loss: 0.0110 | Val Acc: 0.9306 | LR: 0.01000
Epoch 128/200 | Loss: 0.0102 | Val Acc: 0.9317 | LR: 0.01000
Epoch 129/200 | Loss: 0.0091 | Val Acc: 0.9305 | LR: 0.01000
Epoch 130/200 | Loss: 0.0107 | Val Acc: 0.9302 | LR: 0.01000
Epoch 131/200 | Loss: 0.0096 | Val Acc: 0.9327 | LR: 0.01000
Epoch 132/200 | Loss: 0.0087 | Val Acc: 0.9321 | LR: 0.01000
Epoch 133/200 | Loss: 0.0090 | Val Acc: 0.9299 | LR: 0.01000
Epoch 134/200 | Loss: 0.0084 | Val Acc: 0.9319 | LR: 0.01000
Epoch 135/200 | Loss: 0.0102 | Val Acc: 0.9328 | LR: 0.01000
Epoch 136/200 | Loss: 0.0092 | Val Acc: 0.9308 | LR: 0.01000
Epoch 137/200 | Loss: 0.0089 | Val Acc: 0.9313 | LR: 0.01000
Epoch 138/200 | Loss: 0.0078 | Val Acc: 0.9322 | LR: 0.01000
Epoch 139/200 | Loss: 0.0071 | Val Acc: 0.9314 | LR: 0.01000
Epoch 140/200 | Loss: 0.0081 | Val Acc: 0.9312 | LR: 0.01000
Epoch 141/200 | Loss: 0.0076 | Val Acc: 0.9319 | LR: 0.01000
Epoch 142/200 | Loss: 0.0082 | Val Acc: 0.9310 | LR: 0.01000
Epoch 143/200 | Loss: 0.0072 | Val Acc: 0.9295 | LR: 0.01000
Epoch 144/200 | Loss: 0.0076 | Val Acc: 0.9298 | LR: 0.01000
Epoch 145/200 | Loss: 0.0069 | Val Acc: 0.9320 | LR: 0.01000
Epoch 146/200 | Loss: 0.0069 | Val Acc: 0.9310 | LR: 0.01000
Epoch 147/200 | Loss: 0.0070 | Val Acc: 0.9299 | LR: 0.01000
Epoch 148/200 | Loss: 0.0071 | Val Acc: 0.9315 | LR: 0.01000
Epoch 149/200 | Loss: 0.0064 | Val Acc: 0.9309 | LR: 0.01000
Epoch 150/200 | Loss: 0.0066 | Val Acc: 0.9318 | LR: 0.00100
Epoch 151/200 | Loss: 0.0057 | Val Acc: 0.9310 | LR: 0.00100
Epoch 152/200 | Loss: 0.0056 | Val Acc: 0.9316 | LR: 0.00100
Epoch 153/200 | Loss: 0.0053 | Val Acc: 0.9326 | LR: 0.00100
Epoch 154/200 | Loss: 0.0052 | Val Acc: 0.9330 | LR: 0.00100
Epoch 155/200 | Loss: 0.0052 | Val Acc: 0.9325 | LR: 0.00100
Epoch 156/200 | Loss: 0.0052 | Val Acc: 0.9327 | LR: 0.00100
Epoch 157/200 | Loss: 0.0055 | Val Acc: 0.9320 | LR: 0.00100
Epoch 158/200 | Loss: 0.0050 | Val Acc: 0.9333 | LR: 0.00100
Epoch 159/200 | Loss: 0.0050 | Val Acc: 0.9331 | LR: 0.00100
Epoch 160/200 | Loss: 0.0046 | Val Acc: 0.9326 | LR: 0.00100
Epoch 161/200 | Loss: 0.0051 | Val Acc: 0.9325 | LR: 0.00100
Epoch 162/200 | Loss: 0.0047 | Val Acc: 0.9332 | LR: 0.00100
Epoch 163/200 | Loss: 0.0055 | Val Acc: 0.9329 | LR: 0.00100
Epoch 164/200 | Loss: 0.0044 | Val Acc: 0.9322 | LR: 0.00100
Epoch 165/200 | Loss: 0.0049 | Val Acc: 0.9321 | LR: 0.00100
Epoch 166/200 | Loss: 0.0046 | Val Acc: 0.9318 | LR: 0.00100
Epoch 167/200 | Loss: 0.0049 | Val Acc: 0.9331 | LR: 0.00100
Epoch 168/200 | Loss: 0.0044 | Val Acc: 0.9332 | LR: 0.00100
Epoch 169/200 | Loss: 0.0044 | Val Acc: 0.9324 | LR: 0.00100
Epoch 170/200 | Loss: 0.0044 | Val Acc: 0.9319 | LR: 0.00100
Epoch 171/200 | Loss: 0.0045 | Val Acc: 0.9327 | LR: 0.00100
Epoch 172/200 | Loss: 0.0047 | Val Acc: 0.9333 | LR: 0.00100
Epoch 173/200 | Loss: 0.0048 | Val Acc: 0.9336 | LR: 0.00100
Epoch 174/200 | Loss: 0.0049 | Val Acc: 0.9318 | LR: 0.00100
Epoch 175/200 | Loss: 0.0042 | Val Acc: 0.9320 | LR: 0.00100
Epoch 176/200 | Loss: 0.0043 | Val Acc: 0.9332 | LR: 0.00100
Epoch 177/200 | Loss: 0.0043 | Val Acc: 0.9328 | LR: 0.00100
Epoch 178/200 | Loss: 0.0046 | Val Acc: 0.9331 | LR: 0.00100
Epoch 179/200 | Loss: 0.0044 | Val Acc: 0.9328 | LR: 0.00100
Epoch 180/200 | Loss: 0.0046 | Val Acc: 0.9329 | LR: 0.00100
Epoch 181/200 | Loss: 0.0041 | Val Acc: 0.9325 | LR: 0.00100
Epoch 182/200 | Loss: 0.0044 | Val Acc: 0.9322 | LR: 0.00100
Epoch 183/200 | Loss: 0.0045 | Val Acc: 0.9314 | LR: 0.00100
Epoch 184/200 | Loss: 0.0041 | Val Acc: 0.9319 | LR: 0.00100
Epoch 185/200 | Loss: 0.0043 | Val Acc: 0.9324 | LR: 0.00100
Epoch 186/200 | Loss: 0.0043 | Val Acc: 0.9314 | LR: 0.00100
Epoch 187/200 | Loss: 0.0041 | Val Acc: 0.9321 | LR: 0.00100
Epoch 188/200 | Loss: 0.0045 | Val Acc: 0.9322 | LR: 0.00100
Epoch 189/200 | Loss: 0.0045 | Val Acc: 0.9311 | LR: 0.00100
Epoch 190/200 | Loss: 0.0042 | Val Acc: 0.9318 | LR: 0.00100
Epoch 191/200 | Loss: 0.0043 | Val Acc: 0.9328 | LR: 0.00100
Epoch 192/200 | Loss: 0.0043 | Val Acc: 0.9319 | LR: 0.00100
Epoch 193/200 | Loss: 0.0040 | Val Acc: 0.9322 | LR: 0.00100
Epoch 194/200 | Loss: 0.0040 | Val Acc: 0.9320 | LR: 0.00100
Epoch 195/200 | Loss: 0.0037 | Val Acc: 0.9327 | LR: 0.00100
Epoch 196/200 | Loss: 0.0041 | Val Acc: 0.9329 | LR: 0.00100
Epoch 197/200 | Loss: 0.0040 | Val Acc: 0.9329 | LR: 0.00100
Epoch 198/200 | Loss: 0.0041 | Val Acc: 0.9328 | LR: 0.00100
Epoch 199/200 | Loss: 0.0042 | Val Acc: 0.9321 | LR: 0.00100
Epoch 200/200 | Loss: 0.0040 | Val Acc: 0.9314 | LR: 0.00100
=== Finetuning Complete. Best Acc: 0.9337 ===
