=== Starting Finetuning (Stage 2) ===
Config: configs/param0_8-4-closs.yaml
Checkpoint Dir: checkpoints/param0_8-4-closs
ModelWrapper: Detected 27 prunable blocks (Conv1+Conv2 pairs).
>> Loading Stage 1 weights from checkpoints/param0_8-4-closs/student_model.pth
>> Pruning Mask loaded. Applying initial pruning...
>> Optimizer reset: LR=0.1, Epochs=200, WD=0.0001
Epoch 1/200 | Loss: 0.3429 | Val Acc: 0.8510 | LR: 0.10000
   >> New Best Saved! (0.8510)
Epoch 2/200 | Loss: 0.2546 | Val Acc: 0.8492 | LR: 0.10000
Epoch 3/200 | Loss: 0.2455 | Val Acc: 0.8094 | LR: 0.10000
Epoch 4/200 | Loss: 0.2326 | Val Acc: 0.8540 | LR: 0.10000
   >> New Best Saved! (0.8540)
Epoch 5/200 | Loss: 0.2222 | Val Acc: 0.8804 | LR: 0.10000
   >> New Best Saved! (0.8804)
Epoch 6/200 | Loss: 0.2168 | Val Acc: 0.8761 | LR: 0.10000
Epoch 7/200 | Loss: 0.2164 | Val Acc: 0.8544 | LR: 0.10000
Epoch 8/200 | Loss: 0.2118 | Val Acc: 0.8774 | LR: 0.10000
Epoch 9/200 | Loss: 0.2044 | Val Acc: 0.8673 | LR: 0.10000
Epoch 10/200 | Loss: 0.2020 | Val Acc: 0.8674 | LR: 0.10000
Epoch 11/200 | Loss: 0.2005 | Val Acc: 0.8808 | LR: 0.10000
   >> New Best Saved! (0.8808)
Epoch 12/200 | Loss: 0.2019 | Val Acc: 0.8635 | LR: 0.10000
Epoch 13/200 | Loss: 0.1975 | Val Acc: 0.8794 | LR: 0.10000
Epoch 14/200 | Loss: 0.1969 | Val Acc: 0.8824 | LR: 0.10000
   >> New Best Saved! (0.8824)
Epoch 15/200 | Loss: 0.1998 | Val Acc: 0.8876 | LR: 0.10000
   >> New Best Saved! (0.8876)
Epoch 16/200 | Loss: 0.1919 | Val Acc: 0.8782 | LR: 0.10000
Epoch 17/200 | Loss: 0.1955 | Val Acc: 0.8450 | LR: 0.10000
Epoch 18/200 | Loss: 0.1906 | Val Acc: 0.8715 | LR: 0.10000
Epoch 19/200 | Loss: 0.1898 | Val Acc: 0.8943 | LR: 0.10000
   >> New Best Saved! (0.8943)
Epoch 20/200 | Loss: 0.1889 | Val Acc: 0.8664 | LR: 0.10000
Epoch 21/200 | Loss: 0.1872 | Val Acc: 0.8720 | LR: 0.10000
Epoch 22/200 | Loss: 0.1907 | Val Acc: 0.8884 | LR: 0.10000
Epoch 23/200 | Loss: 0.1826 | Val Acc: 0.8834 | LR: 0.10000
Epoch 24/200 | Loss: 0.1850 | Val Acc: 0.8843 | LR: 0.10000
Epoch 25/200 | Loss: 0.1833 | Val Acc: 0.8689 | LR: 0.10000
Epoch 26/200 | Loss: 0.1830 | Val Acc: 0.8709 | LR: 0.10000
Epoch 27/200 | Loss: 0.1813 | Val Acc: 0.8938 | LR: 0.10000
Epoch 28/200 | Loss: 0.1827 | Val Acc: 0.8792 | LR: 0.10000
Epoch 29/200 | Loss: 0.1784 | Val Acc: 0.8745 | LR: 0.10000
Epoch 30/200 | Loss: 0.1839 | Val Acc: 0.8721 | LR: 0.10000
Epoch 31/200 | Loss: 0.1834 | Val Acc: 0.8600 | LR: 0.10000
Epoch 32/200 | Loss: 0.1807 | Val Acc: 0.8856 | LR: 0.10000
Epoch 33/200 | Loss: 0.1813 | Val Acc: 0.8832 | LR: 0.10000
Epoch 34/200 | Loss: 0.1804 | Val Acc: 0.8788 | LR: 0.10000
Epoch 35/200 | Loss: 0.1773 | Val Acc: 0.8679 | LR: 0.10000
Epoch 36/200 | Loss: 0.1822 | Val Acc: 0.8709 | LR: 0.10000
Epoch 37/200 | Loss: 0.1782 | Val Acc: 0.8786 | LR: 0.10000
Epoch 38/200 | Loss: 0.1766 | Val Acc: 0.8748 | LR: 0.10000
Epoch 39/200 | Loss: 0.1840 | Val Acc: 0.8441 | LR: 0.10000
Epoch 40/200 | Loss: 0.1765 | Val Acc: 0.8773 | LR: 0.10000
Epoch 41/200 | Loss: 0.1744 | Val Acc: 0.8825 | LR: 0.10000
Epoch 42/200 | Loss: 0.1787 | Val Acc: 0.8722 | LR: 0.10000
Epoch 43/200 | Loss: 0.1743 | Val Acc: 0.8686 | LR: 0.10000
Epoch 44/200 | Loss: 0.1773 | Val Acc: 0.8814 | LR: 0.10000
Epoch 45/200 | Loss: 0.1742 | Val Acc: 0.8863 | LR: 0.10000
Epoch 46/200 | Loss: 0.1794 | Val Acc: 0.8639 | LR: 0.10000
Epoch 47/200 | Loss: 0.1744 | Val Acc: 0.8838 | LR: 0.10000
Epoch 48/200 | Loss: 0.1721 | Val Acc: 0.8719 | LR: 0.10000
Epoch 49/200 | Loss: 0.1823 | Val Acc: 0.8642 | LR: 0.10000
Epoch 50/200 | Loss: 0.1781 | Val Acc: 0.8694 | LR: 0.10000
Epoch 51/200 | Loss: 0.1703 | Val Acc: 0.8817 | LR: 0.10000
Epoch 52/200 | Loss: 0.1662 | Val Acc: 0.8642 | LR: 0.10000
Epoch 53/200 | Loss: 0.1762 | Val Acc: 0.8597 | LR: 0.10000
Epoch 54/200 | Loss: 0.1747 | Val Acc: 0.8762 | LR: 0.10000
Epoch 55/200 | Loss: 0.1736 | Val Acc: 0.8812 | LR: 0.10000
Epoch 56/200 | Loss: 0.1814 | Val Acc: 0.8804 | LR: 0.10000
Epoch 57/200 | Loss: 0.1741 | Val Acc: 0.8779 | LR: 0.10000
Epoch 58/200 | Loss: 0.1680 | Val Acc: 0.8773 | LR: 0.10000
Epoch 59/200 | Loss: 0.1665 | Val Acc: 0.8995 | LR: 0.10000
   >> New Best Saved! (0.8995)
Epoch 60/200 | Loss: 0.1718 | Val Acc: 0.8759 | LR: 0.10000
Epoch 61/200 | Loss: 0.1747 | Val Acc: 0.8754 | LR: 0.10000
Epoch 62/200 | Loss: 0.1709 | Val Acc: 0.8747 | LR: 0.10000
Epoch 63/200 | Loss: 0.1722 | Val Acc: 0.8746 | LR: 0.10000
Epoch 64/200 | Loss: 0.1677 | Val Acc: 0.8785 | LR: 0.10000
Epoch 65/200 | Loss: 0.1754 | Val Acc: 0.8773 | LR: 0.10000
Epoch 66/200 | Loss: 0.1736 | Val Acc: 0.8730 | LR: 0.10000
Epoch 67/200 | Loss: 0.1714 | Val Acc: 0.8679 | LR: 0.10000
Epoch 68/200 | Loss: 0.1686 | Val Acc: 0.8840 | LR: 0.10000
Epoch 69/200 | Loss: 0.1629 | Val Acc: 0.8914 | LR: 0.10000
Epoch 70/200 | Loss: 0.1669 | Val Acc: 0.8914 | LR: 0.10000
Epoch 71/200 | Loss: 0.1708 | Val Acc: 0.8792 | LR: 0.10000
Epoch 72/200 | Loss: 0.1699 | Val Acc: 0.8856 | LR: 0.10000
Epoch 73/200 | Loss: 0.1703 | Val Acc: 0.8696 | LR: 0.10000
Epoch 74/200 | Loss: 0.1655 | Val Acc: 0.8742 | LR: 0.10000
Epoch 75/200 | Loss: 0.1663 | Val Acc: 0.8819 | LR: 0.10000
Epoch 76/200 | Loss: 0.1698 | Val Acc: 0.8617 | LR: 0.10000
Epoch 77/200 | Loss: 0.1662 | Val Acc: 0.8888 | LR: 0.10000
Epoch 78/200 | Loss: 0.1647 | Val Acc: 0.8346 | LR: 0.10000
Epoch 79/200 | Loss: 0.1716 | Val Acc: 0.8870 | LR: 0.10000
Epoch 80/200 | Loss: 0.1694 | Val Acc: 0.8812 | LR: 0.10000
Epoch 81/200 | Loss: 0.1631 | Val Acc: 0.8608 | LR: 0.10000
Epoch 82/200 | Loss: 0.1692 | Val Acc: 0.8731 | LR: 0.10000
Epoch 83/200 | Loss: 0.1661 | Val Acc: 0.8837 | LR: 0.10000
Epoch 84/200 | Loss: 0.1696 | Val Acc: 0.8610 | LR: 0.10000
Epoch 85/200 | Loss: 0.1632 | Val Acc: 0.8847 | LR: 0.10000
Epoch 86/200 | Loss: 0.1634 | Val Acc: 0.8940 | LR: 0.10000
Epoch 87/200 | Loss: 0.1658 | Val Acc: 0.8699 | LR: 0.10000
Epoch 88/200 | Loss: 0.1677 | Val Acc: 0.8556 | LR: 0.10000
Epoch 89/200 | Loss: 0.1606 | Val Acc: 0.8678 | LR: 0.10000
Epoch 90/200 | Loss: 0.1735 | Val Acc: 0.8660 | LR: 0.10000
Epoch 91/200 | Loss: 0.1695 | Val Acc: 0.8791 | LR: 0.10000
Epoch 92/200 | Loss: 0.1652 | Val Acc: 0.8818 | LR: 0.10000
Epoch 93/200 | Loss: 0.1637 | Val Acc: 0.8894 | LR: 0.10000
Epoch 94/200 | Loss: 0.1630 | Val Acc: 0.8918 | LR: 0.10000
Epoch 95/200 | Loss: 0.1643 | Val Acc: 0.8645 | LR: 0.10000
Epoch 96/200 | Loss: 0.1640 | Val Acc: 0.8762 | LR: 0.10000
Epoch 97/200 | Loss: 0.1677 | Val Acc: 0.8679 | LR: 0.10000
Epoch 98/200 | Loss: 0.1607 | Val Acc: 0.8703 | LR: 0.10000
Epoch 99/200 | Loss: 0.1635 | Val Acc: 0.8746 | LR: 0.10000
Epoch 100/200 | Loss: 0.1668 | Val Acc: 0.8536 | LR: 0.01000
Epoch 101/200 | Loss: 0.0885 | Val Acc: 0.9236 | LR: 0.01000
   >> New Best Saved! (0.9236)
Epoch 102/200 | Loss: 0.0606 | Val Acc: 0.9259 | LR: 0.01000
   >> New Best Saved! (0.9259)
Epoch 103/200 | Loss: 0.0512 | Val Acc: 0.9271 | LR: 0.01000
   >> New Best Saved! (0.9271)
Epoch 104/200 | Loss: 0.0452 | Val Acc: 0.9295 | LR: 0.01000
   >> New Best Saved! (0.9295)
Epoch 105/200 | Loss: 0.0393 | Val Acc: 0.9311 | LR: 0.01000
   >> New Best Saved! (0.9311)
Epoch 106/200 | Loss: 0.0371 | Val Acc: 0.9303 | LR: 0.01000
Epoch 107/200 | Loss: 0.0342 | Val Acc: 0.9317 | LR: 0.01000
   >> New Best Saved! (0.9317)
Epoch 108/200 | Loss: 0.0305 | Val Acc: 0.9335 | LR: 0.01000
   >> New Best Saved! (0.9335)
Epoch 109/200 | Loss: 0.0293 | Val Acc: 0.9309 | LR: 0.01000
Epoch 110/200 | Loss: 0.0268 | Val Acc: 0.9310 | LR: 0.01000
Epoch 111/200 | Loss: 0.0261 | Val Acc: 0.9317 | LR: 0.01000
Epoch 112/200 | Loss: 0.0243 | Val Acc: 0.9308 | LR: 0.01000
Epoch 113/200 | Loss: 0.0232 | Val Acc: 0.9309 | LR: 0.01000
Epoch 114/200 | Loss: 0.0224 | Val Acc: 0.9328 | LR: 0.01000
Epoch 115/200 | Loss: 0.0213 | Val Acc: 0.9321 | LR: 0.01000
Epoch 116/200 | Loss: 0.0200 | Val Acc: 0.9320 | LR: 0.01000
Epoch 117/200 | Loss: 0.0200 | Val Acc: 0.9322 | LR: 0.01000
Epoch 118/200 | Loss: 0.0184 | Val Acc: 0.9317 | LR: 0.01000
Epoch 119/200 | Loss: 0.0179 | Val Acc: 0.9334 | LR: 0.01000
Epoch 120/200 | Loss: 0.0170 | Val Acc: 0.9330 | LR: 0.01000
Epoch 121/200 | Loss: 0.0163 | Val Acc: 0.9327 | LR: 0.01000
Epoch 122/200 | Loss: 0.0154 | Val Acc: 0.9334 | LR: 0.01000
Epoch 123/200 | Loss: 0.0157 | Val Acc: 0.9330 | LR: 0.01000
Epoch 124/200 | Loss: 0.0142 | Val Acc: 0.9322 | LR: 0.01000
Epoch 125/200 | Loss: 0.0144 | Val Acc: 0.9321 | LR: 0.01000
Epoch 126/200 | Loss: 0.0127 | Val Acc: 0.9323 | LR: 0.01000
Epoch 127/200 | Loss: 0.0136 | Val Acc: 0.9304 | LR: 0.01000
Epoch 128/200 | Loss: 0.0127 | Val Acc: 0.9326 | LR: 0.01000
Epoch 129/200 | Loss: 0.0120 | Val Acc: 0.9304 | LR: 0.01000
Epoch 130/200 | Loss: 0.0124 | Val Acc: 0.9302 | LR: 0.01000
Epoch 131/200 | Loss: 0.0119 | Val Acc: 0.9315 | LR: 0.01000
Epoch 132/200 | Loss: 0.0112 | Val Acc: 0.9305 | LR: 0.01000
Epoch 133/200 | Loss: 0.0107 | Val Acc: 0.9317 | LR: 0.01000
Epoch 134/200 | Loss: 0.0122 | Val Acc: 0.9312 | LR: 0.01000
Epoch 135/200 | Loss: 0.0110 | Val Acc: 0.9316 | LR: 0.01000
Epoch 136/200 | Loss: 0.0103 | Val Acc: 0.9316 | LR: 0.01000
Epoch 137/200 | Loss: 0.0107 | Val Acc: 0.9313 | LR: 0.01000
Epoch 138/200 | Loss: 0.0100 | Val Acc: 0.9310 | LR: 0.01000
Epoch 139/200 | Loss: 0.0095 | Val Acc: 0.9281 | LR: 0.01000
Epoch 140/200 | Loss: 0.0093 | Val Acc: 0.9305 | LR: 0.01000
Epoch 141/200 | Loss: 0.0092 | Val Acc: 0.9323 | LR: 0.01000
Epoch 142/200 | Loss: 0.0102 | Val Acc: 0.9316 | LR: 0.01000
Epoch 143/200 | Loss: 0.0084 | Val Acc: 0.9305 | LR: 0.01000
Epoch 144/200 | Loss: 0.0098 | Val Acc: 0.9303 | LR: 0.01000
Epoch 145/200 | Loss: 0.0093 | Val Acc: 0.9286 | LR: 0.01000
Epoch 146/200 | Loss: 0.0092 | Val Acc: 0.9291 | LR: 0.01000
Epoch 147/200 | Loss: 0.0090 | Val Acc: 0.9298 | LR: 0.01000
Epoch 148/200 | Loss: 0.0087 | Val Acc: 0.9300 | LR: 0.01000
Epoch 149/200 | Loss: 0.0081 | Val Acc: 0.9307 | LR: 0.01000
Epoch 150/200 | Loss: 0.0085 | Val Acc: 0.9312 | LR: 0.00100
Epoch 151/200 | Loss: 0.0077 | Val Acc: 0.9302 | LR: 0.00100
Epoch 152/200 | Loss: 0.0073 | Val Acc: 0.9308 | LR: 0.00100
Epoch 153/200 | Loss: 0.0070 | Val Acc: 0.9321 | LR: 0.00100
Epoch 154/200 | Loss: 0.0060 | Val Acc: 0.9316 | LR: 0.00100
Epoch 155/200 | Loss: 0.0066 | Val Acc: 0.9315 | LR: 0.00100
Epoch 156/200 | Loss: 0.0064 | Val Acc: 0.9312 | LR: 0.00100
Epoch 157/200 | Loss: 0.0064 | Val Acc: 0.9311 | LR: 0.00100
Epoch 158/200 | Loss: 0.0062 | Val Acc: 0.9315 | LR: 0.00100
Epoch 159/200 | Loss: 0.0061 | Val Acc: 0.9311 | LR: 0.00100
Epoch 160/200 | Loss: 0.0058 | Val Acc: 0.9305 | LR: 0.00100
Epoch 161/200 | Loss: 0.0063 | Val Acc: 0.9321 | LR: 0.00100
Epoch 162/200 | Loss: 0.0059 | Val Acc: 0.9321 | LR: 0.00100
Epoch 163/200 | Loss: 0.0061 | Val Acc: 0.9311 | LR: 0.00100
Epoch 164/200 | Loss: 0.0057 | Val Acc: 0.9309 | LR: 0.00100
Epoch 165/200 | Loss: 0.0055 | Val Acc: 0.9311 | LR: 0.00100
Epoch 166/200 | Loss: 0.0054 | Val Acc: 0.9306 | LR: 0.00100
Epoch 167/200 | Loss: 0.0058 | Val Acc: 0.9308 | LR: 0.00100
Epoch 168/200 | Loss: 0.0054 | Val Acc: 0.9311 | LR: 0.00100
Epoch 169/200 | Loss: 0.0056 | Val Acc: 0.9313 | LR: 0.00100
Epoch 170/200 | Loss: 0.0058 | Val Acc: 0.9308 | LR: 0.00100
Epoch 171/200 | Loss: 0.0055 | Val Acc: 0.9310 | LR: 0.00100
Epoch 172/200 | Loss: 0.0057 | Val Acc: 0.9311 | LR: 0.00100
Epoch 173/200 | Loss: 0.0057 | Val Acc: 0.9318 | LR: 0.00100
Epoch 174/200 | Loss: 0.0058 | Val Acc: 0.9315 | LR: 0.00100
Epoch 175/200 | Loss: 0.0058 | Val Acc: 0.9324 | LR: 0.00100
Epoch 176/200 | Loss: 0.0057 | Val Acc: 0.9317 | LR: 0.00100
Epoch 177/200 | Loss: 0.0059 | Val Acc: 0.9300 | LR: 0.00100
Epoch 178/200 | Loss: 0.0055 | Val Acc: 0.9322 | LR: 0.00100
Epoch 179/200 | Loss: 0.0053 | Val Acc: 0.9308 | LR: 0.00100
Epoch 180/200 | Loss: 0.0055 | Val Acc: 0.9318 | LR: 0.00100
Epoch 181/200 | Loss: 0.0051 | Val Acc: 0.9313 | LR: 0.00100
Epoch 182/200 | Loss: 0.0054 | Val Acc: 0.9329 | LR: 0.00100
Epoch 183/200 | Loss: 0.0052 | Val Acc: 0.9320 | LR: 0.00100
Epoch 184/200 | Loss: 0.0049 | Val Acc: 0.9306 | LR: 0.00100
Epoch 185/200 | Loss: 0.0052 | Val Acc: 0.9325 | LR: 0.00100
Epoch 186/200 | Loss: 0.0048 | Val Acc: 0.9317 | LR: 0.00100
Epoch 187/200 | Loss: 0.0054 | Val Acc: 0.9323 | LR: 0.00100
Epoch 188/200 | Loss: 0.0054 | Val Acc: 0.9313 | LR: 0.00100
Epoch 189/200 | Loss: 0.0051 | Val Acc: 0.9312 | LR: 0.00100
Epoch 190/200 | Loss: 0.0051 | Val Acc: 0.9322 | LR: 0.00100
Epoch 191/200 | Loss: 0.0051 | Val Acc: 0.9319 | LR: 0.00100
Epoch 192/200 | Loss: 0.0054 | Val Acc: 0.9310 | LR: 0.00100
Epoch 193/200 | Loss: 0.0047 | Val Acc: 0.9314 | LR: 0.00100
Epoch 194/200 | Loss: 0.0050 | Val Acc: 0.9310 | LR: 0.00100
Epoch 195/200 | Loss: 0.0049 | Val Acc: 0.9311 | LR: 0.00100
Epoch 196/200 | Loss: 0.0050 | Val Acc: 0.9303 | LR: 0.00100
Epoch 197/200 | Loss: 0.0053 | Val Acc: 0.9312 | LR: 0.00100
Epoch 198/200 | Loss: 0.0046 | Val Acc: 0.9300 | LR: 0.00100
Epoch 199/200 | Loss: 0.0050 | Val Acc: 0.9319 | LR: 0.00100
Epoch 200/200 | Loss: 0.0050 | Val Acc: 0.9314 | LR: 0.00100
=== Finetuning Complete. Best Acc: 0.9335 ===
