=== Starting Finetuning (Stage 2) ===
Config: configs/param0_8-4-8000.yaml
Checkpoint Dir: checkpoints/param0_8-4-8000
ModelWrapper: Detected 27 prunable blocks (Conv1+Conv2 pairs).
>> Loading Stage 1 weights from checkpoints/param0_8-4-8000/student_model.pth
>> Pruning Mask loaded. Applying initial pruning...
>> Optimizer reset: LR=0.1, Epochs=200, WD=0.0001
Epoch 1/200 | Loss: 0.3414 | Val Acc: 0.8574 | LR: 0.10000
   >> New Best Saved! (0.8574)
Epoch 2/200 | Loss: 0.2605 | Val Acc: 0.8444 | LR: 0.10000
Epoch 3/200 | Loss: 0.2395 | Val Acc: 0.8557 | LR: 0.10000
Epoch 4/200 | Loss: 0.2340 | Val Acc: 0.8599 | LR: 0.10000
   >> New Best Saved! (0.8599)
Epoch 5/200 | Loss: 0.2230 | Val Acc: 0.8656 | LR: 0.10000
   >> New Best Saved! (0.8656)
Epoch 6/200 | Loss: 0.2170 | Val Acc: 0.8698 | LR: 0.10000
   >> New Best Saved! (0.8698)
Epoch 7/200 | Loss: 0.2157 | Val Acc: 0.8609 | LR: 0.10000
Epoch 8/200 | Loss: 0.2117 | Val Acc: 0.8742 | LR: 0.10000
   >> New Best Saved! (0.8742)
Epoch 9/200 | Loss: 0.2078 | Val Acc: 0.8404 | LR: 0.10000
Epoch 10/200 | Loss: 0.2066 | Val Acc: 0.8669 | LR: 0.10000
Epoch 11/200 | Loss: 0.2028 | Val Acc: 0.8837 | LR: 0.10000
   >> New Best Saved! (0.8837)
Epoch 12/200 | Loss: 0.1999 | Val Acc: 0.8829 | LR: 0.10000
Epoch 13/200 | Loss: 0.1973 | Val Acc: 0.8860 | LR: 0.10000
   >> New Best Saved! (0.8860)
Epoch 14/200 | Loss: 0.1951 | Val Acc: 0.8700 | LR: 0.10000
Epoch 15/200 | Loss: 0.2065 | Val Acc: 0.8641 | LR: 0.10000
Epoch 16/200 | Loss: 0.1976 | Val Acc: 0.8772 | LR: 0.10000
Epoch 17/200 | Loss: 0.1908 | Val Acc: 0.8681 | LR: 0.10000
Epoch 18/200 | Loss: 0.1931 | Val Acc: 0.8710 | LR: 0.10000
Epoch 19/200 | Loss: 0.1944 | Val Acc: 0.8706 | LR: 0.10000
Epoch 20/200 | Loss: 0.1919 | Val Acc: 0.8668 | LR: 0.10000
Epoch 21/200 | Loss: 0.1892 | Val Acc: 0.8822 | LR: 0.10000
Epoch 22/200 | Loss: 0.1925 | Val Acc: 0.8691 | LR: 0.10000
Epoch 23/200 | Loss: 0.1856 | Val Acc: 0.8708 | LR: 0.10000
Epoch 24/200 | Loss: 0.1865 | Val Acc: 0.8807 | LR: 0.10000
Epoch 25/200 | Loss: 0.1839 | Val Acc: 0.8633 | LR: 0.10000
Epoch 26/200 | Loss: 0.1817 | Val Acc: 0.8701 | LR: 0.10000
Epoch 27/200 | Loss: 0.1878 | Val Acc: 0.8804 | LR: 0.10000
Epoch 28/200 | Loss: 0.1841 | Val Acc: 0.8711 | LR: 0.10000
Epoch 29/200 | Loss: 0.1810 | Val Acc: 0.8483 | LR: 0.10000
Epoch 30/200 | Loss: 0.1862 | Val Acc: 0.8561 | LR: 0.10000
Epoch 31/200 | Loss: 0.1837 | Val Acc: 0.8781 | LR: 0.10000
Epoch 32/200 | Loss: 0.1859 | Val Acc: 0.8636 | LR: 0.10000
Epoch 33/200 | Loss: 0.1825 | Val Acc: 0.8731 | LR: 0.10000
Epoch 34/200 | Loss: 0.1893 | Val Acc: 0.8705 | LR: 0.10000
Epoch 35/200 | Loss: 0.1845 | Val Acc: 0.8793 | LR: 0.10000
Epoch 36/200 | Loss: 0.1802 | Val Acc: 0.8877 | LR: 0.10000
   >> New Best Saved! (0.8877)
Epoch 37/200 | Loss: 0.1777 | Val Acc: 0.8650 | LR: 0.10000
Epoch 38/200 | Loss: 0.1774 | Val Acc: 0.8805 | LR: 0.10000
Epoch 39/200 | Loss: 0.1806 | Val Acc: 0.8421 | LR: 0.10000
Epoch 40/200 | Loss: 0.1769 | Val Acc: 0.8884 | LR: 0.10000
   >> New Best Saved! (0.8884)
Epoch 41/200 | Loss: 0.1777 | Val Acc: 0.8796 | LR: 0.10000
Epoch 42/200 | Loss: 0.1752 | Val Acc: 0.8690 | LR: 0.10000
Epoch 43/200 | Loss: 0.1772 | Val Acc: 0.8654 | LR: 0.10000
Epoch 44/200 | Loss: 0.1735 | Val Acc: 0.8792 | LR: 0.10000
Epoch 45/200 | Loss: 0.1766 | Val Acc: 0.8845 | LR: 0.10000
Epoch 46/200 | Loss: 0.1796 | Val Acc: 0.8596 | LR: 0.10000
Epoch 47/200 | Loss: 0.1776 | Val Acc: 0.8721 | LR: 0.10000
Epoch 48/200 | Loss: 0.1746 | Val Acc: 0.8746 | LR: 0.10000
Epoch 49/200 | Loss: 0.1758 | Val Acc: 0.8769 | LR: 0.10000
Epoch 50/200 | Loss: 0.1754 | Val Acc: 0.8721 | LR: 0.10000
Epoch 51/200 | Loss: 0.1722 | Val Acc: 0.8666 | LR: 0.10000
Epoch 52/200 | Loss: 0.1740 | Val Acc: 0.8884 | LR: 0.10000
Epoch 53/200 | Loss: 0.1763 | Val Acc: 0.8849 | LR: 0.10000
Epoch 54/200 | Loss: 0.1768 | Val Acc: 0.8908 | LR: 0.10000
   >> New Best Saved! (0.8908)
Epoch 55/200 | Loss: 0.1723 | Val Acc: 0.8690 | LR: 0.10000
Epoch 56/200 | Loss: 0.1748 | Val Acc: 0.8785 | LR: 0.10000
Epoch 57/200 | Loss: 0.1735 | Val Acc: 0.8715 | LR: 0.10000
Epoch 58/200 | Loss: 0.1728 | Val Acc: 0.8747 | LR: 0.10000
Epoch 59/200 | Loss: 0.1701 | Val Acc: 0.8856 | LR: 0.10000
Epoch 60/200 | Loss: 0.1719 | Val Acc: 0.8550 | LR: 0.10000
Epoch 61/200 | Loss: 0.1759 | Val Acc: 0.8826 | LR: 0.10000
Epoch 62/200 | Loss: 0.1730 | Val Acc: 0.8854 | LR: 0.10000
Epoch 63/200 | Loss: 0.1718 | Val Acc: 0.8874 | LR: 0.10000
Epoch 64/200 | Loss: 0.1695 | Val Acc: 0.8868 | LR: 0.10000
Epoch 65/200 | Loss: 0.1732 | Val Acc: 0.8813 | LR: 0.10000
Epoch 66/200 | Loss: 0.1702 | Val Acc: 0.8809 | LR: 0.10000
Epoch 67/200 | Loss: 0.1696 | Val Acc: 0.8722 | LR: 0.10000
Epoch 68/200 | Loss: 0.1757 | Val Acc: 0.8813 | LR: 0.10000
Epoch 69/200 | Loss: 0.1706 | Val Acc: 0.8780 | LR: 0.10000
Epoch 70/200 | Loss: 0.1717 | Val Acc: 0.8902 | LR: 0.10000
Epoch 71/200 | Loss: 0.1725 | Val Acc: 0.8712 | LR: 0.10000
Epoch 72/200 | Loss: 0.1647 | Val Acc: 0.8697 | LR: 0.10000
Epoch 73/200 | Loss: 0.1745 | Val Acc: 0.8720 | LR: 0.10000
Epoch 74/200 | Loss: 0.1712 | Val Acc: 0.8139 | LR: 0.10000
Epoch 75/200 | Loss: 0.1729 | Val Acc: 0.8720 | LR: 0.10000
Epoch 76/200 | Loss: 0.1699 | Val Acc: 0.8681 | LR: 0.10000
Epoch 77/200 | Loss: 0.1650 | Val Acc: 0.8656 | LR: 0.10000
Epoch 78/200 | Loss: 0.1660 | Val Acc: 0.8727 | LR: 0.10000
Epoch 79/200 | Loss: 0.1704 | Val Acc: 0.8734 | LR: 0.10000
Epoch 80/200 | Loss: 0.1749 | Val Acc: 0.8635 | LR: 0.10000
Epoch 81/200 | Loss: 0.1704 | Val Acc: 0.8750 | LR: 0.10000
Epoch 82/200 | Loss: 0.1677 | Val Acc: 0.8889 | LR: 0.10000
Epoch 83/200 | Loss: 0.1621 | Val Acc: 0.8725 | LR: 0.10000
Epoch 84/200 | Loss: 0.1643 | Val Acc: 0.8454 | LR: 0.10000
Epoch 85/200 | Loss: 0.1617 | Val Acc: 0.8851 | LR: 0.10000
Epoch 86/200 | Loss: 0.1623 | Val Acc: 0.8915 | LR: 0.10000
   >> New Best Saved! (0.8915)
Epoch 87/200 | Loss: 0.1673 | Val Acc: 0.8704 | LR: 0.10000
Epoch 88/200 | Loss: 0.1694 | Val Acc: 0.8613 | LR: 0.10000
Epoch 89/200 | Loss: 0.1642 | Val Acc: 0.8651 | LR: 0.10000
Epoch 90/200 | Loss: 0.1717 | Val Acc: 0.8326 | LR: 0.10000
Epoch 91/200 | Loss: 0.1659 | Val Acc: 0.8833 | LR: 0.10000
Epoch 92/200 | Loss: 0.1710 | Val Acc: 0.8772 | LR: 0.10000
Epoch 93/200 | Loss: 0.1663 | Val Acc: 0.8715 | LR: 0.10000
Epoch 94/200 | Loss: 0.1675 | Val Acc: 0.8608 | LR: 0.10000
Epoch 95/200 | Loss: 0.1655 | Val Acc: 0.8897 | LR: 0.10000
Epoch 96/200 | Loss: 0.1628 | Val Acc: 0.8798 | LR: 0.10000
Epoch 97/200 | Loss: 0.1661 | Val Acc: 0.8893 | LR: 0.10000
Epoch 98/200 | Loss: 0.1644 | Val Acc: 0.8814 | LR: 0.10000
Epoch 99/200 | Loss: 0.1609 | Val Acc: 0.8829 | LR: 0.10000
Epoch 100/200 | Loss: 0.1665 | Val Acc: 0.8630 | LR: 0.01000
Epoch 101/200 | Loss: 0.0904 | Val Acc: 0.9236 | LR: 0.01000
   >> New Best Saved! (0.9236)
Epoch 102/200 | Loss: 0.0606 | Val Acc: 0.9260 | LR: 0.01000
   >> New Best Saved! (0.9260)
Epoch 103/200 | Loss: 0.0512 | Val Acc: 0.9264 | LR: 0.01000
   >> New Best Saved! (0.9264)
Epoch 104/200 | Loss: 0.0445 | Val Acc: 0.9265 | LR: 0.01000
   >> New Best Saved! (0.9265)
Epoch 105/200 | Loss: 0.0405 | Val Acc: 0.9277 | LR: 0.01000
   >> New Best Saved! (0.9277)
Epoch 106/200 | Loss: 0.0361 | Val Acc: 0.9282 | LR: 0.01000
   >> New Best Saved! (0.9282)
Epoch 107/200 | Loss: 0.0350 | Val Acc: 0.9291 | LR: 0.01000
   >> New Best Saved! (0.9291)
Epoch 108/200 | Loss: 0.0317 | Val Acc: 0.9304 | LR: 0.01000
   >> New Best Saved! (0.9304)
Epoch 109/200 | Loss: 0.0303 | Val Acc: 0.9284 | LR: 0.01000
Epoch 110/200 | Loss: 0.0275 | Val Acc: 0.9285 | LR: 0.01000
Epoch 111/200 | Loss: 0.0262 | Val Acc: 0.9290 | LR: 0.01000
Epoch 112/200 | Loss: 0.0239 | Val Acc: 0.9309 | LR: 0.01000
   >> New Best Saved! (0.9309)
Epoch 113/200 | Loss: 0.0224 | Val Acc: 0.9310 | LR: 0.01000
   >> New Best Saved! (0.9310)
Epoch 114/200 | Loss: 0.0222 | Val Acc: 0.9288 | LR: 0.01000
Epoch 115/200 | Loss: 0.0210 | Val Acc: 0.9292 | LR: 0.01000
Epoch 116/200 | Loss: 0.0208 | Val Acc: 0.9304 | LR: 0.01000
Epoch 117/200 | Loss: 0.0205 | Val Acc: 0.9301 | LR: 0.01000
Epoch 118/200 | Loss: 0.0192 | Val Acc: 0.9309 | LR: 0.01000
Epoch 119/200 | Loss: 0.0177 | Val Acc: 0.9312 | LR: 0.01000
   >> New Best Saved! (0.9312)
Epoch 120/200 | Loss: 0.0167 | Val Acc: 0.9306 | LR: 0.01000
Epoch 121/200 | Loss: 0.0156 | Val Acc: 0.9291 | LR: 0.01000
Epoch 122/200 | Loss: 0.0161 | Val Acc: 0.9301 | LR: 0.01000
Epoch 123/200 | Loss: 0.0170 | Val Acc: 0.9288 | LR: 0.01000
Epoch 124/200 | Loss: 0.0145 | Val Acc: 0.9305 | LR: 0.01000
Epoch 125/200 | Loss: 0.0143 | Val Acc: 0.9295 | LR: 0.01000
Epoch 126/200 | Loss: 0.0141 | Val Acc: 0.9314 | LR: 0.01000
   >> New Best Saved! (0.9314)
Epoch 127/200 | Loss: 0.0138 | Val Acc: 0.9293 | LR: 0.01000
Epoch 128/200 | Loss: 0.0120 | Val Acc: 0.9288 | LR: 0.01000
Epoch 129/200 | Loss: 0.0123 | Val Acc: 0.9296 | LR: 0.01000
Epoch 130/200 | Loss: 0.0114 | Val Acc: 0.9293 | LR: 0.01000
Epoch 131/200 | Loss: 0.0120 | Val Acc: 0.9292 | LR: 0.01000
Epoch 132/200 | Loss: 0.0118 | Val Acc: 0.9283 | LR: 0.01000
Epoch 133/200 | Loss: 0.0114 | Val Acc: 0.9287 | LR: 0.01000
Epoch 134/200 | Loss: 0.0111 | Val Acc: 0.9303 | LR: 0.01000
Epoch 135/200 | Loss: 0.0114 | Val Acc: 0.9302 | LR: 0.01000
Epoch 136/200 | Loss: 0.0106 | Val Acc: 0.9298 | LR: 0.01000
Epoch 137/200 | Loss: 0.0108 | Val Acc: 0.9299 | LR: 0.01000
Epoch 138/200 | Loss: 0.0098 | Val Acc: 0.9299 | LR: 0.01000
Epoch 139/200 | Loss: 0.0088 | Val Acc: 0.9310 | LR: 0.01000
Epoch 140/200 | Loss: 0.0100 | Val Acc: 0.9314 | LR: 0.01000
Epoch 141/200 | Loss: 0.0098 | Val Acc: 0.9309 | LR: 0.01000
Epoch 142/200 | Loss: 0.0097 | Val Acc: 0.9296 | LR: 0.01000
Epoch 143/200 | Loss: 0.0089 | Val Acc: 0.9291 | LR: 0.01000
Epoch 144/200 | Loss: 0.0088 | Val Acc: 0.9302 | LR: 0.01000
Epoch 145/200 | Loss: 0.0096 | Val Acc: 0.9300 | LR: 0.01000
Epoch 146/200 | Loss: 0.0092 | Val Acc: 0.9297 | LR: 0.01000
Epoch 147/200 | Loss: 0.0088 | Val Acc: 0.9319 | LR: 0.01000
   >> New Best Saved! (0.9319)
Epoch 148/200 | Loss: 0.0084 | Val Acc: 0.9303 | LR: 0.01000
Epoch 149/200 | Loss: 0.0084 | Val Acc: 0.9296 | LR: 0.01000
Epoch 150/200 | Loss: 0.0083 | Val Acc: 0.9289 | LR: 0.00100
Epoch 151/200 | Loss: 0.0071 | Val Acc: 0.9292 | LR: 0.00100
Epoch 152/200 | Loss: 0.0071 | Val Acc: 0.9296 | LR: 0.00100
Epoch 153/200 | Loss: 0.0066 | Val Acc: 0.9298 | LR: 0.00100
Epoch 154/200 | Loss: 0.0063 | Val Acc: 0.9298 | LR: 0.00100
Epoch 155/200 | Loss: 0.0065 | Val Acc: 0.9302 | LR: 0.00100
Epoch 156/200 | Loss: 0.0064 | Val Acc: 0.9306 | LR: 0.00100
Epoch 157/200 | Loss: 0.0060 | Val Acc: 0.9302 | LR: 0.00100
Epoch 158/200 | Loss: 0.0061 | Val Acc: 0.9311 | LR: 0.00100
Epoch 159/200 | Loss: 0.0063 | Val Acc: 0.9299 | LR: 0.00100
Epoch 160/200 | Loss: 0.0053 | Val Acc: 0.9301 | LR: 0.00100
Epoch 161/200 | Loss: 0.0057 | Val Acc: 0.9305 | LR: 0.00100
Epoch 162/200 | Loss: 0.0059 | Val Acc: 0.9309 | LR: 0.00100
Epoch 163/200 | Loss: 0.0059 | Val Acc: 0.9314 | LR: 0.00100
Epoch 164/200 | Loss: 0.0054 | Val Acc: 0.9298 | LR: 0.00100
Epoch 165/200 | Loss: 0.0056 | Val Acc: 0.9309 | LR: 0.00100
Epoch 166/200 | Loss: 0.0059 | Val Acc: 0.9296 | LR: 0.00100
Epoch 167/200 | Loss: 0.0059 | Val Acc: 0.9308 | LR: 0.00100
Epoch 168/200 | Loss: 0.0051 | Val Acc: 0.9310 | LR: 0.00100
Epoch 169/200 | Loss: 0.0056 | Val Acc: 0.9311 | LR: 0.00100
Epoch 170/200 | Loss: 0.0053 | Val Acc: 0.9319 | LR: 0.00100
Epoch 171/200 | Loss: 0.0055 | Val Acc: 0.9312 | LR: 0.00100
Epoch 172/200 | Loss: 0.0053 | Val Acc: 0.9315 | LR: 0.00100
Epoch 173/200 | Loss: 0.0053 | Val Acc: 0.9316 | LR: 0.00100
Epoch 174/200 | Loss: 0.0054 | Val Acc: 0.9321 | LR: 0.00100
   >> New Best Saved! (0.9321)
Epoch 175/200 | Loss: 0.0055 | Val Acc: 0.9321 | LR: 0.00100
Epoch 176/200 | Loss: 0.0050 | Val Acc: 0.9313 | LR: 0.00100
Epoch 177/200 | Loss: 0.0052 | Val Acc: 0.9305 | LR: 0.00100
Epoch 178/200 | Loss: 0.0053 | Val Acc: 0.9310 | LR: 0.00100
Epoch 179/200 | Loss: 0.0052 | Val Acc: 0.9302 | LR: 0.00100
Epoch 180/200 | Loss: 0.0055 | Val Acc: 0.9312 | LR: 0.00100
Epoch 181/200 | Loss: 0.0048 | Val Acc: 0.9311 | LR: 0.00100
Epoch 182/200 | Loss: 0.0052 | Val Acc: 0.9327 | LR: 0.00100
   >> New Best Saved! (0.9327)
Epoch 183/200 | Loss: 0.0052 | Val Acc: 0.9311 | LR: 0.00100
Epoch 184/200 | Loss: 0.0048 | Val Acc: 0.9310 | LR: 0.00100
Epoch 185/200 | Loss: 0.0050 | Val Acc: 0.9315 | LR: 0.00100
Epoch 186/200 | Loss: 0.0050 | Val Acc: 0.9317 | LR: 0.00100
Epoch 187/200 | Loss: 0.0050 | Val Acc: 0.9297 | LR: 0.00100
Epoch 188/200 | Loss: 0.0052 | Val Acc: 0.9308 | LR: 0.00100
Epoch 189/200 | Loss: 0.0047 | Val Acc: 0.9300 | LR: 0.00100
Epoch 190/200 | Loss: 0.0052 | Val Acc: 0.9324 | LR: 0.00100
Epoch 191/200 | Loss: 0.0048 | Val Acc: 0.9310 | LR: 0.00100
Epoch 192/200 | Loss: 0.0051 | Val Acc: 0.9316 | LR: 0.00100
Epoch 193/200 | Loss: 0.0044 | Val Acc: 0.9317 | LR: 0.00100
Epoch 194/200 | Loss: 0.0049 | Val Acc: 0.9312 | LR: 0.00100
Epoch 195/200 | Loss: 0.0049 | Val Acc: 0.9302 | LR: 0.00100
Epoch 196/200 | Loss: 0.0046 | Val Acc: 0.9313 | LR: 0.00100
Epoch 197/200 | Loss: 0.0044 | Val Acc: 0.9314 | LR: 0.00100
Epoch 198/200 | Loss: 0.0045 | Val Acc: 0.9319 | LR: 0.00100
Epoch 199/200 | Loss: 0.0052 | Val Acc: 0.9327 | LR: 0.00100
Epoch 200/200 | Loss: 0.0047 | Val Acc: 0.9320 | LR: 0.00100
=== Finetuning Complete. Best Acc: 0.9327 ===
