nohup: ignoring input
=== Starting Finetuning (Stage 2) ===
Config: configs/param1-0-recalibrate.yaml
Checkpoint Dir: checkpoints/param1-0-recalibrate
ModelWrapper: Detected 27 prunable blocks (Conv1+Conv2 pairs).
>> Loading Stage 1 weights from checkpoints/param1-0-recalibrate/student_model.pth
>> Pruning Mask loaded. Applying initial pruning...
>> Optimizer reset: LR=0.1, Epochs=200, WD=0.0001
Epoch 1/200 | Loss: 0.3397 | Val Acc: 0.8616 | LR: 0.10000
   >> New Best Saved! (0.8616)
Epoch 2/200 | Loss: 0.2511 | Val Acc: 0.8742 | LR: 0.10000
   >> New Best Saved! (0.8742)
Epoch 3/200 | Loss: 0.2342 | Val Acc: 0.8786 | LR: 0.10000
   >> New Best Saved! (0.8786)
Epoch 4/200 | Loss: 0.2317 | Val Acc: 0.8765 | LR: 0.10000
Epoch 5/200 | Loss: 0.2179 | Val Acc: 0.8779 | LR: 0.10000
Epoch 6/200 | Loss: 0.2119 | Val Acc: 0.8759 | LR: 0.10000
Epoch 7/200 | Loss: 0.2087 | Val Acc: 0.8590 | LR: 0.10000
Epoch 8/200 | Loss: 0.2142 | Val Acc: 0.8714 | LR: 0.10000
Epoch 9/200 | Loss: 0.2089 | Val Acc: 0.8650 | LR: 0.10000
Epoch 10/200 | Loss: 0.2019 | Val Acc: 0.8714 | LR: 0.10000
Epoch 11/200 | Loss: 0.2043 | Val Acc: 0.8888 | LR: 0.10000
   >> New Best Saved! (0.8888)
Epoch 12/200 | Loss: 0.1952 | Val Acc: 0.8581 | LR: 0.10000
Epoch 13/200 | Loss: 0.1975 | Val Acc: 0.8769 | LR: 0.10000
Epoch 14/200 | Loss: 0.1912 | Val Acc: 0.8774 | LR: 0.10000
Epoch 15/200 | Loss: 0.2030 | Val Acc: 0.8923 | LR: 0.10000
   >> New Best Saved! (0.8923)
Epoch 16/200 | Loss: 0.1927 | Val Acc: 0.8711 | LR: 0.10000
Epoch 17/200 | Loss: 0.1912 | Val Acc: 0.8769 | LR: 0.10000
Epoch 18/200 | Loss: 0.1878 | Val Acc: 0.8788 | LR: 0.10000
Epoch 19/200 | Loss: 0.1897 | Val Acc: 0.8745 | LR: 0.10000
Epoch 20/200 | Loss: 0.1862 | Val Acc: 0.8616 | LR: 0.10000
Epoch 21/200 | Loss: 0.1886 | Val Acc: 0.8683 | LR: 0.10000
Epoch 22/200 | Loss: 0.1875 | Val Acc: 0.8661 | LR: 0.10000
Epoch 23/200 | Loss: 0.1853 | Val Acc: 0.8782 | LR: 0.10000
Epoch 24/200 | Loss: 0.1888 | Val Acc: 0.8875 | LR: 0.10000
Epoch 25/200 | Loss: 0.1823 | Val Acc: 0.8647 | LR: 0.10000
Epoch 26/200 | Loss: 0.1815 | Val Acc: 0.8583 | LR: 0.10000
Epoch 27/200 | Loss: 0.1809 | Val Acc: 0.8776 | LR: 0.10000
Epoch 28/200 | Loss: 0.1839 | Val Acc: 0.8664 | LR: 0.10000
Epoch 29/200 | Loss: 0.1821 | Val Acc: 0.8631 | LR: 0.10000
Epoch 30/200 | Loss: 0.1821 | Val Acc: 0.8582 | LR: 0.10000
Epoch 31/200 | Loss: 0.1802 | Val Acc: 0.8855 | LR: 0.10000
Epoch 32/200 | Loss: 0.1807 | Val Acc: 0.8781 | LR: 0.10000
Epoch 33/200 | Loss: 0.1809 | Val Acc: 0.8774 | LR: 0.10000
Epoch 34/200 | Loss: 0.1817 | Val Acc: 0.8796 | LR: 0.10000
Epoch 35/200 | Loss: 0.1755 | Val Acc: 0.8726 | LR: 0.10000
Epoch 36/200 | Loss: 0.1815 | Val Acc: 0.8707 | LR: 0.10000
Epoch 37/200 | Loss: 0.1838 | Val Acc: 0.8783 | LR: 0.10000
Epoch 38/200 | Loss: 0.1741 | Val Acc: 0.8767 | LR: 0.10000
Epoch 39/200 | Loss: 0.1789 | Val Acc: 0.8550 | LR: 0.10000
Epoch 40/200 | Loss: 0.1730 | Val Acc: 0.8704 | LR: 0.10000
Epoch 41/200 | Loss: 0.1770 | Val Acc: 0.8802 | LR: 0.10000
Epoch 42/200 | Loss: 0.1773 | Val Acc: 0.8775 | LR: 0.10000
Epoch 43/200 | Loss: 0.1747 | Val Acc: 0.8667 | LR: 0.10000
Epoch 44/200 | Loss: 0.1808 | Val Acc: 0.8719 | LR: 0.10000
Epoch 45/200 | Loss: 0.1755 | Val Acc: 0.8832 | LR: 0.10000
Epoch 46/200 | Loss: 0.1791 | Val Acc: 0.8672 | LR: 0.10000
Epoch 47/200 | Loss: 0.1731 | Val Acc: 0.8691 | LR: 0.10000
Epoch 48/200 | Loss: 0.1755 | Val Acc: 0.8724 | LR: 0.10000
Epoch 49/200 | Loss: 0.1782 | Val Acc: 0.8765 | LR: 0.10000
Epoch 50/200 | Loss: 0.1758 | Val Acc: 0.8574 | LR: 0.10000
Epoch 51/200 | Loss: 0.1696 | Val Acc: 0.8709 | LR: 0.10000
Epoch 52/200 | Loss: 0.1722 | Val Acc: 0.8761 | LR: 0.10000
Epoch 53/200 | Loss: 0.1739 | Val Acc: 0.8898 | LR: 0.10000
Epoch 54/200 | Loss: 0.1733 | Val Acc: 0.8810 | LR: 0.10000
Epoch 55/200 | Loss: 0.1714 | Val Acc: 0.8846 | LR: 0.10000
Epoch 56/200 | Loss: 0.1752 | Val Acc: 0.8825 | LR: 0.10000
Epoch 57/200 | Loss: 0.1758 | Val Acc: 0.8893 | LR: 0.10000
Epoch 58/200 | Loss: 0.1713 | Val Acc: 0.8378 | LR: 0.10000
Epoch 59/200 | Loss: 0.1726 | Val Acc: 0.8709 | LR: 0.10000
Epoch 60/200 | Loss: 0.1720 | Val Acc: 0.8745 | LR: 0.10000
Epoch 61/200 | Loss: 0.1767 | Val Acc: 0.8517 | LR: 0.10000
Epoch 62/200 | Loss: 0.1654 | Val Acc: 0.8784 | LR: 0.10000
Epoch 63/200 | Loss: 0.1702 | Val Acc: 0.8793 | LR: 0.10000
Epoch 64/200 | Loss: 0.1702 | Val Acc: 0.8945 | LR: 0.10000
   >> New Best Saved! (0.8945)
Epoch 65/200 | Loss: 0.1760 | Val Acc: 0.8787 | LR: 0.10000
Epoch 66/200 | Loss: 0.1733 | Val Acc: 0.8773 | LR: 0.10000
Epoch 67/200 | Loss: 0.1717 | Val Acc: 0.8633 | LR: 0.10000
Epoch 68/200 | Loss: 0.1690 | Val Acc: 0.8878 | LR: 0.10000
Epoch 69/200 | Loss: 0.1738 | Val Acc: 0.8868 | LR: 0.10000
Epoch 70/200 | Loss: 0.1692 | Val Acc: 0.8827 | LR: 0.10000
Epoch 71/200 | Loss: 0.1709 | Val Acc: 0.8576 | LR: 0.10000
Epoch 72/200 | Loss: 0.1651 | Val Acc: 0.8797 | LR: 0.10000
Epoch 73/200 | Loss: 0.1694 | Val Acc: 0.8745 | LR: 0.10000
Epoch 74/200 | Loss: 0.1698 | Val Acc: 0.8746 | LR: 0.10000
Epoch 75/200 | Loss: 0.1750 | Val Acc: 0.8655 | LR: 0.10000
Epoch 76/200 | Loss: 0.1703 | Val Acc: 0.8811 | LR: 0.10000
Epoch 77/200 | Loss: 0.1693 | Val Acc: 0.8865 | LR: 0.10000
Epoch 78/200 | Loss: 0.1676 | Val Acc: 0.8806 | LR: 0.10000
Epoch 79/200 | Loss: 0.1648 | Val Acc: 0.8718 | LR: 0.10000
Epoch 80/200 | Loss: 0.1731 | Val Acc: 0.8869 | LR: 0.10000
Epoch 81/200 | Loss: 0.1625 | Val Acc: 0.8750 | LR: 0.10000
Epoch 82/200 | Loss: 0.1654 | Val Acc: 0.8695 | LR: 0.10000
Epoch 83/200 | Loss: 0.1688 | Val Acc: 0.8714 | LR: 0.10000
Epoch 84/200 | Loss: 0.1679 | Val Acc: 0.8635 | LR: 0.10000
Epoch 85/200 | Loss: 0.1645 | Val Acc: 0.8836 | LR: 0.10000
Epoch 86/200 | Loss: 0.1701 | Val Acc: 0.8773 | LR: 0.10000
Epoch 87/200 | Loss: 0.1637 | Val Acc: 0.8837 | LR: 0.10000
Epoch 88/200 | Loss: 0.1686 | Val Acc: 0.8837 | LR: 0.10000
Epoch 89/200 | Loss: 0.1655 | Val Acc: 0.8849 | LR: 0.10000
Epoch 90/200 | Loss: 0.1680 | Val Acc: 0.8837 | LR: 0.10000
Epoch 91/200 | Loss: 0.1686 | Val Acc: 0.8836 | LR: 0.10000
Epoch 92/200 | Loss: 0.1667 | Val Acc: 0.8648 | LR: 0.10000
Epoch 93/200 | Loss: 0.1626 | Val Acc: 0.8527 | LR: 0.10000
Epoch 94/200 | Loss: 0.1741 | Val Acc: 0.8870 | LR: 0.10000
Epoch 95/200 | Loss: 0.1611 | Val Acc: 0.8832 | LR: 0.10000
Epoch 96/200 | Loss: 0.1618 | Val Acc: 0.8797 | LR: 0.10000
Epoch 97/200 | Loss: 0.1718 | Val Acc: 0.8852 | LR: 0.10000
Epoch 98/200 | Loss: 0.1658 | Val Acc: 0.8613 | LR: 0.10000
Epoch 99/200 | Loss: 0.1637 | Val Acc: 0.8906 | LR: 0.10000
Epoch 100/200 | Loss: 0.1622 | Val Acc: 0.8871 | LR: 0.01000
Epoch 101/200 | Loss: 0.0857 | Val Acc: 0.9247 | LR: 0.01000
   >> New Best Saved! (0.9247)
Epoch 102/200 | Loss: 0.0597 | Val Acc: 0.9274 | LR: 0.01000
   >> New Best Saved! (0.9274)
Epoch 103/200 | Loss: 0.0495 | Val Acc: 0.9288 | LR: 0.01000
   >> New Best Saved! (0.9288)
Epoch 104/200 | Loss: 0.0430 | Val Acc: 0.9295 | LR: 0.01000
   >> New Best Saved! (0.9295)
Epoch 105/200 | Loss: 0.0392 | Val Acc: 0.9321 | LR: 0.01000
   >> New Best Saved! (0.9321)
Epoch 106/200 | Loss: 0.0366 | Val Acc: 0.9321 | LR: 0.01000
Epoch 107/200 | Loss: 0.0335 | Val Acc: 0.9318 | LR: 0.01000
Epoch 108/200 | Loss: 0.0314 | Val Acc: 0.9307 | LR: 0.01000
Epoch 109/200 | Loss: 0.0299 | Val Acc: 0.9332 | LR: 0.01000
   >> New Best Saved! (0.9332)
Epoch 110/200 | Loss: 0.0266 | Val Acc: 0.9308 | LR: 0.01000
Epoch 111/200 | Loss: 0.0261 | Val Acc: 0.9312 | LR: 0.01000
Epoch 112/200 | Loss: 0.0237 | Val Acc: 0.9331 | LR: 0.01000
Epoch 113/200 | Loss: 0.0213 | Val Acc: 0.9325 | LR: 0.01000
Epoch 114/200 | Loss: 0.0221 | Val Acc: 0.9311 | LR: 0.01000
Epoch 115/200 | Loss: 0.0211 | Val Acc: 0.9291 | LR: 0.01000
Epoch 116/200 | Loss: 0.0210 | Val Acc: 0.9314 | LR: 0.01000
Epoch 117/200 | Loss: 0.0199 | Val Acc: 0.9306 | LR: 0.01000
Epoch 118/200 | Loss: 0.0184 | Val Acc: 0.9296 | LR: 0.01000
Epoch 119/200 | Loss: 0.0175 | Val Acc: 0.9300 | LR: 0.01000
Epoch 120/200 | Loss: 0.0173 | Val Acc: 0.9304 | LR: 0.01000
Epoch 121/200 | Loss: 0.0168 | Val Acc: 0.9310 | LR: 0.01000
Epoch 122/200 | Loss: 0.0165 | Val Acc: 0.9333 | LR: 0.01000
   >> New Best Saved! (0.9333)
Epoch 123/200 | Loss: 0.0157 | Val Acc: 0.9311 | LR: 0.01000
Epoch 124/200 | Loss: 0.0153 | Val Acc: 0.9323 | LR: 0.01000
Epoch 125/200 | Loss: 0.0145 | Val Acc: 0.9327 | LR: 0.01000
Epoch 126/200 | Loss: 0.0140 | Val Acc: 0.9302 | LR: 0.01000
Epoch 127/200 | Loss: 0.0135 | Val Acc: 0.9330 | LR: 0.01000
Epoch 128/200 | Loss: 0.0129 | Val Acc: 0.9319 | LR: 0.01000
Epoch 129/200 | Loss: 0.0129 | Val Acc: 0.9314 | LR: 0.01000
Epoch 130/200 | Loss: 0.0129 | Val Acc: 0.9315 | LR: 0.01000
Epoch 131/200 | Loss: 0.0122 | Val Acc: 0.9311 | LR: 0.01000
Epoch 132/200 | Loss: 0.0122 | Val Acc: 0.9325 | LR: 0.01000
Epoch 133/200 | Loss: 0.0111 | Val Acc: 0.9322 | LR: 0.01000
Epoch 134/200 | Loss: 0.0107 | Val Acc: 0.9321 | LR: 0.01000
Epoch 135/200 | Loss: 0.0111 | Val Acc: 0.9317 | LR: 0.01000
Epoch 136/200 | Loss: 0.0102 | Val Acc: 0.9324 | LR: 0.01000
Epoch 137/200 | Loss: 0.0110 | Val Acc: 0.9311 | LR: 0.01000
Epoch 138/200 | Loss: 0.0100 | Val Acc: 0.9291 | LR: 0.01000
Epoch 139/200 | Loss: 0.0094 | Val Acc: 0.9311 | LR: 0.01000
Epoch 140/200 | Loss: 0.0096 | Val Acc: 0.9314 | LR: 0.01000
Epoch 141/200 | Loss: 0.0104 | Val Acc: 0.9320 | LR: 0.01000
Epoch 142/200 | Loss: 0.0101 | Val Acc: 0.9300 | LR: 0.01000
Epoch 143/200 | Loss: 0.0091 | Val Acc: 0.9296 | LR: 0.01000
Epoch 144/200 | Loss: 0.0088 | Val Acc: 0.9314 | LR: 0.01000
Epoch 145/200 | Loss: 0.0086 | Val Acc: 0.9299 | LR: 0.01000
Epoch 146/200 | Loss: 0.0091 | Val Acc: 0.9320 | LR: 0.01000
Epoch 147/200 | Loss: 0.0090 | Val Acc: 0.9315 | LR: 0.01000
Epoch 148/200 | Loss: 0.0081 | Val Acc: 0.9313 | LR: 0.01000
Epoch 149/200 | Loss: 0.0091 | Val Acc: 0.9307 | LR: 0.01000
Epoch 150/200 | Loss: 0.0081 | Val Acc: 0.9324 | LR: 0.00100
Epoch 151/200 | Loss: 0.0073 | Val Acc: 0.9315 | LR: 0.00100
Epoch 152/200 | Loss: 0.0070 | Val Acc: 0.9325 | LR: 0.00100
Epoch 153/200 | Loss: 0.0067 | Val Acc: 0.9328 | LR: 0.00100
Epoch 154/200 | Loss: 0.0066 | Val Acc: 0.9330 | LR: 0.00100
Epoch 155/200 | Loss: 0.0067 | Val Acc: 0.9328 | LR: 0.00100
Epoch 156/200 | Loss: 0.0064 | Val Acc: 0.9334 | LR: 0.00100
   >> New Best Saved! (0.9334)
Epoch 157/200 | Loss: 0.0068 | Val Acc: 0.9336 | LR: 0.00100
   >> New Best Saved! (0.9336)
Epoch 158/200 | Loss: 0.0062 | Val Acc: 0.9337 | LR: 0.00100
   >> New Best Saved! (0.9337)
Epoch 159/200 | Loss: 0.0067 | Val Acc: 0.9326 | LR: 0.00100
Epoch 160/200 | Loss: 0.0057 | Val Acc: 0.9333 | LR: 0.00100
Epoch 161/200 | Loss: 0.0063 | Val Acc: 0.9335 | LR: 0.00100
Epoch 162/200 | Loss: 0.0060 | Val Acc: 0.9336 | LR: 0.00100
Epoch 163/200 | Loss: 0.0059 | Val Acc: 0.9329 | LR: 0.00100
Epoch 164/200 | Loss: 0.0056 | Val Acc: 0.9332 | LR: 0.00100
Epoch 165/200 | Loss: 0.0051 | Val Acc: 0.9330 | LR: 0.00100
Epoch 166/200 | Loss: 0.0057 | Val Acc: 0.9327 | LR: 0.00100
Epoch 167/200 | Loss: 0.0061 | Val Acc: 0.9337 | LR: 0.00100
Epoch 168/200 | Loss: 0.0059 | Val Acc: 0.9335 | LR: 0.00100
Epoch 169/200 | Loss: 0.0056 | Val Acc: 0.9326 | LR: 0.00100
Epoch 170/200 | Loss: 0.0054 | Val Acc: 0.9323 | LR: 0.00100
Epoch 171/200 | Loss: 0.0053 | Val Acc: 0.9328 | LR: 0.00100
Epoch 172/200 | Loss: 0.0053 | Val Acc: 0.9311 | LR: 0.00100
Epoch 173/200 | Loss: 0.0056 | Val Acc: 0.9325 | LR: 0.00100
Epoch 174/200 | Loss: 0.0055 | Val Acc: 0.9324 | LR: 0.00100
Epoch 175/200 | Loss: 0.0056 | Val Acc: 0.9330 | LR: 0.00100
Epoch 176/200 | Loss: 0.0053 | Val Acc: 0.9324 | LR: 0.00100
Epoch 177/200 | Loss: 0.0050 | Val Acc: 0.9331 | LR: 0.00100
Epoch 178/200 | Loss: 0.0058 | Val Acc: 0.9320 | LR: 0.00100
Epoch 179/200 | Loss: 0.0054 | Val Acc: 0.9333 | LR: 0.00100
Epoch 180/200 | Loss: 0.0059 | Val Acc: 0.9343 | LR: 0.00100
   >> New Best Saved! (0.9343)
Epoch 181/200 | Loss: 0.0049 | Val Acc: 0.9335 | LR: 0.00100
Epoch 182/200 | Loss: 0.0052 | Val Acc: 0.9327 | LR: 0.00100
Epoch 183/200 | Loss: 0.0055 | Val Acc: 0.9341 | LR: 0.00100
Epoch 184/200 | Loss: 0.0050 | Val Acc: 0.9322 | LR: 0.00100
Epoch 185/200 | Loss: 0.0050 | Val Acc: 0.9330 | LR: 0.00100
Epoch 186/200 | Loss: 0.0050 | Val Acc: 0.9339 | LR: 0.00100
Epoch 187/200 | Loss: 0.0052 | Val Acc: 0.9330 | LR: 0.00100
Epoch 188/200 | Loss: 0.0051 | Val Acc: 0.9338 | LR: 0.00100
Epoch 189/200 | Loss: 0.0049 | Val Acc: 0.9337 | LR: 0.00100
Epoch 190/200 | Loss: 0.0053 | Val Acc: 0.9334 | LR: 0.00100
Epoch 191/200 | Loss: 0.0048 | Val Acc: 0.9326 | LR: 0.00100
Epoch 192/200 | Loss: 0.0050 | Val Acc: 0.9332 | LR: 0.00100
Epoch 193/200 | Loss: 0.0047 | Val Acc: 0.9322 | LR: 0.00100
Epoch 194/200 | Loss: 0.0051 | Val Acc: 0.9337 | LR: 0.00100
Epoch 195/200 | Loss: 0.0050 | Val Acc: 0.9338 | LR: 0.00100
Epoch 196/200 | Loss: 0.0052 | Val Acc: 0.9338 | LR: 0.00100
Epoch 197/200 | Loss: 0.0048 | Val Acc: 0.9342 | LR: 0.00100
Epoch 198/200 | Loss: 0.0047 | Val Acc: 0.9331 | LR: 0.00100
Epoch 199/200 | Loss: 0.0049 | Val Acc: 0.9328 | LR: 0.00100
Epoch 200/200 | Loss: 0.0048 | Val Acc: 0.9333 | LR: 0.00100
=== Finetuning Complete. Best Acc: 0.9343 ===
