=== Starting Finetuning (Stage 2) ===
Config: configs/param0_8-4-3407.yaml
Checkpoint Dir: checkpoints/param0_8-4-3407
ModelWrapper: Detected 27 prunable blocks (Conv1+Conv2 pairs).
>> Loading Stage 1 weights from checkpoints/param0_8-4-3407/student_model.pth
>> Pruning Mask loaded. Applying initial pruning...
>> Optimizer reset: LR=0.1, Epochs=200, WD=0.0001
Epoch 1/200 | Loss: 0.3533 | Val Acc: 0.8317 | LR: 0.10000
   >> New Best Saved! (0.8317)
Epoch 2/200 | Loss: 0.2567 | Val Acc: 0.8506 | LR: 0.10000
   >> New Best Saved! (0.8506)
Epoch 3/200 | Loss: 0.2448 | Val Acc: 0.8677 | LR: 0.10000
   >> New Best Saved! (0.8677)
Epoch 4/200 | Loss: 0.2287 | Val Acc: 0.8701 | LR: 0.10000
   >> New Best Saved! (0.8701)
Epoch 5/200 | Loss: 0.2254 | Val Acc: 0.8472 | LR: 0.10000
Epoch 6/200 | Loss: 0.2219 | Val Acc: 0.8567 | LR: 0.10000
Epoch 7/200 | Loss: 0.2122 | Val Acc: 0.8546 | LR: 0.10000
Epoch 8/200 | Loss: 0.2119 | Val Acc: 0.8682 | LR: 0.10000
Epoch 9/200 | Loss: 0.2159 | Val Acc: 0.8843 | LR: 0.10000
   >> New Best Saved! (0.8843)
Epoch 10/200 | Loss: 0.2074 | Val Acc: 0.8760 | LR: 0.10000
Epoch 11/200 | Loss: 0.2063 | Val Acc: 0.8783 | LR: 0.10000
Epoch 12/200 | Loss: 0.2020 | Val Acc: 0.8632 | LR: 0.10000
Epoch 13/200 | Loss: 0.2031 | Val Acc: 0.8619 | LR: 0.10000
Epoch 14/200 | Loss: 0.1940 | Val Acc: 0.8712 | LR: 0.10000
Epoch 15/200 | Loss: 0.1891 | Val Acc: 0.8663 | LR: 0.10000
Epoch 16/200 | Loss: 0.1969 | Val Acc: 0.8702 | LR: 0.10000
Epoch 17/200 | Loss: 0.1903 | Val Acc: 0.8722 | LR: 0.10000
Epoch 18/200 | Loss: 0.1919 | Val Acc: 0.8709 | LR: 0.10000
Epoch 19/200 | Loss: 0.1909 | Val Acc: 0.8695 | LR: 0.10000
Epoch 20/200 | Loss: 0.1936 | Val Acc: 0.8635 | LR: 0.10000
Epoch 21/200 | Loss: 0.1909 | Val Acc: 0.8770 | LR: 0.10000
Epoch 22/200 | Loss: 0.1916 | Val Acc: 0.8648 | LR: 0.10000
Epoch 23/200 | Loss: 0.1861 | Val Acc: 0.8536 | LR: 0.10000
Epoch 24/200 | Loss: 0.1818 | Val Acc: 0.8926 | LR: 0.10000
   >> New Best Saved! (0.8926)
Epoch 25/200 | Loss: 0.1895 | Val Acc: 0.8733 | LR: 0.10000
Epoch 26/200 | Loss: 0.1863 | Val Acc: 0.8808 | LR: 0.10000
Epoch 27/200 | Loss: 0.1837 | Val Acc: 0.8852 | LR: 0.10000
Epoch 28/200 | Loss: 0.1858 | Val Acc: 0.8762 | LR: 0.10000
Epoch 29/200 | Loss: 0.1857 | Val Acc: 0.8429 | LR: 0.10000
Epoch 30/200 | Loss: 0.1880 | Val Acc: 0.8884 | LR: 0.10000
Epoch 31/200 | Loss: 0.1736 | Val Acc: 0.8520 | LR: 0.10000
Epoch 32/200 | Loss: 0.1837 | Val Acc: 0.8841 | LR: 0.10000
Epoch 33/200 | Loss: 0.1814 | Val Acc: 0.8389 | LR: 0.10000
Epoch 34/200 | Loss: 0.1849 | Val Acc: 0.8699 | LR: 0.10000
Epoch 35/200 | Loss: 0.1831 | Val Acc: 0.8680 | LR: 0.10000
Epoch 36/200 | Loss: 0.1831 | Val Acc: 0.8778 | LR: 0.10000
Epoch 37/200 | Loss: 0.1755 | Val Acc: 0.8705 | LR: 0.10000
Epoch 38/200 | Loss: 0.1794 | Val Acc: 0.8901 | LR: 0.10000
Epoch 39/200 | Loss: 0.1764 | Val Acc: 0.8765 | LR: 0.10000
Epoch 40/200 | Loss: 0.1760 | Val Acc: 0.8754 | LR: 0.10000
Epoch 41/200 | Loss: 0.1776 | Val Acc: 0.8795 | LR: 0.10000
Epoch 42/200 | Loss: 0.1757 | Val Acc: 0.8210 | LR: 0.10000
Epoch 43/200 | Loss: 0.1829 | Val Acc: 0.8841 | LR: 0.10000
Epoch 44/200 | Loss: 0.1726 | Val Acc: 0.8774 | LR: 0.10000
Epoch 45/200 | Loss: 0.1796 | Val Acc: 0.8879 | LR: 0.10000
Epoch 46/200 | Loss: 0.1765 | Val Acc: 0.8681 | LR: 0.10000
Epoch 47/200 | Loss: 0.1748 | Val Acc: 0.8770 | LR: 0.10000
Epoch 48/200 | Loss: 0.1798 | Val Acc: 0.8798 | LR: 0.10000
Epoch 49/200 | Loss: 0.1700 | Val Acc: 0.8604 | LR: 0.10000
Epoch 50/200 | Loss: 0.1737 | Val Acc: 0.8885 | LR: 0.10000
Epoch 51/200 | Loss: 0.1752 | Val Acc: 0.8739 | LR: 0.10000
Epoch 52/200 | Loss: 0.1729 | Val Acc: 0.8644 | LR: 0.10000
Epoch 53/200 | Loss: 0.1774 | Val Acc: 0.8824 | LR: 0.10000
Epoch 54/200 | Loss: 0.1706 | Val Acc: 0.8814 | LR: 0.10000
Epoch 55/200 | Loss: 0.1708 | Val Acc: 0.8708 | LR: 0.10000
Epoch 56/200 | Loss: 0.1740 | Val Acc: 0.8771 | LR: 0.10000
Epoch 57/200 | Loss: 0.1770 | Val Acc: 0.8578 | LR: 0.10000
Epoch 58/200 | Loss: 0.1721 | Val Acc: 0.8886 | LR: 0.10000
Epoch 59/200 | Loss: 0.1651 | Val Acc: 0.8737 | LR: 0.10000
Epoch 60/200 | Loss: 0.1730 | Val Acc: 0.8924 | LR: 0.10000
Epoch 61/200 | Loss: 0.1725 | Val Acc: 0.8779 | LR: 0.10000
Epoch 62/200 | Loss: 0.1692 | Val Acc: 0.8738 | LR: 0.10000
Epoch 63/200 | Loss: 0.1652 | Val Acc: 0.8851 | LR: 0.10000
Epoch 64/200 | Loss: 0.1699 | Val Acc: 0.8747 | LR: 0.10000
Epoch 65/200 | Loss: 0.1693 | Val Acc: 0.8705 | LR: 0.10000
Epoch 66/200 | Loss: 0.1660 | Val Acc: 0.8833 | LR: 0.10000
Epoch 67/200 | Loss: 0.1693 | Val Acc: 0.8795 | LR: 0.10000
Epoch 68/200 | Loss: 0.1632 | Val Acc: 0.8941 | LR: 0.10000
   >> New Best Saved! (0.8941)
Epoch 69/200 | Loss: 0.1677 | Val Acc: 0.8899 | LR: 0.10000
Epoch 70/200 | Loss: 0.1714 | Val Acc: 0.8768 | LR: 0.10000
Epoch 71/200 | Loss: 0.1654 | Val Acc: 0.8914 | LR: 0.10000
Epoch 72/200 | Loss: 0.1671 | Val Acc: 0.8832 | LR: 0.10000
Epoch 73/200 | Loss: 0.1676 | Val Acc: 0.8762 | LR: 0.10000
Epoch 74/200 | Loss: 0.1637 | Val Acc: 0.8452 | LR: 0.10000
Epoch 75/200 | Loss: 0.1714 | Val Acc: 0.8950 | LR: 0.10000
   >> New Best Saved! (0.8950)
Epoch 76/200 | Loss: 0.1681 | Val Acc: 0.8663 | LR: 0.10000
Epoch 77/200 | Loss: 0.1669 | Val Acc: 0.8931 | LR: 0.10000
Epoch 78/200 | Loss: 0.1691 | Val Acc: 0.8650 | LR: 0.10000
Epoch 79/200 | Loss: 0.1696 | Val Acc: 0.8873 | LR: 0.10000
Epoch 80/200 | Loss: 0.1652 | Val Acc: 0.8741 | LR: 0.10000
Epoch 81/200 | Loss: 0.1662 | Val Acc: 0.8807 | LR: 0.10000
Epoch 82/200 | Loss: 0.1658 | Val Acc: 0.8830 | LR: 0.10000
Epoch 83/200 | Loss: 0.1657 | Val Acc: 0.8544 | LR: 0.10000
Epoch 84/200 | Loss: 0.1610 | Val Acc: 0.8853 | LR: 0.10000
Epoch 85/200 | Loss: 0.1649 | Val Acc: 0.8719 | LR: 0.10000
Epoch 86/200 | Loss: 0.1656 | Val Acc: 0.8559 | LR: 0.10000
Epoch 87/200 | Loss: 0.1655 | Val Acc: 0.8675 | LR: 0.10000
Epoch 88/200 | Loss: 0.1668 | Val Acc: 0.8317 | LR: 0.10000
Epoch 89/200 | Loss: 0.1650 | Val Acc: 0.8823 | LR: 0.10000
Epoch 90/200 | Loss: 0.1658 | Val Acc: 0.8894 | LR: 0.10000
Epoch 91/200 | Loss: 0.1678 | Val Acc: 0.8803 | LR: 0.10000
Epoch 92/200 | Loss: 0.1664 | Val Acc: 0.8785 | LR: 0.10000
Epoch 93/200 | Loss: 0.1634 | Val Acc: 0.8855 | LR: 0.10000
Epoch 94/200 | Loss: 0.1666 | Val Acc: 0.8747 | LR: 0.10000
Epoch 95/200 | Loss: 0.1601 | Val Acc: 0.8692 | LR: 0.10000
Epoch 96/200 | Loss: 0.1645 | Val Acc: 0.8879 | LR: 0.10000
Epoch 97/200 | Loss: 0.1629 | Val Acc: 0.8936 | LR: 0.10000
Epoch 98/200 | Loss: 0.1674 | Val Acc: 0.8981 | LR: 0.10000
   >> New Best Saved! (0.8981)
Epoch 99/200 | Loss: 0.1607 | Val Acc: 0.8998 | LR: 0.10000
   >> New Best Saved! (0.8998)
Epoch 100/200 | Loss: 0.1597 | Val Acc: 0.8861 | LR: 0.01000
Epoch 101/200 | Loss: 0.0878 | Val Acc: 0.9248 | LR: 0.01000
   >> New Best Saved! (0.9248)
Epoch 102/200 | Loss: 0.0600 | Val Acc: 0.9286 | LR: 0.01000
   >> New Best Saved! (0.9286)
Epoch 103/200 | Loss: 0.0529 | Val Acc: 0.9274 | LR: 0.01000
Epoch 104/200 | Loss: 0.0462 | Val Acc: 0.9289 | LR: 0.01000
   >> New Best Saved! (0.9289)
Epoch 105/200 | Loss: 0.0406 | Val Acc: 0.9305 | LR: 0.01000
   >> New Best Saved! (0.9305)
Epoch 106/200 | Loss: 0.0368 | Val Acc: 0.9308 | LR: 0.01000
   >> New Best Saved! (0.9308)
Epoch 107/200 | Loss: 0.0338 | Val Acc: 0.9303 | LR: 0.01000
Epoch 108/200 | Loss: 0.0324 | Val Acc: 0.9313 | LR: 0.01000
   >> New Best Saved! (0.9313)
Epoch 109/200 | Loss: 0.0298 | Val Acc: 0.9294 | LR: 0.01000
Epoch 110/200 | Loss: 0.0272 | Val Acc: 0.9297 | LR: 0.01000
Epoch 111/200 | Loss: 0.0243 | Val Acc: 0.9292 | LR: 0.01000
Epoch 112/200 | Loss: 0.0236 | Val Acc: 0.9322 | LR: 0.01000
   >> New Best Saved! (0.9322)
Epoch 113/200 | Loss: 0.0220 | Val Acc: 0.9308 | LR: 0.01000
Epoch 114/200 | Loss: 0.0212 | Val Acc: 0.9323 | LR: 0.01000
   >> New Best Saved! (0.9323)
Epoch 115/200 | Loss: 0.0200 | Val Acc: 0.9299 | LR: 0.01000
Epoch 116/200 | Loss: 0.0189 | Val Acc: 0.9308 | LR: 0.01000
Epoch 117/200 | Loss: 0.0192 | Val Acc: 0.9298 | LR: 0.01000
Epoch 118/200 | Loss: 0.0187 | Val Acc: 0.9300 | LR: 0.01000
Epoch 119/200 | Loss: 0.0174 | Val Acc: 0.9316 | LR: 0.01000
Epoch 120/200 | Loss: 0.0160 | Val Acc: 0.9301 | LR: 0.01000
Epoch 121/200 | Loss: 0.0165 | Val Acc: 0.9310 | LR: 0.01000
Epoch 122/200 | Loss: 0.0162 | Val Acc: 0.9306 | LR: 0.01000
Epoch 123/200 | Loss: 0.0155 | Val Acc: 0.9313 | LR: 0.01000
Epoch 124/200 | Loss: 0.0143 | Val Acc: 0.9328 | LR: 0.01000
   >> New Best Saved! (0.9328)
Epoch 125/200 | Loss: 0.0132 | Val Acc: 0.9315 | LR: 0.01000
Epoch 126/200 | Loss: 0.0135 | Val Acc: 0.9300 | LR: 0.01000
Epoch 127/200 | Loss: 0.0137 | Val Acc: 0.9307 | LR: 0.01000
Epoch 128/200 | Loss: 0.0126 | Val Acc: 0.9319 | LR: 0.01000
Epoch 129/200 | Loss: 0.0116 | Val Acc: 0.9304 | LR: 0.01000
Epoch 130/200 | Loss: 0.0107 | Val Acc: 0.9310 | LR: 0.01000
Epoch 131/200 | Loss: 0.0122 | Val Acc: 0.9316 | LR: 0.01000
Epoch 132/200 | Loss: 0.0107 | Val Acc: 0.9307 | LR: 0.01000
Epoch 133/200 | Loss: 0.0113 | Val Acc: 0.9318 | LR: 0.01000
Epoch 134/200 | Loss: 0.0097 | Val Acc: 0.9311 | LR: 0.01000
Epoch 135/200 | Loss: 0.0102 | Val Acc: 0.9335 | LR: 0.01000
   >> New Best Saved! (0.9335)
Epoch 136/200 | Loss: 0.0095 | Val Acc: 0.9324 | LR: 0.01000
Epoch 137/200 | Loss: 0.0096 | Val Acc: 0.9313 | LR: 0.01000
Epoch 138/200 | Loss: 0.0099 | Val Acc: 0.9304 | LR: 0.01000
Epoch 139/200 | Loss: 0.0093 | Val Acc: 0.9314 | LR: 0.01000
Epoch 140/200 | Loss: 0.0087 | Val Acc: 0.9322 | LR: 0.01000
Epoch 141/200 | Loss: 0.0080 | Val Acc: 0.9326 | LR: 0.01000
Epoch 142/200 | Loss: 0.0094 | Val Acc: 0.9317 | LR: 0.01000
Epoch 143/200 | Loss: 0.0088 | Val Acc: 0.9319 | LR: 0.01000
Epoch 144/200 | Loss: 0.0084 | Val Acc: 0.9287 | LR: 0.01000
Epoch 145/200 | Loss: 0.0086 | Val Acc: 0.9323 | LR: 0.01000
Epoch 146/200 | Loss: 0.0082 | Val Acc: 0.9323 | LR: 0.01000
Epoch 147/200 | Loss: 0.0084 | Val Acc: 0.9316 | LR: 0.01000
Epoch 148/200 | Loss: 0.0086 | Val Acc: 0.9309 | LR: 0.01000
Epoch 149/200 | Loss: 0.0081 | Val Acc: 0.9327 | LR: 0.01000
Epoch 150/200 | Loss: 0.0083 | Val Acc: 0.9308 | LR: 0.00100
Epoch 151/200 | Loss: 0.0072 | Val Acc: 0.9328 | LR: 0.00100
Epoch 152/200 | Loss: 0.0071 | Val Acc: 0.9327 | LR: 0.00100
Epoch 153/200 | Loss: 0.0061 | Val Acc: 0.9325 | LR: 0.00100
Epoch 154/200 | Loss: 0.0064 | Val Acc: 0.9325 | LR: 0.00100
Epoch 155/200 | Loss: 0.0061 | Val Acc: 0.9321 | LR: 0.00100
Epoch 156/200 | Loss: 0.0057 | Val Acc: 0.9325 | LR: 0.00100
Epoch 157/200 | Loss: 0.0058 | Val Acc: 0.9318 | LR: 0.00100
Epoch 158/200 | Loss: 0.0059 | Val Acc: 0.9328 | LR: 0.00100
Epoch 159/200 | Loss: 0.0055 | Val Acc: 0.9332 | LR: 0.00100
Epoch 160/200 | Loss: 0.0059 | Val Acc: 0.9322 | LR: 0.00100
Epoch 161/200 | Loss: 0.0056 | Val Acc: 0.9339 | LR: 0.00100
   >> New Best Saved! (0.9339)
Epoch 162/200 | Loss: 0.0056 | Val Acc: 0.9336 | LR: 0.00100
Epoch 163/200 | Loss: 0.0053 | Val Acc: 0.9332 | LR: 0.00100
Epoch 164/200 | Loss: 0.0052 | Val Acc: 0.9316 | LR: 0.00100
Epoch 165/200 | Loss: 0.0059 | Val Acc: 0.9339 | LR: 0.00100
Epoch 166/200 | Loss: 0.0054 | Val Acc: 0.9330 | LR: 0.00100
Epoch 167/200 | Loss: 0.0056 | Val Acc: 0.9341 | LR: 0.00100
   >> New Best Saved! (0.9341)
Epoch 168/200 | Loss: 0.0054 | Val Acc: 0.9334 | LR: 0.00100
Epoch 169/200 | Loss: 0.0053 | Val Acc: 0.9333 | LR: 0.00100
Epoch 170/200 | Loss: 0.0050 | Val Acc: 0.9327 | LR: 0.00100
Epoch 171/200 | Loss: 0.0052 | Val Acc: 0.9338 | LR: 0.00100
Epoch 172/200 | Loss: 0.0052 | Val Acc: 0.9325 | LR: 0.00100
Epoch 173/200 | Loss: 0.0054 | Val Acc: 0.9324 | LR: 0.00100
Epoch 174/200 | Loss: 0.0051 | Val Acc: 0.9325 | LR: 0.00100
Epoch 175/200 | Loss: 0.0054 | Val Acc: 0.9327 | LR: 0.00100
Epoch 176/200 | Loss: 0.0048 | Val Acc: 0.9326 | LR: 0.00100
Epoch 177/200 | Loss: 0.0046 | Val Acc: 0.9324 | LR: 0.00100
Epoch 178/200 | Loss: 0.0050 | Val Acc: 0.9328 | LR: 0.00100
Epoch 179/200 | Loss: 0.0047 | Val Acc: 0.9323 | LR: 0.00100
Epoch 180/200 | Loss: 0.0051 | Val Acc: 0.9327 | LR: 0.00100
Epoch 181/200 | Loss: 0.0048 | Val Acc: 0.9321 | LR: 0.00100
Epoch 182/200 | Loss: 0.0045 | Val Acc: 0.9339 | LR: 0.00100
Epoch 183/200 | Loss: 0.0050 | Val Acc: 0.9327 | LR: 0.00100
Epoch 184/200 | Loss: 0.0045 | Val Acc: 0.9332 | LR: 0.00100
Epoch 185/200 | Loss: 0.0049 | Val Acc: 0.9323 | LR: 0.00100
Epoch 186/200 | Loss: 0.0046 | Val Acc: 0.9326 | LR: 0.00100
Epoch 187/200 | Loss: 0.0043 | Val Acc: 0.9325 | LR: 0.00100
Epoch 188/200 | Loss: 0.0049 | Val Acc: 0.9326 | LR: 0.00100
Epoch 189/200 | Loss: 0.0046 | Val Acc: 0.9328 | LR: 0.00100
Epoch 190/200 | Loss: 0.0052 | Val Acc: 0.9323 | LR: 0.00100
Epoch 191/200 | Loss: 0.0048 | Val Acc: 0.9321 | LR: 0.00100
Epoch 192/200 | Loss: 0.0048 | Val Acc: 0.9309 | LR: 0.00100
Epoch 193/200 | Loss: 0.0046 | Val Acc: 0.9322 | LR: 0.00100
Epoch 194/200 | Loss: 0.0047 | Val Acc: 0.9322 | LR: 0.00100
Epoch 195/200 | Loss: 0.0049 | Val Acc: 0.9322 | LR: 0.00100
Epoch 196/200 | Loss: 0.0046 | Val Acc: 0.9327 | LR: 0.00100
Epoch 197/200 | Loss: 0.0046 | Val Acc: 0.9328 | LR: 0.00100
Epoch 198/200 | Loss: 0.0049 | Val Acc: 0.9338 | LR: 0.00100
Epoch 199/200 | Loss: 0.0049 | Val Acc: 0.9329 | LR: 0.00100
Epoch 200/200 | Loss: 0.0046 | Val Acc: 0.9332 | LR: 0.00100
=== Finetuning Complete. Best Acc: 0.9341 ===
