nohup: ignoring input
=== Starting Finetuning (Stage 2) ===
Config: configs/param0_8-4-sum.yaml
Checkpoint Dir: checkpoints/param0_8-4-sum
ModelWrapper: Detected 27 prunable blocks (Conv1+Conv2 pairs).
>> Loading Stage 1 weights from checkpoints/param0_8-4-sum/student_model.pth
>> Pruning Mask loaded. Applying initial pruning...
>> Optimizer reset: LR=0.1, Epochs=200, WD=0.0001
Epoch 1/200 | Loss: 0.3274 | Val Acc: 0.8629 | LR: 0.10000
   >> New Best Saved! (0.8629)
Epoch 2/200 | Loss: 0.2485 | Val Acc: 0.8665 | LR: 0.10000
   >> New Best Saved! (0.8665)
Epoch 3/200 | Loss: 0.2377 | Val Acc: 0.8160 | LR: 0.10000
Epoch 4/200 | Loss: 0.2237 | Val Acc: 0.8704 | LR: 0.10000
   >> New Best Saved! (0.8704)
Epoch 5/200 | Loss: 0.2135 | Val Acc: 0.8595 | LR: 0.10000
Epoch 6/200 | Loss: 0.2144 | Val Acc: 0.8778 | LR: 0.10000
   >> New Best Saved! (0.8778)
Epoch 7/200 | Loss: 0.2064 | Val Acc: 0.8465 | LR: 0.10000
Epoch 8/200 | Loss: 0.2097 | Val Acc: 0.8737 | LR: 0.10000
Epoch 9/200 | Loss: 0.2067 | Val Acc: 0.8666 | LR: 0.10000
Epoch 10/200 | Loss: 0.1992 | Val Acc: 0.8762 | LR: 0.10000
Epoch 11/200 | Loss: 0.1985 | Val Acc: 0.8755 | LR: 0.10000
Epoch 12/200 | Loss: 0.1999 | Val Acc: 0.8707 | LR: 0.10000
Epoch 13/200 | Loss: 0.1973 | Val Acc: 0.8714 | LR: 0.10000
Epoch 14/200 | Loss: 0.1941 | Val Acc: 0.8725 | LR: 0.10000
Epoch 15/200 | Loss: 0.1943 | Val Acc: 0.8825 | LR: 0.10000
   >> New Best Saved! (0.8825)
Epoch 16/200 | Loss: 0.1931 | Val Acc: 0.8778 | LR: 0.10000
Epoch 17/200 | Loss: 0.1884 | Val Acc: 0.8477 | LR: 0.10000
Epoch 18/200 | Loss: 0.1880 | Val Acc: 0.8838 | LR: 0.10000
   >> New Best Saved! (0.8838)
Epoch 19/200 | Loss: 0.1886 | Val Acc: 0.8799 | LR: 0.10000
Epoch 20/200 | Loss: 0.1887 | Val Acc: 0.8785 | LR: 0.10000
Epoch 21/200 | Loss: 0.1825 | Val Acc: 0.8753 | LR: 0.10000
Epoch 22/200 | Loss: 0.1843 | Val Acc: 0.8898 | LR: 0.10000
   >> New Best Saved! (0.8898)
Epoch 23/200 | Loss: 0.1835 | Val Acc: 0.8788 | LR: 0.10000
Epoch 24/200 | Loss: 0.1871 | Val Acc: 0.8818 | LR: 0.10000
Epoch 25/200 | Loss: 0.1792 | Val Acc: 0.8627 | LR: 0.10000
Epoch 26/200 | Loss: 0.1791 | Val Acc: 0.8620 | LR: 0.10000
Epoch 27/200 | Loss: 0.1810 | Val Acc: 0.8816 | LR: 0.10000
Epoch 28/200 | Loss: 0.1833 | Val Acc: 0.8674 | LR: 0.10000
Epoch 29/200 | Loss: 0.1783 | Val Acc: 0.8629 | LR: 0.10000
Epoch 30/200 | Loss: 0.1756 | Val Acc: 0.8736 | LR: 0.10000
Epoch 31/200 | Loss: 0.1814 | Val Acc: 0.8726 | LR: 0.10000
Epoch 32/200 | Loss: 0.1808 | Val Acc: 0.8789 | LR: 0.10000
Epoch 33/200 | Loss: 0.1722 | Val Acc: 0.8706 | LR: 0.10000
Epoch 34/200 | Loss: 0.1786 | Val Acc: 0.8793 | LR: 0.10000
Epoch 35/200 | Loss: 0.1777 | Val Acc: 0.8837 | LR: 0.10000
Epoch 36/200 | Loss: 0.1740 | Val Acc: 0.8787 | LR: 0.10000
Epoch 37/200 | Loss: 0.1756 | Val Acc: 0.8897 | LR: 0.10000
Epoch 38/200 | Loss: 0.1715 | Val Acc: 0.8699 | LR: 0.10000
Epoch 39/200 | Loss: 0.1736 | Val Acc: 0.8783 | LR: 0.10000
Epoch 40/200 | Loss: 0.1772 | Val Acc: 0.8846 | LR: 0.10000
Epoch 41/200 | Loss: 0.1779 | Val Acc: 0.8705 | LR: 0.10000
Epoch 42/200 | Loss: 0.1685 | Val Acc: 0.8776 | LR: 0.10000
Epoch 43/200 | Loss: 0.1727 | Val Acc: 0.8705 | LR: 0.10000
Epoch 44/200 | Loss: 0.1805 | Val Acc: 0.8798 | LR: 0.10000
Epoch 45/200 | Loss: 0.1738 | Val Acc: 0.8811 | LR: 0.10000
Epoch 46/200 | Loss: 0.1765 | Val Acc: 0.8730 | LR: 0.10000
Epoch 47/200 | Loss: 0.1698 | Val Acc: 0.8883 | LR: 0.10000
Epoch 48/200 | Loss: 0.1730 | Val Acc: 0.8893 | LR: 0.10000
Epoch 49/200 | Loss: 0.1723 | Val Acc: 0.8609 | LR: 0.10000
Epoch 50/200 | Loss: 0.1672 | Val Acc: 0.8726 | LR: 0.10000
Epoch 51/200 | Loss: 0.1722 | Val Acc: 0.8877 | LR: 0.10000
Epoch 52/200 | Loss: 0.1724 | Val Acc: 0.8809 | LR: 0.10000
Epoch 53/200 | Loss: 0.1723 | Val Acc: 0.8930 | LR: 0.10000
   >> New Best Saved! (0.8930)
Epoch 54/200 | Loss: 0.1689 | Val Acc: 0.8850 | LR: 0.10000
Epoch 55/200 | Loss: 0.1679 | Val Acc: 0.8805 | LR: 0.10000
Epoch 56/200 | Loss: 0.1754 | Val Acc: 0.8806 | LR: 0.10000
Epoch 57/200 | Loss: 0.1738 | Val Acc: 0.8800 | LR: 0.10000
Epoch 58/200 | Loss: 0.1669 | Val Acc: 0.8685 | LR: 0.10000
Epoch 59/200 | Loss: 0.1708 | Val Acc: 0.8772 | LR: 0.10000
Epoch 60/200 | Loss: 0.1627 | Val Acc: 0.8607 | LR: 0.10000
Epoch 61/200 | Loss: 0.1718 | Val Acc: 0.8577 | LR: 0.10000
Epoch 62/200 | Loss: 0.1678 | Val Acc: 0.8799 | LR: 0.10000
Epoch 63/200 | Loss: 0.1683 | Val Acc: 0.8841 | LR: 0.10000
Epoch 64/200 | Loss: 0.1646 | Val Acc: 0.8853 | LR: 0.10000
Epoch 65/200 | Loss: 0.1731 | Val Acc: 0.8859 | LR: 0.10000
Epoch 66/200 | Loss: 0.1705 | Val Acc: 0.8688 | LR: 0.10000
Epoch 67/200 | Loss: 0.1682 | Val Acc: 0.8696 | LR: 0.10000
Epoch 68/200 | Loss: 0.1676 | Val Acc: 0.8979 | LR: 0.10000
   >> New Best Saved! (0.8979)
Epoch 69/200 | Loss: 0.1625 | Val Acc: 0.8803 | LR: 0.10000
Epoch 70/200 | Loss: 0.1696 | Val Acc: 0.8835 | LR: 0.10000
Epoch 71/200 | Loss: 0.1694 | Val Acc: 0.8801 | LR: 0.10000
Epoch 72/200 | Loss: 0.1670 | Val Acc: 0.8821 | LR: 0.10000
Epoch 73/200 | Loss: 0.1678 | Val Acc: 0.8823 | LR: 0.10000
Epoch 74/200 | Loss: 0.1616 | Val Acc: 0.8816 | LR: 0.10000
Epoch 75/200 | Loss: 0.1711 | Val Acc: 0.8516 | LR: 0.10000
Epoch 76/200 | Loss: 0.1638 | Val Acc: 0.8789 | LR: 0.10000
Epoch 77/200 | Loss: 0.1661 | Val Acc: 0.8845 | LR: 0.10000
Epoch 78/200 | Loss: 0.1706 | Val Acc: 0.8651 | LR: 0.10000
Epoch 79/200 | Loss: 0.1650 | Val Acc: 0.8865 | LR: 0.10000
Epoch 80/200 | Loss: 0.1662 | Val Acc: 0.8735 | LR: 0.10000
Epoch 81/200 | Loss: 0.1608 | Val Acc: 0.8867 | LR: 0.10000
Epoch 82/200 | Loss: 0.1651 | Val Acc: 0.8819 | LR: 0.10000
Epoch 83/200 | Loss: 0.1632 | Val Acc: 0.8802 | LR: 0.10000
Epoch 84/200 | Loss: 0.1687 | Val Acc: 0.8672 | LR: 0.10000
Epoch 85/200 | Loss: 0.1608 | Val Acc: 0.8963 | LR: 0.10000
Epoch 86/200 | Loss: 0.1620 | Val Acc: 0.8912 | LR: 0.10000
Epoch 87/200 | Loss: 0.1621 | Val Acc: 0.8669 | LR: 0.10000
Epoch 88/200 | Loss: 0.1674 | Val Acc: 0.8686 | LR: 0.10000
Epoch 89/200 | Loss: 0.1717 | Val Acc: 0.8524 | LR: 0.10000
Epoch 90/200 | Loss: 0.1698 | Val Acc: 0.8650 | LR: 0.10000
Epoch 91/200 | Loss: 0.1638 | Val Acc: 0.8661 | LR: 0.10000
Epoch 92/200 | Loss: 0.1673 | Val Acc: 0.8713 | LR: 0.10000
Epoch 93/200 | Loss: 0.1600 | Val Acc: 0.8835 | LR: 0.10000
Epoch 94/200 | Loss: 0.1635 | Val Acc: 0.8877 | LR: 0.10000
Epoch 95/200 | Loss: 0.1614 | Val Acc: 0.8955 | LR: 0.10000
Epoch 96/200 | Loss: 0.1562 | Val Acc: 0.8753 | LR: 0.10000
Epoch 97/200 | Loss: 0.1725 | Val Acc: 0.8773 | LR: 0.10000
Epoch 98/200 | Loss: 0.1634 | Val Acc: 0.8711 | LR: 0.10000
Epoch 99/200 | Loss: 0.1594 | Val Acc: 0.8807 | LR: 0.10000
Epoch 100/200 | Loss: 0.1644 | Val Acc: 0.8478 | LR: 0.01000
Epoch 101/200 | Loss: 0.0856 | Val Acc: 0.9198 | LR: 0.01000
   >> New Best Saved! (0.9198)
Epoch 102/200 | Loss: 0.0608 | Val Acc: 0.9241 | LR: 0.01000
   >> New Best Saved! (0.9241)
Epoch 103/200 | Loss: 0.0502 | Val Acc: 0.9239 | LR: 0.01000
Epoch 104/200 | Loss: 0.0447 | Val Acc: 0.9264 | LR: 0.01000
   >> New Best Saved! (0.9264)
Epoch 105/200 | Loss: 0.0387 | Val Acc: 0.9269 | LR: 0.01000
   >> New Best Saved! (0.9269)
Epoch 106/200 | Loss: 0.0359 | Val Acc: 0.9267 | LR: 0.01000
Epoch 107/200 | Loss: 0.0331 | Val Acc: 0.9276 | LR: 0.01000
   >> New Best Saved! (0.9276)
Epoch 108/200 | Loss: 0.0297 | Val Acc: 0.9260 | LR: 0.01000
Epoch 109/200 | Loss: 0.0284 | Val Acc: 0.9267 | LR: 0.01000
Epoch 110/200 | Loss: 0.0279 | Val Acc: 0.9273 | LR: 0.01000
Epoch 111/200 | Loss: 0.0262 | Val Acc: 0.9274 | LR: 0.01000
Epoch 112/200 | Loss: 0.0236 | Val Acc: 0.9282 | LR: 0.01000
   >> New Best Saved! (0.9282)
Epoch 113/200 | Loss: 0.0226 | Val Acc: 0.9279 | LR: 0.01000
Epoch 114/200 | Loss: 0.0210 | Val Acc: 0.9286 | LR: 0.01000
   >> New Best Saved! (0.9286)
Epoch 115/200 | Loss: 0.0208 | Val Acc: 0.9268 | LR: 0.01000
Epoch 116/200 | Loss: 0.0196 | Val Acc: 0.9267 | LR: 0.01000
Epoch 117/200 | Loss: 0.0184 | Val Acc: 0.9272 | LR: 0.01000
Epoch 118/200 | Loss: 0.0173 | Val Acc: 0.9278 | LR: 0.01000
Epoch 119/200 | Loss: 0.0180 | Val Acc: 0.9278 | LR: 0.01000
Epoch 120/200 | Loss: 0.0157 | Val Acc: 0.9263 | LR: 0.01000
Epoch 121/200 | Loss: 0.0150 | Val Acc: 0.9274 | LR: 0.01000
Epoch 122/200 | Loss: 0.0151 | Val Acc: 0.9268 | LR: 0.01000
Epoch 123/200 | Loss: 0.0151 | Val Acc: 0.9271 | LR: 0.01000
Epoch 124/200 | Loss: 0.0137 | Val Acc: 0.9269 | LR: 0.01000
Epoch 125/200 | Loss: 0.0141 | Val Acc: 0.9266 | LR: 0.01000
Epoch 126/200 | Loss: 0.0136 | Val Acc: 0.9265 | LR: 0.01000
Epoch 127/200 | Loss: 0.0132 | Val Acc: 0.9290 | LR: 0.01000
   >> New Best Saved! (0.9290)
Epoch 128/200 | Loss: 0.0123 | Val Acc: 0.9275 | LR: 0.01000
Epoch 129/200 | Loss: 0.0119 | Val Acc: 0.9252 | LR: 0.01000
Epoch 130/200 | Loss: 0.0116 | Val Acc: 0.9262 | LR: 0.01000
Epoch 131/200 | Loss: 0.0112 | Val Acc: 0.9281 | LR: 0.01000
Epoch 132/200 | Loss: 0.0111 | Val Acc: 0.9271 | LR: 0.01000
Epoch 133/200 | Loss: 0.0118 | Val Acc: 0.9251 | LR: 0.01000
Epoch 134/200 | Loss: 0.0103 | Val Acc: 0.9280 | LR: 0.01000
Epoch 135/200 | Loss: 0.0106 | Val Acc: 0.9288 | LR: 0.01000
Epoch 136/200 | Loss: 0.0105 | Val Acc: 0.9285 | LR: 0.01000
Epoch 137/200 | Loss: 0.0094 | Val Acc: 0.9277 | LR: 0.01000
Epoch 138/200 | Loss: 0.0093 | Val Acc: 0.9278 | LR: 0.01000
Epoch 139/200 | Loss: 0.0091 | Val Acc: 0.9273 | LR: 0.01000
Epoch 140/200 | Loss: 0.0092 | Val Acc: 0.9280 | LR: 0.01000
Epoch 141/200 | Loss: 0.0091 | Val Acc: 0.9279 | LR: 0.01000
Epoch 142/200 | Loss: 0.0096 | Val Acc: 0.9276 | LR: 0.01000
Epoch 143/200 | Loss: 0.0084 | Val Acc: 0.9295 | LR: 0.01000
   >> New Best Saved! (0.9295)
Epoch 144/200 | Loss: 0.0096 | Val Acc: 0.9277 | LR: 0.01000
Epoch 145/200 | Loss: 0.0090 | Val Acc: 0.9259 | LR: 0.01000
Epoch 146/200 | Loss: 0.0093 | Val Acc: 0.9255 | LR: 0.01000
Epoch 147/200 | Loss: 0.0094 | Val Acc: 0.9274 | LR: 0.01000
Epoch 148/200 | Loss: 0.0091 | Val Acc: 0.9271 | LR: 0.01000
Epoch 149/200 | Loss: 0.0079 | Val Acc: 0.9275 | LR: 0.01000
Epoch 150/200 | Loss: 0.0081 | Val Acc: 0.9293 | LR: 0.00100
Epoch 151/200 | Loss: 0.0072 | Val Acc: 0.9287 | LR: 0.00100
Epoch 152/200 | Loss: 0.0069 | Val Acc: 0.9284 | LR: 0.00100
Epoch 153/200 | Loss: 0.0066 | Val Acc: 0.9284 | LR: 0.00100
Epoch 154/200 | Loss: 0.0059 | Val Acc: 0.9294 | LR: 0.00100
Epoch 155/200 | Loss: 0.0064 | Val Acc: 0.9293 | LR: 0.00100
Epoch 156/200 | Loss: 0.0062 | Val Acc: 0.9295 | LR: 0.00100
Epoch 157/200 | Loss: 0.0065 | Val Acc: 0.9289 | LR: 0.00100
Epoch 158/200 | Loss: 0.0060 | Val Acc: 0.9300 | LR: 0.00100
   >> New Best Saved! (0.9300)
Epoch 159/200 | Loss: 0.0061 | Val Acc: 0.9297 | LR: 0.00100
Epoch 160/200 | Loss: 0.0054 | Val Acc: 0.9305 | LR: 0.00100
   >> New Best Saved! (0.9305)
Epoch 161/200 | Loss: 0.0060 | Val Acc: 0.9294 | LR: 0.00100
Epoch 162/200 | Loss: 0.0056 | Val Acc: 0.9304 | LR: 0.00100
Epoch 163/200 | Loss: 0.0060 | Val Acc: 0.9297 | LR: 0.00100
Epoch 164/200 | Loss: 0.0052 | Val Acc: 0.9290 | LR: 0.00100
Epoch 165/200 | Loss: 0.0053 | Val Acc: 0.9298 | LR: 0.00100
Epoch 166/200 | Loss: 0.0053 | Val Acc: 0.9285 | LR: 0.00100
Epoch 167/200 | Loss: 0.0055 | Val Acc: 0.9298 | LR: 0.00100
Epoch 168/200 | Loss: 0.0052 | Val Acc: 0.9296 | LR: 0.00100
Epoch 169/200 | Loss: 0.0055 | Val Acc: 0.9297 | LR: 0.00100
Epoch 170/200 | Loss: 0.0050 | Val Acc: 0.9292 | LR: 0.00100
Epoch 171/200 | Loss: 0.0054 | Val Acc: 0.9295 | LR: 0.00100
Epoch 172/200 | Loss: 0.0051 | Val Acc: 0.9299 | LR: 0.00100
Epoch 173/200 | Loss: 0.0053 | Val Acc: 0.9297 | LR: 0.00100
Epoch 174/200 | Loss: 0.0051 | Val Acc: 0.9300 | LR: 0.00100
Epoch 175/200 | Loss: 0.0051 | Val Acc: 0.9296 | LR: 0.00100
Epoch 176/200 | Loss: 0.0052 | Val Acc: 0.9300 | LR: 0.00100
Epoch 177/200 | Loss: 0.0049 | Val Acc: 0.9299 | LR: 0.00100
Epoch 178/200 | Loss: 0.0054 | Val Acc: 0.9293 | LR: 0.00100
Epoch 179/200 | Loss: 0.0050 | Val Acc: 0.9301 | LR: 0.00100
Epoch 180/200 | Loss: 0.0052 | Val Acc: 0.9291 | LR: 0.00100
Epoch 181/200 | Loss: 0.0045 | Val Acc: 0.9296 | LR: 0.00100
Epoch 182/200 | Loss: 0.0049 | Val Acc: 0.9293 | LR: 0.00100
Epoch 183/200 | Loss: 0.0054 | Val Acc: 0.9294 | LR: 0.00100
Epoch 184/200 | Loss: 0.0047 | Val Acc: 0.9296 | LR: 0.00100
Epoch 185/200 | Loss: 0.0049 | Val Acc: 0.9290 | LR: 0.00100
Epoch 186/200 | Loss: 0.0053 | Val Acc: 0.9301 | LR: 0.00100
Epoch 187/200 | Loss: 0.0050 | Val Acc: 0.9289 | LR: 0.00100
Epoch 188/200 | Loss: 0.0050 | Val Acc: 0.9291 | LR: 0.00100
Epoch 189/200 | Loss: 0.0048 | Val Acc: 0.9291 | LR: 0.00100
Epoch 190/200 | Loss: 0.0046 | Val Acc: 0.9285 | LR: 0.00100
Epoch 191/200 | Loss: 0.0052 | Val Acc: 0.9294 | LR: 0.00100
Epoch 192/200 | Loss: 0.0048 | Val Acc: 0.9296 | LR: 0.00100
Epoch 193/200 | Loss: 0.0045 | Val Acc: 0.9290 | LR: 0.00100
Epoch 194/200 | Loss: 0.0050 | Val Acc: 0.9299 | LR: 0.00100
Epoch 195/200 | Loss: 0.0051 | Val Acc: 0.9298 | LR: 0.00100
Epoch 196/200 | Loss: 0.0052 | Val Acc: 0.9292 | LR: 0.00100
Epoch 197/200 | Loss: 0.0046 | Val Acc: 0.9297 | LR: 0.00100
Epoch 198/200 | Loss: 0.0044 | Val Acc: 0.9291 | LR: 0.00100
Epoch 199/200 | Loss: 0.0045 | Val Acc: 0.9289 | LR: 0.00100
Epoch 200/200 | Loss: 0.0045 | Val Acc: 0.9295 | LR: 0.00100
=== Finetuning Complete. Best Acc: 0.9305 ===
