Using device: cuda:4
>> TensorBoard logging to checkpoints/param0_8-4-3407/runs
>> Data: Splitting 45k (Train) / 5k (Reward) / 10k (Test)
ModelWrapper: Detected 27 prunable blocks (Conv1+Conv2 pairs).
Env Init: Original=125.04M, Target=62.52M
Environment initialized. State dim: 9, Target Prune Rate: 0.5

=== [Phase 1] Warmup (Weights Training) ===
Epoch 1 Val Acc: 0.3293 | LR: 0.10000
Epoch 2 Val Acc: 0.4142 | LR: 0.10000
Epoch 3 Val Acc: 0.5537 | LR: 0.10000
Epoch 4 Val Acc: 0.6461 | LR: 0.10000
Epoch 5 Val Acc: 0.6796 | LR: 0.10000
Epoch 6 Val Acc: 0.7097 | LR: 0.10000
Epoch 7 Val Acc: 0.7414 | LR: 0.10000
Epoch 8 Val Acc: 0.7521 | LR: 0.10000
Epoch 9 Val Acc: 0.7907 | LR: 0.10000
Epoch 10 Val Acc: 0.8066 | LR: 0.10000
>> Warmup done. Updating base weights for Agent...

=== [Phase 2] Fill Buffer (Pure Random Exploration) ===
Epoch 11/200
  Fill Episode 1/10: Reward=0.6650
  Fill Episode 2/10: Reward=0.6286
  Fill Episode 3/10: Reward=0.6522
  Fill Episode 4/10: Reward=0.6900
  Fill Episode 5/10: Reward=0.6778
  Fill Episode 6/10: Reward=0.5606
  Fill Episode 7/10: Reward=0.6178
  Fill Episode 8/10: Reward=0.6772
  Fill Episode 9/10: Reward=0.6268
  Fill Episode 10/10: Reward=0.5550
Epoch 12/200
  Fill Episode 1/10: Reward=0.6768
  Fill Episode 2/10: Reward=0.6694
  Fill Episode 3/10: Reward=0.5220
  Fill Episode 4/10: Reward=0.6656
  Fill Episode 5/10: Reward=0.6858
  Fill Episode 6/10: Reward=0.5562
  Fill Episode 7/10: Reward=0.5500
  Fill Episode 8/10: Reward=0.6852
  Fill Episode 9/10: Reward=0.6560
  Fill Episode 10/10: Reward=0.5630
Epoch 13/200
  Fill Episode 1/10: Reward=0.6638
  Fill Episode 2/10: Reward=0.6812
  Fill Episode 3/10: Reward=0.7360
  Fill Episode 4/10: Reward=0.5318
  Fill Episode 5/10: Reward=0.5480
  Fill Episode 6/10: Reward=0.6692
  Fill Episode 7/10: Reward=0.5738
  Fill Episode 8/10: Reward=0.5838
  Fill Episode 9/10: Reward=0.6726
  Fill Episode 10/10: Reward=0.6830
Epoch 14/200
  Fill Episode 1/10: Reward=0.5410
  Fill Episode 2/10: Reward=0.6718
  Fill Episode 3/10: Reward=0.6014
  Fill Episode 4/10: Reward=0.6214
  Fill Episode 5/10: Reward=0.5534
  Fill Episode 6/10: Reward=0.5278
  Fill Episode 7/10: Reward=0.6932
  Fill Episode 8/10: Reward=0.5546
  Fill Episode 9/10: Reward=0.6424
  Fill Episode 10/10: Reward=0.5340
Epoch 15/200
  Fill Episode 1/10: Reward=0.6776
  Fill Episode 2/10: Reward=0.5898
  Fill Episode 3/10: Reward=0.5656
  Fill Episode 4/10: Reward=0.6802
  Fill Episode 5/10: Reward=0.6982
  Fill Episode 6/10: Reward=0.6522
  Fill Episode 7/10: Reward=0.6740
  Fill Episode 8/10: Reward=0.6952
  Fill Episode 9/10: Reward=0.5716
  Fill Episode 10/10: Reward=0.6476
Epoch 16/200
  Fill Episode 1/10: Reward=0.6400
  Fill Episode 2/10: Reward=0.5228
  Fill Episode 3/10: Reward=0.6694
  Fill Episode 4/10: Reward=0.5354
  Fill Episode 5/10: Reward=0.7156
  Fill Episode 6/10: Reward=0.5958
  Fill Episode 7/10: Reward=0.5744
  Fill Episode 8/10: Reward=0.6522
  Fill Episode 9/10: Reward=0.6860
  Fill Episode 10/10: Reward=0.6584
Epoch 17/200
  Fill Episode 1/10: Reward=0.6826
  Fill Episode 2/10: Reward=0.7208
  Fill Episode 3/10: Reward=0.6026
  Fill Episode 4/10: Reward=0.6574
  Fill Episode 5/10: Reward=0.5284
  Fill Episode 6/10: Reward=0.7048
  Fill Episode 7/10: Reward=0.6970
  Fill Episode 8/10: Reward=0.6468
  Fill Episode 9/10: Reward=0.6960
  Fill Episode 10/10: Reward=0.6982
Epoch 18/200
  Fill Episode 1/10: Reward=0.5254
  Fill Episode 2/10: Reward=0.7030
  Fill Episode 3/10: Reward=0.5832
  Fill Episode 4/10: Reward=0.6934
  Fill Episode 5/10: Reward=0.5912
  Fill Episode 6/10: Reward=0.7228
  Fill Episode 7/10: Reward=0.5732
  Fill Episode 8/10: Reward=0.6598
  Fill Episode 9/10: Reward=0.5842
  Fill Episode 10/10: Reward=0.5802
Epoch 19/200
  Fill Episode 1/10: Reward=0.6826
  Fill Episode 2/10: Reward=0.5834
  Fill Episode 3/10: Reward=0.5276
  Fill Episode 4/10: Reward=0.5774
  Fill Episode 5/10: Reward=0.5246
  Fill Episode 6/10: Reward=0.7062
  Fill Episode 7/10: Reward=0.5652
  Fill Episode 8/10: Reward=0.5630
  Fill Episode 9/10: Reward=0.6524
  Fill Episode 10/10: Reward=0.6694
Epoch 20/200
  Fill Episode 1/10: Reward=0.6954
  Fill Episode 2/10: Reward=0.5514
  Fill Episode 3/10: Reward=0.5574
  Fill Episode 4/10: Reward=0.6396
  Fill Episode 5/10: Reward=0.7180
  Fill Episode 6/10: Reward=0.5424
  Fill Episode 7/10: Reward=0.7136
  Fill Episode 8/10: Reward=0.6742
  Fill Episode 9/10: Reward=0.5518
  Fill Episode 10/10: Reward=0.6424

=== [Phase 3] Joint Agent Training & Pruning Search ===
Epoch 21/200
[BestPolicy] Updated best reward: 0.5708
  Episode 1/10: Reward=0.5708
[BestPolicy] Updated best reward: 0.7000
  Episode 2/10: Reward=0.7000
  Episode 3/10: Reward=0.5870
  Episode 4/10: Reward=0.6750
  Episode 5/10: Reward=0.5278
  Episode 6/10: Reward=0.6262
  Episode 7/10: Reward=0.5992
  Episode 8/10: Reward=0.6740
  Episode 9/10: Reward=0.5850
  Episode 10/10: Reward=0.5752
  >> Decoder Loss: 0.018619
  >> SAC Q1 Loss: 0.0136, Policy Loss: -0.0437, Consistency Loss: 0.0125
Epoch 21 Val Acc: 0.8058 | LR: 0.10000
Epoch 22/200
  Episode 1/10: Reward=0.5286
  Episode 2/10: Reward=0.5388
  Episode 3/10: Reward=0.5908
[BestPolicy] Updated best reward: 0.7250
  Episode 4/10: Reward=0.7250
  Episode 5/10: Reward=0.5390
  Episode 6/10: Reward=0.5392
  Episode 7/10: Reward=0.6278
  Episode 8/10: Reward=0.5642
  Episode 9/10: Reward=0.7096
  Episode 10/10: Reward=0.5580
  >> Decoder Loss: 0.013152
  >> SAC Q1 Loss: 0.0050, Policy Loss: -0.1587, Consistency Loss: 0.0067
Epoch 22 Val Acc: 0.8060 | LR: 0.10000
Epoch 23/200
  Episode 1/10: Reward=0.6018
[BestPolicy] Updated best reward: 0.7382
  Episode 2/10: Reward=0.7382
  Episode 3/10: Reward=0.5848
  Episode 4/10: Reward=0.6124
  Episode 5/10: Reward=0.7228
  Episode 6/10: Reward=0.6908
  Episode 7/10: Reward=0.5258
  Episode 8/10: Reward=0.6848
  Episode 9/10: Reward=0.6986
  Episode 10/10: Reward=0.5518
  >> Decoder Loss: 0.012505
  >> SAC Q1 Loss: 0.0016, Policy Loss: -0.2529, Consistency Loss: 0.0060
Epoch 23 Val Acc: 0.8192 | LR: 0.10000
Epoch 24/200
  Episode 1/10: Reward=0.5970
  Episode 2/10: Reward=0.5552
[BestPolicy] Updated best reward: 0.7414
  Episode 3/10: Reward=0.7414
  Episode 4/10: Reward=0.7256
  Episode 5/10: Reward=0.6222
  Episode 6/10: Reward=0.6380
  Episode 7/10: Reward=0.6498
  Episode 8/10: Reward=0.7238
  Episode 9/10: Reward=0.7300
  Episode 10/10: Reward=0.7388
  >> Decoder Loss: 0.011539
  >> SAC Q1 Loss: 0.0005, Policy Loss: -0.3370, Consistency Loss: 0.0031
Epoch 24 Val Acc: 0.8200 | LR: 0.10000
Epoch 25/200
  Episode 1/10: Reward=0.6040
  Episode 2/10: Reward=0.7200
  Episode 3/10: Reward=0.5810
  Episode 4/10: Reward=0.6990
[BestPolicy] Updated best reward: 0.7432
  Episode 5/10: Reward=0.7432
  Episode 6/10: Reward=0.6868
  Episode 7/10: Reward=0.5860
  Episode 8/10: Reward=0.6824
[BestPolicy] Updated best reward: 0.7520
  Episode 9/10: Reward=0.7520
[BestPolicy] Updated best reward: 0.7554
  Episode 10/10: Reward=0.7554
  >> Decoder Loss: 0.010429
  >> SAC Q1 Loss: 0.0006, Policy Loss: -0.4246, Consistency Loss: 0.0032
Epoch 25 Val Acc: 0.7921 | LR: 0.10000
Epoch 26/200
  Episode 1/10: Reward=0.6952
  Episode 2/10: Reward=0.5546
  Episode 3/10: Reward=0.6862
  Episode 4/10: Reward=0.6594
  Episode 5/10: Reward=0.6266
  Episode 6/10: Reward=0.6742
  Episode 7/10: Reward=0.6056
  Episode 8/10: Reward=0.5718
  Episode 9/10: Reward=0.6904
  Episode 10/10: Reward=0.6112
  >> Decoder Loss: 0.009413
  >> SAC Q1 Loss: 0.0009, Policy Loss: -0.5044, Consistency Loss: 0.0025
Epoch 26 Val Acc: 0.8122 | LR: 0.10000
Epoch 27/200
  Episode 1/10: Reward=0.6294
  Episode 2/10: Reward=0.6632
  Episode 3/10: Reward=0.5860
  Episode 4/10: Reward=0.6958
  Episode 5/10: Reward=0.6336
  Episode 6/10: Reward=0.5868
  Episode 7/10: Reward=0.7504
  Episode 8/10: Reward=0.7174
  Episode 9/10: Reward=0.5970
  Episode 10/10: Reward=0.7162
  >> Decoder Loss: 0.007978
  >> SAC Q1 Loss: 0.0012, Policy Loss: -0.5792, Consistency Loss: 0.0040
Epoch 27 Val Acc: 0.8176 | LR: 0.10000
Epoch 28/200
  Episode 1/10: Reward=0.6322
  Episode 2/10: Reward=0.6734
  Episode 3/10: Reward=0.6628
  Episode 4/10: Reward=0.6760
  Episode 5/10: Reward=0.6464
  Episode 6/10: Reward=0.6214
  Episode 7/10: Reward=0.6294
  Episode 8/10: Reward=0.7078
  Episode 9/10: Reward=0.7486
  Episode 10/10: Reward=0.6498
  >> Decoder Loss: 0.007665
  >> SAC Q1 Loss: 0.0017, Policy Loss: -0.6484, Consistency Loss: 0.0018
Epoch 28 Val Acc: 0.7965 | LR: 0.10000
Epoch 29/200
  Episode 1/10: Reward=0.5930
  Episode 2/10: Reward=0.6620
  Episode 3/10: Reward=0.7280
  Episode 4/10: Reward=0.7286
  Episode 5/10: Reward=0.5938
[BestPolicy] Updated best reward: 0.7718
  Episode 6/10: Reward=0.7718
  Episode 7/10: Reward=0.6506
  Episode 8/10: Reward=0.7630
  Episode 9/10: Reward=0.7192
  Episode 10/10: Reward=0.7362
  >> Decoder Loss: 0.006299
  >> SAC Q1 Loss: 0.0017, Policy Loss: -0.7123, Consistency Loss: 0.0039
Epoch 29 Val Acc: 0.8199 | LR: 0.10000
Epoch 30/200
  Episode 1/10: Reward=0.5572
  Episode 2/10: Reward=0.6482
  Episode 3/10: Reward=0.6528
  Episode 4/10: Reward=0.7544
  Episode 5/10: Reward=0.6178
  Episode 6/10: Reward=0.7146
  Episode 7/10: Reward=0.6028
  Episode 8/10: Reward=0.5886
  Episode 9/10: Reward=0.6840
  Episode 10/10: Reward=0.7454
  >> Decoder Loss: 0.006776
  >> SAC Q1 Loss: 0.0015, Policy Loss: -0.7727, Consistency Loss: 0.0020
Epoch 30 Val Acc: 0.8440 | LR: 0.10000
Epoch 31/200
  Episode 1/10: Reward=0.7194
  Episode 2/10: Reward=0.7362
  Episode 3/10: Reward=0.7274
  Episode 4/10: Reward=0.7266
  Episode 5/10: Reward=0.7256
  Episode 6/10: Reward=0.7540
  Episode 7/10: Reward=0.6082
  Episode 8/10: Reward=0.6220
  Episode 9/10: Reward=0.6496
  Episode 10/10: Reward=0.7148
  >> Decoder Loss: 0.005856
  >> SAC Q1 Loss: 0.0010, Policy Loss: -0.8290, Consistency Loss: 0.0022
Epoch 31 Val Acc: 0.8365 | LR: 0.10000
Epoch 32/200
  Episode 1/10: Reward=0.6682
  Episode 2/10: Reward=0.7502
  Episode 3/10: Reward=0.7342
  Episode 4/10: Reward=0.6826
  Episode 5/10: Reward=0.7168
  Episode 6/10: Reward=0.6280
  Episode 7/10: Reward=0.7138
  Episode 8/10: Reward=0.7520
  Episode 9/10: Reward=0.6742
  Episode 10/10: Reward=0.7002
  >> Decoder Loss: 0.004913
  >> SAC Q1 Loss: 0.0009, Policy Loss: -0.8784, Consistency Loss: 0.0023
Epoch 32 Val Acc: 0.8332 | LR: 0.10000
Epoch 33/200
  Episode 1/10: Reward=0.6376
  Episode 2/10: Reward=0.7044
  Episode 3/10: Reward=0.7128
  Episode 4/10: Reward=0.6494
  Episode 5/10: Reward=0.6130
  Episode 6/10: Reward=0.7592
  Episode 7/10: Reward=0.5978
  Episode 8/10: Reward=0.6714
  Episode 9/10: Reward=0.6256
[BestPolicy] Updated best reward: 0.7978
  Episode 10/10: Reward=0.7978
  >> Decoder Loss: 0.004664
  >> SAC Q1 Loss: 0.0006, Policy Loss: -0.9291, Consistency Loss: 0.0024
Epoch 33 Val Acc: 0.8407 | LR: 0.10000
Epoch 34/200
  Episode 1/10: Reward=0.7104
  Episode 2/10: Reward=0.7606
  Episode 3/10: Reward=0.7742
  Episode 4/10: Reward=0.7516
  Episode 5/10: Reward=0.6888
  Episode 6/10: Reward=0.6858
  Episode 7/10: Reward=0.7560
  Episode 8/10: Reward=0.7540
  Episode 9/10: Reward=0.7364
  Episode 10/10: Reward=0.6614
  >> Decoder Loss: 0.003615
  >> SAC Q1 Loss: 0.0006, Policy Loss: -0.9844, Consistency Loss: 0.0017
Epoch 34 Val Acc: 0.7902 | LR: 0.10000
Epoch 35/200
  Episode 1/10: Reward=0.6578
  Episode 2/10: Reward=0.7210
  Episode 3/10: Reward=0.6782
  Episode 4/10: Reward=0.6010
  Episode 5/10: Reward=0.6520
  Episode 6/10: Reward=0.5914
  Episode 7/10: Reward=0.6416
  Episode 8/10: Reward=0.6072
  Episode 9/10: Reward=0.6116
  Episode 10/10: Reward=0.5924
  >> Decoder Loss: 0.003661
  >> SAC Q1 Loss: 0.0008, Policy Loss: -1.0213, Consistency Loss: 0.0018
Epoch 35 Val Acc: 0.8375 | LR: 0.10000
Epoch 36/200
  Episode 1/10: Reward=0.5636
  Episode 2/10: Reward=0.6606
  Episode 3/10: Reward=0.6570
  Episode 4/10: Reward=0.6392
  Episode 5/10: Reward=0.7560
  Episode 6/10: Reward=0.6174
  Episode 7/10: Reward=0.5704
  Episode 8/10: Reward=0.7644
  Episode 9/10: Reward=0.7898
  Episode 10/10: Reward=0.7122
  >> Decoder Loss: 0.004196
  >> SAC Q1 Loss: 0.0007, Policy Loss: -1.0612, Consistency Loss: 0.0009
Epoch 36 Val Acc: 0.8482 | LR: 0.10000
Epoch 37/200
  Episode 1/10: Reward=0.6322
  Episode 2/10: Reward=0.6226
  Episode 3/10: Reward=0.7936
  Episode 4/10: Reward=0.6518
  Episode 5/10: Reward=0.6230
  Episode 6/10: Reward=0.6638
  Episode 7/10: Reward=0.5844
  Episode 8/10: Reward=0.7186
  Episode 9/10: Reward=0.6120
  Episode 10/10: Reward=0.6280
  >> Decoder Loss: 0.002236
  >> SAC Q1 Loss: 0.0006, Policy Loss: -1.0949, Consistency Loss: 0.0016
Epoch 37 Val Acc: 0.8580 | LR: 0.10000
Epoch 38/200
  Episode 1/10: Reward=0.6758
  Episode 2/10: Reward=0.6316
  Episode 3/10: Reward=0.6582
  Episode 4/10: Reward=0.7826
  Episode 5/10: Reward=0.6702
  Episode 6/10: Reward=0.7644
  Episode 7/10: Reward=0.5770
  Episode 8/10: Reward=0.7670
  Episode 9/10: Reward=0.6222
  Episode 10/10: Reward=0.7736
  >> Decoder Loss: 0.001856
  >> SAC Q1 Loss: 0.0006, Policy Loss: -1.1227, Consistency Loss: 0.0018
Epoch 38 Val Acc: 0.8657 | LR: 0.10000
Epoch 39/200
  Episode 1/10: Reward=0.6636
  Episode 2/10: Reward=0.6626
  Episode 3/10: Reward=0.6530
  Episode 4/10: Reward=0.7614
  Episode 5/10: Reward=0.7356
  Episode 6/10: Reward=0.7048
[BestPolicy] Updated best reward: 0.8002
  Episode 7/10: Reward=0.8002
  Episode 8/10: Reward=0.6740
  Episode 9/10: Reward=0.7938
  Episode 10/10: Reward=0.6602
  >> Decoder Loss: 0.003136
  >> SAC Q1 Loss: 0.0006, Policy Loss: -1.1484, Consistency Loss: 0.0020
Epoch 39 Val Acc: 0.8396 | LR: 0.10000
Epoch 40/200
  Episode 1/10: Reward=0.7558
  Episode 2/10: Reward=0.6418
  Episode 3/10: Reward=0.6378
  Episode 4/10: Reward=0.6416
  Episode 5/10: Reward=0.7788
  Episode 6/10: Reward=0.6476
  Episode 7/10: Reward=0.5544
  Episode 8/10: Reward=0.7006
  Episode 9/10: Reward=0.7274
  Episode 10/10: Reward=0.7294
  >> Decoder Loss: 0.001554
  >> SAC Q1 Loss: 0.0006, Policy Loss: -1.1744, Consistency Loss: 0.0010
Epoch 40 Val Acc: 0.8630 | LR: 0.10000
Epoch 41/200
  Episode 1/10: Reward=0.6080
  Episode 2/10: Reward=0.5758
  Episode 3/10: Reward=0.5758
  Episode 4/10: Reward=0.6360
  Episode 5/10: Reward=0.6572
  Episode 6/10: Reward=0.6734
  Episode 7/10: Reward=0.7740
  Episode 8/10: Reward=0.6730
  Episode 9/10: Reward=0.6932
  Episode 10/10: Reward=0.6318
  >> Decoder Loss: 0.001652
  >> SAC Q1 Loss: 0.0006, Policy Loss: -1.1985, Consistency Loss: 0.0013
Epoch 41 Val Acc: 0.8567 | LR: 0.10000
Epoch 42/200
  Episode 1/10: Reward=0.6878
  Episode 2/10: Reward=0.6610
  Episode 3/10: Reward=0.7728
  Episode 4/10: Reward=0.6172
  Episode 5/10: Reward=0.6356
  Episode 6/10: Reward=0.6808
  Episode 7/10: Reward=0.6606
  Episode 8/10: Reward=0.5970
  Episode 9/10: Reward=0.7754
  Episode 10/10: Reward=0.7080
  >> Decoder Loss: 0.001006
  >> SAC Q1 Loss: 0.0006, Policy Loss: -1.2199, Consistency Loss: 0.0010
Epoch 42 Val Acc: 0.8590 | LR: 0.10000
Epoch 43/200
  Episode 1/10: Reward=0.6712
  Episode 2/10: Reward=0.6684
  Episode 3/10: Reward=0.6892
  Episode 4/10: Reward=0.5902
  Episode 5/10: Reward=0.5562
  Episode 6/10: Reward=0.6318
  Episode 7/10: Reward=0.6392
  Episode 8/10: Reward=0.6532
  Episode 9/10: Reward=0.6932
  Episode 10/10: Reward=0.6102
  >> Decoder Loss: 0.000981
  >> SAC Q1 Loss: 0.0006, Policy Loss: -1.2371, Consistency Loss: 0.0012
Epoch 43 Val Acc: 0.8505 | LR: 0.10000
Epoch 44/200
  Episode 1/10: Reward=0.7418
  Episode 2/10: Reward=0.7524
  Episode 3/10: Reward=0.6192
  Episode 4/10: Reward=0.7774
  Episode 5/10: Reward=0.6438
  Episode 6/10: Reward=0.6146
  Episode 7/10: Reward=0.7764
  Episode 8/10: Reward=0.6354
  Episode 9/10: Reward=0.7600
  Episode 10/10: Reward=0.6560
  >> Decoder Loss: 0.002193
  >> SAC Q1 Loss: 0.0006, Policy Loss: -1.2550, Consistency Loss: 0.0016
Epoch 44 Val Acc: 0.8571 | LR: 0.10000
Epoch 45/200
  Episode 1/10: Reward=0.6254
  Episode 2/10: Reward=0.5848
  Episode 3/10: Reward=0.6768
  Episode 4/10: Reward=0.6232
  Episode 5/10: Reward=0.7126
  Episode 6/10: Reward=0.7374
  Episode 7/10: Reward=0.7230
  Episode 8/10: Reward=0.7066
  Episode 9/10: Reward=0.6966
  Episode 10/10: Reward=0.6918
  >> Decoder Loss: 0.001258
  >> SAC Q1 Loss: 0.0007, Policy Loss: -1.2689, Consistency Loss: 0.0014
Epoch 45 Val Acc: 0.8487 | LR: 0.10000
Epoch 46/200
  Episode 1/10: Reward=0.7646
  Episode 2/10: Reward=0.6776
  Episode 3/10: Reward=0.7368
  Episode 4/10: Reward=0.7948
  Episode 5/10: Reward=0.7036
  Episode 6/10: Reward=0.5576
  Episode 7/10: Reward=0.6802
  Episode 8/10: Reward=0.6372
  Episode 9/10: Reward=0.6642
  Episode 10/10: Reward=0.6656
  >> Decoder Loss: 0.001415
  >> SAC Q1 Loss: 0.0006, Policy Loss: -1.2798, Consistency Loss: 0.0018
Epoch 46 Val Acc: 0.8249 | LR: 0.10000
Epoch 47/200
  Episode 1/10: Reward=0.4962
  Episode 2/10: Reward=0.7396
  Episode 3/10: Reward=0.5844
  Episode 4/10: Reward=0.6886
  Episode 5/10: Reward=0.6354
  Episode 6/10: Reward=0.6252
  Episode 7/10: Reward=0.6622
  Episode 8/10: Reward=0.6310
  Episode 9/10: Reward=0.6650
  Episode 10/10: Reward=0.6810
  >> Decoder Loss: 0.001441
  >> SAC Q1 Loss: 0.0006, Policy Loss: -1.3038, Consistency Loss: 0.0013
Epoch 47 Val Acc: 0.8334 | LR: 0.10000
Epoch 48/200
  Episode 1/10: Reward=0.6610
  Episode 2/10: Reward=0.6728
  Episode 3/10: Reward=0.7748
  Episode 4/10: Reward=0.6712
  Episode 5/10: Reward=0.6954
  Episode 6/10: Reward=0.6784
  Episode 7/10: Reward=0.5508
  Episode 8/10: Reward=0.5990
  Episode 9/10: Reward=0.7350
  Episode 10/10: Reward=0.5826
  >> Decoder Loss: 0.004109
  >> SAC Q1 Loss: 0.0006, Policy Loss: -1.3083, Consistency Loss: 0.0014
Epoch 48 Val Acc: 0.8660 | LR: 0.10000
Epoch 49/200
  Episode 1/10: Reward=0.6170
  Episode 2/10: Reward=0.6700
  Episode 3/10: Reward=0.6766
  Episode 4/10: Reward=0.6426
  Episode 5/10: Reward=0.6860
  Episode 6/10: Reward=0.7306
  Episode 7/10: Reward=0.5568
  Episode 8/10: Reward=0.6822
  Episode 9/10: Reward=0.6252
  Episode 10/10: Reward=0.7972
  >> Decoder Loss: 0.001423
  >> SAC Q1 Loss: 0.0005, Policy Loss: -1.3100, Consistency Loss: 0.0015
Epoch 49 Val Acc: 0.8590 | LR: 0.10000
Epoch 50/200
  Episode 1/10: Reward=0.5962
  Episode 2/10: Reward=0.6524
  Episode 3/10: Reward=0.6052
  Episode 4/10: Reward=0.5618
  Episode 5/10: Reward=0.6964
  Episode 6/10: Reward=0.5784
  Episode 7/10: Reward=0.6322
  Episode 8/10: Reward=0.5762
  Episode 9/10: Reward=0.6892
  Episode 10/10: Reward=0.6318
  >> Decoder Loss: 0.000828
  >> SAC Q1 Loss: 0.0006, Policy Loss: -1.3180, Consistency Loss: 0.0010
Epoch 50 Val Acc: 0.8618 | LR: 0.10000
Epoch 51/200
  Episode 1/10: Reward=0.7058
  Episode 2/10: Reward=0.7380
  Episode 3/10: Reward=0.6684
  Episode 4/10: Reward=0.6692
  Episode 5/10: Reward=0.6494
  Episode 6/10: Reward=0.7156
  Episode 7/10: Reward=0.6866
  Episode 8/10: Reward=0.7842
  Episode 9/10: Reward=0.7194
  Episode 10/10: Reward=0.6908
  >> Decoder Loss: 0.000580
  >> SAC Q1 Loss: 0.0005, Policy Loss: -1.3282, Consistency Loss: 0.0009
Epoch 51 Val Acc: 0.8421 | LR: 0.10000
Epoch 52/200
  Episode 1/10: Reward=0.5810
  Episode 2/10: Reward=0.5034
  Episode 3/10: Reward=0.6362
  Episode 4/10: Reward=0.5974
  Episode 5/10: Reward=0.7378
  Episode 6/10: Reward=0.6024
  Episode 7/10: Reward=0.6014
  Episode 8/10: Reward=0.6090
  Episode 9/10: Reward=0.5274
  Episode 10/10: Reward=0.7654
  >> Decoder Loss: 0.000889
  >> SAC Q1 Loss: 0.0006, Policy Loss: -1.3268, Consistency Loss: 0.0013
Epoch 52 Val Acc: 0.8704 | LR: 0.10000
Epoch 53/200
  Episode 1/10: Reward=0.5644
  Episode 2/10: Reward=0.6850
  Episode 3/10: Reward=0.7694
  Episode 4/10: Reward=0.7372
  Episode 5/10: Reward=0.7860
  Episode 6/10: Reward=0.6370
  Episode 7/10: Reward=0.7744
  Episode 8/10: Reward=0.7484
  Episode 9/10: Reward=0.5598
  Episode 10/10: Reward=0.5928
  >> Decoder Loss: 0.000896
  >> SAC Q1 Loss: 0.0006, Policy Loss: -1.3321, Consistency Loss: 0.0017
Epoch 53 Val Acc: 0.8676 | LR: 0.10000
Epoch 54/200
  Episode 1/10: Reward=0.6642
  Episode 2/10: Reward=0.6070
  Episode 3/10: Reward=0.6414
  Episode 4/10: Reward=0.6874
  Episode 5/10: Reward=0.7918
  Episode 6/10: Reward=0.6772
  Episode 7/10: Reward=0.6190
  Episode 8/10: Reward=0.7130
  Episode 9/10: Reward=0.7486
  Episode 10/10: Reward=0.5694
  >> Decoder Loss: 0.000762
  >> SAC Q1 Loss: 0.0005, Policy Loss: -1.3226, Consistency Loss: 0.0015
Epoch 54 Val Acc: 0.8395 | LR: 0.10000
Epoch 55/200
  Episode 1/10: Reward=0.5928
  Episode 2/10: Reward=0.6916
  Episode 3/10: Reward=0.7412
  Episode 4/10: Reward=0.7468
  Episode 5/10: Reward=0.5494
  Episode 6/10: Reward=0.7390
  Episode 7/10: Reward=0.7850
  Episode 8/10: Reward=0.7316
  Episode 9/10: Reward=0.7700
  Episode 10/10: Reward=0.7206
  >> Decoder Loss: 0.000776
  >> SAC Q1 Loss: 0.0005, Policy Loss: -1.3307, Consistency Loss: 0.0018
Epoch 55 Val Acc: 0.8616 | LR: 0.10000
Epoch 56/200
  Episode 1/10: Reward=0.7848
  Episode 2/10: Reward=0.6492
  Episode 3/10: Reward=0.5970
  Episode 4/10: Reward=0.6200
  Episode 5/10: Reward=0.7794
  Episode 6/10: Reward=0.6840
  Episode 7/10: Reward=0.6562
  Episode 8/10: Reward=0.7508
  Episode 9/10: Reward=0.6742
  Episode 10/10: Reward=0.7698
  >> Decoder Loss: 0.000584
  >> SAC Q1 Loss: 0.0006, Policy Loss: -1.3261, Consistency Loss: 0.0010
Epoch 56 Val Acc: 0.8435 | LR: 0.10000
Epoch 57/200
  Episode 1/10: Reward=0.6964
  Episode 2/10: Reward=0.7986
  Episode 3/10: Reward=0.5658
  Episode 4/10: Reward=0.6508
  Episode 5/10: Reward=0.6872
  Episode 6/10: Reward=0.6174
  Episode 7/10: Reward=0.7986
  Episode 8/10: Reward=0.6494
  Episode 9/10: Reward=0.6804
  Episode 10/10: Reward=0.6344
  >> Decoder Loss: 0.000567
  >> SAC Q1 Loss: 0.0005, Policy Loss: -1.3337, Consistency Loss: 0.0012
Epoch 57 Val Acc: 0.8432 | LR: 0.10000
Epoch 58/200
  Episode 1/10: Reward=0.5330
  Episode 2/10: Reward=0.7668
  Episode 3/10: Reward=0.6552
  Episode 4/10: Reward=0.6146
  Episode 5/10: Reward=0.5956
  Episode 6/10: Reward=0.7110
  Episode 7/10: Reward=0.6438
  Episode 8/10: Reward=0.7396
  Episode 9/10: Reward=0.7230
  Episode 10/10: Reward=0.7882
  >> Decoder Loss: 0.000739
  >> SAC Q1 Loss: 0.0005, Policy Loss: -1.3344, Consistency Loss: 0.0012
Epoch 58 Val Acc: 0.8796 | LR: 0.10000
Epoch 59/200
  Episode 1/10: Reward=0.7404
[BestPolicy] Updated best reward: 0.8070
  Episode 2/10: Reward=0.8070
  Episode 3/10: Reward=0.6518
  Episode 4/10: Reward=0.6578
  Episode 5/10: Reward=0.4638
  Episode 6/10: Reward=0.5306
  Episode 7/10: Reward=0.7568
  Episode 8/10: Reward=0.7366
  Episode 9/10: Reward=0.6216
  Episode 10/10: Reward=0.6342
  >> Decoder Loss: 0.000563
  >> SAC Q1 Loss: 0.0006, Policy Loss: -1.3396, Consistency Loss: 0.0011
Epoch 59 Val Acc: 0.8750 | LR: 0.10000
Epoch 60/200
  Episode 1/10: Reward=0.6512
  Episode 2/10: Reward=0.5542
  Episode 3/10: Reward=0.7220
  Episode 4/10: Reward=0.6114
  Episode 5/10: Reward=0.6386
  Episode 6/10: Reward=0.7242
  Episode 7/10: Reward=0.6090
  Episode 8/10: Reward=0.6044
  Episode 9/10: Reward=0.6532
  Episode 10/10: Reward=0.6610
  >> Decoder Loss: 0.001151
  >> SAC Q1 Loss: 0.0005, Policy Loss: -1.3446, Consistency Loss: 0.0011
Epoch 60 Val Acc: 0.8464 | LR: 0.10000
Epoch 61/200
  Episode 1/10: Reward=0.6690
  Episode 2/10: Reward=0.7102
  Episode 3/10: Reward=0.5808
  Episode 4/10: Reward=0.6852
  Episode 5/10: Reward=0.7256
  Episode 6/10: Reward=0.7126
[BestPolicy] Updated best reward: 0.8230
  Episode 7/10: Reward=0.8230
  Episode 8/10: Reward=0.7534
  Episode 9/10: Reward=0.6530
  Episode 10/10: Reward=0.7122
  >> Decoder Loss: 0.001002
  >> SAC Q1 Loss: 0.0005, Policy Loss: -1.3495, Consistency Loss: 0.0009
Epoch 61 Val Acc: 0.8674 | LR: 0.10000
Epoch 62/200
  Episode 1/10: Reward=0.6394
  Episode 2/10: Reward=0.5850
  Episode 3/10: Reward=0.8168
  Episode 4/10: Reward=0.6412
  Episode 5/10: Reward=0.5196
  Episode 6/10: Reward=0.6950
  Episode 7/10: Reward=0.6678
  Episode 8/10: Reward=0.6460
  Episode 9/10: Reward=0.6302
  Episode 10/10: Reward=0.5690
  >> Decoder Loss: 0.000943
  >> SAC Q1 Loss: 0.0005, Policy Loss: -1.3582, Consistency Loss: 0.0010
Epoch 62 Val Acc: 0.8800 | LR: 0.10000
Epoch 63/200
  Episode 1/10: Reward=0.6024
  Episode 2/10: Reward=0.7816
  Episode 3/10: Reward=0.5050
  Episode 4/10: Reward=0.7154
  Episode 5/10: Reward=0.6112
  Episode 6/10: Reward=0.7226
  Episode 7/10: Reward=0.7908
  Episode 8/10: Reward=0.7272
  Episode 9/10: Reward=0.7186
  Episode 10/10: Reward=0.7376
  >> Decoder Loss: 0.000959
  >> SAC Q1 Loss: 0.0005, Policy Loss: -1.3525, Consistency Loss: 0.0008
Epoch 63 Val Acc: 0.8640 | LR: 0.10000
Epoch 64/200
  Episode 1/10: Reward=0.7198
  Episode 2/10: Reward=0.7130
  Episode 3/10: Reward=0.4846
  Episode 4/10: Reward=0.7982
  Episode 5/10: Reward=0.7878
  Episode 6/10: Reward=0.5766
  Episode 7/10: Reward=0.6820
  Episode 8/10: Reward=0.7148
  Episode 9/10: Reward=0.6266
  Episode 10/10: Reward=0.7224
  >> Decoder Loss: 0.000972
  >> SAC Q1 Loss: 0.0005, Policy Loss: -1.3603, Consistency Loss: 0.0007
Epoch 64 Val Acc: 0.8576 | LR: 0.10000
Epoch 65/200
  Episode 1/10: Reward=0.6364
  Episode 2/10: Reward=0.6780
  Episode 3/10: Reward=0.6774
  Episode 4/10: Reward=0.6120
  Episode 5/10: Reward=0.5168
  Episode 6/10: Reward=0.6344
  Episode 7/10: Reward=0.6132
  Episode 8/10: Reward=0.4770
  Episode 9/10: Reward=0.7188
  Episode 10/10: Reward=0.7300
  >> Decoder Loss: 0.000659
  >> SAC Q1 Loss: 0.0005, Policy Loss: -1.3578, Consistency Loss: 0.0014
Epoch 65 Val Acc: 0.8629 | LR: 0.10000
Epoch 66/200
  Episode 1/10: Reward=0.7196
  Episode 2/10: Reward=0.4614
  Episode 3/10: Reward=0.6514
  Episode 4/10: Reward=0.5396
  Episode 5/10: Reward=0.5950
  Episode 6/10: Reward=0.6588
  Episode 7/10: Reward=0.7448
  Episode 8/10: Reward=0.7386
  Episode 9/10: Reward=0.7470
  Episode 10/10: Reward=0.6502
  >> Decoder Loss: 0.000582
  >> SAC Q1 Loss: 0.0005, Policy Loss: -1.3643, Consistency Loss: 0.0013
Epoch 66 Val Acc: 0.8639 | LR: 0.10000
Epoch 67/200
  Episode 1/10: Reward=0.5970
  Episode 2/10: Reward=0.6952
  Episode 3/10: Reward=0.6258
  Episode 4/10: Reward=0.6720
  Episode 5/10: Reward=0.7532
  Episode 6/10: Reward=0.5852
  Episode 7/10: Reward=0.6962
  Episode 8/10: Reward=0.6876
  Episode 9/10: Reward=0.6276
  Episode 10/10: Reward=0.7494
  >> Decoder Loss: 0.000714
  >> SAC Q1 Loss: 0.0004, Policy Loss: -1.3710, Consistency Loss: 0.0007
Epoch 67 Val Acc: 0.8565 | LR: 0.10000
Epoch 68/200
  Episode 1/10: Reward=0.6890
  Episode 2/10: Reward=0.5748
  Episode 3/10: Reward=0.5898
  Episode 4/10: Reward=0.7190
  Episode 5/10: Reward=0.6288
  Episode 6/10: Reward=0.7334
  Episode 7/10: Reward=0.5654
  Episode 8/10: Reward=0.6226
  Episode 9/10: Reward=0.7122
  Episode 10/10: Reward=0.6306
  >> Decoder Loss: 0.000532
  >> SAC Q1 Loss: 0.0005, Policy Loss: -1.3680, Consistency Loss: 0.0013
Epoch 68 Val Acc: 0.8791 | LR: 0.10000
Epoch 69/200
  Episode 1/10: Reward=0.7644
  Episode 2/10: Reward=0.6760
  Episode 3/10: Reward=0.7770
  Episode 4/10: Reward=0.6308
  Episode 5/10: Reward=0.7652
  Episode 6/10: Reward=0.5844
  Episode 7/10: Reward=0.5576
  Episode 8/10: Reward=0.7852
  Episode 9/10: Reward=0.7768
  Episode 10/10: Reward=0.7262
  >> Decoder Loss: 0.000835
  >> SAC Q1 Loss: 0.0005, Policy Loss: -1.3648, Consistency Loss: 0.0008
Epoch 69 Val Acc: 0.8409 | LR: 0.10000
Epoch 70/200
  Episode 1/10: Reward=0.6546
  Episode 2/10: Reward=0.5452
  Episode 3/10: Reward=0.5250
  Episode 4/10: Reward=0.6134
  Episode 5/10: Reward=0.7824
  Episode 6/10: Reward=0.5882
  Episode 7/10: Reward=0.6264
  Episode 8/10: Reward=0.7190
  Episode 9/10: Reward=0.7712
  Episode 10/10: Reward=0.5810
  >> Decoder Loss: 0.000834
  >> SAC Q1 Loss: 0.0005, Policy Loss: -1.3722, Consistency Loss: 0.0006
Epoch 70 Val Acc: 0.8756 | LR: 0.10000
Epoch 71/200
  Episode 1/10: Reward=0.5912
  Episode 2/10: Reward=0.7530
  Episode 3/10: Reward=0.7446
  Episode 4/10: Reward=0.6752
  Episode 5/10: Reward=0.4894
  Episode 6/10: Reward=0.7780
  Episode 7/10: Reward=0.7994
  Episode 8/10: Reward=0.5554
  Episode 9/10: Reward=0.5994
  Episode 10/10: Reward=0.7288
  >> Decoder Loss: 0.001314
  >> SAC Q1 Loss: 0.0005, Policy Loss: -1.3743, Consistency Loss: 0.0009
Epoch 71 Val Acc: 0.8724 | LR: 0.10000
Epoch 72/200
  Episode 1/10: Reward=0.5652
  Episode 2/10: Reward=0.5964
  Episode 3/10: Reward=0.7754
  Episode 4/10: Reward=0.7102
  Episode 5/10: Reward=0.6928
  Episode 6/10: Reward=0.7454
  Episode 7/10: Reward=0.4656
  Episode 8/10: Reward=0.6746
  Episode 9/10: Reward=0.5784
  Episode 10/10: Reward=0.6266
  >> Decoder Loss: 0.001112
  >> SAC Q1 Loss: 0.0005, Policy Loss: -1.3758, Consistency Loss: 0.0006
Epoch 72 Val Acc: 0.8479 | LR: 0.10000
Epoch 73/200
  Episode 1/10: Reward=0.5046
  Episode 2/10: Reward=0.5352
  Episode 3/10: Reward=0.7538
  Episode 4/10: Reward=0.6460
  Episode 5/10: Reward=0.6314
  Episode 6/10: Reward=0.7892
  Episode 7/10: Reward=0.5740
  Episode 8/10: Reward=0.6086
  Episode 9/10: Reward=0.5294
  Episode 10/10: Reward=0.6918
  >> Decoder Loss: 0.001187
  >> SAC Q1 Loss: 0.0005, Policy Loss: -1.3794, Consistency Loss: 0.0005
Epoch 73 Val Acc: 0.8477 | LR: 0.10000
Epoch 74/200
  Episode 1/10: Reward=0.6666
  Episode 2/10: Reward=0.6350
  Episode 3/10: Reward=0.6020
  Episode 4/10: Reward=0.6796
  Episode 5/10: Reward=0.5356
  Episode 6/10: Reward=0.7202
  Episode 7/10: Reward=0.5734
  Episode 8/10: Reward=0.5148
  Episode 9/10: Reward=0.6406
  Episode 10/10: Reward=0.6246
  >> Decoder Loss: 0.000985
  >> SAC Q1 Loss: 0.0005, Policy Loss: -1.3808, Consistency Loss: 0.0005
Epoch 74 Val Acc: 0.8710 | LR: 0.10000
Epoch 75/200
  Episode 1/10: Reward=0.7548
  Episode 2/10: Reward=0.6848
  Episode 3/10: Reward=0.6482
  Episode 4/10: Reward=0.5714
  Episode 5/10: Reward=0.7008
  Episode 6/10: Reward=0.7754
  Episode 7/10: Reward=0.7414
  Episode 8/10: Reward=0.7240
  Episode 9/10: Reward=0.6314
  Episode 10/10: Reward=0.6984
  >> Decoder Loss: 0.000883
  >> SAC Q1 Loss: 0.0004, Policy Loss: -1.3911, Consistency Loss: 0.0006
Epoch 75 Val Acc: 0.8674 | LR: 0.10000
Epoch 76/200
  Episode 1/10: Reward=0.5854
  Episode 2/10: Reward=0.7770
  Episode 3/10: Reward=0.7196
  Episode 4/10: Reward=0.6800
  Episode 5/10: Reward=0.6716
  Episode 6/10: Reward=0.7220
  Episode 7/10: Reward=0.7216
  Episode 8/10: Reward=0.7828
  Episode 9/10: Reward=0.7994
  Episode 10/10: Reward=0.6912
  >> Decoder Loss: 0.001184
  >> SAC Q1 Loss: 0.0004, Policy Loss: -1.3859, Consistency Loss: 0.0005
Epoch 76 Val Acc: 0.8732 | LR: 0.10000
Epoch 77/200
  Episode 1/10: Reward=0.5486
  Episode 2/10: Reward=0.4936
  Episode 3/10: Reward=0.6580
  Episode 4/10: Reward=0.5890
  Episode 5/10: Reward=0.7104
  Episode 6/10: Reward=0.5884
  Episode 7/10: Reward=0.8058
  Episode 8/10: Reward=0.6578
  Episode 9/10: Reward=0.6448
  Episode 10/10: Reward=0.5582
  >> Decoder Loss: 0.001106
  >> SAC Q1 Loss: 0.0005, Policy Loss: -1.3890, Consistency Loss: 0.0004
Epoch 77 Val Acc: 0.8773 | LR: 0.10000
Epoch 78/200
[BestPolicy] Updated best reward: 0.8246
  Episode 1/10: Reward=0.8246
  Episode 2/10: Reward=0.6386
  Episode 3/10: Reward=0.5978
  Episode 4/10: Reward=0.6478
  Episode 5/10: Reward=0.7620
  Episode 6/10: Reward=0.6844
  Episode 7/10: Reward=0.6398
  Episode 8/10: Reward=0.7688
  Episode 9/10: Reward=0.7668
  Episode 10/10: Reward=0.6244
  >> Decoder Loss: 0.000836
  >> SAC Q1 Loss: 0.0005, Policy Loss: -1.3877, Consistency Loss: 0.0005
Epoch 78 Val Acc: 0.8610 | LR: 0.10000
Epoch 79/200
  Episode 1/10: Reward=0.6458
  Episode 2/10: Reward=0.7186
  Episode 3/10: Reward=0.6664
  Episode 4/10: Reward=0.7932
  Episode 5/10: Reward=0.7250
  Episode 6/10: Reward=0.6248
  Episode 7/10: Reward=0.7256
  Episode 8/10: Reward=0.7712
  Episode 9/10: Reward=0.7782
  Episode 10/10: Reward=0.7338
  >> Decoder Loss: 0.001107
  >> SAC Q1 Loss: 0.0005, Policy Loss: -1.3882, Consistency Loss: 0.0008
Epoch 79 Val Acc: 0.8840 | LR: 0.10000
Epoch 80/200
  Episode 1/10: Reward=0.5264
  Episode 2/10: Reward=0.5208
  Episode 3/10: Reward=0.5256
  Episode 4/10: Reward=0.7016
  Episode 5/10: Reward=0.5560
  Episode 6/10: Reward=0.7358
  Episode 7/10: Reward=0.6722
  Episode 8/10: Reward=0.5878
  Episode 9/10: Reward=0.7554
  Episode 10/10: Reward=0.7694
  >> Decoder Loss: 0.000920
  >> SAC Q1 Loss: 0.0005, Policy Loss: -1.3929, Consistency Loss: 0.0007
Epoch 80 Val Acc: 0.8669 | LR: 0.10000
Epoch 81/200
  Episode 1/10: Reward=0.7456
  Episode 2/10: Reward=0.7384
  Episode 3/10: Reward=0.5330
  Episode 4/10: Reward=0.6070
  Episode 5/10: Reward=0.5786
  Episode 6/10: Reward=0.5046
  Episode 7/10: Reward=0.4942
  Episode 8/10: Reward=0.6592
  Episode 9/10: Reward=0.5754
  Episode 10/10: Reward=0.6340
  >> Decoder Loss: 0.001429
  >> SAC Q1 Loss: 0.0005, Policy Loss: -1.3941, Consistency Loss: 0.0006
Epoch 81 Val Acc: 0.8632 | LR: 0.10000
Epoch 82/200
  Episode 1/10: Reward=0.6022
  Episode 2/10: Reward=0.5872
  Episode 3/10: Reward=0.5910
  Episode 4/10: Reward=0.6166
  Episode 5/10: Reward=0.5376
  Episode 6/10: Reward=0.6456
  Episode 7/10: Reward=0.7830
  Episode 8/10: Reward=0.6562
  Episode 9/10: Reward=0.7006
  Episode 10/10: Reward=0.6052
  >> Decoder Loss: 0.001097
  >> SAC Q1 Loss: 0.0005, Policy Loss: -1.3955, Consistency Loss: 0.0008
Epoch 82 Val Acc: 0.8703 | LR: 0.10000
Epoch 83/200
  Episode 1/10: Reward=0.4714
  Episode 2/10: Reward=0.7930
  Episode 3/10: Reward=0.5792
  Episode 4/10: Reward=0.5486
  Episode 5/10: Reward=0.5780
  Episode 6/10: Reward=0.6390
  Episode 7/10: Reward=0.6284
  Episode 8/10: Reward=0.6350
  Episode 9/10: Reward=0.6022
  Episode 10/10: Reward=0.5754
  >> Decoder Loss: 0.001758
  >> SAC Q1 Loss: 0.0005, Policy Loss: -1.3941, Consistency Loss: 0.0008
Epoch 83 Val Acc: 0.8737 | LR: 0.10000
Epoch 84/200
  Episode 1/10: Reward=0.6658
  Episode 2/10: Reward=0.7244
  Episode 3/10: Reward=0.6422
  Episode 4/10: Reward=0.6540
  Episode 5/10: Reward=0.6860
  Episode 6/10: Reward=0.6734
  Episode 7/10: Reward=0.5628
  Episode 8/10: Reward=0.6242
  Episode 9/10: Reward=0.6490
  Episode 10/10: Reward=0.5398
  >> Decoder Loss: 0.000823
  >> SAC Q1 Loss: 0.0005, Policy Loss: -1.3916, Consistency Loss: 0.0007
Epoch 84 Val Acc: 0.8776 | LR: 0.10000
Epoch 85/200
  Episode 1/10: Reward=0.7806
  Episode 2/10: Reward=0.7450
  Episode 3/10: Reward=0.5922
  Episode 4/10: Reward=0.7100
  Episode 5/10: Reward=0.7722
  Episode 6/10: Reward=0.7028
  Episode 7/10: Reward=0.5718
  Episode 8/10: Reward=0.6814
  Episode 9/10: Reward=0.8162
  Episode 10/10: Reward=0.6864
  >> Decoder Loss: 0.000590
  >> SAC Q1 Loss: 0.0005, Policy Loss: -1.3964, Consistency Loss: 0.0006
Epoch 85 Val Acc: 0.8410 | LR: 0.10000
Epoch 86/200
  Episode 1/10: Reward=0.6026
  Episode 2/10: Reward=0.6952
  Episode 3/10: Reward=0.6688
  Episode 4/10: Reward=0.7850
  Episode 5/10: Reward=0.6048
  Episode 6/10: Reward=0.4272
  Episode 7/10: Reward=0.7526
  Episode 8/10: Reward=0.7498
  Episode 9/10: Reward=0.7354
  Episode 10/10: Reward=0.6808
  >> Decoder Loss: 0.000537
  >> SAC Q1 Loss: 0.0006, Policy Loss: -1.4006, Consistency Loss: 0.0005
Epoch 86 Val Acc: 0.8637 | LR: 0.10000
Epoch 87/200
  Episode 1/10: Reward=0.6744
  Episode 2/10: Reward=0.5816
  Episode 3/10: Reward=0.6402
  Episode 4/10: Reward=0.7704
  Episode 5/10: Reward=0.4362
  Episode 6/10: Reward=0.5640
  Episode 7/10: Reward=0.6448
  Episode 8/10: Reward=0.6640
  Episode 9/10: Reward=0.6246
  Episode 10/10: Reward=0.6986
  >> Decoder Loss: 0.001433
  >> SAC Q1 Loss: 0.0005, Policy Loss: -1.4083, Consistency Loss: 0.0007
Epoch 87 Val Acc: 0.8723 | LR: 0.10000
Epoch 88/200
  Episode 1/10: Reward=0.6520
  Episode 2/10: Reward=0.6666
  Episode 3/10: Reward=0.6792
  Episode 4/10: Reward=0.6692
  Episode 5/10: Reward=0.6076
  Episode 6/10: Reward=0.5528
  Episode 7/10: Reward=0.6836
  Episode 8/10: Reward=0.8012
  Episode 9/10: Reward=0.6868
  Episode 10/10: Reward=0.6896
  >> Decoder Loss: 0.001147
  >> SAC Q1 Loss: 0.0005, Policy Loss: -1.4051, Consistency Loss: 0.0005
Epoch 88 Val Acc: 0.8728 | LR: 0.10000
Epoch 89/200
  Episode 1/10: Reward=0.6230
  Episode 2/10: Reward=0.6978
  Episode 3/10: Reward=0.6974
  Episode 4/10: Reward=0.5044
  Episode 5/10: Reward=0.7212
  Episode 6/10: Reward=0.7892
  Episode 7/10: Reward=0.7394
  Episode 8/10: Reward=0.7854
  Episode 9/10: Reward=0.7472
  Episode 10/10: Reward=0.6580
  >> Decoder Loss: 0.000697
  >> SAC Q1 Loss: 0.0005, Policy Loss: -1.4092, Consistency Loss: 0.0005
Epoch 89 Val Acc: 0.8703 | LR: 0.10000
Epoch 90/200
  Episode 1/10: Reward=0.4784
  Episode 2/10: Reward=0.6844
  Episode 3/10: Reward=0.5962
  Episode 4/10: Reward=0.8118
  Episode 5/10: Reward=0.6344
  Episode 6/10: Reward=0.6390
  Episode 7/10: Reward=0.6702
  Episode 8/10: Reward=0.7738
  Episode 9/10: Reward=0.5526
  Episode 10/10: Reward=0.7912
  >> Decoder Loss: 0.000658
  >> SAC Q1 Loss: 0.0005, Policy Loss: -1.4169, Consistency Loss: 0.0004
Epoch 90 Val Acc: 0.8536 | LR: 0.10000

=== [Phase 4] Weights Training with Lalign (Alignment) ===
  >> Best policy loaded. Applying Soft Alignment...
Epoch 91/200 Val Acc: 0.8387
Epoch 92/200 Val Acc: 0.8590
Epoch 93/200 Val Acc: 0.8436
Epoch 94/200 Val Acc: 0.8619
Epoch 95/200 Val Acc: 0.8593
Epoch 96/200 Val Acc: 0.8680
Epoch 97/200 Val Acc: 0.8569
Epoch 98/200 Val Acc: 0.8758
Epoch 99/200 Val Acc: 0.8405
Epoch 100/200 Val Acc: 0.8734
Epoch 101/200 Val Acc: 0.8509
Epoch 102/200 Val Acc: 0.8664
Epoch 103/200 Val Acc: 0.8680
Epoch 104/200 Val Acc: 0.8594
Epoch 105/200 Val Acc: 0.8680
Epoch 106/200 Val Acc: 0.8715
Epoch 107/200 Val Acc: 0.8580
Epoch 108/200 Val Acc: 0.8722
Epoch 109/200 Val Acc: 0.8655
Epoch 110/200 Val Acc: 0.8527
Epoch 111/200 Val Acc: 0.9121
Epoch 112/200 Val Acc: 0.9152
Epoch 113/200 Val Acc: 0.9176
Epoch 114/200 Val Acc: 0.9190
Epoch 115/200 Val Acc: 0.9198
Epoch 116/200 Val Acc: 0.9194
Epoch 117/200 Val Acc: 0.9196
Epoch 118/200 Val Acc: 0.9185
Epoch 119/200 Val Acc: 0.9206
Epoch 120/200 Val Acc: 0.9188
Epoch 121/200 Val Acc: 0.9217
Epoch 122/200 Val Acc: 0.9227
Epoch 123/200 Val Acc: 0.9195
Epoch 124/200 Val Acc: 0.9210
Epoch 125/200 Val Acc: 0.9228
Epoch 126/200 Val Acc: 0.9212
Epoch 127/200 Val Acc: 0.9219
Epoch 128/200 Val Acc: 0.9225
Epoch 129/200 Val Acc: 0.9217
Epoch 130/200 Val Acc: 0.9225
Epoch 131/200 Val Acc: 0.9212
Epoch 132/200 Val Acc: 0.9217
Epoch 133/200 Val Acc: 0.9202
Epoch 134/200 Val Acc: 0.9192
Epoch 135/200 Val Acc: 0.9217
Epoch 136/200 Val Acc: 0.9201
Epoch 137/200 Val Acc: 0.9206
Epoch 138/200 Val Acc: 0.9213
Epoch 139/200 Val Acc: 0.9204
Epoch 140/200 Val Acc: 0.9206
Epoch 141/200 Val Acc: 0.9191
Epoch 142/200 Val Acc: 0.9216
Epoch 143/200 Val Acc: 0.9200
Epoch 144/200 Val Acc: 0.9164
Epoch 145/200 Val Acc: 0.9211
Epoch 146/200 Val Acc: 0.9195
Epoch 147/200 Val Acc: 0.9195
Epoch 148/200 Val Acc: 0.9208
Epoch 149/200 Val Acc: 0.9174
Epoch 150/200 Val Acc: 0.9202
Epoch 151/200 Val Acc: 0.9190
Epoch 152/200 Val Acc: 0.9183
Epoch 153/200 Val Acc: 0.9181
Epoch 154/200 Val Acc: 0.9185
Epoch 155/200 Val Acc: 0.9183
Epoch 156/200 Val Acc: 0.9186
Epoch 157/200 Val Acc: 0.9203
Epoch 158/200 Val Acc: 0.9193
Epoch 159/200 Val Acc: 0.9196
Epoch 160/200 Val Acc: 0.9192
Epoch 161/200 Val Acc: 0.9212
Epoch 162/200 Val Acc: 0.9207
Epoch 163/200 Val Acc: 0.9213
Epoch 164/200 Val Acc: 0.9216
Epoch 165/200 Val Acc: 0.9213
Epoch 166/200 Val Acc: 0.9209
Epoch 167/200 Val Acc: 0.9216
Epoch 168/200 Val Acc: 0.9204
Epoch 169/200 Val Acc: 0.9206
Epoch 170/200 Val Acc: 0.9217
Epoch 171/200 Val Acc: 0.9214
Epoch 172/200 Val Acc: 0.9225
Epoch 173/200 Val Acc: 0.9211
Epoch 174/200 Val Acc: 0.9212
Epoch 175/200 Val Acc: 0.9222
Epoch 176/200 Val Acc: 0.9220
Epoch 177/200 Val Acc: 0.9209
Epoch 178/200 Val Acc: 0.9217
Epoch 179/200 Val Acc: 0.9213
Epoch 180/200 Val Acc: 0.9208
Epoch 181/200 Val Acc: 0.9212
Epoch 182/200 Val Acc: 0.9213
Epoch 183/200 Val Acc: 0.9217
Epoch 184/200 Val Acc: 0.9212
Epoch 185/200 Val Acc: 0.9209
Epoch 186/200 Val Acc: 0.9223
Epoch 187/200 Val Acc: 0.9223
Epoch 188/200 Val Acc: 0.9219
Epoch 189/200 Val Acc: 0.9219
Epoch 190/200 Val Acc: 0.9207
Epoch 191/200 Val Acc: 0.9222
Epoch 192/200 Val Acc: 0.9221
Epoch 193/200 Val Acc: 0.9211
Epoch 194/200 Val Acc: 0.9217
Epoch 195/200 Val Acc: 0.9220
Epoch 196/200 Val Acc: 0.9219
Epoch 197/200 Val Acc: 0.9214
Epoch 198/200 Val Acc: 0.9203
Epoch 199/200 Val Acc: 0.9214
Epoch 200/200 Val Acc: 0.9209
writer closed.
Training Complete.
