nohup: ignoring input
Using device: cuda:6
>> Data: Splitting 45k (Train) / 5k (Reward) / 10k (Test)
ModelWrapper: Detected 27 prunable blocks (Conv1+Conv2 pairs).
Env Init: Original=125.04M, Target=62.52M
Environment initialized. State dim: 9, Target Prune Rate: 0.5

=== [Phase 1] Warmup (Weights Training) ===
Epoch 1 Val Acc: 0.3690 | LR: 0.10000
Epoch 2 Val Acc: 0.4339 | LR: 0.10000
Epoch 3 Val Acc: 0.5664 | LR: 0.10000
Epoch 4 Val Acc: 0.6791 | LR: 0.10000
Epoch 5 Val Acc: 0.7217 | LR: 0.10000
Epoch 6 Val Acc: 0.7242 | LR: 0.10000
Epoch 7 Val Acc: 0.6744 | LR: 0.10000
Epoch 8 Val Acc: 0.7789 | LR: 0.10000
Epoch 9 Val Acc: 0.7702 | LR: 0.10000
Epoch 10 Val Acc: 0.7904 | LR: 0.10000
>> Warmup done. Updating base weights for Agent...

=== [Phase 2] Fill Buffer (Exploration) ===
Epoch 11/200
  Fill Episode 1/10: Reward=0.7332
  Fill Episode 2/10: Reward=0.7218
  Fill Episode 3/10: Reward=0.7726
  Fill Episode 4/10: Reward=0.7488
  Fill Episode 5/10: Reward=0.7646
  Fill Episode 6/10: Reward=0.7682
  Fill Episode 7/10: Reward=0.7502
  Fill Episode 8/10: Reward=0.7312
  Fill Episode 9/10: Reward=0.7652
  Fill Episode 10/10: Reward=0.7140
Epoch 12/200
  Fill Episode 1/10: Reward=0.7682
  Fill Episode 2/10: Reward=0.7792
  Fill Episode 3/10: Reward=0.7558
  Fill Episode 4/10: Reward=0.7628
  Fill Episode 5/10: Reward=0.7742
  Fill Episode 6/10: Reward=0.7456
  Fill Episode 7/10: Reward=0.7646
  Fill Episode 8/10: Reward=0.7420
  Fill Episode 9/10: Reward=0.7544
  Fill Episode 10/10: Reward=0.7572
Epoch 13/200
  Fill Episode 1/10: Reward=0.7352
  Fill Episode 2/10: Reward=0.7274
  Fill Episode 3/10: Reward=0.7612
  Fill Episode 4/10: Reward=0.7752
  Fill Episode 5/10: Reward=0.7726
  Fill Episode 6/10: Reward=0.7672
  Fill Episode 7/10: Reward=0.7582
  Fill Episode 8/10: Reward=0.7650
  Fill Episode 9/10: Reward=0.7354
  Fill Episode 10/10: Reward=0.7626
Epoch 14/200
  Fill Episode 1/10: Reward=0.7318
  Fill Episode 2/10: Reward=0.7894
  Fill Episode 3/10: Reward=0.7638
  Fill Episode 4/10: Reward=0.7164
  Fill Episode 5/10: Reward=0.7556
  Fill Episode 6/10: Reward=0.7540
  Fill Episode 7/10: Reward=0.7134
  Fill Episode 8/10: Reward=0.7020
  Fill Episode 9/10: Reward=0.7380
  Fill Episode 10/10: Reward=0.7136
Epoch 15/200
  Fill Episode 1/10: Reward=0.7292
  Fill Episode 2/10: Reward=0.7220
  Fill Episode 3/10: Reward=0.7480
  Fill Episode 4/10: Reward=0.7810
  Fill Episode 5/10: Reward=0.7786
  Fill Episode 6/10: Reward=0.7592
  Fill Episode 7/10: Reward=0.7174
  Fill Episode 8/10: Reward=0.7698
  Fill Episode 9/10: Reward=0.7528
  Fill Episode 10/10: Reward=0.7778
Epoch 16/200
  Fill Episode 1/10: Reward=0.7276
  Fill Episode 2/10: Reward=0.7626
  Fill Episode 3/10: Reward=0.7666
  Fill Episode 4/10: Reward=0.7484
  Fill Episode 5/10: Reward=0.7284
  Fill Episode 6/10: Reward=0.7392
  Fill Episode 7/10: Reward=0.7488
  Fill Episode 8/10: Reward=0.7630
  Fill Episode 9/10: Reward=0.7550
  Fill Episode 10/10: Reward=0.7614
Epoch 17/200
  Fill Episode 1/10: Reward=0.7698
  Fill Episode 2/10: Reward=0.7524
  Fill Episode 3/10: Reward=0.7528
  Fill Episode 4/10: Reward=0.7538
  Fill Episode 5/10: Reward=0.7630
  Fill Episode 6/10: Reward=0.7370
  Fill Episode 7/10: Reward=0.7576
  Fill Episode 8/10: Reward=0.7578
  Fill Episode 9/10: Reward=0.7198
  Fill Episode 10/10: Reward=0.7710
Epoch 18/200
  Fill Episode 1/10: Reward=0.7662
  Fill Episode 2/10: Reward=0.7736
  Fill Episode 3/10: Reward=0.7740
  Fill Episode 4/10: Reward=0.7550
  Fill Episode 5/10: Reward=0.7548
  Fill Episode 6/10: Reward=0.7786
  Fill Episode 7/10: Reward=0.7564
  Fill Episode 8/10: Reward=0.7486
  Fill Episode 9/10: Reward=0.7660
  Fill Episode 10/10: Reward=0.7266
Epoch 19/200
  Fill Episode 1/10: Reward=0.7460
  Fill Episode 2/10: Reward=0.7576
  Fill Episode 3/10: Reward=0.7298
  Fill Episode 4/10: Reward=0.7160
  Fill Episode 5/10: Reward=0.7304
  Fill Episode 6/10: Reward=0.7456
  Fill Episode 7/10: Reward=0.7254
  Fill Episode 8/10: Reward=0.7202
  Fill Episode 9/10: Reward=0.7532
  Fill Episode 10/10: Reward=0.7248
Epoch 20/200
  Fill Episode 1/10: Reward=0.7348
  Fill Episode 2/10: Reward=0.7344
  Fill Episode 3/10: Reward=0.7594
  Fill Episode 4/10: Reward=0.7044
  Fill Episode 5/10: Reward=0.7692
  Fill Episode 6/10: Reward=0.7154
  Fill Episode 7/10: Reward=0.7714
  Fill Episode 8/10: Reward=0.7510
  Fill Episode 9/10: Reward=0.7470
  Fill Episode 10/10: Reward=0.7100

=== [Phase 3] Joint Agent Training & Pruning Search ===
Epoch 21/200
[BestPolicy] Updated best reward: 0.7520
  Episode 1/10: Reward=0.7520
[BestPolicy] Updated best reward: 0.7644
  Episode 2/10: Reward=0.7644
  Episode 3/10: Reward=0.7522
  Episode 4/10: Reward=0.7582
  Episode 5/10: Reward=0.7078
  Episode 6/10: Reward=0.7636
[BestPolicy] Updated best reward: 0.7714
  Episode 7/10: Reward=0.7714
  Episode 8/10: Reward=0.7622
  Episode 9/10: Reward=0.6986
  Episode 10/10: Reward=0.7392
  >> Decoder Loss: 0.022490
  >> SAC Q1 Loss: 0.0283, Policy Loss: 0.1026
Epoch 21 Val Acc: 0.7717 | LR: 0.10000
Epoch 22/200
  Episode 1/10: Reward=0.7358
[BestPolicy] Updated best reward: 0.7738
  Episode 2/10: Reward=0.7738
  Episode 3/10: Reward=0.7678
  Episode 4/10: Reward=0.7688
  Episode 5/10: Reward=0.7682
  Episode 6/10: Reward=0.7384
[BestPolicy] Updated best reward: 0.7866
  Episode 7/10: Reward=0.7866
  Episode 8/10: Reward=0.7612
  Episode 9/10: Reward=0.7736
  Episode 10/10: Reward=0.7620
  >> Decoder Loss: 0.018443
  >> SAC Q1 Loss: 0.0115, Policy Loss: -0.0405
Epoch 22 Val Acc: 0.7783 | LR: 0.10000
Epoch 23/200
[BestPolicy] Updated best reward: 0.7874
  Episode 1/10: Reward=0.7874
[BestPolicy] Updated best reward: 0.8006
  Episode 2/10: Reward=0.8006
  Episode 3/10: Reward=0.7952
  Episode 4/10: Reward=0.7962
  Episode 5/10: Reward=0.7964
  Episode 6/10: Reward=0.7950
  Episode 7/10: Reward=0.7900
  Episode 8/10: Reward=0.7876
  Episode 9/10: Reward=0.7948
[BestPolicy] Updated best reward: 0.8056
  Episode 10/10: Reward=0.8056
  >> Decoder Loss: 0.017444
  >> SAC Q1 Loss: 0.0044, Policy Loss: -0.1371
Epoch 23 Val Acc: 0.7798 | LR: 0.10000
Epoch 24/200
  Episode 1/10: Reward=0.7850
  Episode 2/10: Reward=0.7868
[BestPolicy] Updated best reward: 0.8188
  Episode 3/10: Reward=0.8188
  Episode 4/10: Reward=0.7932
  Episode 5/10: Reward=0.8134
  Episode 6/10: Reward=0.7942
  Episode 7/10: Reward=0.8070
  Episode 8/10: Reward=0.8158
[BestPolicy] Updated best reward: 0.8194
  Episode 9/10: Reward=0.8194
  Episode 10/10: Reward=0.8132
  >> Decoder Loss: 0.016586
  >> SAC Q1 Loss: 0.0011, Policy Loss: -0.2317
Epoch 24 Val Acc: 0.7846 | LR: 0.10000
Epoch 25/200
[BestPolicy] Updated best reward: 0.8288
  Episode 1/10: Reward=0.8288
  Episode 2/10: Reward=0.7926
  Episode 3/10: Reward=0.8146
  Episode 4/10: Reward=0.8152
  Episode 5/10: Reward=0.8168
  Episode 6/10: Reward=0.8256
  Episode 7/10: Reward=0.7996
  Episode 8/10: Reward=0.8130
  Episode 9/10: Reward=0.8166
  Episode 10/10: Reward=0.8030
  >> Decoder Loss: 0.013577
  >> SAC Q1 Loss: 0.0007, Policy Loss: -0.3158
Epoch 25 Val Acc: 0.7747 | LR: 0.10000
Epoch 26/200
  Episode 1/10: Reward=0.8234
  Episode 2/10: Reward=0.8240
  Episode 3/10: Reward=0.8248
  Episode 4/10: Reward=0.8278
  Episode 5/10: Reward=0.8232
  Episode 6/10: Reward=0.8288
  Episode 7/10: Reward=0.8248
  Episode 8/10: Reward=0.8274
  Episode 9/10: Reward=0.8278
  Episode 10/10: Reward=0.8242
  >> Decoder Loss: 0.013334
  >> SAC Q1 Loss: 0.0006, Policy Loss: -0.4034
Epoch 26 Val Acc: 0.7737 | LR: 0.10000
Epoch 27/200
[BestPolicy] Updated best reward: 0.8354
  Episode 1/10: Reward=0.8354
  Episode 2/10: Reward=0.8304
  Episode 3/10: Reward=0.8338
  Episode 4/10: Reward=0.8292
[BestPolicy] Updated best reward: 0.8356
  Episode 5/10: Reward=0.8356
  Episode 6/10: Reward=0.8328
  Episode 7/10: Reward=0.8350
[BestPolicy] Updated best reward: 0.8360
  Episode 8/10: Reward=0.8360
  Episode 9/10: Reward=0.8358
  Episode 10/10: Reward=0.8356
  >> Decoder Loss: 0.012041
  >> SAC Q1 Loss: 0.0009, Policy Loss: -0.4832
Epoch 27 Val Acc: 0.8036 | LR: 0.10000
Epoch 28/200
  Episode 1/10: Reward=0.8356
  Episode 2/10: Reward=0.8356
  Episode 3/10: Reward=0.8330
  Episode 4/10: Reward=0.8356
  Episode 5/10: Reward=0.8352
  Episode 6/10: Reward=0.8320
  Episode 7/10: Reward=0.8344
[BestPolicy] Updated best reward: 0.8364
  Episode 8/10: Reward=0.8364
[BestPolicy] Updated best reward: 0.8368
  Episode 9/10: Reward=0.8368
  Episode 10/10: Reward=0.8336
  >> Decoder Loss: 0.010017
  >> SAC Q1 Loss: 0.0012, Policy Loss: -0.5654
Epoch 28 Val Acc: 0.7931 | LR: 0.10000
Epoch 29/200
  Episode 1/10: Reward=0.8320
[BestPolicy] Updated best reward: 0.8388
  Episode 2/10: Reward=0.8388
  Episode 3/10: Reward=0.8388
[BestPolicy] Updated best reward: 0.8406
  Episode 4/10: Reward=0.8406
  Episode 5/10: Reward=0.8376
  Episode 6/10: Reward=0.8384
  Episode 7/10: Reward=0.8386
  Episode 8/10: Reward=0.8392
  Episode 9/10: Reward=0.8394
  Episode 10/10: Reward=0.8374
  >> Decoder Loss: 0.010118
  >> SAC Q1 Loss: 0.0018, Policy Loss: -0.6455
Epoch 29 Val Acc: 0.7931 | LR: 0.10000
Epoch 30/200
  Episode 1/10: Reward=0.8384
  Episode 2/10: Reward=0.8386
  Episode 3/10: Reward=0.8400
[BestPolicy] Updated best reward: 0.8422
  Episode 4/10: Reward=0.8422
  Episode 5/10: Reward=0.8350
  Episode 6/10: Reward=0.8420
  Episode 7/10: Reward=0.8372
  Episode 8/10: Reward=0.8408
[BestPolicy] Updated best reward: 0.8432
  Episode 9/10: Reward=0.8432
  Episode 10/10: Reward=0.8412
  >> Decoder Loss: 0.009043
  >> SAC Q1 Loss: 0.0019, Policy Loss: -0.7189
Epoch 30 Val Acc: 0.8115 | LR: 0.10000
Epoch 31/200
  Episode 1/10: Reward=0.8404
  Episode 2/10: Reward=0.8402
  Episode 3/10: Reward=0.8400
  Episode 4/10: Reward=0.8326
  Episode 5/10: Reward=0.8328
  Episode 6/10: Reward=0.8396
  Episode 7/10: Reward=0.8384
  Episode 8/10: Reward=0.8394
  Episode 9/10: Reward=0.8398
  Episode 10/10: Reward=0.8388
  >> Decoder Loss: 0.008890
  >> SAC Q1 Loss: 0.0022, Policy Loss: -0.7834
Epoch 31 Val Acc: 0.8201 | LR: 0.10000
Epoch 32/200
[BestPolicy] Updated best reward: 0.8514
  Episode 1/10: Reward=0.8514
[BestPolicy] Updated best reward: 0.8536
  Episode 2/10: Reward=0.8536
  Episode 3/10: Reward=0.8530
  Episode 4/10: Reward=0.8526
  Episode 5/10: Reward=0.8516
  Episode 6/10: Reward=0.8530
  Episode 7/10: Reward=0.8520
  Episode 8/10: Reward=0.8508
[BestPolicy] Updated best reward: 0.8544
  Episode 9/10: Reward=0.8544
  Episode 10/10: Reward=0.8528
  >> Decoder Loss: 0.006674
  >> SAC Q1 Loss: 0.0016, Policy Loss: -0.8522
Epoch 32 Val Acc: 0.8065 | LR: 0.10000
Epoch 33/200
  Episode 1/10: Reward=0.8514
  Episode 2/10: Reward=0.8518
  Episode 3/10: Reward=0.8528
  Episode 4/10: Reward=0.8524
  Episode 5/10: Reward=0.8522
  Episode 6/10: Reward=0.8544
  Episode 7/10: Reward=0.8484
  Episode 8/10: Reward=0.8466
  Episode 9/10: Reward=0.8526
  Episode 10/10: Reward=0.8528
  >> Decoder Loss: 0.007114
  >> SAC Q1 Loss: 0.0012, Policy Loss: -0.9119
Epoch 33 Val Acc: 0.8211 | LR: 0.10000
Epoch 34/200
[BestPolicy] Updated best reward: 0.8558
  Episode 1/10: Reward=0.8558
[BestPolicy] Updated best reward: 0.8572
  Episode 2/10: Reward=0.8572
  Episode 3/10: Reward=0.8518
  Episode 4/10: Reward=0.8550
  Episode 5/10: Reward=0.8570
  Episode 6/10: Reward=0.8562
[BestPolicy] Updated best reward: 0.8590
  Episode 7/10: Reward=0.8590
  Episode 8/10: Reward=0.8570
  Episode 9/10: Reward=0.8562
  Episode 10/10: Reward=0.8566
  >> Decoder Loss: 0.005480
  >> SAC Q1 Loss: 0.0008, Policy Loss: -0.9660
Epoch 34 Val Acc: 0.8236 | LR: 0.10000
Epoch 35/200
  Episode 1/10: Reward=0.8534
  Episode 2/10: Reward=0.8574
  Episode 3/10: Reward=0.8586
  Episode 4/10: Reward=0.8588
[BestPolicy] Updated best reward: 0.8592
  Episode 5/10: Reward=0.8592
  Episode 6/10: Reward=0.8572
  Episode 7/10: Reward=0.8572
  Episode 8/10: Reward=0.8538
[BestPolicy] Updated best reward: 0.8616
  Episode 9/10: Reward=0.8616
  Episode 10/10: Reward=0.8600
  >> Decoder Loss: 0.006102
  >> SAC Q1 Loss: 0.0006, Policy Loss: -1.0238
Epoch 35 Val Acc: 0.8267 | LR: 0.10000
Epoch 36/200
[BestPolicy] Updated best reward: 0.8618
  Episode 1/10: Reward=0.8618
[BestPolicy] Updated best reward: 0.8632
  Episode 2/10: Reward=0.8632
  Episode 3/10: Reward=0.8606
  Episode 4/10: Reward=0.8620
  Episode 5/10: Reward=0.8608
  Episode 6/10: Reward=0.8628
  Episode 7/10: Reward=0.8562
  Episode 8/10: Reward=0.8614
  Episode 9/10: Reward=0.8618
  Episode 10/10: Reward=0.8608
  >> Decoder Loss: 0.004163
  >> SAC Q1 Loss: 0.0006, Policy Loss: -1.0716
Epoch 36 Val Acc: 0.8203 | LR: 0.10000
Epoch 37/200
  Episode 1/10: Reward=0.8570
  Episode 2/10: Reward=0.8568
  Episode 3/10: Reward=0.8626
  Episode 4/10: Reward=0.8618
  Episode 5/10: Reward=0.8578
  Episode 6/10: Reward=0.8574
  Episode 7/10: Reward=0.8616
  Episode 8/10: Reward=0.8622
  Episode 9/10: Reward=0.8560
  Episode 10/10: Reward=0.8628
  >> Decoder Loss: 0.004012
  >> SAC Q1 Loss: 0.0006, Policy Loss: -1.1208
Epoch 37 Val Acc: 0.8080 | LR: 0.10000
Epoch 38/200
[BestPolicy] Updated best reward: 0.8664
  Episode 1/10: Reward=0.8664
  Episode 2/10: Reward=0.8640
  Episode 3/10: Reward=0.8648
  Episode 4/10: Reward=0.8584
  Episode 5/10: Reward=0.8636
  Episode 6/10: Reward=0.8600
  Episode 7/10: Reward=0.8652
[BestPolicy] Updated best reward: 0.8666
  Episode 8/10: Reward=0.8666
  Episode 9/10: Reward=0.8652
  Episode 10/10: Reward=0.8580
  >> Decoder Loss: 0.002588
  >> SAC Q1 Loss: 0.0006, Policy Loss: -1.1636
Epoch 38 Val Acc: 0.8447 | LR: 0.10000
Epoch 39/200
  Episode 1/10: Reward=0.8566
  Episode 2/10: Reward=0.8570
  Episode 3/10: Reward=0.8566
  Episode 4/10: Reward=0.8570
  Episode 5/10: Reward=0.8558
  Episode 6/10: Reward=0.8562
  Episode 7/10: Reward=0.8546
  Episode 8/10: Reward=0.8564
  Episode 9/10: Reward=0.8580
  Episode 10/10: Reward=0.8546
  >> Decoder Loss: 0.003297
  >> SAC Q1 Loss: 0.0005, Policy Loss: -1.2031
Epoch 39 Val Acc: 0.8342 | LR: 0.10000
Epoch 40/200
  Episode 1/10: Reward=0.8642
  Episode 2/10: Reward=0.8622
  Episode 3/10: Reward=0.8616
  Episode 4/10: Reward=0.8640
  Episode 5/10: Reward=0.8618
  Episode 6/10: Reward=0.8626
  Episode 7/10: Reward=0.8624
  Episode 8/10: Reward=0.8624
  Episode 9/10: Reward=0.8638
  Episode 10/10: Reward=0.8632
  >> Decoder Loss: 0.002416
  >> SAC Q1 Loss: 0.0004, Policy Loss: -1.2395
Epoch 40 Val Acc: 0.8211 | LR: 0.10000
Epoch 41/200
  Episode 1/10: Reward=0.8604
  Episode 2/10: Reward=0.8606
  Episode 3/10: Reward=0.8606
  Episode 4/10: Reward=0.8604
  Episode 5/10: Reward=0.8602
  Episode 6/10: Reward=0.8598
  Episode 7/10: Reward=0.8590
  Episode 8/10: Reward=0.8630
  Episode 9/10: Reward=0.8610
  Episode 10/10: Reward=0.8586
  >> Decoder Loss: 0.001968
  >> SAC Q1 Loss: 0.0005, Policy Loss: -1.2706
Epoch 41 Val Acc: 0.8382 | LR: 0.10000
Epoch 42/200
  Episode 1/10: Reward=0.8634
  Episode 2/10: Reward=0.8628
  Episode 3/10: Reward=0.8618
  Episode 4/10: Reward=0.8640
  Episode 5/10: Reward=0.8630
  Episode 6/10: Reward=0.8632
  Episode 7/10: Reward=0.8628
  Episode 8/10: Reward=0.8646
  Episode 9/10: Reward=0.8634
  Episode 10/10: Reward=0.8622
  >> Decoder Loss: 0.002354
  >> SAC Q1 Loss: 0.0006, Policy Loss: -1.3036
Epoch 42 Val Acc: 0.8179 | LR: 0.10000
Epoch 43/200
  Episode 1/10: Reward=0.8646
  Episode 2/10: Reward=0.8630
  Episode 3/10: Reward=0.8642
  Episode 4/10: Reward=0.8634
  Episode 5/10: Reward=0.8646
  Episode 6/10: Reward=0.8626
  Episode 7/10: Reward=0.8658
  Episode 8/10: Reward=0.8650
  Episode 9/10: Reward=0.8630
  Episode 10/10: Reward=0.8630
  >> Decoder Loss: 0.002003
  >> SAC Q1 Loss: 0.0005, Policy Loss: -1.3353
Epoch 43 Val Acc: 0.8228 | LR: 0.10000
Epoch 44/200
  Episode 1/10: Reward=0.8654
[BestPolicy] Updated best reward: 0.8668
  Episode 2/10: Reward=0.8668
  Episode 3/10: Reward=0.8666
  Episode 4/10: Reward=0.8664
  Episode 5/10: Reward=0.8642
  Episode 6/10: Reward=0.8650
  Episode 7/10: Reward=0.8634
  Episode 8/10: Reward=0.8664
  Episode 9/10: Reward=0.8668
  Episode 10/10: Reward=0.8650
  >> Decoder Loss: 0.001133
  >> SAC Q1 Loss: 0.0006, Policy Loss: -1.3635
Epoch 44 Val Acc: 0.8261 | LR: 0.10000
Epoch 45/200
  Episode 1/10: Reward=0.8656
  Episode 2/10: Reward=0.8638
  Episode 3/10: Reward=0.8658
  Episode 4/10: Reward=0.8658
  Episode 5/10: Reward=0.8644
  Episode 6/10: Reward=0.8648
  Episode 7/10: Reward=0.8648
  Episode 8/10: Reward=0.8646
  Episode 9/10: Reward=0.8644
  Episode 10/10: Reward=0.8636
  >> Decoder Loss: 0.001380
  >> SAC Q1 Loss: 0.0005, Policy Loss: -1.3909
Epoch 45 Val Acc: 0.8386 | LR: 0.10000
Epoch 46/200
[BestPolicy] Updated best reward: 0.8734
  Episode 1/10: Reward=0.8734
  Episode 2/10: Reward=0.8720
  Episode 3/10: Reward=0.8714
[BestPolicy] Updated best reward: 0.8740
  Episode 4/10: Reward=0.8740
  Episode 5/10: Reward=0.8712
  Episode 6/10: Reward=0.8710
  Episode 7/10: Reward=0.8730
  Episode 8/10: Reward=0.8722
  Episode 9/10: Reward=0.8724
  Episode 10/10: Reward=0.8726
  >> Decoder Loss: 0.001592
  >> SAC Q1 Loss: 0.0004, Policy Loss: -1.4266
Epoch 46 Val Acc: 0.8343 | LR: 0.10000
Epoch 47/200
  Episode 1/10: Reward=0.8688
  Episode 2/10: Reward=0.8662
  Episode 3/10: Reward=0.8672
  Episode 4/10: Reward=0.8684
  Episode 5/10: Reward=0.8664
  Episode 6/10: Reward=0.8666
  Episode 7/10: Reward=0.8672
  Episode 8/10: Reward=0.8662
  Episode 9/10: Reward=0.8670
  Episode 10/10: Reward=0.8654
  >> Decoder Loss: 0.001769
  >> SAC Q1 Loss: 0.0006, Policy Loss: -1.4475
Epoch 47 Val Acc: 0.8424 | LR: 0.10000
Epoch 48/200
  Episode 1/10: Reward=0.8726
  Episode 2/10: Reward=0.8720
  Episode 3/10: Reward=0.8724
  Episode 4/10: Reward=0.8728
  Episode 5/10: Reward=0.8704
  Episode 6/10: Reward=0.8710
  Episode 7/10: Reward=0.8700
  Episode 8/10: Reward=0.8702
  Episode 9/10: Reward=0.8728
  Episode 10/10: Reward=0.8718
  >> Decoder Loss: 0.002070
  >> SAC Q1 Loss: 0.0006, Policy Loss: -1.4577
Epoch 48 Val Acc: 0.8048 | LR: 0.10000
Epoch 49/200
  Episode 1/10: Reward=0.8694
  Episode 2/10: Reward=0.8674
  Episode 3/10: Reward=0.8702
  Episode 4/10: Reward=0.8708
  Episode 5/10: Reward=0.8702
  Episode 6/10: Reward=0.8680
  Episode 7/10: Reward=0.8726
  Episode 8/10: Reward=0.8694
  Episode 9/10: Reward=0.8694
  Episode 10/10: Reward=0.8680
  >> Decoder Loss: 0.003681
  >> SAC Q1 Loss: 0.0005, Policy Loss: -1.4765
Epoch 49 Val Acc: 0.8178 | LR: 0.10000
Epoch 50/200
  Episode 1/10: Reward=0.8728
  Episode 2/10: Reward=0.8722
  Episode 3/10: Reward=0.8736
  Episode 4/10: Reward=0.8732
  Episode 5/10: Reward=0.8736
[BestPolicy] Updated best reward: 0.8752
  Episode 6/10: Reward=0.8752
  Episode 7/10: Reward=0.8740
  Episode 8/10: Reward=0.8738
  Episode 9/10: Reward=0.8724
  Episode 10/10: Reward=0.8728
  >> Decoder Loss: 0.001348
  >> SAC Q1 Loss: 0.0005, Policy Loss: -1.4871
Epoch 50 Val Acc: 0.8465 | LR: 0.10000
Epoch 51/200
  Episode 1/10: Reward=0.8708
  Episode 2/10: Reward=0.8740
  Episode 3/10: Reward=0.8716
  Episode 4/10: Reward=0.8750
  Episode 5/10: Reward=0.8722
  Episode 6/10: Reward=0.8746
  Episode 7/10: Reward=0.8726
  Episode 8/10: Reward=0.8712
  Episode 9/10: Reward=0.8706
  Episode 10/10: Reward=0.8732
  >> Decoder Loss: 0.001240
  >> SAC Q1 Loss: 0.0004, Policy Loss: -1.4980
Epoch 51 Val Acc: 0.8244 | LR: 0.10000
Epoch 52/200
[BestPolicy] Updated best reward: 0.8758
  Episode 1/10: Reward=0.8758
  Episode 2/10: Reward=0.8726
  Episode 3/10: Reward=0.8738
  Episode 4/10: Reward=0.8738
[BestPolicy] Updated best reward: 0.8760
  Episode 5/10: Reward=0.8760
  Episode 6/10: Reward=0.8738
  Episode 7/10: Reward=0.8746
  Episode 8/10: Reward=0.8732
  Episode 9/10: Reward=0.8744
  Episode 10/10: Reward=0.8750
  >> Decoder Loss: 0.002918
  >> SAC Q1 Loss: 0.0004, Policy Loss: -1.5029
Epoch 52 Val Acc: 0.8497 | LR: 0.10000
Epoch 53/200
  Episode 1/10: Reward=0.8738
  Episode 2/10: Reward=0.8750
  Episode 3/10: Reward=0.8720
  Episode 4/10: Reward=0.8726
  Episode 5/10: Reward=0.8752
  Episode 6/10: Reward=0.8746
  Episode 7/10: Reward=0.8750
  Episode 8/10: Reward=0.8744
  Episode 9/10: Reward=0.8744
  Episode 10/10: Reward=0.8742
  >> Decoder Loss: 0.001008
  >> SAC Q1 Loss: 0.0005, Policy Loss: -1.5122
Epoch 53 Val Acc: 0.8371 | LR: 0.10000
Epoch 54/200
  Episode 1/10: Reward=0.8698
  Episode 2/10: Reward=0.8718
  Episode 3/10: Reward=0.8718
  Episode 4/10: Reward=0.8708
  Episode 5/10: Reward=0.8704
  Episode 6/10: Reward=0.8712
  Episode 7/10: Reward=0.8700
  Episode 8/10: Reward=0.8710
  Episode 9/10: Reward=0.8698
  Episode 10/10: Reward=0.8710
  >> Decoder Loss: 0.001725
  >> SAC Q1 Loss: 0.0004, Policy Loss: -1.5090
Epoch 54 Val Acc: 0.8385 | LR: 0.10000
Epoch 55/200
  Episode 1/10: Reward=0.8740
  Episode 2/10: Reward=0.8726
  Episode 3/10: Reward=0.8734
  Episode 4/10: Reward=0.8732
  Episode 5/10: Reward=0.8746
  Episode 6/10: Reward=0.8732
  Episode 7/10: Reward=0.8736
[BestPolicy] Updated best reward: 0.8764
  Episode 8/10: Reward=0.8764
  Episode 9/10: Reward=0.8728
  Episode 10/10: Reward=0.8748
  >> Decoder Loss: 0.001016
  >> SAC Q1 Loss: 0.0004, Policy Loss: -1.5238
Epoch 55 Val Acc: 0.8337 | LR: 0.10000
Epoch 56/200
  Episode 1/10: Reward=0.8738
  Episode 2/10: Reward=0.8734
  Episode 3/10: Reward=0.8746
  Episode 4/10: Reward=0.8754
  Episode 5/10: Reward=0.8742
  Episode 6/10: Reward=0.8742
  Episode 7/10: Reward=0.8738
  Episode 8/10: Reward=0.8726
  Episode 9/10: Reward=0.8742
  Episode 10/10: Reward=0.8732
  >> Decoder Loss: 0.003251
  >> SAC Q1 Loss: 0.0004, Policy Loss: -1.5252
Epoch 56 Val Acc: 0.8472 | LR: 0.10000
Epoch 57/200
[BestPolicy] Updated best reward: 0.8768
  Episode 1/10: Reward=0.8768
  Episode 2/10: Reward=0.8756
  Episode 3/10: Reward=0.8766
  Episode 4/10: Reward=0.8762
[BestPolicy] Updated best reward: 0.8770
  Episode 5/10: Reward=0.8770
  Episode 6/10: Reward=0.8766
[BestPolicy] Updated best reward: 0.8782
  Episode 7/10: Reward=0.8782
  Episode 8/10: Reward=0.8770
  Episode 9/10: Reward=0.8770
  Episode 10/10: Reward=0.8764
  >> Decoder Loss: 0.001096
  >> SAC Q1 Loss: 0.0004, Policy Loss: -1.5365
Epoch 57 Val Acc: 0.8108 | LR: 0.10000
Epoch 58/200
  Episode 1/10: Reward=0.8726
  Episode 2/10: Reward=0.8722
  Episode 3/10: Reward=0.8736
  Episode 4/10: Reward=0.8742
  Episode 5/10: Reward=0.8724
  Episode 6/10: Reward=0.8722
  Episode 7/10: Reward=0.8748
  Episode 8/10: Reward=0.8726
  Episode 9/10: Reward=0.8738
  Episode 10/10: Reward=0.8720
  >> Decoder Loss: 0.000890
  >> SAC Q1 Loss: 0.0003, Policy Loss: -1.5385
Epoch 58 Val Acc: 0.8479 | LR: 0.10000
Epoch 59/200
  Episode 1/10: Reward=0.8732
  Episode 2/10: Reward=0.8742
  Episode 3/10: Reward=0.8736
  Episode 4/10: Reward=0.8750
  Episode 5/10: Reward=0.8746
  Episode 6/10: Reward=0.8724
  Episode 7/10: Reward=0.8740
  Episode 8/10: Reward=0.8732
  Episode 9/10: Reward=0.8736
  Episode 10/10: Reward=0.8730
  >> Decoder Loss: 0.001081
  >> SAC Q1 Loss: 0.0004, Policy Loss: -1.5423
Epoch 59 Val Acc: 0.8532 | LR: 0.10000
Epoch 60/200
  Episode 1/10: Reward=0.8740
  Episode 2/10: Reward=0.8744
  Episode 3/10: Reward=0.8746
  Episode 4/10: Reward=0.8754
  Episode 5/10: Reward=0.8734
  Episode 6/10: Reward=0.8746
  Episode 7/10: Reward=0.8754
  Episode 8/10: Reward=0.8736
  Episode 9/10: Reward=0.8746
  Episode 10/10: Reward=0.8738
  >> Decoder Loss: 0.001344
  >> SAC Q1 Loss: 0.0004, Policy Loss: -1.5534
Epoch 60 Val Acc: 0.8441 | LR: 0.10000
Epoch 61/200
  Episode 1/10: Reward=0.8712
  Episode 2/10: Reward=0.8698
  Episode 3/10: Reward=0.8710
  Episode 4/10: Reward=0.8696
  Episode 5/10: Reward=0.8696
  Episode 6/10: Reward=0.8696
  Episode 7/10: Reward=0.8680
  Episode 8/10: Reward=0.8702
  Episode 9/10: Reward=0.8694
  Episode 10/10: Reward=0.8704
  >> Decoder Loss: 0.001182
  >> SAC Q1 Loss: 0.0004, Policy Loss: -1.5453
Epoch 61 Val Acc: 0.8316 | LR: 0.10000
Epoch 62/200
  Episode 1/10: Reward=0.8736
  Episode 2/10: Reward=0.8750
  Episode 3/10: Reward=0.8758
  Episode 4/10: Reward=0.8734
  Episode 5/10: Reward=0.8754
  Episode 6/10: Reward=0.8730
  Episode 7/10: Reward=0.8740
  Episode 8/10: Reward=0.8746
  Episode 9/10: Reward=0.8750
  Episode 10/10: Reward=0.8736
  >> Decoder Loss: 0.001884
  >> SAC Q1 Loss: 0.0004, Policy Loss: -1.5533
Epoch 62 Val Acc: 0.8432 | LR: 0.10000
Epoch 63/200
  Episode 1/10: Reward=0.8748
  Episode 2/10: Reward=0.8722
  Episode 3/10: Reward=0.8730
  Episode 4/10: Reward=0.8728
  Episode 5/10: Reward=0.8710
  Episode 6/10: Reward=0.8726
  Episode 7/10: Reward=0.8742
  Episode 8/10: Reward=0.8724
  Episode 9/10: Reward=0.8726
  Episode 10/10: Reward=0.8720
  >> Decoder Loss: 0.000936
  >> SAC Q1 Loss: 0.0004, Policy Loss: -1.5478
Epoch 63 Val Acc: 0.8234 | LR: 0.10000
Epoch 64/200
  Episode 1/10: Reward=0.8734
  Episode 2/10: Reward=0.8758
  Episode 3/10: Reward=0.8748
  Episode 4/10: Reward=0.8734
  Episode 5/10: Reward=0.8740
  Episode 6/10: Reward=0.8746
  Episode 7/10: Reward=0.8736
  Episode 8/10: Reward=0.8746
  Episode 9/10: Reward=0.8740
  Episode 10/10: Reward=0.8752
  >> Decoder Loss: 0.001507
  >> SAC Q1 Loss: 0.0004, Policy Loss: -1.5490
Epoch 64 Val Acc: 0.8359 | LR: 0.10000
Epoch 65/200
  Episode 1/10: Reward=0.8764
  Episode 2/10: Reward=0.8762
  Episode 3/10: Reward=0.8738
  Episode 4/10: Reward=0.8768
  Episode 5/10: Reward=0.8754
  Episode 6/10: Reward=0.8758
  Episode 7/10: Reward=0.8760
  Episode 8/10: Reward=0.8770
  Episode 9/10: Reward=0.8764
  Episode 10/10: Reward=0.8744
  >> Decoder Loss: 0.001364
  >> SAC Q1 Loss: 0.0004, Policy Loss: -1.5498
Epoch 65 Val Acc: 0.8181 | LR: 0.10000
Epoch 66/200
  Episode 1/10: Reward=0.8772
  Episode 2/10: Reward=0.8768
  Episode 3/10: Reward=0.8776
[BestPolicy] Updated best reward: 0.8790
  Episode 4/10: Reward=0.8790
  Episode 5/10: Reward=0.8774
  Episode 6/10: Reward=0.8782
  Episode 7/10: Reward=0.8778
[BestPolicy] Updated best reward: 0.8798
  Episode 8/10: Reward=0.8798
  Episode 9/10: Reward=0.8772
  Episode 10/10: Reward=0.8786
  >> Decoder Loss: 0.000869
  >> SAC Q1 Loss: 0.0004, Policy Loss: -1.5513
Epoch 66 Val Acc: 0.8516 | LR: 0.10000
Epoch 67/200
  Episode 1/10: Reward=0.8784
  Episode 2/10: Reward=0.8764
  Episode 3/10: Reward=0.8788
  Episode 4/10: Reward=0.8772
  Episode 5/10: Reward=0.8778
  Episode 6/10: Reward=0.8794
  Episode 7/10: Reward=0.8788
  Episode 8/10: Reward=0.8790
  Episode 9/10: Reward=0.8776
  Episode 10/10: Reward=0.8794
  >> Decoder Loss: 0.000974
  >> SAC Q1 Loss: 0.0003, Policy Loss: -1.5515
Epoch 67 Val Acc: 0.8487 | LR: 0.10000
Epoch 68/200
  Episode 1/10: Reward=0.8734
  Episode 2/10: Reward=0.8724
  Episode 3/10: Reward=0.8744
  Episode 4/10: Reward=0.8724
  Episode 5/10: Reward=0.8736
  Episode 6/10: Reward=0.8744
  Episode 7/10: Reward=0.8730
  Episode 8/10: Reward=0.8726
  Episode 9/10: Reward=0.8740
  Episode 10/10: Reward=0.8734
  >> Decoder Loss: 0.003331
  >> SAC Q1 Loss: 0.0004, Policy Loss: -1.5511
Epoch 68 Val Acc: 0.8426 | LR: 0.10000
Epoch 69/200
[BestPolicy] Updated best reward: 0.8842
  Episode 1/10: Reward=0.8842
[BestPolicy] Updated best reward: 0.8844
  Episode 2/10: Reward=0.8844
[BestPolicy] Updated best reward: 0.8852
  Episode 3/10: Reward=0.8852
  Episode 4/10: Reward=0.8832
[BestPolicy] Updated best reward: 0.8856
  Episode 5/10: Reward=0.8856
  Episode 6/10: Reward=0.8842
  Episode 7/10: Reward=0.8846
  Episode 8/10: Reward=0.8836
  Episode 9/10: Reward=0.8848
  Episode 10/10: Reward=0.8844
  >> Decoder Loss: 0.001295
  >> SAC Q1 Loss: 0.0004, Policy Loss: -1.5579
Epoch 69 Val Acc: 0.8534 | LR: 0.10000
Epoch 70/200
  Episode 1/10: Reward=0.8764
  Episode 2/10: Reward=0.8750
  Episode 3/10: Reward=0.8792
  Episode 4/10: Reward=0.8780
  Episode 5/10: Reward=0.8758
  Episode 6/10: Reward=0.8768
  Episode 7/10: Reward=0.8764
  Episode 8/10: Reward=0.8758
  Episode 9/10: Reward=0.8754
  Episode 10/10: Reward=0.8772
  >> Decoder Loss: 0.000992
  >> SAC Q1 Loss: 0.0004, Policy Loss: -1.5535
Epoch 70 Val Acc: 0.8448 | LR: 0.10000
Epoch 71/200
  Episode 1/10: Reward=0.8792
  Episode 2/10: Reward=0.8772
  Episode 3/10: Reward=0.8816
  Episode 4/10: Reward=0.8796
  Episode 5/10: Reward=0.8784
  Episode 6/10: Reward=0.8770
  Episode 7/10: Reward=0.8784
  Episode 8/10: Reward=0.8796
  Episode 9/10: Reward=0.8800
  Episode 10/10: Reward=0.8782
  >> Decoder Loss: 0.001295
  >> SAC Q1 Loss: 0.0004, Policy Loss: -1.5525
Epoch 71 Val Acc: 0.8529 | LR: 0.10000
Epoch 72/200
  Episode 1/10: Reward=0.8808
  Episode 2/10: Reward=0.8828
  Episode 3/10: Reward=0.8808
  Episode 4/10: Reward=0.8830
  Episode 5/10: Reward=0.8820
  Episode 6/10: Reward=0.8816
  Episode 7/10: Reward=0.8832
  Episode 8/10: Reward=0.8798
  Episode 9/10: Reward=0.8824
  Episode 10/10: Reward=0.8836
  >> Decoder Loss: 0.001112
  >> SAC Q1 Loss: 0.0003, Policy Loss: -1.5550
Epoch 72 Val Acc: 0.8707 | LR: 0.10000
Epoch 73/200
[BestPolicy] Updated best reward: 0.8872
  Episode 1/10: Reward=0.8872
[BestPolicy] Updated best reward: 0.8882
  Episode 2/10: Reward=0.8882
[BestPolicy] Updated best reward: 0.8884
  Episode 3/10: Reward=0.8884
  Episode 4/10: Reward=0.8880
  Episode 5/10: Reward=0.8878
  Episode 6/10: Reward=0.8882
  Episode 7/10: Reward=0.8862
  Episode 8/10: Reward=0.8860
  Episode 9/10: Reward=0.8880
  Episode 10/10: Reward=0.8880
  >> Decoder Loss: 0.000776
  >> SAC Q1 Loss: 0.0003, Policy Loss: -1.5558
Epoch 73 Val Acc: 0.8362 | LR: 0.10000
Epoch 74/200
  Episode 1/10: Reward=0.8766
  Episode 2/10: Reward=0.8786
  Episode 3/10: Reward=0.8774
  Episode 4/10: Reward=0.8782
  Episode 5/10: Reward=0.8780
  Episode 6/10: Reward=0.8768
  Episode 7/10: Reward=0.8778
  Episode 8/10: Reward=0.8786
  Episode 9/10: Reward=0.8760
  Episode 10/10: Reward=0.8790
  >> Decoder Loss: 0.000548
  >> SAC Q1 Loss: 0.0003, Policy Loss: -1.5651
Epoch 74 Val Acc: 0.8575 | LR: 0.10000
Epoch 75/200
  Episode 1/10: Reward=0.8810
  Episode 2/10: Reward=0.8816
  Episode 3/10: Reward=0.8814
  Episode 4/10: Reward=0.8802
  Episode 5/10: Reward=0.8820
  Episode 6/10: Reward=0.8808
  Episode 7/10: Reward=0.8816
  Episode 8/10: Reward=0.8812
  Episode 9/10: Reward=0.8800
  Episode 10/10: Reward=0.8798
  >> Decoder Loss: 0.000539
  >> SAC Q1 Loss: 0.0003, Policy Loss: -1.5611
Epoch 75 Val Acc: 0.8415 | LR: 0.10000
Epoch 76/200
  Episode 1/10: Reward=0.8796
  Episode 2/10: Reward=0.8806
  Episode 3/10: Reward=0.8810
  Episode 4/10: Reward=0.8808
  Episode 5/10: Reward=0.8810
  Episode 6/10: Reward=0.8810
  Episode 7/10: Reward=0.8786
  Episode 8/10: Reward=0.8790
  Episode 9/10: Reward=0.8814
  Episode 10/10: Reward=0.8798
  >> Decoder Loss: 0.000336
  >> SAC Q1 Loss: 0.0003, Policy Loss: -1.5705
Epoch 76 Val Acc: 0.8528 | LR: 0.10000
Epoch 77/200
  Episode 1/10: Reward=0.8832
  Episode 2/10: Reward=0.8820
  Episode 3/10: Reward=0.8824
  Episode 4/10: Reward=0.8828
  Episode 5/10: Reward=0.8830
  Episode 6/10: Reward=0.8804
  Episode 7/10: Reward=0.8832
  Episode 8/10: Reward=0.8808
  Episode 9/10: Reward=0.8842
  Episode 10/10: Reward=0.8806
  >> Decoder Loss: 0.000684
  >> SAC Q1 Loss: 0.0003, Policy Loss: -1.5730
Epoch 77 Val Acc: 0.8449 | LR: 0.10000
Epoch 78/200
  Episode 1/10: Reward=0.8804
  Episode 2/10: Reward=0.8808
  Episode 3/10: Reward=0.8808
  Episode 4/10: Reward=0.8800
  Episode 5/10: Reward=0.8790
  Episode 6/10: Reward=0.8794
  Episode 7/10: Reward=0.8788
  Episode 8/10: Reward=0.8800
  Episode 9/10: Reward=0.8788
  Episode 10/10: Reward=0.8792
  >> Decoder Loss: 0.000443
  >> SAC Q1 Loss: 0.0003, Policy Loss: -1.5811
Epoch 78 Val Acc: 0.8563 | LR: 0.10000
Epoch 79/200
  Episode 1/10: Reward=0.8832
  Episode 2/10: Reward=0.8850
  Episode 3/10: Reward=0.8824
  Episode 4/10: Reward=0.8836
  Episode 5/10: Reward=0.8820
  Episode 6/10: Reward=0.8824
  Episode 7/10: Reward=0.8830
  Episode 8/10: Reward=0.8822
  Episode 9/10: Reward=0.8820
  Episode 10/10: Reward=0.8830
  >> Decoder Loss: 0.000762
  >> SAC Q1 Loss: 0.0003, Policy Loss: -1.5788
Epoch 79 Val Acc: 0.8494 | LR: 0.10000
Epoch 80/200
  Episode 1/10: Reward=0.8790
  Episode 2/10: Reward=0.8798
  Episode 3/10: Reward=0.8792
  Episode 4/10: Reward=0.8790
  Episode 5/10: Reward=0.8770
  Episode 6/10: Reward=0.8782
  Episode 7/10: Reward=0.8794
  Episode 8/10: Reward=0.8782
  Episode 9/10: Reward=0.8806
  Episode 10/10: Reward=0.8786
  >> Decoder Loss: 0.000672
  >> SAC Q1 Loss: 0.0004, Policy Loss: -1.5710
Epoch 80 Val Acc: 0.8496 | LR: 0.10000
Epoch 81/200
  Episode 1/10: Reward=0.8828
  Episode 2/10: Reward=0.8830
  Episode 3/10: Reward=0.8814
  Episode 4/10: Reward=0.8818
  Episode 5/10: Reward=0.8834
  Episode 6/10: Reward=0.8830
  Episode 7/10: Reward=0.8844
  Episode 8/10: Reward=0.8828
  Episode 9/10: Reward=0.8830
  Episode 10/10: Reward=0.8826
  >> Decoder Loss: 0.000313
  >> SAC Q1 Loss: 0.0003, Policy Loss: -1.5709
Epoch 81 Val Acc: 0.8488 | LR: 0.10000
Epoch 82/200
  Episode 1/10: Reward=0.8792
  Episode 2/10: Reward=0.8796
  Episode 3/10: Reward=0.8794
  Episode 4/10: Reward=0.8780
  Episode 5/10: Reward=0.8786
  Episode 6/10: Reward=0.8782
  Episode 7/10: Reward=0.8778
  Episode 8/10: Reward=0.8774
  Episode 9/10: Reward=0.8796
  Episode 10/10: Reward=0.8796
  >> Decoder Loss: 0.000626
  >> SAC Q1 Loss: 0.0003, Policy Loss: -1.5757
Epoch 82 Val Acc: 0.8691 | LR: 0.10000
Epoch 83/200
  Episode 1/10: Reward=0.8838
  Episode 2/10: Reward=0.8816
  Episode 3/10: Reward=0.8850
  Episode 4/10: Reward=0.8840
  Episode 5/10: Reward=0.8850
  Episode 6/10: Reward=0.8844
  Episode 7/10: Reward=0.8838
  Episode 8/10: Reward=0.8842
  Episode 9/10: Reward=0.8826
  Episode 10/10: Reward=0.8838
  >> Decoder Loss: 0.000344
  >> SAC Q1 Loss: 0.0003, Policy Loss: -1.5823
Epoch 83 Val Acc: 0.8373 | LR: 0.10000
Epoch 84/200
  Episode 1/10: Reward=0.8812
  Episode 2/10: Reward=0.8816
  Episode 3/10: Reward=0.8822
  Episode 4/10: Reward=0.8826
  Episode 5/10: Reward=0.8824
  Episode 6/10: Reward=0.8824
  Episode 7/10: Reward=0.8832
  Episode 8/10: Reward=0.8826
  Episode 9/10: Reward=0.8826
  Episode 10/10: Reward=0.8838
  >> Decoder Loss: 0.000582
  >> SAC Q1 Loss: 0.0003, Policy Loss: -1.5771
Epoch 84 Val Acc: 0.8430 | LR: 0.10000
Epoch 85/200
  Episode 1/10: Reward=0.8858
  Episode 2/10: Reward=0.8852
  Episode 3/10: Reward=0.8872
  Episode 4/10: Reward=0.8870
  Episode 5/10: Reward=0.8854
  Episode 6/10: Reward=0.8874
  Episode 7/10: Reward=0.8872
  Episode 8/10: Reward=0.8866
  Episode 9/10: Reward=0.8862
  Episode 10/10: Reward=0.8854
  >> Decoder Loss: 0.000632
  >> SAC Q1 Loss: 0.0003, Policy Loss: -1.5804
Epoch 85 Val Acc: 0.8309 | LR: 0.10000
Epoch 86/200
  Episode 1/10: Reward=0.8710
  Episode 2/10: Reward=0.8732
  Episode 3/10: Reward=0.8770
  Episode 4/10: Reward=0.8762
  Episode 5/10: Reward=0.8746
  Episode 6/10: Reward=0.8734
  Episode 7/10: Reward=0.8752
  Episode 8/10: Reward=0.8752
  Episode 9/10: Reward=0.8746
  Episode 10/10: Reward=0.8748
  >> Decoder Loss: 0.000930
  >> SAC Q1 Loss: 0.0003, Policy Loss: -1.5830
Epoch 86 Val Acc: 0.8327 | LR: 0.10000
Epoch 87/200
  Episode 1/10: Reward=0.8848
  Episode 2/10: Reward=0.8842
  Episode 3/10: Reward=0.8836
  Episode 4/10: Reward=0.8850
  Episode 5/10: Reward=0.8856
  Episode 6/10: Reward=0.8836
  Episode 7/10: Reward=0.8848
  Episode 8/10: Reward=0.8846
  Episode 9/10: Reward=0.8830
  Episode 10/10: Reward=0.8842
  >> Decoder Loss: 0.000177
  >> SAC Q1 Loss: 0.0003, Policy Loss: -1.5799
Epoch 87 Val Acc: 0.8600 | LR: 0.10000
Epoch 88/200
  Episode 1/10: Reward=0.8814
  Episode 2/10: Reward=0.8800
  Episode 3/10: Reward=0.8818
  Episode 4/10: Reward=0.8830
  Episode 5/10: Reward=0.8840
  Episode 6/10: Reward=0.8812
  Episode 7/10: Reward=0.8826
  Episode 8/10: Reward=0.8820
  Episode 9/10: Reward=0.8790
  Episode 10/10: Reward=0.8832
  >> Decoder Loss: 0.000609
  >> SAC Q1 Loss: 0.0003, Policy Loss: -1.5881
Epoch 88 Val Acc: 0.8524 | LR: 0.10000
Epoch 89/200
  Episode 1/10: Reward=0.8828
  Episode 2/10: Reward=0.8846
  Episode 3/10: Reward=0.8828
  Episode 4/10: Reward=0.8836
  Episode 5/10: Reward=0.8852
  Episode 6/10: Reward=0.8842
  Episode 7/10: Reward=0.8824
  Episode 8/10: Reward=0.8834
  Episode 9/10: Reward=0.8844
  Episode 10/10: Reward=0.8844
  >> Decoder Loss: 0.000164
  >> SAC Q1 Loss: 0.0003, Policy Loss: -1.5854
Epoch 89 Val Acc: 0.8458 | LR: 0.10000
Epoch 90/200
  Episode 1/10: Reward=0.8812
  Episode 2/10: Reward=0.8804
  Episode 3/10: Reward=0.8800
  Episode 4/10: Reward=0.8784
  Episode 5/10: Reward=0.8790
  Episode 6/10: Reward=0.8812
  Episode 7/10: Reward=0.8814
  Episode 8/10: Reward=0.8800
  Episode 9/10: Reward=0.8798
  Episode 10/10: Reward=0.8800
  >> Decoder Loss: 0.000286
  >> SAC Q1 Loss: 0.0003, Policy Loss: -1.5837
Epoch 90 Val Acc: 0.8633 | LR: 0.10000

=== [Phase 4] Weights Training with Lalign (Alignment) ===
  >> Best policy loaded. Applying Soft Alignment...
Epoch 91/200 Val Acc: 0.8625
Epoch 92/200 Val Acc: 0.8370
Epoch 93/200 Val Acc: 0.8228
Epoch 94/200 Val Acc: 0.8540
Epoch 95/200 Val Acc: 0.8554
Epoch 96/200 Val Acc: 0.8462
Epoch 97/200 Val Acc: 0.8376
Epoch 98/200 Val Acc: 0.8563
Epoch 99/200 Val Acc: 0.8329
Epoch 100/200 Val Acc: 0.8262
Epoch 101/200 Val Acc: 0.8704
Epoch 102/200 Val Acc: 0.8572
Epoch 103/200 Val Acc: 0.8370
Epoch 104/200 Val Acc: 0.8667
Epoch 105/200 Val Acc: 0.8395
Epoch 106/200 Val Acc: 0.8489
Epoch 107/200 Val Acc: 0.8393
Epoch 108/200 Val Acc: 0.8585
Epoch 109/200 Val Acc: 0.8693
Epoch 110/200 Val Acc: 0.8462
Epoch 111/200 Val Acc: 0.9015
Epoch 112/200 Val Acc: 0.9067
Epoch 113/200 Val Acc: 0.9105
Epoch 114/200 Val Acc: 0.9096
Epoch 115/200 Val Acc: 0.9116
Epoch 116/200 Val Acc: 0.9098
Epoch 117/200 Val Acc: 0.9077
Epoch 118/200 Val Acc: 0.9094
Epoch 119/200 Val Acc: 0.9105
Epoch 120/200 Val Acc: 0.9093
Epoch 121/200 Val Acc: 0.9098
Epoch 122/200 Val Acc: 0.9090
Epoch 123/200 Val Acc: 0.9080
Epoch 124/200 Val Acc: 0.9065
Epoch 125/200 Val Acc: 0.9090
Epoch 126/200 Val Acc: 0.9095
Epoch 127/200 Val Acc: 0.9100
Epoch 128/200 Val Acc: 0.9081
Epoch 129/200 Val Acc: 0.9056
Epoch 130/200 Val Acc: 0.9088
Epoch 131/200 Val Acc: 0.9062
Epoch 132/200 Val Acc: 0.9068
Epoch 133/200 Val Acc: 0.9070
Epoch 134/200 Val Acc: 0.9085
Epoch 135/200 Val Acc: 0.9085
Epoch 136/200 Val Acc: 0.9074
Epoch 137/200 Val Acc: 0.9056
Epoch 138/200 Val Acc: 0.9063
Epoch 139/200 Val Acc: 0.9042
Epoch 140/200 Val Acc: 0.9044
Epoch 141/200 Val Acc: 0.9078
Epoch 142/200 Val Acc: 0.9069
Epoch 143/200 Val Acc: 0.9069
Epoch 144/200 Val Acc: 0.9052
Epoch 145/200 Val Acc: 0.9050
Epoch 146/200 Val Acc: 0.9061
Epoch 147/200 Val Acc: 0.9051
Epoch 148/200 Val Acc: 0.9033
Epoch 149/200 Val Acc: 0.9073
Epoch 150/200 Val Acc: 0.9056
Epoch 151/200 Val Acc: 0.9048
Epoch 152/200 Val Acc: 0.9064
Epoch 153/200 Val Acc: 0.9065
Epoch 154/200 Val Acc: 0.9012
Epoch 155/200 Val Acc: 0.9064
Epoch 156/200 Val Acc: 0.9020
Epoch 157/200 Val Acc: 0.9048
Epoch 158/200 Val Acc: 0.9080
Epoch 159/200 Val Acc: 0.9022
Epoch 160/200 Val Acc: 0.9025
Epoch 161/200 Val Acc: 0.9072
Epoch 162/200 Val Acc: 0.9087
Epoch 163/200 Val Acc: 0.9062
Epoch 164/200 Val Acc: 0.9078
Epoch 165/200 Val Acc: 0.9080
Epoch 166/200 Val Acc: 0.9084
Epoch 167/200 Val Acc: 0.9084
Epoch 168/200 Val Acc: 0.9079
Epoch 169/200 Val Acc: 0.9082
Epoch 170/200 Val Acc: 0.9090
Epoch 171/200 Val Acc: 0.9083
Epoch 172/200 Val Acc: 0.9100
Epoch 173/200 Val Acc: 0.9088
Epoch 174/200 Val Acc: 0.9083
Epoch 175/200 Val Acc: 0.9083
Epoch 176/200 Val Acc: 0.9087
Epoch 177/200 Val Acc: 0.9080
Epoch 178/200 Val Acc: 0.9082
Epoch 179/200 Val Acc: 0.9070
Epoch 180/200 Val Acc: 0.9076
Epoch 181/200 Val Acc: 0.9084
Epoch 182/200 Val Acc: 0.9079
Epoch 183/200 Val Acc: 0.9088
Epoch 184/200 Val Acc: 0.9065
Epoch 185/200 Val Acc: 0.9077
Epoch 186/200 Val Acc: 0.9074
Epoch 187/200 Val Acc: 0.9079
Epoch 188/200 Val Acc: 0.9087
Epoch 189/200 Val Acc: 0.9085
Epoch 190/200 Val Acc: 0.9086
Epoch 191/200 Val Acc: 0.9088
Epoch 192/200 Val Acc: 0.9085
Epoch 193/200 Val Acc: 0.9088
Epoch 194/200 Val Acc: 0.9085
Epoch 195/200 Val Acc: 0.9079
Epoch 196/200 Val Acc: 0.9094
Epoch 197/200 Val Acc: 0.9088
Epoch 198/200 Val Acc: 0.9092
Epoch 199/200 Val Acc: 0.9097
Epoch 200/200 Val Acc: 0.9098

=== [Phase 5] Final Fine-tuning ===
Training Complete.
