Using device: cuda:5
>> Data: Splitting 45k (Train) / 5k (Reward) / 10k (Test)
ModelWrapper: Detected 27 prunable blocks (Conv1+Conv2 pairs).
Env Init: Original=125.04M, Target=62.52M
Environment initialized. State dim: 9, Target Prune Rate: 0.5

=== [Phase 1] Warmup (Weights Training) ===
Epoch 1 Val Acc: 0.3690 | LR: 0.10000
Epoch 2 Val Acc: 0.4339 | LR: 0.10000
Epoch 3 Val Acc: 0.5664 | LR: 0.10000
Epoch 4 Val Acc: 0.6791 | LR: 0.10000
Epoch 5 Val Acc: 0.7217 | LR: 0.10000
Epoch 6 Val Acc: 0.7242 | LR: 0.10000
Epoch 7 Val Acc: 0.6744 | LR: 0.10000
Epoch 8 Val Acc: 0.7789 | LR: 0.10000
Epoch 9 Val Acc: 0.7702 | LR: 0.10000
Epoch 10 Val Acc: 0.7904 | LR: 0.10000
>> Warmup done. Updating base weights for Agent...

=== [Phase 2] Fill Buffer (Exploration) ===
Epoch 11/200
  Fill Episode 1/10: Reward=0.5858
  Fill Episode 2/10: Reward=0.5696
  Fill Episode 3/10: Reward=0.6746
  Fill Episode 4/10: Reward=0.6442
  Fill Episode 5/10: Reward=0.6842
  Fill Episode 6/10: Reward=0.6942
  Fill Episode 7/10: Reward=0.5922
  Fill Episode 8/10: Reward=0.5710
  Fill Episode 9/10: Reward=0.6688
  Fill Episode 10/10: Reward=0.5346
Epoch 12/200
  Fill Episode 1/10: Reward=0.6950
  Fill Episode 2/10: Reward=0.7046
  Fill Episode 3/10: Reward=0.6490
  Fill Episode 4/10: Reward=0.6458
  Fill Episode 5/10: Reward=0.6878
  Fill Episode 6/10: Reward=0.5950
  Fill Episode 7/10: Reward=0.6678
  Fill Episode 8/10: Reward=0.6198
  Fill Episode 9/10: Reward=0.6124
  Fill Episode 10/10: Reward=0.6664
Epoch 13/200
  Fill Episode 1/10: Reward=0.6234
  Fill Episode 2/10: Reward=0.5614
  Fill Episode 3/10: Reward=0.6514
  Fill Episode 4/10: Reward=0.6864
  Fill Episode 5/10: Reward=0.7040
  Fill Episode 6/10: Reward=0.6706
  Fill Episode 7/10: Reward=0.6436
  Fill Episode 8/10: Reward=0.6384
  Fill Episode 9/10: Reward=0.5876
  Fill Episode 10/10: Reward=0.6508
Epoch 14/200
  Fill Episode 1/10: Reward=0.5582
  Fill Episode 2/10: Reward=0.7264
  Fill Episode 3/10: Reward=0.6440
  Fill Episode 4/10: Reward=0.5142
  Fill Episode 5/10: Reward=0.6656
  Fill Episode 6/10: Reward=0.6616
  Fill Episode 7/10: Reward=0.5380
  Fill Episode 8/10: Reward=0.5174
  Fill Episode 9/10: Reward=0.5952
  Fill Episode 10/10: Reward=0.5510
Epoch 15/200
  Fill Episode 1/10: Reward=0.5868
  Fill Episode 2/10: Reward=0.5738
  Fill Episode 3/10: Reward=0.6146
  Fill Episode 4/10: Reward=0.7010
  Fill Episode 5/10: Reward=0.7224
  Fill Episode 6/10: Reward=0.6474
  Fill Episode 7/10: Reward=0.5428
  Fill Episode 8/10: Reward=0.6610
  Fill Episode 9/10: Reward=0.6250
  Fill Episode 10/10: Reward=0.7028
Epoch 16/200
  Fill Episode 1/10: Reward=0.5816
  Fill Episode 2/10: Reward=0.6780
  Fill Episode 3/10: Reward=0.6864
  Fill Episode 4/10: Reward=0.6542
  Fill Episode 5/10: Reward=0.5718
  Fill Episode 6/10: Reward=0.6098
  Fill Episode 7/10: Reward=0.6356
  Fill Episode 8/10: Reward=0.6532
  Fill Episode 9/10: Reward=0.6760
  Fill Episode 10/10: Reward=0.6586
Epoch 17/200
  Fill Episode 1/10: Reward=0.6746
  Fill Episode 2/10: Reward=0.6510
  Fill Episode 3/10: Reward=0.6222
  Fill Episode 4/10: Reward=0.6618
  Fill Episode 5/10: Reward=0.6074
  Fill Episode 6/10: Reward=0.6132
  Fill Episode 7/10: Reward=0.6532
  Fill Episode 8/10: Reward=0.6346
  Fill Episode 9/10: Reward=0.5302
  Fill Episode 10/10: Reward=0.6654
Epoch 18/200
  Fill Episode 1/10: Reward=0.6520
  Fill Episode 2/10: Reward=0.6784
  Fill Episode 3/10: Reward=0.7070
  Fill Episode 4/10: Reward=0.6408
  Fill Episode 5/10: Reward=0.6432
  Fill Episode 6/10: Reward=0.7106
  Fill Episode 7/10: Reward=0.6252
  Fill Episode 8/10: Reward=0.6418
  Fill Episode 9/10: Reward=0.6642
  Fill Episode 10/10: Reward=0.5962
Epoch 19/200
  Fill Episode 1/10: Reward=0.6214
  Fill Episode 2/10: Reward=0.6522
  Fill Episode 3/10: Reward=0.5650
  Fill Episode 4/10: Reward=0.5304
  Fill Episode 5/10: Reward=0.5860
  Fill Episode 6/10: Reward=0.5996
  Fill Episode 7/10: Reward=0.5600
  Fill Episode 8/10: Reward=0.5568
  Fill Episode 9/10: Reward=0.6348
  Fill Episode 10/10: Reward=0.5780
Epoch 20/200
  Fill Episode 1/10: Reward=0.6000
  Fill Episode 2/10: Reward=0.5922
  Fill Episode 3/10: Reward=0.6370
  Fill Episode 4/10: Reward=0.5358
  Fill Episode 5/10: Reward=0.6516
  Fill Episode 6/10: Reward=0.5540
  Fill Episode 7/10: Reward=0.6926
  Fill Episode 8/10: Reward=0.6448
  Fill Episode 9/10: Reward=0.6148
  Fill Episode 10/10: Reward=0.5342

=== [Phase 3] Joint Agent Training & Pruning Search ===
Epoch 21/200
[BestPolicy] Updated best reward: 0.6424
  Episode 1/10: Reward=0.6424
[BestPolicy] Updated best reward: 0.6848
  Episode 2/10: Reward=0.6848
  Episode 3/10: Reward=0.6310
  Episode 4/10: Reward=0.6744
  Episode 5/10: Reward=0.5096
  Episode 6/10: Reward=0.6798
[BestPolicy] Updated best reward: 0.6864
  Episode 7/10: Reward=0.6864
  Episode 8/10: Reward=0.6772
  Episode 9/10: Reward=0.5338
  Episode 10/10: Reward=0.6026
  >> Decoder Loss: 0.017366
  >> SAC Q1 Loss: 0.0224, Policy Loss: 0.1117
Epoch 21 Val Acc: 0.7916 | LR: 0.10000
Epoch 22/200
  Episode 1/10: Reward=0.5504
  Episode 2/10: Reward=0.6140
  Episode 3/10: Reward=0.6618
  Episode 4/10: Reward=0.5990
  Episode 5/10: Reward=0.6404
  Episode 6/10: Reward=0.5164
  Episode 7/10: Reward=0.6314
  Episode 8/10: Reward=0.5534
  Episode 9/10: Reward=0.6260
  Episode 10/10: Reward=0.5880
  >> Decoder Loss: 0.013186
  >> SAC Q1 Loss: 0.0089, Policy Loss: -0.0232
Epoch 22 Val Acc: 0.8183 | LR: 0.10000
Epoch 23/200
[BestPolicy] Updated best reward: 0.7266
  Episode 1/10: Reward=0.7266
  Episode 2/10: Reward=0.7092
  Episode 3/10: Reward=0.6858
  Episode 4/10: Reward=0.6668
  Episode 5/10: Reward=0.6620
  Episode 6/10: Reward=0.7008
[BestPolicy] Updated best reward: 0.7284
  Episode 7/10: Reward=0.7284
  Episode 8/10: Reward=0.6488
  Episode 9/10: Reward=0.7070
  Episode 10/10: Reward=0.6828
  >> Decoder Loss: 0.012812
  >> SAC Q1 Loss: 0.0034, Policy Loss: -0.1164
Epoch 23 Val Acc: 0.8188 | LR: 0.10000
Epoch 24/200
  Episode 1/10: Reward=0.6196
  Episode 2/10: Reward=0.6548
[BestPolicy] Updated best reward: 0.7350
  Episode 3/10: Reward=0.7350
  Episode 4/10: Reward=0.6180
  Episode 5/10: Reward=0.6346
  Episode 6/10: Reward=0.6064
  Episode 7/10: Reward=0.7254
  Episode 8/10: Reward=0.7326
  Episode 9/10: Reward=0.6952
  Episode 10/10: Reward=0.6668
  >> Decoder Loss: 0.011626
  >> SAC Q1 Loss: 0.0010, Policy Loss: -0.2067
Epoch 24 Val Acc: 0.8438 | LR: 0.10000
Epoch 25/200
  Episode 1/10: Reward=0.6468
  Episode 2/10: Reward=0.6570
  Episode 3/10: Reward=0.6792
  Episode 4/10: Reward=0.7068
  Episode 5/10: Reward=0.6774
  Episode 6/10: Reward=0.6992
  Episode 7/10: Reward=0.6594
  Episode 8/10: Reward=0.6872
  Episode 9/10: Reward=0.6924
  Episode 10/10: Reward=0.6198
  >> Decoder Loss: 0.009999
  >> SAC Q1 Loss: 0.0006, Policy Loss: -0.2874
Epoch 25 Val Acc: 0.8256 | LR: 0.10000
Epoch 26/200
  Episode 1/10: Reward=0.6418
[BestPolicy] Updated best reward: 0.7454
  Episode 2/10: Reward=0.7454
  Episode 3/10: Reward=0.6940
  Episode 4/10: Reward=0.6468
  Episode 5/10: Reward=0.7390
  Episode 6/10: Reward=0.6190
  Episode 7/10: Reward=0.6112
[BestPolicy] Updated best reward: 0.7484
  Episode 8/10: Reward=0.7484
  Episode 9/10: Reward=0.6916
  Episode 10/10: Reward=0.6324
  >> Decoder Loss: 0.009355
  >> SAC Q1 Loss: 0.0006, Policy Loss: -0.3702
Epoch 26 Val Acc: 0.8364 | LR: 0.10000
Epoch 27/200
  Episode 1/10: Reward=0.7446
[BestPolicy] Updated best reward: 0.7676
  Episode 2/10: Reward=0.7676
  Episode 3/10: Reward=0.6820
  Episode 4/10: Reward=0.6516
  Episode 5/10: Reward=0.7078
  Episode 6/10: Reward=0.7236
  Episode 7/10: Reward=0.6632
  Episode 8/10: Reward=0.7338
  Episode 9/10: Reward=0.7400
  Episode 10/10: Reward=0.7248
  >> Decoder Loss: 0.008388
  >> SAC Q1 Loss: 0.0009, Policy Loss: -0.4461
Epoch 27 Val Acc: 0.8327 | LR: 0.10000
Epoch 28/200
  Episode 1/10: Reward=0.6158
  Episode 2/10: Reward=0.6762
  Episode 3/10: Reward=0.7076
  Episode 4/10: Reward=0.6812
  Episode 5/10: Reward=0.6606
  Episode 6/10: Reward=0.7280
  Episode 7/10: Reward=0.6802
  Episode 8/10: Reward=0.7404
  Episode 9/10: Reward=0.7312
  Episode 10/10: Reward=0.6260
  >> Decoder Loss: 0.007441
  >> SAC Q1 Loss: 0.0012, Policy Loss: -0.5256
Epoch 28 Val Acc: 0.8234 | LR: 0.10000
Epoch 29/200
  Episode 1/10: Reward=0.7612
  Episode 2/10: Reward=0.7356
  Episode 3/10: Reward=0.7400
  Episode 4/10: Reward=0.6858
  Episode 5/10: Reward=0.5812
  Episode 6/10: Reward=0.7272
  Episode 7/10: Reward=0.6736
  Episode 8/10: Reward=0.6994
  Episode 9/10: Reward=0.7084
  Episode 10/10: Reward=0.6342
  >> Decoder Loss: 0.007216
  >> SAC Q1 Loss: 0.0017, Policy Loss: -0.6027
Epoch 29 Val Acc: 0.8442 | LR: 0.10000
Epoch 30/200
  Episode 1/10: Reward=0.7232
  Episode 2/10: Reward=0.5340
  Episode 3/10: Reward=0.6604
[BestPolicy] Updated best reward: 0.7816
  Episode 4/10: Reward=0.7816
  Episode 5/10: Reward=0.7556
  Episode 6/10: Reward=0.7110
  Episode 7/10: Reward=0.7532
  Episode 8/10: Reward=0.6720
  Episode 9/10: Reward=0.6492
  Episode 10/10: Reward=0.6434
  >> Decoder Loss: 0.006500
  >> SAC Q1 Loss: 0.0018, Policy Loss: -0.6722
Epoch 30 Val Acc: 0.8308 | LR: 0.10000
Epoch 31/200
  Episode 1/10: Reward=0.7458
  Episode 2/10: Reward=0.6154
  Episode 3/10: Reward=0.6790
  Episode 4/10: Reward=0.6500
  Episode 5/10: Reward=0.6146
  Episode 6/10: Reward=0.6028
  Episode 7/10: Reward=0.7368
  Episode 8/10: Reward=0.6544
  Episode 9/10: Reward=0.5606
  Episode 10/10: Reward=0.5112
  >> Decoder Loss: 0.006311
  >> SAC Q1 Loss: 0.0021, Policy Loss: -0.7344
Epoch 31 Val Acc: 0.8511 | LR: 0.10000
Epoch 32/200
  Episode 1/10: Reward=0.6452
  Episode 2/10: Reward=0.5372
  Episode 3/10: Reward=0.7518
  Episode 4/10: Reward=0.6318
  Episode 5/10: Reward=0.6112
  Episode 6/10: Reward=0.7048
  Episode 7/10: Reward=0.6490
  Episode 8/10: Reward=0.7582
  Episode 9/10: Reward=0.6828
  Episode 10/10: Reward=0.7502
  >> Decoder Loss: 0.004921
  >> SAC Q1 Loss: 0.0018, Policy Loss: -0.7991
Epoch 32 Val Acc: 0.8234 | LR: 0.10000
Epoch 33/200
  Episode 1/10: Reward=0.7638
  Episode 2/10: Reward=0.6012
  Episode 3/10: Reward=0.7524
  Episode 4/10: Reward=0.7112
  Episode 5/10: Reward=0.6952
  Episode 6/10: Reward=0.6196
  Episode 7/10: Reward=0.7310
  Episode 8/10: Reward=0.7554
  Episode 9/10: Reward=0.7196
  Episode 10/10: Reward=0.6806
  >> Decoder Loss: 0.004944
  >> SAC Q1 Loss: 0.0014, Policy Loss: -0.8551
Epoch 33 Val Acc: 0.8398 | LR: 0.10000
Epoch 34/200
  Episode 1/10: Reward=0.7156
[BestPolicy] Updated best reward: 0.7874
  Episode 2/10: Reward=0.7874
  Episode 3/10: Reward=0.6572
  Episode 4/10: Reward=0.6828
  Episode 5/10: Reward=0.7184
  Episode 6/10: Reward=0.7522
  Episode 7/10: Reward=0.5602
  Episode 8/10: Reward=0.7216
  Episode 9/10: Reward=0.7626
  Episode 10/10: Reward=0.6900
  >> Decoder Loss: 0.003727
  >> SAC Q1 Loss: 0.0011, Policy Loss: -0.9062
Epoch 34 Val Acc: 0.8293 | LR: 0.10000
Epoch 35/200
  Episode 1/10: Reward=0.6804
  Episode 2/10: Reward=0.6486
  Episode 3/10: Reward=0.7206
  Episode 4/10: Reward=0.6620
  Episode 5/10: Reward=0.6302
  Episode 6/10: Reward=0.7108
  Episode 7/10: Reward=0.6374
  Episode 8/10: Reward=0.6724
  Episode 9/10: Reward=0.6968
  Episode 10/10: Reward=0.6948
  >> Decoder Loss: 0.004485
  >> SAC Q1 Loss: 0.0007, Policy Loss: -0.9587
Epoch 35 Val Acc: 0.8366 | LR: 0.10000
Epoch 36/200
  Episode 1/10: Reward=0.7124
  Episode 2/10: Reward=0.6428
  Episode 3/10: Reward=0.6524
  Episode 4/10: Reward=0.7470
  Episode 5/10: Reward=0.7532
  Episode 6/10: Reward=0.6354
  Episode 7/10: Reward=0.7570
  Episode 8/10: Reward=0.6076
  Episode 9/10: Reward=0.7500
  Episode 10/10: Reward=0.7264
  >> Decoder Loss: 0.002937
  >> SAC Q1 Loss: 0.0007, Policy Loss: -1.0036
Epoch 36 Val Acc: 0.8505 | LR: 0.10000
Epoch 37/200
  Episode 1/10: Reward=0.7836
  Episode 2/10: Reward=0.6686
  Episode 3/10: Reward=0.6800
  Episode 4/10: Reward=0.7190
  Episode 5/10: Reward=0.6878
  Episode 6/10: Reward=0.6700
  Episode 7/10: Reward=0.7406
  Episode 8/10: Reward=0.7094
  Episode 9/10: Reward=0.6610
  Episode 10/10: Reward=0.6532
  >> Decoder Loss: 0.002934
  >> SAC Q1 Loss: 0.0006, Policy Loss: -1.0473
Epoch 37 Val Acc: 0.8468 | LR: 0.10000
Epoch 38/200
  Episode 1/10: Reward=0.6952
  Episode 2/10: Reward=0.7778
  Episode 3/10: Reward=0.6892
  Episode 4/10: Reward=0.6804
  Episode 5/10: Reward=0.5108
  Episode 6/10: Reward=0.6492
  Episode 7/10: Reward=0.7198
  Episode 8/10: Reward=0.7696
  Episode 9/10: Reward=0.6416
  Episode 10/10: Reward=0.7672
  >> Decoder Loss: 0.002017
  >> SAC Q1 Loss: 0.0006, Policy Loss: -1.0881
Epoch 38 Val Acc: 0.8627 | LR: 0.10000
Epoch 39/200
[BestPolicy] Updated best reward: 0.7916
  Episode 1/10: Reward=0.7916
  Episode 2/10: Reward=0.6458
  Episode 3/10: Reward=0.7424
[BestPolicy] Updated best reward: 0.8086
  Episode 4/10: Reward=0.8086
  Episode 5/10: Reward=0.6108
  Episode 6/10: Reward=0.6646
  Episode 7/10: Reward=0.5864
  Episode 8/10: Reward=0.7264
  Episode 9/10: Reward=0.6958
  Episode 10/10: Reward=0.6718
  >> Decoder Loss: 0.002149
  >> SAC Q1 Loss: 0.0006, Policy Loss: -1.1254
Epoch 39 Val Acc: 0.8505 | LR: 0.10000
Epoch 40/200
  Episode 1/10: Reward=0.7872
  Episode 2/10: Reward=0.7260
  Episode 3/10: Reward=0.6076
  Episode 4/10: Reward=0.7120
  Episode 5/10: Reward=0.5496
  Episode 6/10: Reward=0.7240
  Episode 7/10: Reward=0.7844
  Episode 8/10: Reward=0.7450
  Episode 9/10: Reward=0.7162
  Episode 10/10: Reward=0.6782
  >> Decoder Loss: 0.002396
  >> SAC Q1 Loss: 0.0007, Policy Loss: -1.1551
Epoch 40 Val Acc: 0.8431 | LR: 0.10000
Epoch 41/200
  Episode 1/10: Reward=0.5024
  Episode 2/10: Reward=0.5376
  Episode 3/10: Reward=0.7844
  Episode 4/10: Reward=0.6238
  Episode 5/10: Reward=0.4734
  Episode 6/10: Reward=0.5582
  Episode 7/10: Reward=0.7274
  Episode 8/10: Reward=0.7682
  Episode 9/10: Reward=0.5390
  Episode 10/10: Reward=0.6952
  >> Decoder Loss: 0.001397
  >> SAC Q1 Loss: 0.0006, Policy Loss: -1.1807
Epoch 41 Val Acc: 0.8550 | LR: 0.10000
Epoch 42/200
  Episode 1/10: Reward=0.7962
  Episode 2/10: Reward=0.7114
  Episode 3/10: Reward=0.6958
  Episode 4/10: Reward=0.5660
  Episode 5/10: Reward=0.6768
  Episode 6/10: Reward=0.6576
  Episode 7/10: Reward=0.7150
  Episode 8/10: Reward=0.5160
  Episode 9/10: Reward=0.7468
  Episode 10/10: Reward=0.7862
  >> Decoder Loss: 0.001231
  >> SAC Q1 Loss: 0.0006, Policy Loss: -1.2118
Epoch 42 Val Acc: 0.8411 | LR: 0.10000
Epoch 43/200
  Episode 1/10: Reward=0.6176
  Episode 2/10: Reward=0.6842
  Episode 3/10: Reward=0.6548
  Episode 4/10: Reward=0.7486
  Episode 5/10: Reward=0.6124
  Episode 6/10: Reward=0.6502
  Episode 7/10: Reward=0.7202
  Episode 8/10: Reward=0.6654
  Episode 9/10: Reward=0.7106
  Episode 10/10: Reward=0.6432
  >> Decoder Loss: 0.001332
  >> SAC Q1 Loss: 0.0006, Policy Loss: -1.2394
Epoch 43 Val Acc: 0.8577 | LR: 0.10000
Epoch 44/200
  Episode 1/10: Reward=0.5660
  Episode 2/10: Reward=0.6578
  Episode 3/10: Reward=0.6654
  Episode 4/10: Reward=0.7158
  Episode 5/10: Reward=0.7410
  Episode 6/10: Reward=0.5294
  Episode 7/10: Reward=0.6732
  Episode 8/10: Reward=0.5924
  Episode 9/10: Reward=0.8022
  Episode 10/10: Reward=0.5760
  >> Decoder Loss: 0.001448
  >> SAC Q1 Loss: 0.0006, Policy Loss: -1.2644
Epoch 44 Val Acc: 0.8374 | LR: 0.10000
Epoch 45/200
  Episode 1/10: Reward=0.6152
  Episode 2/10: Reward=0.5902
  Episode 3/10: Reward=0.5956
  Episode 4/10: Reward=0.5406
  Episode 5/10: Reward=0.7138
  Episode 6/10: Reward=0.6820
  Episode 7/10: Reward=0.4596
  Episode 8/10: Reward=0.5726
  Episode 9/10: Reward=0.7004
  Episode 10/10: Reward=0.6124
  >> Decoder Loss: 0.001203
  >> SAC Q1 Loss: 0.0006, Policy Loss: -1.2920
Epoch 45 Val Acc: 0.8274 | LR: 0.10000
Epoch 46/200
  Episode 1/10: Reward=0.7798
  Episode 2/10: Reward=0.5134
  Episode 3/10: Reward=0.6098
  Episode 4/10: Reward=0.7052
  Episode 5/10: Reward=0.6228
  Episode 6/10: Reward=0.6844
  Episode 7/10: Reward=0.7684
  Episode 8/10: Reward=0.6814
  Episode 9/10: Reward=0.5754
  Episode 10/10: Reward=0.5922
  >> Decoder Loss: 0.001834
  >> SAC Q1 Loss: 0.0006, Policy Loss: -1.3148
Epoch 46 Val Acc: 0.8606 | LR: 0.10000
Epoch 47/200
  Episode 1/10: Reward=0.5792
  Episode 2/10: Reward=0.6844
  Episode 3/10: Reward=0.6386
  Episode 4/10: Reward=0.7654
  Episode 5/10: Reward=0.6436
  Episode 6/10: Reward=0.7278
  Episode 7/10: Reward=0.6710
  Episode 8/10: Reward=0.7762
  Episode 9/10: Reward=0.7634
  Episode 10/10: Reward=0.6764
  >> Decoder Loss: 0.002173
  >> SAC Q1 Loss: 0.0007, Policy Loss: -1.3286
Epoch 47 Val Acc: 0.8559 | LR: 0.10000
Epoch 48/200
  Episode 1/10: Reward=0.5900
  Episode 2/10: Reward=0.4978
  Episode 3/10: Reward=0.6810
  Episode 4/10: Reward=0.8026
  Episode 5/10: Reward=0.7572
  Episode 6/10: Reward=0.7356
  Episode 7/10: Reward=0.8006
  Episode 8/10: Reward=0.6986
  Episode 9/10: Reward=0.6926
  Episode 10/10: Reward=0.7012
  >> Decoder Loss: 0.001369
  >> SAC Q1 Loss: 0.0007, Policy Loss: -1.3479
Epoch 48 Val Acc: 0.8651 | LR: 0.10000
Epoch 49/200
  Episode 1/10: Reward=0.4750
  Episode 2/10: Reward=0.6648
  Episode 3/10: Reward=0.6404
  Episode 4/10: Reward=0.4986
  Episode 5/10: Reward=0.7394
  Episode 6/10: Reward=0.6818
  Episode 7/10: Reward=0.7530
  Episode 8/10: Reward=0.6004
  Episode 9/10: Reward=0.6124
  Episode 10/10: Reward=0.7358
  >> Decoder Loss: 0.001590
  >> SAC Q1 Loss: 0.0006, Policy Loss: -1.3514
Epoch 49 Val Acc: 0.8605 | LR: 0.10000
Epoch 50/200
  Episode 1/10: Reward=0.6038
  Episode 2/10: Reward=0.5632
  Episode 3/10: Reward=0.5798
  Episode 4/10: Reward=0.6554
  Episode 5/10: Reward=0.7078
  Episode 6/10: Reward=0.6088
  Episode 7/10: Reward=0.5890
  Episode 8/10: Reward=0.7550
  Episode 9/10: Reward=0.7902
  Episode 10/10: Reward=0.7774
  >> Decoder Loss: 0.001071
  >> SAC Q1 Loss: 0.0006, Policy Loss: -1.3585
Epoch 50 Val Acc: 0.8670 | LR: 0.10000
Epoch 51/200
  Episode 1/10: Reward=0.7898
  Episode 2/10: Reward=0.7234
  Episode 3/10: Reward=0.6782
  Episode 4/10: Reward=0.7920
  Episode 5/10: Reward=0.7096
  Episode 6/10: Reward=0.7982
  Episode 7/10: Reward=0.7020
  Episode 8/10: Reward=0.6102
  Episode 9/10: Reward=0.7396
  Episode 10/10: Reward=0.6142
  >> Decoder Loss: 0.000946
  >> SAC Q1 Loss: 0.0007, Policy Loss: -1.3689
Epoch 51 Val Acc: 0.8514 | LR: 0.10000
Epoch 52/200
  Episode 1/10: Reward=0.5492
  Episode 2/10: Reward=0.6692
  Episode 3/10: Reward=0.5996
  Episode 4/10: Reward=0.7604
  Episode 5/10: Reward=0.5774
  Episode 6/10: Reward=0.7322
  Episode 7/10: Reward=0.6768
  Episode 8/10: Reward=0.6800
  Episode 9/10: Reward=0.6228
  Episode 10/10: Reward=0.6892
  >> Decoder Loss: 0.001287
  >> SAC Q1 Loss: 0.0006, Policy Loss: -1.3773
Epoch 52 Val Acc: 0.8771 | LR: 0.10000
Epoch 53/200
  Episode 1/10: Reward=0.6966
  Episode 2/10: Reward=0.7202
  Episode 3/10: Reward=0.7792
  Episode 4/10: Reward=0.7404
  Episode 5/10: Reward=0.6828
[BestPolicy] Updated best reward: 0.8346
  Episode 6/10: Reward=0.8346
  Episode 7/10: Reward=0.6798
  Episode 8/10: Reward=0.7622
  Episode 9/10: Reward=0.5726
  Episode 10/10: Reward=0.7796
  >> Decoder Loss: 0.001365
  >> SAC Q1 Loss: 0.0006, Policy Loss: -1.3734
Epoch 53 Val Acc: 0.8413 | LR: 0.10000
Epoch 54/200
  Episode 1/10: Reward=0.7174
  Episode 2/10: Reward=0.7476
  Episode 3/10: Reward=0.7140
  Episode 4/10: Reward=0.6928
  Episode 5/10: Reward=0.7218
  Episode 6/10: Reward=0.7506
  Episode 7/10: Reward=0.7850
  Episode 8/10: Reward=0.6594
  Episode 9/10: Reward=0.7152
  Episode 10/10: Reward=0.6872
  >> Decoder Loss: 0.000814
  >> SAC Q1 Loss: 0.0005, Policy Loss: -1.3752
Epoch 54 Val Acc: 0.8466 | LR: 0.10000
Epoch 55/200
  Episode 1/10: Reward=0.6592
  Episode 2/10: Reward=0.5318
  Episode 3/10: Reward=0.7460
  Episode 4/10: Reward=0.5988
  Episode 5/10: Reward=0.7522
  Episode 6/10: Reward=0.5490
  Episode 7/10: Reward=0.5926
  Episode 8/10: Reward=0.8040
  Episode 9/10: Reward=0.6540
  Episode 10/10: Reward=0.6134
  >> Decoder Loss: 0.000659
  >> SAC Q1 Loss: 0.0006, Policy Loss: -1.3786
Epoch 55 Val Acc: 0.8761 | LR: 0.10000
Epoch 56/200
  Episode 1/10: Reward=0.5698
  Episode 2/10: Reward=0.6284
  Episode 3/10: Reward=0.7232
  Episode 4/10: Reward=0.7716
  Episode 5/10: Reward=0.6642
  Episode 6/10: Reward=0.7578
  Episode 7/10: Reward=0.6838
  Episode 8/10: Reward=0.7578
  Episode 9/10: Reward=0.6232
  Episode 10/10: Reward=0.6566
  >> Decoder Loss: 0.001183
  >> SAC Q1 Loss: 0.0006, Policy Loss: -1.3847
Epoch 56 Val Acc: 0.8663 | LR: 0.10000
Epoch 57/200
  Episode 1/10: Reward=0.6940
  Episode 2/10: Reward=0.7128
  Episode 3/10: Reward=0.6256
  Episode 4/10: Reward=0.5646
  Episode 5/10: Reward=0.6422
  Episode 6/10: Reward=0.7386
  Episode 7/10: Reward=0.6566
  Episode 8/10: Reward=0.5806
  Episode 9/10: Reward=0.7012
  Episode 10/10: Reward=0.7400
  >> Decoder Loss: 0.000692
  >> SAC Q1 Loss: 0.0005, Policy Loss: -1.3879
Epoch 57 Val Acc: 0.8732 | LR: 0.10000
Epoch 58/200
  Episode 1/10: Reward=0.6486
  Episode 2/10: Reward=0.6612
  Episode 3/10: Reward=0.7688
  Episode 4/10: Reward=0.7594
  Episode 5/10: Reward=0.5970
  Episode 6/10: Reward=0.7922
  Episode 7/10: Reward=0.7362
  Episode 8/10: Reward=0.7172
  Episode 9/10: Reward=0.7408
  Episode 10/10: Reward=0.6182
  >> Decoder Loss: 0.001187
  >> SAC Q1 Loss: 0.0005, Policy Loss: -1.3941
Epoch 58 Val Acc: 0.8645 | LR: 0.10000
Epoch 59/200
  Episode 1/10: Reward=0.5156
  Episode 2/10: Reward=0.7536
  Episode 3/10: Reward=0.7242
  Episode 4/10: Reward=0.7192
  Episode 5/10: Reward=0.6020
  Episode 6/10: Reward=0.6642
  Episode 7/10: Reward=0.7416
  Episode 8/10: Reward=0.5488
  Episode 9/10: Reward=0.7112
  Episode 10/10: Reward=0.6088
  >> Decoder Loss: 0.001051
  >> SAC Q1 Loss: 0.0006, Policy Loss: -1.3933
Epoch 59 Val Acc: 0.8663 | LR: 0.10000
Epoch 60/200
  Episode 1/10: Reward=0.6538
  Episode 2/10: Reward=0.6076
  Episode 3/10: Reward=0.6014
  Episode 4/10: Reward=0.8004
  Episode 5/10: Reward=0.6384
  Episode 6/10: Reward=0.5484
  Episode 7/10: Reward=0.5630
  Episode 8/10: Reward=0.7532
  Episode 9/10: Reward=0.6716
  Episode 10/10: Reward=0.6332
  >> Decoder Loss: 0.000975
  >> SAC Q1 Loss: 0.0006, Policy Loss: -1.3908
Epoch 60 Val Acc: 0.8520 | LR: 0.10000
Epoch 61/200
  Episode 1/10: Reward=0.7242
  Episode 2/10: Reward=0.6970
  Episode 3/10: Reward=0.7012
  Episode 4/10: Reward=0.6248
  Episode 5/10: Reward=0.6568
  Episode 6/10: Reward=0.6090
  Episode 7/10: Reward=0.5930
  Episode 8/10: Reward=0.6032
  Episode 9/10: Reward=0.7112
  Episode 10/10: Reward=0.6490
  >> Decoder Loss: 0.001407
  >> SAC Q1 Loss: 0.0006, Policy Loss: -1.3954
Epoch 61 Val Acc: 0.8606 | LR: 0.10000
Epoch 62/200
  Episode 1/10: Reward=0.7510
  Episode 2/10: Reward=0.6326
  Episode 3/10: Reward=0.6794
  Episode 4/10: Reward=0.6624
  Episode 5/10: Reward=0.7022
  Episode 6/10: Reward=0.6404
  Episode 7/10: Reward=0.4670
  Episode 8/10: Reward=0.6292
  Episode 9/10: Reward=0.8106
  Episode 10/10: Reward=0.4888
  >> Decoder Loss: 0.001412
  >> SAC Q1 Loss: 0.0006, Policy Loss: -1.3902
Epoch 62 Val Acc: 0.8639 | LR: 0.10000
Epoch 63/200
  Episode 1/10: Reward=0.6788
  Episode 2/10: Reward=0.6650
  Episode 3/10: Reward=0.7396
  Episode 4/10: Reward=0.6860
  Episode 5/10: Reward=0.7444
  Episode 6/10: Reward=0.5784
  Episode 7/10: Reward=0.5412
  Episode 8/10: Reward=0.4998
  Episode 9/10: Reward=0.5752
  Episode 10/10: Reward=0.8082
  >> Decoder Loss: 0.000853
  >> SAC Q1 Loss: 0.0007, Policy Loss: -1.3842
Epoch 63 Val Acc: 0.8598 | LR: 0.10000
Epoch 64/200
  Episode 1/10: Reward=0.6948
  Episode 2/10: Reward=0.7050
  Episode 3/10: Reward=0.6940
  Episode 4/10: Reward=0.6528
  Episode 5/10: Reward=0.7536
  Episode 6/10: Reward=0.5692
  Episode 7/10: Reward=0.7416
  Episode 8/10: Reward=0.7810
  Episode 9/10: Reward=0.7344
  Episode 10/10: Reward=0.5954
  >> Decoder Loss: 0.001680
  >> SAC Q1 Loss: 0.0006, Policy Loss: -1.3781
Epoch 64 Val Acc: 0.8546 | LR: 0.10000
Epoch 65/200
  Episode 1/10: Reward=0.7152
  Episode 2/10: Reward=0.6820
  Episode 3/10: Reward=0.6798
  Episode 4/10: Reward=0.7536
  Episode 5/10: Reward=0.7336
  Episode 6/10: Reward=0.5484
  Episode 7/10: Reward=0.6266
  Episode 8/10: Reward=0.5782
  Episode 9/10: Reward=0.7922
  Episode 10/10: Reward=0.4562
  >> Decoder Loss: 0.001412
  >> SAC Q1 Loss: 0.0005, Policy Loss: -1.3812
Epoch 65 Val Acc: 0.8643 | LR: 0.10000
Epoch 66/200
  Episode 1/10: Reward=0.6548
  Episode 2/10: Reward=0.5908
  Episode 3/10: Reward=0.6228
  Episode 4/10: Reward=0.6526
  Episode 5/10: Reward=0.7416
  Episode 6/10: Reward=0.7152
  Episode 7/10: Reward=0.7260
  Episode 8/10: Reward=0.7570
  Episode 9/10: Reward=0.7196
  Episode 10/10: Reward=0.7464
  >> Decoder Loss: 0.001651
  >> SAC Q1 Loss: 0.0005, Policy Loss: -1.3899
Epoch 66 Val Acc: 0.8808 | LR: 0.10000
Epoch 67/200
  Episode 1/10: Reward=0.6800
  Episode 2/10: Reward=0.6904
  Episode 3/10: Reward=0.6188
  Episode 4/10: Reward=0.7682
  Episode 5/10: Reward=0.6166
  Episode 6/10: Reward=0.6522
  Episode 7/10: Reward=0.7272
  Episode 8/10: Reward=0.6196
  Episode 9/10: Reward=0.7408
  Episode 10/10: Reward=0.7272
  >> Decoder Loss: 0.001589
  >> SAC Q1 Loss: 0.0006, Policy Loss: -1.3814
Epoch 67 Val Acc: 0.8628 | LR: 0.10000
Epoch 68/200
  Episode 1/10: Reward=0.6794
  Episode 2/10: Reward=0.6536
  Episode 3/10: Reward=0.6662
  Episode 4/10: Reward=0.8188
  Episode 5/10: Reward=0.7216
  Episode 6/10: Reward=0.6978
  Episode 7/10: Reward=0.5456
  Episode 8/10: Reward=0.5572
  Episode 9/10: Reward=0.5752
  Episode 10/10: Reward=0.5360
  >> Decoder Loss: 0.001422
  >> SAC Q1 Loss: 0.0005, Policy Loss: -1.3800
Epoch 68 Val Acc: 0.8531 | LR: 0.10000
Epoch 69/200
  Episode 1/10: Reward=0.7344
  Episode 2/10: Reward=0.7360
  Episode 3/10: Reward=0.6952
  Episode 4/10: Reward=0.7386
  Episode 5/10: Reward=0.5662
  Episode 6/10: Reward=0.7600
  Episode 7/10: Reward=0.5612
  Episode 8/10: Reward=0.6236
  Episode 9/10: Reward=0.7246
  Episode 10/10: Reward=0.6632
  >> Decoder Loss: 0.001291
  >> SAC Q1 Loss: 0.0005, Policy Loss: -1.3800
Epoch 69 Val Acc: 0.8762 | LR: 0.10000
Epoch 70/200
  Episode 1/10: Reward=0.8046
  Episode 2/10: Reward=0.8258
  Episode 3/10: Reward=0.6784
  Episode 4/10: Reward=0.5982
  Episode 5/10: Reward=0.7586
  Episode 6/10: Reward=0.6984
  Episode 7/10: Reward=0.7456
  Episode 8/10: Reward=0.6752
  Episode 9/10: Reward=0.5856
  Episode 10/10: Reward=0.5076
  >> Decoder Loss: 0.001177
  >> SAC Q1 Loss: 0.0006, Policy Loss: -1.3754
Epoch 70 Val Acc: 0.8562 | LR: 0.10000
Epoch 71/200
  Episode 1/10: Reward=0.6782
  Episode 2/10: Reward=0.6370
  Episode 3/10: Reward=0.6424
  Episode 4/10: Reward=0.7188
  Episode 5/10: Reward=0.8000
  Episode 6/10: Reward=0.7088
  Episode 7/10: Reward=0.6384
  Episode 8/10: Reward=0.5736
  Episode 9/10: Reward=0.6358
  Episode 10/10: Reward=0.5634
  >> Decoder Loss: 0.001315
  >> SAC Q1 Loss: 0.0006, Policy Loss: -1.3799
Epoch 71 Val Acc: 0.8790 | LR: 0.10000
Epoch 72/200
  Episode 1/10: Reward=0.7862
  Episode 2/10: Reward=0.6244
  Episode 3/10: Reward=0.8248
  Episode 4/10: Reward=0.5948
  Episode 5/10: Reward=0.7836
  Episode 6/10: Reward=0.6980
  Episode 7/10: Reward=0.6464
  Episode 8/10: Reward=0.5970
  Episode 9/10: Reward=0.5178
  Episode 10/10: Reward=0.7406
  >> Decoder Loss: 0.001477
  >> SAC Q1 Loss: 0.0005, Policy Loss: -1.3791
Epoch 72 Val Acc: 0.8833 | LR: 0.10000
Epoch 73/200
  Episode 1/10: Reward=0.6218
  Episode 2/10: Reward=0.8128
  Episode 3/10: Reward=0.7402
  Episode 4/10: Reward=0.6876
  Episode 5/10: Reward=0.6026
  Episode 6/10: Reward=0.6624
  Episode 7/10: Reward=0.5528
  Episode 8/10: Reward=0.8282
  Episode 9/10: Reward=0.7036
  Episode 10/10: Reward=0.6898
  >> Decoder Loss: 0.001505
  >> SAC Q1 Loss: 0.0006, Policy Loss: -1.3709
Epoch 73 Val Acc: 0.8435 | LR: 0.10000
Epoch 74/200
  Episode 1/10: Reward=0.6806
  Episode 2/10: Reward=0.5740
  Episode 3/10: Reward=0.4620
  Episode 4/10: Reward=0.6940
  Episode 5/10: Reward=0.7446
  Episode 6/10: Reward=0.7516
  Episode 7/10: Reward=0.6810
  Episode 8/10: Reward=0.6948
  Episode 9/10: Reward=0.6660
  Episode 10/10: Reward=0.6096
  >> Decoder Loss: 0.001238
  >> SAC Q1 Loss: 0.0006, Policy Loss: -1.3715
Epoch 74 Val Acc: 0.8776 | LR: 0.10000
Epoch 75/200
  Episode 1/10: Reward=0.5256
  Episode 2/10: Reward=0.6630
  Episode 3/10: Reward=0.7186
  Episode 4/10: Reward=0.6928
  Episode 5/10: Reward=0.6110
  Episode 6/10: Reward=0.6144
  Episode 7/10: Reward=0.6890
  Episode 8/10: Reward=0.7384
  Episode 9/10: Reward=0.7882
  Episode 10/10: Reward=0.6972
  >> Decoder Loss: 0.000759
  >> SAC Q1 Loss: 0.0005, Policy Loss: -1.3772
Epoch 75 Val Acc: 0.8826 | LR: 0.10000
Epoch 76/200
  Episode 1/10: Reward=0.6184
  Episode 2/10: Reward=0.5972
  Episode 3/10: Reward=0.6026
  Episode 4/10: Reward=0.7534
  Episode 5/10: Reward=0.6892
  Episode 6/10: Reward=0.6874
  Episode 7/10: Reward=0.7608
  Episode 8/10: Reward=0.7174
  Episode 9/10: Reward=0.6662
  Episode 10/10: Reward=0.7454
  >> Decoder Loss: 0.000648
  >> SAC Q1 Loss: 0.0005, Policy Loss: -1.3824
Epoch 76 Val Acc: 0.8698 | LR: 0.10000
Epoch 77/200
  Episode 1/10: Reward=0.6908
  Episode 2/10: Reward=0.5424
  Episode 3/10: Reward=0.7374
  Episode 4/10: Reward=0.7012
  Episode 5/10: Reward=0.7488
  Episode 6/10: Reward=0.7206
  Episode 7/10: Reward=0.7198
  Episode 8/10: Reward=0.6504
  Episode 9/10: Reward=0.7902
  Episode 10/10: Reward=0.7864
  >> Decoder Loss: 0.000763
  >> SAC Q1 Loss: 0.0005, Policy Loss: -1.3855
Epoch 77 Val Acc: 0.8678 | LR: 0.10000
Epoch 78/200
  Episode 1/10: Reward=0.6862
  Episode 2/10: Reward=0.7888
  Episode 3/10: Reward=0.6252
  Episode 4/10: Reward=0.6346
  Episode 5/10: Reward=0.7916
  Episode 6/10: Reward=0.7064
  Episode 7/10: Reward=0.6482
  Episode 8/10: Reward=0.8210
  Episode 9/10: Reward=0.7652
  Episode 10/10: Reward=0.7216
  >> Decoder Loss: 0.000539
  >> SAC Q1 Loss: 0.0005, Policy Loss: -1.3949
Epoch 78 Val Acc: 0.8771 | LR: 0.10000
Epoch 79/200
  Episode 1/10: Reward=0.6276
  Episode 2/10: Reward=0.6002
  Episode 3/10: Reward=0.7468
  Episode 4/10: Reward=0.6472
  Episode 5/10: Reward=0.7422
  Episode 6/10: Reward=0.7250
  Episode 7/10: Reward=0.6362
  Episode 8/10: Reward=0.7358
  Episode 9/10: Reward=0.8236
  Episode 10/10: Reward=0.7964
  >> Decoder Loss: 0.001058
  >> SAC Q1 Loss: 0.0005, Policy Loss: -1.3963
Epoch 79 Val Acc: 0.8782 | LR: 0.10000
Epoch 80/200
  Episode 1/10: Reward=0.7094
  Episode 2/10: Reward=0.6798
  Episode 3/10: Reward=0.6348
  Episode 4/10: Reward=0.8162
  Episode 5/10: Reward=0.6418
  Episode 6/10: Reward=0.7020
  Episode 7/10: Reward=0.6150
  Episode 8/10: Reward=0.6904
  Episode 9/10: Reward=0.6626
  Episode 10/10: Reward=0.7860
  >> Decoder Loss: 0.000872
  >> SAC Q1 Loss: 0.0006, Policy Loss: -1.3895
Epoch 80 Val Acc: 0.8685 | LR: 0.10000
Epoch 81/200
  Episode 1/10: Reward=0.7304
  Episode 2/10: Reward=0.6732
  Episode 3/10: Reward=0.6092
  Episode 4/10: Reward=0.6724
  Episode 5/10: Reward=0.7048
  Episode 6/10: Reward=0.7630
  Episode 7/10: Reward=0.7242
  Episode 8/10: Reward=0.6402
  Episode 9/10: Reward=0.6666
  Episode 10/10: Reward=0.6942
  >> Decoder Loss: 0.000718
  >> SAC Q1 Loss: 0.0005, Policy Loss: -1.3974
Epoch 81 Val Acc: 0.8693 | LR: 0.10000
Epoch 82/200
  Episode 1/10: Reward=0.6192
  Episode 2/10: Reward=0.6422
  Episode 3/10: Reward=0.6852
  Episode 4/10: Reward=0.7784
  Episode 5/10: Reward=0.7172
  Episode 6/10: Reward=0.6142
  Episode 7/10: Reward=0.6006
  Episode 8/10: Reward=0.7352
  Episode 9/10: Reward=0.6696
  Episode 10/10: Reward=0.7198
  >> Decoder Loss: 0.000637
  >> SAC Q1 Loss: 0.0006, Policy Loss: -1.3926
Epoch 82 Val Acc: 0.8654 | LR: 0.10000
Epoch 83/200
  Episode 1/10: Reward=0.7024
  Episode 2/10: Reward=0.5010
  Episode 3/10: Reward=0.4836
  Episode 4/10: Reward=0.7568
  Episode 5/10: Reward=0.7160
  Episode 6/10: Reward=0.5150
  Episode 7/10: Reward=0.7602
  Episode 8/10: Reward=0.7236
  Episode 9/10: Reward=0.7314
  Episode 10/10: Reward=0.7248
  >> Decoder Loss: 0.000874
  >> SAC Q1 Loss: 0.0005, Policy Loss: -1.3986
Epoch 83 Val Acc: 0.8532 | LR: 0.10000
Epoch 84/200
  Episode 1/10: Reward=0.8058
  Episode 2/10: Reward=0.6298
  Episode 3/10: Reward=0.7184
  Episode 4/10: Reward=0.5408
  Episode 5/10: Reward=0.6196
  Episode 6/10: Reward=0.5376
  Episode 7/10: Reward=0.7178
  Episode 8/10: Reward=0.7334
  Episode 9/10: Reward=0.7114
  Episode 10/10: Reward=0.7318
  >> Decoder Loss: 0.000669
  >> SAC Q1 Loss: 0.0006, Policy Loss: -1.3876
Epoch 84 Val Acc: 0.8740 | LR: 0.10000
Epoch 85/200
  Episode 1/10: Reward=0.6996
  Episode 2/10: Reward=0.4878
  Episode 3/10: Reward=0.7218
  Episode 4/10: Reward=0.6198
  Episode 5/10: Reward=0.7328
  Episode 6/10: Reward=0.6638
  Episode 7/10: Reward=0.6344
  Episode 8/10: Reward=0.6908
  Episode 9/10: Reward=0.6218
  Episode 10/10: Reward=0.6718
  >> Decoder Loss: 0.001239
  >> SAC Q1 Loss: 0.0005, Policy Loss: -1.3901
Epoch 85 Val Acc: 0.8747 | LR: 0.10000
Epoch 86/200
  Episode 1/10: Reward=0.7818
  Episode 2/10: Reward=0.7828
  Episode 3/10: Reward=0.7200
  Episode 4/10: Reward=0.4780
  Episode 5/10: Reward=0.7154
  Episode 6/10: Reward=0.7226
  Episode 7/10: Reward=0.6814
  Episode 8/10: Reward=0.7060
  Episode 9/10: Reward=0.6788
  Episode 10/10: Reward=0.7140
  >> Decoder Loss: 0.000646
  >> SAC Q1 Loss: 0.0006, Policy Loss: -1.3929
Epoch 86 Val Acc: 0.8768 | LR: 0.10000
Epoch 87/200
  Episode 1/10: Reward=0.5498
  Episode 2/10: Reward=0.6948
  Episode 3/10: Reward=0.6254
  Episode 4/10: Reward=0.7552
  Episode 5/10: Reward=0.5600
  Episode 6/10: Reward=0.7242
  Episode 7/10: Reward=0.7016
  Episode 8/10: Reward=0.6984
  Episode 9/10: Reward=0.6882
  Episode 10/10: Reward=0.7014
  >> Decoder Loss: 0.000796
  >> SAC Q1 Loss: 0.0005, Policy Loss: -1.3831
Epoch 87 Val Acc: 0.8567 | LR: 0.10000
Epoch 88/200
  Episode 1/10: Reward=0.7246
  Episode 2/10: Reward=0.7154
  Episode 3/10: Reward=0.5326
  Episode 4/10: Reward=0.6978
  Episode 5/10: Reward=0.5164
  Episode 6/10: Reward=0.6826
  Episode 7/10: Reward=0.7956
  Episode 8/10: Reward=0.6268
  Episode 9/10: Reward=0.6132
  Episode 10/10: Reward=0.6162
  >> Decoder Loss: 0.000664
  >> SAC Q1 Loss: 0.0006, Policy Loss: -1.3851
Epoch 88 Val Acc: 0.8600 | LR: 0.10000
Epoch 89/200
  Episode 1/10: Reward=0.6508
  Episode 2/10: Reward=0.7714
  Episode 3/10: Reward=0.6714
  Episode 4/10: Reward=0.7230
  Episode 5/10: Reward=0.5744
  Episode 6/10: Reward=0.6306
  Episode 7/10: Reward=0.6280
  Episode 8/10: Reward=0.6012
  Episode 9/10: Reward=0.6632
  Episode 10/10: Reward=0.6756
  >> Decoder Loss: 0.000682
  >> SAC Q1 Loss: 0.0005, Policy Loss: -1.3895
Epoch 89 Val Acc: 0.8823 | LR: 0.10000
Epoch 90/200
  Episode 1/10: Reward=0.7164
  Episode 2/10: Reward=0.5626
  Episode 3/10: Reward=0.7140
  Episode 4/10: Reward=0.6244
  Episode 5/10: Reward=0.6932
  Episode 6/10: Reward=0.8228
  Episode 7/10: Reward=0.4216
  Episode 8/10: Reward=0.7190
  Episode 9/10: Reward=0.6986
  Episode 10/10: Reward=0.7158
  >> Decoder Loss: 0.000734
  >> SAC Q1 Loss: 0.0006, Policy Loss: -1.3771
Epoch 90 Val Acc: 0.8695 | LR: 0.10000

=== [Phase 4] Weights Training with Lalign (Alignment) ===
  >> Best policy loaded. Applying Soft Alignment...
Epoch 91/200 Val Acc: 0.8472
Epoch 92/200 Val Acc: 0.8600
Epoch 93/200 Val Acc: 0.8631
Epoch 94/200 Val Acc: 0.8565
Epoch 95/200 Val Acc: 0.8678
Epoch 96/200 Val Acc: 0.8761
Epoch 97/200 Val Acc: 0.8643
Epoch 98/200 Val Acc: 0.8754
Epoch 99/200 Val Acc: 0.8402
Epoch 100/200 Val Acc: 0.8539
Epoch 101/200 Val Acc: 0.8546
Epoch 102/200 Val Acc: 0.8596
Epoch 103/200 Val Acc: 0.8674
Epoch 104/200 Val Acc: 0.8699
Epoch 105/200 Val Acc: 0.8701
Epoch 106/200 Val Acc: 0.8507
Epoch 107/200 Val Acc: 0.8469
Epoch 108/200 Val Acc: 0.8810
Epoch 109/200 Val Acc: 0.8228
Epoch 110/200 Val Acc: 0.8746
Epoch 111/200 Val Acc: 0.9129
Epoch 112/200 Val Acc: 0.9150
Epoch 113/200 Val Acc: 0.9164
Epoch 114/200 Val Acc: 0.9174
Epoch 115/200 Val Acc: 0.9174
Epoch 116/200 Val Acc: 0.9162
Epoch 117/200 Val Acc: 0.9172
Epoch 118/200 Val Acc: 0.9178
Epoch 119/200 Val Acc: 0.9196
Epoch 120/200 Val Acc: 0.9194
Epoch 121/200 Val Acc: 0.9192
Epoch 122/200 Val Acc: 0.9186
Epoch 123/200 Val Acc: 0.9167
Epoch 124/200 Val Acc: 0.9176
Epoch 125/200 Val Acc: 0.9196
Epoch 126/200 Val Acc: 0.9175
Epoch 127/200 Val Acc: 0.9190
Epoch 128/200 Val Acc: 0.9197
Epoch 129/200 Val Acc: 0.9187
Epoch 130/200 Val Acc: 0.9176
Epoch 131/200 Val Acc: 0.9200
Epoch 132/200 Val Acc: 0.9165
Epoch 133/200 Val Acc: 0.9189
Epoch 134/200 Val Acc: 0.9177
Epoch 135/200 Val Acc: 0.9183
Epoch 136/200 Val Acc: 0.9195
Epoch 137/200 Val Acc: 0.9186
Epoch 138/200 Val Acc: 0.9175
Epoch 139/200 Val Acc: 0.9175
Epoch 140/200 Val Acc: 0.9188
Epoch 141/200 Val Acc: 0.9204
Epoch 142/200 Val Acc: 0.9195
Epoch 143/200 Val Acc: 0.9195
Epoch 144/200 Val Acc: 0.9183
Epoch 145/200 Val Acc: 0.9183
Epoch 146/200 Val Acc: 0.9177
Epoch 147/200 Val Acc: 0.9184
Epoch 148/200 Val Acc: 0.9186
Epoch 149/200 Val Acc: 0.9181
Epoch 150/200 Val Acc: 0.9175
Epoch 151/200 Val Acc: 0.9178
Epoch 152/200 Val Acc: 0.9185
Epoch 153/200 Val Acc: 0.9170
Epoch 154/200 Val Acc: 0.9197
Epoch 155/200 Val Acc: 0.9208
Epoch 156/200 Val Acc: 0.9204
Epoch 157/200 Val Acc: 0.9167
Epoch 158/200 Val Acc: 0.9207
Epoch 159/200 Val Acc: 0.9174
Epoch 160/200 Val Acc: 0.9195
Epoch 161/200 Val Acc: 0.9190
Epoch 162/200 Val Acc: 0.9196
Epoch 163/200 Val Acc: 0.9201
Epoch 164/200 Val Acc: 0.9217
Epoch 165/200 Val Acc: 0.9213
Epoch 166/200 Val Acc: 0.9214
Epoch 167/200 Val Acc: 0.9219
Epoch 168/200 Val Acc: 0.9210
Epoch 169/200 Val Acc: 0.9216
Epoch 170/200 Val Acc: 0.9208
Epoch 171/200 Val Acc: 0.9223
Epoch 172/200 Val Acc: 0.9224
Epoch 173/200 Val Acc: 0.9212
Epoch 174/200 Val Acc: 0.9200
Epoch 175/200 Val Acc: 0.9210
Epoch 176/200 Val Acc: 0.9205
Epoch 177/200 Val Acc: 0.9215
Epoch 178/200 Val Acc: 0.9225
Epoch 179/200 Val Acc: 0.9216
Epoch 180/200 Val Acc: 0.9219
Epoch 181/200 Val Acc: 0.9229
Epoch 182/200 Val Acc: 0.9208
Epoch 183/200 Val Acc: 0.9220
Epoch 184/200 Val Acc: 0.9229
Epoch 185/200 Val Acc: 0.9222
Epoch 186/200 Val Acc: 0.9218
Epoch 187/200 Val Acc: 0.9208
Epoch 188/200 Val Acc: 0.9219
Epoch 189/200 Val Acc: 0.9227
Epoch 190/200 Val Acc: 0.9213
Epoch 191/200 Val Acc: 0.9213
Epoch 192/200 Val Acc: 0.9220
Epoch 193/200 Val Acc: 0.9230
Epoch 194/200 Val Acc: 0.9215
Epoch 195/200 Val Acc: 0.9221
Epoch 196/200 Val Acc: 0.9225
Epoch 197/200 Val Acc: 0.9231
Epoch 198/200 Val Acc: 0.9224
Epoch 199/200 Val Acc: 0.9213
Epoch 200/200 Val Acc: 0.9222
Training Complete.
