Using device: cuda:5
>> TensorBoard logging to checkpoints/paramcloss500/runs
>> Data: Splitting 45k (Train) / 5k (Reward) / 10k (Test)
ModelWrapper: Detected 27 prunable blocks (Conv1+Conv2 pairs).
Env Init: Original=125.04M, Target=62.52M
Environment initialized. State dim: 9, Target Prune Rate: 0.5

=== [Phase 1] Warmup (Weights Training) ===
Epoch 1 Val Acc: 0.3690 | LR: 0.10000
Epoch 2 Val Acc: 0.4339 | LR: 0.10000
Epoch 3 Val Acc: 0.5664 | LR: 0.10000
Epoch 4 Val Acc: 0.6791 | LR: 0.10000
Epoch 5 Val Acc: 0.7217 | LR: 0.10000
Epoch 6 Val Acc: 0.7242 | LR: 0.10000
Epoch 7 Val Acc: 0.6744 | LR: 0.10000
Epoch 8 Val Acc: 0.7789 | LR: 0.10000
Epoch 9 Val Acc: 0.7702 | LR: 0.10000
Epoch 10 Val Acc: 0.7904 | LR: 0.10000
>> Warmup done. Updating base weights for Agent...

=== [Phase 2] Fill Buffer (Pure Random Exploration) ===
Epoch 11/200
  Fill Episode 1/10: Reward=0.6354
  Fill Episode 2/10: Reward=0.6644
  Fill Episode 3/10: Reward=0.6856
  Fill Episode 4/10: Reward=0.6802
  Fill Episode 5/10: Reward=0.6102
  Fill Episode 6/10: Reward=0.6872
  Fill Episode 7/10: Reward=0.6950
  Fill Episode 8/10: Reward=0.5436
  Fill Episode 9/10: Reward=0.7110
  Fill Episode 10/10: Reward=0.5790
Epoch 12/200
  Fill Episode 1/10: Reward=0.6136
  Fill Episode 2/10: Reward=0.6558
  Fill Episode 3/10: Reward=0.7222
  Fill Episode 4/10: Reward=0.7066
  Fill Episode 5/10: Reward=0.6208
  Fill Episode 6/10: Reward=0.6674
  Fill Episode 7/10: Reward=0.5144
  Fill Episode 8/10: Reward=0.6454
  Fill Episode 9/10: Reward=0.6674
  Fill Episode 10/10: Reward=0.5258
Epoch 13/200
  Fill Episode 1/10: Reward=0.5494
  Fill Episode 2/10: Reward=0.7004
  Fill Episode 3/10: Reward=0.6418
  Fill Episode 4/10: Reward=0.6296
  Fill Episode 5/10: Reward=0.7116
  Fill Episode 6/10: Reward=0.6048
  Fill Episode 7/10: Reward=0.6702
  Fill Episode 8/10: Reward=0.6980
  Fill Episode 9/10: Reward=0.6618
  Fill Episode 10/10: Reward=0.7202
Epoch 14/200
  Fill Episode 1/10: Reward=0.6716
  Fill Episode 2/10: Reward=0.6832
  Fill Episode 3/10: Reward=0.6848
  Fill Episode 4/10: Reward=0.6802
  Fill Episode 5/10: Reward=0.6580
  Fill Episode 6/10: Reward=0.6806
  Fill Episode 7/10: Reward=0.5282
  Fill Episode 8/10: Reward=0.6850
  Fill Episode 9/10: Reward=0.6080
  Fill Episode 10/10: Reward=0.6122
Epoch 15/200
  Fill Episode 1/10: Reward=0.6548
  Fill Episode 2/10: Reward=0.7060
  Fill Episode 3/10: Reward=0.6418
  Fill Episode 4/10: Reward=0.6426
  Fill Episode 5/10: Reward=0.5604
  Fill Episode 6/10: Reward=0.7100
  Fill Episode 7/10: Reward=0.6770
  Fill Episode 8/10: Reward=0.7136
  Fill Episode 9/10: Reward=0.5508
  Fill Episode 10/10: Reward=0.6594
Epoch 16/200
  Fill Episode 1/10: Reward=0.6732
  Fill Episode 2/10: Reward=0.5594
  Fill Episode 3/10: Reward=0.6720
  Fill Episode 4/10: Reward=0.5840
  Fill Episode 5/10: Reward=0.6154
  Fill Episode 6/10: Reward=0.6596
  Fill Episode 7/10: Reward=0.5912
  Fill Episode 8/10: Reward=0.6722
  Fill Episode 9/10: Reward=0.6874
  Fill Episode 10/10: Reward=0.6680
Epoch 17/200
  Fill Episode 1/10: Reward=0.6488
  Fill Episode 2/10: Reward=0.6600
  Fill Episode 3/10: Reward=0.5988
  Fill Episode 4/10: Reward=0.7118
  Fill Episode 5/10: Reward=0.7120
  Fill Episode 6/10: Reward=0.6770
  Fill Episode 7/10: Reward=0.5934
  Fill Episode 8/10: Reward=0.6360
  Fill Episode 9/10: Reward=0.6782
  Fill Episode 10/10: Reward=0.6478
Epoch 18/200
  Fill Episode 1/10: Reward=0.6040
  Fill Episode 2/10: Reward=0.6316
  Fill Episode 3/10: Reward=0.5476
  Fill Episode 4/10: Reward=0.6694
  Fill Episode 5/10: Reward=0.5878
  Fill Episode 6/10: Reward=0.6834
  Fill Episode 7/10: Reward=0.6734
  Fill Episode 8/10: Reward=0.5874
  Fill Episode 9/10: Reward=0.6790
  Fill Episode 10/10: Reward=0.6440
Epoch 19/200
  Fill Episode 1/10: Reward=0.7078
  Fill Episode 2/10: Reward=0.6546
  Fill Episode 3/10: Reward=0.6492
  Fill Episode 4/10: Reward=0.6532
  Fill Episode 5/10: Reward=0.6400
  Fill Episode 6/10: Reward=0.5608
  Fill Episode 7/10: Reward=0.6618
  Fill Episode 8/10: Reward=0.6594
  Fill Episode 9/10: Reward=0.6496
  Fill Episode 10/10: Reward=0.6820
Epoch 20/200
  Fill Episode 1/10: Reward=0.7152
  Fill Episode 2/10: Reward=0.6904
  Fill Episode 3/10: Reward=0.6984
  Fill Episode 4/10: Reward=0.6256
  Fill Episode 5/10: Reward=0.6852
  Fill Episode 6/10: Reward=0.6998
  Fill Episode 7/10: Reward=0.6372
  Fill Episode 8/10: Reward=0.6586
  Fill Episode 9/10: Reward=0.6826
  Fill Episode 10/10: Reward=0.6916

=== [Phase 3] Joint Agent Training & Pruning Search ===
Epoch 21/200
[BestPolicy] Updated best reward: 0.5944
  Episode 1/10: Reward=0.5944
  Episode 2/10: Reward=0.5716
[BestPolicy] Updated best reward: 0.6760
  Episode 3/10: Reward=0.6760
  Episode 4/10: Reward=0.6494
[BestPolicy] Updated best reward: 0.6928
  Episode 5/10: Reward=0.6928
[BestPolicy] Updated best reward: 0.6968
  Episode 6/10: Reward=0.6968
  Episode 7/10: Reward=0.5968
  Episode 8/10: Reward=0.5620
  Episode 9/10: Reward=0.6592
  Episode 10/10: Reward=0.5314
  >> Decoder Loss: 0.018516
  >> SAC Q1 Loss: 0.0238, Policy Loss: 0.1122, Consistency Loss: 0.0139
Epoch 21 Val Acc: 0.8000 | LR: 0.10000
Epoch 22/200
  Episode 1/10: Reward=0.6314
  Episode 2/10: Reward=0.6494
  Episode 3/10: Reward=0.6176
  Episode 4/10: Reward=0.5916
  Episode 5/10: Reward=0.5690
  Episode 6/10: Reward=0.6338
  Episode 7/10: Reward=0.6280
  Episode 8/10: Reward=0.6236
  Episode 9/10: Reward=0.6724
[BestPolicy] Updated best reward: 0.7026
  Episode 10/10: Reward=0.7026
  >> Decoder Loss: 0.014326
  >> SAC Q1 Loss: 0.0090, Policy Loss: -0.0272, Consistency Loss: 0.0065
Epoch 22 Val Acc: 0.8340 | LR: 0.10000
Epoch 23/200
  Episode 1/10: Reward=0.6736
  Episode 2/10: Reward=0.6284
  Episode 3/10: Reward=0.6708
  Episode 4/10: Reward=0.6880
  Episode 5/10: Reward=0.6164
[BestPolicy] Updated best reward: 0.7074
  Episode 6/10: Reward=0.7074
[BestPolicy] Updated best reward: 0.7430
  Episode 7/10: Reward=0.7430
  Episode 8/10: Reward=0.6594
  Episode 9/10: Reward=0.5756
  Episode 10/10: Reward=0.6240
  >> Decoder Loss: 0.013514
  >> SAC Q1 Loss: 0.0032, Policy Loss: -0.1232, Consistency Loss: 0.0047
Epoch 23 Val Acc: 0.8110 | LR: 0.10000
Epoch 24/200
  Episode 1/10: Reward=0.6358
  Episode 2/10: Reward=0.6176
  Episode 3/10: Reward=0.5368
  Episode 4/10: Reward=0.6676
  Episode 5/10: Reward=0.6352
  Episode 6/10: Reward=0.7012
  Episode 7/10: Reward=0.7120
  Episode 8/10: Reward=0.6294
  Episode 9/10: Reward=0.6902
  Episode 10/10: Reward=0.5972
  >> Decoder Loss: 0.012436
  >> SAC Q1 Loss: 0.0009, Policy Loss: -0.2156, Consistency Loss: 0.0032
Epoch 24 Val Acc: 0.8424 | LR: 0.10000
Epoch 25/200
  Episode 1/10: Reward=0.5946
  Episode 2/10: Reward=0.6338
  Episode 3/10: Reward=0.7156
  Episode 4/10: Reward=0.5620
  Episode 5/10: Reward=0.7058
  Episode 6/10: Reward=0.6410
  Episode 7/10: Reward=0.6940
  Episode 8/10: Reward=0.6504
  Episode 9/10: Reward=0.6498
  Episode 10/10: Reward=0.6882
  >> Decoder Loss: 0.010068
  >> SAC Q1 Loss: 0.0006, Policy Loss: -0.2967, Consistency Loss: 0.0061
Epoch 25 Val Acc: 0.8362 | LR: 0.10000
Epoch 26/200
  Episode 1/10: Reward=0.5748
  Episode 2/10: Reward=0.6290
  Episode 3/10: Reward=0.6766
  Episode 4/10: Reward=0.7372
[BestPolicy] Updated best reward: 0.7486
  Episode 5/10: Reward=0.7486
  Episode 6/10: Reward=0.6954
  Episode 7/10: Reward=0.6530
  Episode 8/10: Reward=0.6958
  Episode 9/10: Reward=0.5876
  Episode 10/10: Reward=0.6212
  >> Decoder Loss: 0.009223
  >> SAC Q1 Loss: 0.0007, Policy Loss: -0.3793, Consistency Loss: 0.0040
Epoch 26 Val Acc: 0.8238 | LR: 0.10000
Epoch 27/200
  Episode 1/10: Reward=0.7316
  Episode 2/10: Reward=0.5864
  Episode 3/10: Reward=0.7376
  Episode 4/10: Reward=0.7244
  Episode 5/10: Reward=0.6204
  Episode 6/10: Reward=0.7182
  Episode 7/10: Reward=0.7482
  Episode 8/10: Reward=0.6876
  Episode 9/10: Reward=0.6516
  Episode 10/10: Reward=0.7376
  >> Decoder Loss: 0.008467
  >> SAC Q1 Loss: 0.0010, Policy Loss: -0.4580, Consistency Loss: 0.0042
Epoch 27 Val Acc: 0.8336 | LR: 0.10000
Epoch 28/200
  Episode 1/10: Reward=0.6992
  Episode 2/10: Reward=0.7446
  Episode 3/10: Reward=0.6748
  Episode 4/10: Reward=0.7052
  Episode 5/10: Reward=0.7138
  Episode 6/10: Reward=0.7052
[BestPolicy] Updated best reward: 0.7558
  Episode 7/10: Reward=0.7558
  Episode 8/10: Reward=0.7038
  Episode 9/10: Reward=0.6288
  Episode 10/10: Reward=0.7314
  >> Decoder Loss: 0.007236
  >> SAC Q1 Loss: 0.0013, Policy Loss: -0.5379, Consistency Loss: 0.0036
Epoch 28 Val Acc: 0.8182 | LR: 0.10000
Epoch 29/200
  Episode 1/10: Reward=0.6172
  Episode 2/10: Reward=0.6460
  Episode 3/10: Reward=0.7422
  Episode 4/10: Reward=0.6058
  Episode 5/10: Reward=0.7348
  Episode 6/10: Reward=0.7354
  Episode 7/10: Reward=0.6918
  Episode 8/10: Reward=0.7246
  Episode 9/10: Reward=0.6278
  Episode 10/10: Reward=0.6776
  >> Decoder Loss: 0.007157
  >> SAC Q1 Loss: 0.0019, Policy Loss: -0.6179, Consistency Loss: 0.0059
Epoch 29 Val Acc: 0.8373 | LR: 0.10000
Epoch 30/200
  Episode 1/10: Reward=0.7498
  Episode 2/10: Reward=0.6986
  Episode 3/10: Reward=0.5992
  Episode 4/10: Reward=0.5630
  Episode 5/10: Reward=0.5758
  Episode 6/10: Reward=0.5980
  Episode 7/10: Reward=0.6902
  Episode 8/10: Reward=0.6426
  Episode 9/10: Reward=0.5682
  Episode 10/10: Reward=0.6012
  >> Decoder Loss: 0.006311
  >> SAC Q1 Loss: 0.0019, Policy Loss: -0.6890, Consistency Loss: 0.0032
Epoch 30 Val Acc: 0.8497 | LR: 0.10000
Epoch 31/200
  Episode 1/10: Reward=0.6570
  Episode 2/10: Reward=0.6828
  Episode 3/10: Reward=0.6178
  Episode 4/10: Reward=0.7052
  Episode 5/10: Reward=0.6980
  Episode 6/10: Reward=0.6298
  Episode 7/10: Reward=0.6434
  Episode 8/10: Reward=0.7002
  Episode 9/10: Reward=0.6232
  Episode 10/10: Reward=0.6234
  >> Decoder Loss: 0.006098
  >> SAC Q1 Loss: 0.0018, Policy Loss: -0.7506, Consistency Loss: 0.0029
Epoch 31 Val Acc: 0.8530 | LR: 0.10000
Epoch 32/200
  Episode 1/10: Reward=0.6814
  Episode 2/10: Reward=0.6958
  Episode 3/10: Reward=0.5362
  Episode 4/10: Reward=0.6782
[BestPolicy] Updated best reward: 0.7694
  Episode 5/10: Reward=0.7694
  Episode 6/10: Reward=0.6138
  Episode 7/10: Reward=0.7406
[BestPolicy] Updated best reward: 0.7914
  Episode 8/10: Reward=0.7914
  Episode 9/10: Reward=0.6418
  Episode 10/10: Reward=0.7318
  >> Decoder Loss: 0.004604
  >> SAC Q1 Loss: 0.0016, Policy Loss: -0.8132, Consistency Loss: 0.0041
Epoch 32 Val Acc: 0.8204 | LR: 0.10000
Epoch 33/200
  Episode 1/10: Reward=0.7214
  Episode 2/10: Reward=0.7110
  Episode 3/10: Reward=0.6198
  Episode 4/10: Reward=0.6572
  Episode 5/10: Reward=0.7262
  Episode 6/10: Reward=0.6788
  Episode 7/10: Reward=0.6472
  Episode 8/10: Reward=0.6666
  Episode 9/10: Reward=0.7434
  Episode 10/10: Reward=0.6002
  >> Decoder Loss: 0.005453
  >> SAC Q1 Loss: 0.0011, Policy Loss: -0.8698, Consistency Loss: 0.0019
Epoch 33 Val Acc: 0.8418 | LR: 0.10000
Epoch 34/200
  Episode 1/10: Reward=0.6922
  Episode 2/10: Reward=0.6830
  Episode 3/10: Reward=0.5374
  Episode 4/10: Reward=0.7412
  Episode 5/10: Reward=0.6760
  Episode 6/10: Reward=0.6302
  Episode 7/10: Reward=0.6942
  Episode 8/10: Reward=0.6250
  Episode 9/10: Reward=0.7616
  Episode 10/10: Reward=0.6840
  >> Decoder Loss: 0.004271
  >> SAC Q1 Loss: 0.0008, Policy Loss: -0.9211, Consistency Loss: 0.0022
Epoch 34 Val Acc: 0.8358 | LR: 0.10000
Epoch 35/200
  Episode 1/10: Reward=0.5356
  Episode 2/10: Reward=0.5570
  Episode 3/10: Reward=0.6388
  Episode 4/10: Reward=0.7026
  Episode 5/10: Reward=0.7386
  Episode 6/10: Reward=0.4966
  Episode 7/10: Reward=0.6742
  Episode 8/10: Reward=0.7188
  Episode 9/10: Reward=0.6954
  Episode 10/10: Reward=0.7024
  >> Decoder Loss: 0.004838
  >> SAC Q1 Loss: 0.0006, Policy Loss: -0.9751, Consistency Loss: 0.0027
Epoch 35 Val Acc: 0.8300 | LR: 0.10000
Epoch 36/200
  Episode 1/10: Reward=0.6042
  Episode 2/10: Reward=0.5936
  Episode 3/10: Reward=0.6288
  Episode 4/10: Reward=0.6824
  Episode 5/10: Reward=0.5906
  Episode 6/10: Reward=0.6688
  Episode 7/10: Reward=0.7668
  Episode 8/10: Reward=0.6704
  Episode 9/10: Reward=0.6822
  Episode 10/10: Reward=0.6628
  >> Decoder Loss: 0.003248
  >> SAC Q1 Loss: 0.0007, Policy Loss: -1.0213, Consistency Loss: 0.0021
Epoch 36 Val Acc: 0.8391 | LR: 0.10000
Epoch 37/200
  Episode 1/10: Reward=0.6104
  Episode 2/10: Reward=0.7430
  Episode 3/10: Reward=0.6928
[BestPolicy] Updated best reward: 0.8056
  Episode 4/10: Reward=0.8056
  Episode 5/10: Reward=0.6430
  Episode 6/10: Reward=0.6686
  Episode 7/10: Reward=0.6356
  Episode 8/10: Reward=0.6992
  Episode 9/10: Reward=0.6990
  Episode 10/10: Reward=0.6176
  >> Decoder Loss: 0.003281
  >> SAC Q1 Loss: 0.0007, Policy Loss: -1.0648, Consistency Loss: 0.0016
Epoch 37 Val Acc: 0.8257 | LR: 0.10000
Epoch 38/200
  Episode 1/10: Reward=0.7974
  Episode 2/10: Reward=0.6490
  Episode 3/10: Reward=0.7582
  Episode 4/10: Reward=0.7462
  Episode 5/10: Reward=0.5956
  Episode 6/10: Reward=0.6692
  Episode 7/10: Reward=0.6824
  Episode 8/10: Reward=0.6904
  Episode 9/10: Reward=0.5322
  Episode 10/10: Reward=0.7086
  >> Decoder Loss: 0.002843
  >> SAC Q1 Loss: 0.0006, Policy Loss: -1.1058, Consistency Loss: 0.0019
Epoch 38 Val Acc: 0.8620 | LR: 0.10000
Epoch 39/200
[BestPolicy] Updated best reward: 0.8058
  Episode 1/10: Reward=0.8058
  Episode 2/10: Reward=0.6828
  Episode 3/10: Reward=0.5240
  Episode 4/10: Reward=0.7106
  Episode 5/10: Reward=0.7256
  Episode 6/10: Reward=0.7810
  Episode 7/10: Reward=0.7508
  Episode 8/10: Reward=0.6084
  Episode 9/10: Reward=0.7002
  Episode 10/10: Reward=0.6822
  >> Decoder Loss: 0.002798
  >> SAC Q1 Loss: 0.0007, Policy Loss: -1.1399, Consistency Loss: 0.0018
Epoch 39 Val Acc: 0.8530 | LR: 0.10000
Epoch 40/200
  Episode 1/10: Reward=0.6080
  Episode 2/10: Reward=0.6800
  Episode 3/10: Reward=0.6130
  Episode 4/10: Reward=0.6730
  Episode 5/10: Reward=0.7072
  Episode 6/10: Reward=0.7110
  Episode 7/10: Reward=0.8000
  Episode 8/10: Reward=0.6856
  Episode 9/10: Reward=0.6378
  Episode 10/10: Reward=0.6854
  >> Decoder Loss: 0.002612
  >> SAC Q1 Loss: 0.0007, Policy Loss: -1.0944, Consistency Loss: 0.0002
Epoch 40 Val Acc: 0.8546 | LR: 0.10000
Epoch 41/200
  Episode 1/10: Reward=0.7662
  Episode 2/10: Reward=0.6694
  Episode 3/10: Reward=0.7304
  Episode 4/10: Reward=0.7586
  Episode 5/10: Reward=0.7850
  Episode 6/10: Reward=0.6888
  Episode 7/10: Reward=0.7868
  Episode 8/10: Reward=0.7508
  Episode 9/10: Reward=0.6276
  Episode 10/10: Reward=0.4852
  >> Decoder Loss: 0.002355
  >> SAC Q1 Loss: 0.0007, Policy Loss: -1.1970, Consistency Loss: 0.0000
Epoch 41 Val Acc: 0.8538 | LR: 0.10000
Epoch 42/200
  Episode 1/10: Reward=0.7234
  Episode 2/10: Reward=0.6750
  Episode 3/10: Reward=0.6988
  Episode 4/10: Reward=0.7728
  Episode 5/10: Reward=0.5862
  Episode 6/10: Reward=0.7324
  Episode 7/10: Reward=0.6380
  Episode 8/10: Reward=0.7106
  Episode 9/10: Reward=0.6670
  Episode 10/10: Reward=0.5996
  >> Decoder Loss: 0.002327
  >> SAC Q1 Loss: 0.0006, Policy Loss: -1.2263, Consistency Loss: 0.0000
Epoch 42 Val Acc: 0.8489 | LR: 0.10000
Epoch 43/200
  Episode 1/10: Reward=0.6734
  Episode 2/10: Reward=0.7814
  Episode 3/10: Reward=0.6848
  Episode 4/10: Reward=0.6772
  Episode 5/10: Reward=0.7930
  Episode 6/10: Reward=0.7420
  Episode 7/10: Reward=0.7636
  Episode 8/10: Reward=0.5692
  Episode 9/10: Reward=0.5732
  Episode 10/10: Reward=0.7420
  >> Decoder Loss: 0.002564
  >> SAC Q1 Loss: 0.0006, Policy Loss: -1.2546, Consistency Loss: 0.0000
Epoch 43 Val Acc: 0.8597 | LR: 0.10000
Epoch 44/200
  Episode 1/10: Reward=0.5448
  Episode 2/10: Reward=0.6228
  Episode 3/10: Reward=0.7010
  Episode 4/10: Reward=0.6940
  Episode 5/10: Reward=0.7228
  Episode 6/10: Reward=0.7520
  Episode 7/10: Reward=0.6028
  Episode 8/10: Reward=0.5864
  Episode 9/10: Reward=0.7246
  Episode 10/10: Reward=0.7220
  >> Decoder Loss: 0.002510
  >> SAC Q1 Loss: 0.0005, Policy Loss: -1.2804, Consistency Loss: 0.0000
Epoch 44 Val Acc: 0.8431 | LR: 0.10000
Epoch 45/200
  Episode 1/10: Reward=0.7914
  Episode 2/10: Reward=0.6836
  Episode 3/10: Reward=0.7060
  Episode 4/10: Reward=0.7594
  Episode 5/10: Reward=0.7100
  Episode 6/10: Reward=0.7514
  Episode 7/10: Reward=0.7052
  Episode 8/10: Reward=0.7304
  Episode 9/10: Reward=0.5646
  Episode 10/10: Reward=0.6090
  >> Decoder Loss: 0.001808
  >> SAC Q1 Loss: 0.0006, Policy Loss: -1.3035, Consistency Loss: 0.0000
Epoch 45 Val Acc: 0.8658 | LR: 0.10000
Epoch 46/200
  Episode 1/10: Reward=0.6314
  Episode 2/10: Reward=0.7414
  Episode 3/10: Reward=0.6452
  Episode 4/10: Reward=0.5974
  Episode 5/10: Reward=0.6902
  Episode 6/10: Reward=0.7400
  Episode 7/10: Reward=0.6652
  Episode 8/10: Reward=0.6598
  Episode 9/10: Reward=0.6614
  Episode 10/10: Reward=0.6792
  >> Decoder Loss: 0.002395
  >> SAC Q1 Loss: 0.0005, Policy Loss: -1.3356, Consistency Loss: 0.0000
Epoch 46 Val Acc: 0.8707 | LR: 0.10000
Epoch 47/200
  Episode 1/10: Reward=0.7758
  Episode 2/10: Reward=0.7768
  Episode 3/10: Reward=0.7180
  Episode 4/10: Reward=0.7326
  Episode 5/10: Reward=0.6426
  Episode 6/10: Reward=0.6130
  Episode 7/10: Reward=0.5936
  Episode 8/10: Reward=0.6582
  Episode 9/10: Reward=0.7672
  Episode 10/10: Reward=0.6778
  >> Decoder Loss: 0.001813
  >> SAC Q1 Loss: 0.0008, Policy Loss: -1.3493, Consistency Loss: 0.0000
Epoch 47 Val Acc: 0.8549 | LR: 0.10000
Epoch 48/200
  Episode 1/10: Reward=0.8056
  Episode 2/10: Reward=0.5590
  Episode 3/10: Reward=0.7782
  Episode 4/10: Reward=0.6884
  Episode 5/10: Reward=0.6448
  Episode 6/10: Reward=0.7884
  Episode 7/10: Reward=0.6834
  Episode 8/10: Reward=0.6634
  Episode 9/10: Reward=0.7474
  Episode 10/10: Reward=0.5468
  >> Decoder Loss: 0.002203
  >> SAC Q1 Loss: 0.0006, Policy Loss: -1.3521, Consistency Loss: 0.0000
Epoch 48 Val Acc: 0.8472 | LR: 0.10000
Epoch 49/200
  Episode 1/10: Reward=0.6410
  Episode 2/10: Reward=0.5806
  Episode 3/10: Reward=0.7336
  Episode 4/10: Reward=0.6136
  Episode 5/10: Reward=0.7772
  Episode 6/10: Reward=0.7446
  Episode 7/10: Reward=0.7314
  Episode 8/10: Reward=0.5290
  Episode 9/10: Reward=0.7800
  Episode 10/10: Reward=0.6968
  >> Decoder Loss: 0.003242
  >> SAC Q1 Loss: 0.0006, Policy Loss: -1.3678, Consistency Loss: 0.0000
Epoch 49 Val Acc: 0.8089 | LR: 0.10000
Epoch 50/200
  Episode 1/10: Reward=0.6318
  Episode 2/10: Reward=0.7368
  Episode 3/10: Reward=0.7398
  Episode 4/10: Reward=0.7296
  Episode 5/10: Reward=0.7060
  Episode 6/10: Reward=0.5946
  Episode 7/10: Reward=0.7264
  Episode 8/10: Reward=0.7084
  Episode 9/10: Reward=0.5978
  Episode 10/10: Reward=0.7114
  >> Decoder Loss: 0.001688
  >> SAC Q1 Loss: 0.0006, Policy Loss: -1.3716, Consistency Loss: 0.0000
Epoch 50 Val Acc: 0.8642 | LR: 0.10000
Epoch 51/200
  Episode 1/10: Reward=0.5416
[BestPolicy] Updated best reward: 0.8224
  Episode 2/10: Reward=0.8224
  Episode 3/10: Reward=0.6488
  Episode 4/10: Reward=0.6218
  Episode 5/10: Reward=0.6934
  Episode 6/10: Reward=0.6190
  Episode 7/10: Reward=0.5920
  Episode 8/10: Reward=0.5700
  Episode 9/10: Reward=0.5656
  Episode 10/10: Reward=0.7570
  >> Decoder Loss: 0.001389
  >> SAC Q1 Loss: 0.0005, Policy Loss: -1.3805, Consistency Loss: 0.0000
Epoch 51 Val Acc: 0.8510 | LR: 0.10000
Epoch 52/200
  Episode 1/10: Reward=0.6356
  Episode 2/10: Reward=0.7338
  Episode 3/10: Reward=0.6428
  Episode 4/10: Reward=0.5832
  Episode 5/10: Reward=0.6802
  Episode 6/10: Reward=0.7816
  Episode 7/10: Reward=0.6814
  Episode 8/10: Reward=0.7442
  Episode 9/10: Reward=0.7208
  Episode 10/10: Reward=0.7494
  >> Decoder Loss: 0.001920
  >> SAC Q1 Loss: 0.0006, Policy Loss: -1.3791, Consistency Loss: 0.0000
Epoch 52 Val Acc: 0.8664 | LR: 0.10000
Epoch 53/200
  Episode 1/10: Reward=0.6244
  Episode 2/10: Reward=0.7180
  Episode 3/10: Reward=0.5982
  Episode 4/10: Reward=0.6286
  Episode 5/10: Reward=0.5932
  Episode 6/10: Reward=0.6110
  Episode 7/10: Reward=0.7044
  Episode 8/10: Reward=0.7260
  Episode 9/10: Reward=0.6856
  Episode 10/10: Reward=0.7516
  >> Decoder Loss: 0.000887
  >> SAC Q1 Loss: 0.0006, Policy Loss: -1.3856, Consistency Loss: 0.0000
Epoch 53 Val Acc: 0.8658 | LR: 0.10000
Epoch 54/200
  Episode 1/10: Reward=0.8050
  Episode 2/10: Reward=0.7462
  Episode 3/10: Reward=0.6970
  Episode 4/10: Reward=0.6474
  Episode 5/10: Reward=0.7230
  Episode 6/10: Reward=0.6480
  Episode 7/10: Reward=0.6270
  Episode 8/10: Reward=0.6868
  Episode 9/10: Reward=0.6918
  Episode 10/10: Reward=0.6392
  >> Decoder Loss: 0.001239
  >> SAC Q1 Loss: 0.0005, Policy Loss: -1.3766, Consistency Loss: 0.0000
Epoch 54 Val Acc: 0.8539 | LR: 0.10000
Epoch 55/200
  Episode 1/10: Reward=0.7894
  Episode 2/10: Reward=0.7010
  Episode 3/10: Reward=0.6712
  Episode 4/10: Reward=0.4984
  Episode 5/10: Reward=0.4980
  Episode 6/10: Reward=0.8064
  Episode 7/10: Reward=0.5778
  Episode 8/10: Reward=0.5914
  Episode 9/10: Reward=0.7180
  Episode 10/10: Reward=0.5888
  >> Decoder Loss: 0.001013
  >> SAC Q1 Loss: 0.0006, Policy Loss: -1.3889, Consistency Loss: 0.0000
Epoch 55 Val Acc: 0.8630 | LR: 0.10000
Epoch 56/200
  Episode 1/10: Reward=0.7052
  Episode 2/10: Reward=0.6484
  Episode 3/10: Reward=0.7014
  Episode 4/10: Reward=0.4818
  Episode 5/10: Reward=0.4852
[BestPolicy] Updated best reward: 0.8358
  Episode 6/10: Reward=0.8358
  Episode 7/10: Reward=0.6160
  Episode 8/10: Reward=0.6906
  Episode 9/10: Reward=0.7412
  Episode 10/10: Reward=0.6914
  >> Decoder Loss: 0.002281
  >> SAC Q1 Loss: 0.0006, Policy Loss: -1.3852, Consistency Loss: 0.0000
Epoch 56 Val Acc: 0.8666 | LR: 0.10000
Epoch 57/200
  Episode 1/10: Reward=0.7758
  Episode 2/10: Reward=0.5384
  Episode 3/10: Reward=0.6536
  Episode 4/10: Reward=0.6302
  Episode 5/10: Reward=0.6062
  Episode 6/10: Reward=0.5800
  Episode 7/10: Reward=0.5808
  Episode 8/10: Reward=0.6450
  Episode 9/10: Reward=0.5830
  Episode 10/10: Reward=0.7522
  >> Decoder Loss: 0.001038
  >> SAC Q1 Loss: 0.0005, Policy Loss: -1.3929, Consistency Loss: 0.0000
Epoch 57 Val Acc: 0.8660 | LR: 0.10000
Epoch 58/200
  Episode 1/10: Reward=0.5630
  Episode 2/10: Reward=0.6700
  Episode 3/10: Reward=0.6146
  Episode 4/10: Reward=0.7088
  Episode 5/10: Reward=0.7932
  Episode 6/10: Reward=0.7072
  Episode 7/10: Reward=0.6986
  Episode 8/10: Reward=0.7408
  Episode 9/10: Reward=0.7756
  Episode 10/10: Reward=0.6666
  >> Decoder Loss: 0.001285
  >> SAC Q1 Loss: 0.0006, Policy Loss: -1.3870, Consistency Loss: 0.0000
Epoch 58 Val Acc: 0.8668 | LR: 0.10000
Epoch 59/200
  Episode 1/10: Reward=0.7902
  Episode 2/10: Reward=0.7854
  Episode 3/10: Reward=0.6354
  Episode 4/10: Reward=0.6134
  Episode 5/10: Reward=0.7134
  Episode 6/10: Reward=0.7696
  Episode 7/10: Reward=0.7102
  Episode 8/10: Reward=0.6858
  Episode 9/10: Reward=0.6204
  Episode 10/10: Reward=0.6106
  >> Decoder Loss: 0.001481
  >> SAC Q1 Loss: 0.0006, Policy Loss: -1.3979, Consistency Loss: 0.0000
Epoch 59 Val Acc: 0.8582 | LR: 0.10000
Epoch 60/200
  Episode 1/10: Reward=0.7542
  Episode 2/10: Reward=0.6694
  Episode 3/10: Reward=0.6684
  Episode 4/10: Reward=0.5900
  Episode 5/10: Reward=0.7804
  Episode 6/10: Reward=0.6912
  Episode 7/10: Reward=0.7180
  Episode 8/10: Reward=0.6732
  Episode 9/10: Reward=0.7622
  Episode 10/10: Reward=0.6802
  >> Decoder Loss: 0.001306
  >> SAC Q1 Loss: 0.0006, Policy Loss: -1.4108, Consistency Loss: 0.0000
Epoch 60 Val Acc: 0.8683 | LR: 0.10000
Epoch 61/200
  Episode 1/10: Reward=0.5466
  Episode 2/10: Reward=0.5148
  Episode 3/10: Reward=0.4920
  Episode 4/10: Reward=0.7240
  Episode 5/10: Reward=0.4366
  Episode 6/10: Reward=0.7200
  Episode 7/10: Reward=0.6790
  Episode 8/10: Reward=0.6626
  Episode 9/10: Reward=0.5764
  Episode 10/10: Reward=0.5472
  >> Decoder Loss: 0.001228
  >> SAC Q1 Loss: 0.0006, Policy Loss: -1.3998, Consistency Loss: 0.0000
Epoch 61 Val Acc: 0.8615 | LR: 0.10000
Epoch 62/200
  Episode 1/10: Reward=0.7656
  Episode 2/10: Reward=0.5860
  Episode 3/10: Reward=0.5932
  Episode 4/10: Reward=0.6634
  Episode 5/10: Reward=0.8108
  Episode 6/10: Reward=0.8142
  Episode 7/10: Reward=0.7748
  Episode 8/10: Reward=0.7364
  Episode 9/10: Reward=0.6854
  Episode 10/10: Reward=0.5454
  >> Decoder Loss: 0.001504
  >> SAC Q1 Loss: 0.0006, Policy Loss: -1.4079, Consistency Loss: 0.0000
Epoch 62 Val Acc: 0.8518 | LR: 0.10000
Epoch 63/200
  Episode 1/10: Reward=0.6948
  Episode 2/10: Reward=0.6000
  Episode 3/10: Reward=0.6076
  Episode 4/10: Reward=0.7198
  Episode 5/10: Reward=0.6704
  Episode 6/10: Reward=0.6132
  Episode 7/10: Reward=0.7404
  Episode 8/10: Reward=0.7406
  Episode 9/10: Reward=0.7638
  Episode 10/10: Reward=0.5274
  >> Decoder Loss: 0.000857
  >> SAC Q1 Loss: 0.0006, Policy Loss: -1.4016, Consistency Loss: 0.0000
Epoch 63 Val Acc: 0.8654 | LR: 0.10000
Epoch 64/200
  Episode 1/10: Reward=0.4386
  Episode 2/10: Reward=0.6808
  Episode 3/10: Reward=0.6124
  Episode 4/10: Reward=0.7298
  Episode 5/10: Reward=0.6442
  Episode 6/10: Reward=0.6234
  Episode 7/10: Reward=0.6726
  Episode 8/10: Reward=0.5536
  Episode 9/10: Reward=0.5334
  Episode 10/10: Reward=0.6760
  >> Decoder Loss: 0.001136
  >> SAC Q1 Loss: 0.0005, Policy Loss: -1.3983, Consistency Loss: 0.0000
Epoch 64 Val Acc: 0.8660 | LR: 0.10000
Epoch 65/200
  Episode 1/10: Reward=0.6936
  Episode 2/10: Reward=0.5828
  Episode 3/10: Reward=0.7640
  Episode 4/10: Reward=0.7608
  Episode 5/10: Reward=0.5662
  Episode 6/10: Reward=0.7892
  Episode 7/10: Reward=0.6838
  Episode 8/10: Reward=0.7840
  Episode 9/10: Reward=0.6386
  Episode 10/10: Reward=0.6358
  >> Decoder Loss: 0.001014
  >> SAC Q1 Loss: 0.0005, Policy Loss: -1.4008, Consistency Loss: 0.0000
Epoch 65 Val Acc: 0.8684 | LR: 0.10000
Epoch 66/200
  Episode 1/10: Reward=0.6808
  Episode 2/10: Reward=0.7756
  Episode 3/10: Reward=0.6256
  Episode 4/10: Reward=0.4244
  Episode 5/10: Reward=0.7842
  Episode 6/10: Reward=0.7958
  Episode 7/10: Reward=0.6740
  Episode 8/10: Reward=0.6746
  Episode 9/10: Reward=0.6426
  Episode 10/10: Reward=0.5176
  >> Decoder Loss: 0.000898
  >> SAC Q1 Loss: 0.0006, Policy Loss: -1.4008, Consistency Loss: 0.0000
Epoch 66 Val Acc: 0.8519 | LR: 0.10000
Epoch 67/200
  Episode 1/10: Reward=0.5652
  Episode 2/10: Reward=0.6410
  Episode 3/10: Reward=0.7258
  Episode 4/10: Reward=0.6454
  Episode 5/10: Reward=0.7910
  Episode 6/10: Reward=0.6108
  Episode 7/10: Reward=0.6392
  Episode 8/10: Reward=0.8006
  Episode 9/10: Reward=0.7548
  Episode 10/10: Reward=0.5836
  >> Decoder Loss: 0.000827
  >> SAC Q1 Loss: 0.0006, Policy Loss: -1.3983, Consistency Loss: 0.0000
Epoch 67 Val Acc: 0.8712 | LR: 0.10000
Epoch 68/200
  Episode 1/10: Reward=0.7040
  Episode 2/10: Reward=0.7990
  Episode 3/10: Reward=0.6414
  Episode 4/10: Reward=0.6388
  Episode 5/10: Reward=0.7910
  Episode 6/10: Reward=0.6952
  Episode 7/10: Reward=0.6012
  Episode 8/10: Reward=0.8320
  Episode 9/10: Reward=0.7556
  Episode 10/10: Reward=0.6858
  >> Decoder Loss: 0.001775
  >> SAC Q1 Loss: 0.0006, Policy Loss: -1.3984, Consistency Loss: 0.0000
Epoch 68 Val Acc: 0.8582 | LR: 0.10000
Epoch 69/200
  Episode 1/10: Reward=0.6820
  Episode 2/10: Reward=0.6998
  Episode 3/10: Reward=0.8082
  Episode 4/10: Reward=0.6788
  Episode 5/10: Reward=0.7762
  Episode 6/10: Reward=0.6982
  Episode 7/10: Reward=0.5696
  Episode 8/10: Reward=0.5382
  Episode 9/10: Reward=0.6886
  Episode 10/10: Reward=0.7116
  >> Decoder Loss: 0.000960
  >> SAC Q1 Loss: 0.0006, Policy Loss: -1.4034, Consistency Loss: 0.0000
Epoch 69 Val Acc: 0.8719 | LR: 0.10000
Epoch 70/200
  Episode 1/10: Reward=0.7014
  Episode 2/10: Reward=0.6478
  Episode 3/10: Reward=0.6614
  Episode 4/10: Reward=0.7648
  Episode 5/10: Reward=0.8204
  Episode 6/10: Reward=0.6936
  Episode 7/10: Reward=0.7304
  Episode 8/10: Reward=0.8178
  Episode 9/10: Reward=0.6584
  Episode 10/10: Reward=0.6924
  >> Decoder Loss: 0.001161
  >> SAC Q1 Loss: 0.0006, Policy Loss: -1.3987, Consistency Loss: 0.0000
Epoch 70 Val Acc: 0.8380 | LR: 0.10000
Epoch 71/200
  Episode 1/10: Reward=0.7218
  Episode 2/10: Reward=0.6416
  Episode 3/10: Reward=0.6208
  Episode 4/10: Reward=0.7116
  Episode 5/10: Reward=0.5804
  Episode 6/10: Reward=0.8094
  Episode 7/10: Reward=0.7728
  Episode 8/10: Reward=0.5786
  Episode 9/10: Reward=0.7020
  Episode 10/10: Reward=0.4618
  >> Decoder Loss: 0.000847
  >> SAC Q1 Loss: 0.0006, Policy Loss: -1.3958, Consistency Loss: 0.0000
Epoch 71 Val Acc: 0.8740 | LR: 0.10000
Epoch 72/200
  Episode 1/10: Reward=0.6176
  Episode 2/10: Reward=0.7552
  Episode 3/10: Reward=0.5048
  Episode 4/10: Reward=0.7358
  Episode 5/10: Reward=0.6282
  Episode 6/10: Reward=0.7226
  Episode 7/10: Reward=0.7642
  Episode 8/10: Reward=0.6376
  Episode 9/10: Reward=0.6016
  Episode 10/10: Reward=0.7806
  >> Decoder Loss: 0.001209
  >> SAC Q1 Loss: 0.0006, Policy Loss: -1.3890, Consistency Loss: 0.0000
Epoch 72 Val Acc: 0.8698 | LR: 0.10000
Epoch 73/200
  Episode 1/10: Reward=0.5292
  Episode 2/10: Reward=0.5372
  Episode 3/10: Reward=0.6978
  Episode 4/10: Reward=0.6482
  Episode 5/10: Reward=0.7520
  Episode 6/10: Reward=0.7530
  Episode 7/10: Reward=0.6564
  Episode 8/10: Reward=0.7900
  Episode 9/10: Reward=0.5770
  Episode 10/10: Reward=0.8186
  >> Decoder Loss: 0.001114
  >> SAC Q1 Loss: 0.0007, Policy Loss: -1.3929, Consistency Loss: 0.0000
Epoch 73 Val Acc: 0.8660 | LR: 0.10000
Epoch 74/200
  Episode 1/10: Reward=0.6672
  Episode 2/10: Reward=0.7836
  Episode 3/10: Reward=0.5740
  Episode 4/10: Reward=0.5418
  Episode 5/10: Reward=0.6932
  Episode 6/10: Reward=0.5424
  Episode 7/10: Reward=0.7596
  Episode 8/10: Reward=0.6764
  Episode 9/10: Reward=0.6580
  Episode 10/10: Reward=0.7216
  >> Decoder Loss: 0.001146
  >> SAC Q1 Loss: 0.0006, Policy Loss: -1.4028, Consistency Loss: 0.0000
Epoch 74 Val Acc: 0.8585 | LR: 0.10000
Epoch 75/200
  Episode 1/10: Reward=0.7818
[BestPolicy] Updated best reward: 0.8372
  Episode 2/10: Reward=0.8372
  Episode 3/10: Reward=0.5132
  Episode 4/10: Reward=0.6186
  Episode 5/10: Reward=0.6162
  Episode 6/10: Reward=0.6584
  Episode 7/10: Reward=0.6554
  Episode 8/10: Reward=0.7178
  Episode 9/10: Reward=0.7544
  Episode 10/10: Reward=0.7106
  >> Decoder Loss: 0.000851
  >> SAC Q1 Loss: 0.0006, Policy Loss: -1.3950, Consistency Loss: 0.0000
Epoch 75 Val Acc: 0.8706 | LR: 0.10000
Epoch 76/200
  Episode 1/10: Reward=0.7728
  Episode 2/10: Reward=0.5526
  Episode 3/10: Reward=0.5182
  Episode 4/10: Reward=0.6886
  Episode 5/10: Reward=0.7932
  Episode 6/10: Reward=0.7550
  Episode 7/10: Reward=0.6428
  Episode 8/10: Reward=0.7342
  Episode 9/10: Reward=0.6174
  Episode 10/10: Reward=0.5344
  >> Decoder Loss: 0.000628
  >> SAC Q1 Loss: 0.0006, Policy Loss: -1.4086, Consistency Loss: 0.0000
Epoch 76 Val Acc: 0.8831 | LR: 0.10000
Epoch 77/200
  Episode 1/10: Reward=0.6474
  Episode 2/10: Reward=0.7206
  Episode 3/10: Reward=0.6990
  Episode 4/10: Reward=0.5706
  Episode 5/10: Reward=0.6148
  Episode 6/10: Reward=0.7152
  Episode 7/10: Reward=0.6924
  Episode 8/10: Reward=0.7282
  Episode 9/10: Reward=0.5466
  Episode 10/10: Reward=0.6822
  >> Decoder Loss: 0.000579
  >> SAC Q1 Loss: 0.0006, Policy Loss: -1.4141, Consistency Loss: 0.0000
Epoch 77 Val Acc: 0.8691 | LR: 0.10000
Epoch 78/200
  Episode 1/10: Reward=0.6328
  Episode 2/10: Reward=0.8150
  Episode 3/10: Reward=0.6902
  Episode 4/10: Reward=0.6526
  Episode 5/10: Reward=0.8196
  Episode 6/10: Reward=0.7900
  Episode 7/10: Reward=0.5990
  Episode 8/10: Reward=0.5110
  Episode 9/10: Reward=0.6404
  Episode 10/10: Reward=0.6114
  >> Decoder Loss: 0.000598
  >> SAC Q1 Loss: 0.0006, Policy Loss: -1.4187, Consistency Loss: 0.0000
Epoch 78 Val Acc: 0.8833 | LR: 0.10000
Epoch 79/200
  Episode 1/10: Reward=0.7850
  Episode 2/10: Reward=0.6138
  Episode 3/10: Reward=0.7574
  Episode 4/10: Reward=0.6650
  Episode 5/10: Reward=0.7048
  Episode 6/10: Reward=0.6846
  Episode 7/10: Reward=0.6422
  Episode 8/10: Reward=0.5856
  Episode 9/10: Reward=0.5916
  Episode 10/10: Reward=0.6154
  >> Decoder Loss: 0.001053
  >> SAC Q1 Loss: 0.0006, Policy Loss: -1.4163, Consistency Loss: 0.0000
Epoch 79 Val Acc: 0.8819 | LR: 0.10000
Epoch 80/200
  Episode 1/10: Reward=0.6454
  Episode 2/10: Reward=0.5700
  Episode 3/10: Reward=0.5132
  Episode 4/10: Reward=0.7816
  Episode 5/10: Reward=0.5766
  Episode 6/10: Reward=0.5730
  Episode 7/10: Reward=0.7356
  Episode 8/10: Reward=0.6314
  Episode 9/10: Reward=0.6854
  Episode 10/10: Reward=0.5732
  >> Decoder Loss: 0.001048
  >> SAC Q1 Loss: 0.0006, Policy Loss: -1.4062, Consistency Loss: 0.0000
Epoch 80 Val Acc: 0.8663 | LR: 0.10000
Epoch 81/200
  Episode 1/10: Reward=0.6832
  Episode 2/10: Reward=0.6280
  Episode 3/10: Reward=0.6590
  Episode 4/10: Reward=0.8116
  Episode 5/10: Reward=0.8054
  Episode 6/10: Reward=0.6870
  Episode 7/10: Reward=0.5924
  Episode 8/10: Reward=0.7922
  Episode 9/10: Reward=0.6760
  Episode 10/10: Reward=0.6808
  >> Decoder Loss: 0.000805
  >> SAC Q1 Loss: 0.0006, Policy Loss: -1.4027, Consistency Loss: 0.0000
Epoch 81 Val Acc: 0.8711 | LR: 0.10000
Epoch 82/200
  Episode 1/10: Reward=0.5864
  Episode 2/10: Reward=0.6706
  Episode 3/10: Reward=0.5836
  Episode 4/10: Reward=0.4698
  Episode 5/10: Reward=0.5348
  Episode 6/10: Reward=0.6884
  Episode 7/10: Reward=0.7480
  Episode 8/10: Reward=0.7636
  Episode 9/10: Reward=0.6764
  Episode 10/10: Reward=0.6306
  >> Decoder Loss: 0.000570
  >> SAC Q1 Loss: 0.0007, Policy Loss: -1.4043, Consistency Loss: 0.0000
Epoch 82 Val Acc: 0.8612 | LR: 0.10000
Epoch 83/200
  Episode 1/10: Reward=0.6592
  Episode 2/10: Reward=0.5410
  Episode 3/10: Reward=0.6340
  Episode 4/10: Reward=0.7134
  Episode 5/10: Reward=0.7006
  Episode 6/10: Reward=0.6068
  Episode 7/10: Reward=0.4964
  Episode 8/10: Reward=0.7682
  Episode 9/10: Reward=0.6810
  Episode 10/10: Reward=0.5470
  >> Decoder Loss: 0.000876
  >> SAC Q1 Loss: 0.0006, Policy Loss: -1.4084, Consistency Loss: 0.0000
Epoch 83 Val Acc: 0.8738 | LR: 0.10000
Epoch 84/200
  Episode 1/10: Reward=0.6658
  Episode 2/10: Reward=0.5934
  Episode 3/10: Reward=0.5846
  Episode 4/10: Reward=0.7052
  Episode 5/10: Reward=0.7620
  Episode 6/10: Reward=0.7010
  Episode 7/10: Reward=0.6012
  Episode 8/10: Reward=0.7760
  Episode 9/10: Reward=0.4636
  Episode 10/10: Reward=0.7112
  >> Decoder Loss: 0.000681
  >> SAC Q1 Loss: 0.0007, Policy Loss: -1.4011, Consistency Loss: 0.0000
Epoch 84 Val Acc: 0.8810 | LR: 0.10000
Epoch 85/200
  Episode 1/10: Reward=0.5660
  Episode 2/10: Reward=0.6910
  Episode 3/10: Reward=0.6712
  Episode 4/10: Reward=0.7062
  Episode 5/10: Reward=0.6360
  Episode 6/10: Reward=0.4954
  Episode 7/10: Reward=0.6306
  Episode 8/10: Reward=0.7122
  Episode 9/10: Reward=0.4680
  Episode 10/10: Reward=0.6662
  >> Decoder Loss: 0.000830
  >> SAC Q1 Loss: 0.0006, Policy Loss: -1.3999, Consistency Loss: 0.0000
Epoch 85 Val Acc: 0.8685 | LR: 0.10000
Epoch 86/200
  Episode 1/10: Reward=0.6282
  Episode 2/10: Reward=0.6102
  Episode 3/10: Reward=0.5108
  Episode 4/10: Reward=0.6150
  Episode 5/10: Reward=0.6084
  Episode 6/10: Reward=0.7104
  Episode 7/10: Reward=0.5486
  Episode 8/10: Reward=0.4280
  Episode 9/10: Reward=0.4686
  Episode 10/10: Reward=0.7816
  >> Decoder Loss: 0.000634
  >> SAC Q1 Loss: 0.0006, Policy Loss: -1.4013, Consistency Loss: 0.0000
Epoch 86 Val Acc: 0.8707 | LR: 0.10000
Epoch 87/200
  Episode 1/10: Reward=0.7774
  Episode 2/10: Reward=0.5760
  Episode 3/10: Reward=0.6656
  Episode 4/10: Reward=0.6570
  Episode 5/10: Reward=0.7874
  Episode 6/10: Reward=0.7186
  Episode 7/10: Reward=0.7798
  Episode 8/10: Reward=0.7274
  Episode 9/10: Reward=0.5502
  Episode 10/10: Reward=0.5992
  >> Decoder Loss: 0.000499
  >> SAC Q1 Loss: 0.0006, Policy Loss: -1.3967, Consistency Loss: 0.0000
Epoch 87 Val Acc: 0.8717 | LR: 0.10000
Epoch 88/200
  Episode 1/10: Reward=0.7938
  Episode 2/10: Reward=0.7812
  Episode 3/10: Reward=0.7028
  Episode 4/10: Reward=0.7798
  Episode 5/10: Reward=0.5328
  Episode 6/10: Reward=0.7128
  Episode 7/10: Reward=0.7634
  Episode 8/10: Reward=0.6050
  Episode 9/10: Reward=0.6832
  Episode 10/10: Reward=0.6888
  >> Decoder Loss: 0.000684
  >> SAC Q1 Loss: 0.0006, Policy Loss: -1.4008, Consistency Loss: 0.0000
Epoch 88 Val Acc: 0.8846 | LR: 0.10000
Epoch 89/200
  Episode 1/10: Reward=0.6020
  Episode 2/10: Reward=0.6516
  Episode 3/10: Reward=0.5560
  Episode 4/10: Reward=0.6960
  Episode 5/10: Reward=0.7500
  Episode 6/10: Reward=0.6470
  Episode 7/10: Reward=0.6552
  Episode 8/10: Reward=0.5976
  Episode 9/10: Reward=0.6820
  Episode 10/10: Reward=0.7348
  >> Decoder Loss: 0.000483
  >> SAC Q1 Loss: 0.0006, Policy Loss: -1.3974, Consistency Loss: 0.0000
Epoch 89 Val Acc: 0.8541 | LR: 0.10000
Epoch 90/200
  Episode 1/10: Reward=0.7506
  Episode 2/10: Reward=0.6484
  Episode 3/10: Reward=0.6456
  Episode 4/10: Reward=0.7786
  Episode 5/10: Reward=0.7536
  Episode 6/10: Reward=0.4956
  Episode 7/10: Reward=0.6602
  Episode 8/10: Reward=0.7322
  Episode 9/10: Reward=0.7294
  Episode 10/10: Reward=0.6506
  >> Decoder Loss: 0.000654
  >> SAC Q1 Loss: 0.0006, Policy Loss: -1.3938, Consistency Loss: 0.0000
Epoch 90 Val Acc: 0.8524 | LR: 0.10000

=== [Phase 4] Weights Training with Lalign (Alignment) ===
  >> Best policy loaded. Applying Soft Alignment...
Epoch 91/200 Val Acc: 0.8553
Epoch 92/200 Val Acc: 0.8613
Epoch 93/200 Val Acc: 0.8605
Epoch 94/200 Val Acc: 0.8623
Epoch 95/200 Val Acc: 0.8804
Epoch 96/200 Val Acc: 0.8551
Epoch 97/200 Val Acc: 0.8687
Epoch 98/200 Val Acc: 0.8732
Epoch 99/200 Val Acc: 0.8463
Epoch 100/200 Val Acc: 0.8535
Epoch 101/200 Val Acc: 0.8772
Epoch 102/200 Val Acc: 0.8623
Epoch 103/200 Val Acc: 0.8761
Epoch 104/200 Val Acc: 0.8767
Epoch 105/200 Val Acc: 0.8671
Epoch 106/200 Val Acc: 0.8584
Epoch 107/200 Val Acc: 0.8547
Epoch 108/200 Val Acc: 0.8672
Epoch 109/200 Val Acc: 0.8685
Epoch 110/200 Val Acc: 0.8592
Epoch 111/200 Val Acc: 0.9139
Epoch 112/200 Val Acc: 0.9192
Epoch 113/200 Val Acc: 0.9198
Epoch 114/200 Val Acc: 0.9188
Epoch 115/200 Val Acc: 0.9190
Epoch 116/200 Val Acc: 0.9192
Epoch 117/200 Val Acc: 0.9208
Epoch 118/200 Val Acc: 0.9208
Epoch 119/200 Val Acc: 0.9208
Epoch 120/200 Val Acc: 0.9206
Epoch 121/200 Val Acc: 0.9216
Epoch 122/200 Val Acc: 0.9199
Epoch 123/200 Val Acc: 0.9223
Epoch 124/200 Val Acc: 0.9199
Epoch 125/200 Val Acc: 0.9216
Epoch 126/200 Val Acc: 0.9205
Epoch 127/200 Val Acc: 0.9173
Epoch 128/200 Val Acc: 0.9210
Epoch 129/200 Val Acc: 0.9204
Epoch 130/200 Val Acc: 0.9192
Epoch 131/200 Val Acc: 0.9201
Epoch 132/200 Val Acc: 0.9192
Epoch 133/200 Val Acc: 0.9182
Epoch 134/200 Val Acc: 0.9212
Epoch 135/200 Val Acc: 0.9209
Epoch 136/200 Val Acc: 0.9212
Epoch 137/200 Val Acc: 0.9204
Epoch 138/200 Val Acc: 0.9199
Epoch 139/200 Val Acc: 0.9200
Epoch 140/200 Val Acc: 0.9206
Epoch 141/200 Val Acc: 0.9214
Epoch 142/200 Val Acc: 0.9185
Epoch 143/200 Val Acc: 0.9194
Epoch 144/200 Val Acc: 0.9221
Epoch 145/200 Val Acc: 0.9195
Epoch 146/200 Val Acc: 0.9203
Epoch 147/200 Val Acc: 0.9200
Epoch 148/200 Val Acc: 0.9179
Epoch 149/200 Val Acc: 0.9211
Epoch 150/200 Val Acc: 0.9211
Epoch 151/200 Val Acc: 0.9181
Epoch 152/200 Val Acc: 0.9216
Epoch 153/200 Val Acc: 0.9211
Epoch 154/200 Val Acc: 0.9207
Epoch 155/200 Val Acc: 0.9211
Epoch 156/200 Val Acc: 0.9212
Epoch 157/200 Val Acc: 0.9215
Epoch 158/200 Val Acc: 0.9208
Epoch 159/200 Val Acc: 0.9187
Epoch 160/200 Val Acc: 0.9210
Epoch 161/200 Val Acc: 0.9216
Epoch 162/200 Val Acc: 0.9207
Epoch 163/200 Val Acc: 0.9214
Epoch 164/200 Val Acc: 0.9205
Epoch 165/200 Val Acc: 0.9221
Epoch 166/200 Val Acc: 0.9224
Epoch 167/200 Val Acc: 0.9230
Epoch 168/200 Val Acc: 0.9213
Epoch 169/200 Val Acc: 0.9226
Epoch 170/200 Val Acc: 0.9209
Epoch 171/200 Val Acc: 0.9229
Epoch 172/200 Val Acc: 0.9225
Epoch 173/200 Val Acc: 0.9219
Epoch 174/200 Val Acc: 0.9213
Epoch 175/200 Val Acc: 0.9231
Epoch 176/200 Val Acc: 0.9216
Epoch 177/200 Val Acc: 0.9218
Epoch 178/200 Val Acc: 0.9219
Epoch 179/200 Val Acc: 0.9216
Epoch 180/200 Val Acc: 0.9207
Epoch 181/200 Val Acc: 0.9222
Epoch 182/200 Val Acc: 0.9213
Epoch 183/200 Val Acc: 0.9210
Epoch 184/200 Val Acc: 0.9218
Epoch 185/200 Val Acc: 0.9212
Epoch 186/200 Val Acc: 0.9215
Epoch 187/200 Val Acc: 0.9218
Epoch 188/200 Val Acc: 0.9225
Epoch 189/200 Val Acc: 0.9232
Epoch 190/200 Val Acc: 0.9216
Epoch 191/200 Val Acc: 0.9228
Epoch 192/200 Val Acc: 0.9232
Epoch 193/200 Val Acc: 0.9229
Epoch 194/200 Val Acc: 0.9223
Epoch 195/200 Val Acc: 0.9222
Epoch 196/200 Val Acc: 0.9219
Epoch 197/200 Val Acc: 0.9223
Epoch 198/200 Val Acc: 0.9228
Epoch 199/200 Val Acc: 0.9218
Epoch 200/200 Val Acc: 0.9228
writer closed.
Training Complete.
