Using device: cuda:5
>> Data: Splitting 45k (Train) / 5k (Reward) / 10k (Test)
ModelWrapper: Detected 27 prunable blocks (Conv1+Conv2 pairs).
Env Init: Original=125.04M, Target=62.52M
Environment initialized. State dim: 9, Target Prune Rate: 0.5

=== [Phase 1] Warmup (Weights Training) ===
Epoch 1 Val Acc: 0.3690 | LR: 0.10000
Epoch 2 Val Acc: 0.4339 | LR: 0.10000
Epoch 3 Val Acc: 0.5664 | LR: 0.10000
Epoch 4 Val Acc: 0.6791 | LR: 0.10000
Epoch 5 Val Acc: 0.7217 | LR: 0.10000
Epoch 6 Val Acc: 0.7242 | LR: 0.10000
Epoch 7 Val Acc: 0.6744 | LR: 0.10000
Epoch 8 Val Acc: 0.7789 | LR: 0.10000
Epoch 9 Val Acc: 0.7702 | LR: 0.10000
Epoch 10 Val Acc: 0.7904 | LR: 0.10000
>> Warmup done. Updating base weights for Agent...

=== [Phase 2] Fill Buffer (Exploration) ===
Epoch 11/200
  Fill Episode 1/15: Reward=0.5858
  Fill Episode 2/15: Reward=0.5696
  Fill Episode 3/15: Reward=0.6746
  Fill Episode 4/15: Reward=0.6442
  Fill Episode 5/15: Reward=0.6842
  Fill Episode 6/15: Reward=0.6942
  Fill Episode 7/15: Reward=0.5922
  Fill Episode 8/15: Reward=0.5710
  Fill Episode 9/15: Reward=0.6688
  Fill Episode 10/15: Reward=0.5346
  Fill Episode 11/15: Reward=0.6964
  Fill Episode 12/15: Reward=0.7016
  Fill Episode 13/15: Reward=0.6364
  Fill Episode 14/15: Reward=0.6250
  Fill Episode 15/15: Reward=0.6842
Epoch 12/200
  Fill Episode 1/15: Reward=0.5950
  Fill Episode 2/15: Reward=0.6678
  Fill Episode 3/15: Reward=0.6198
  Fill Episode 4/15: Reward=0.6124
  Fill Episode 5/15: Reward=0.6664
  Fill Episode 6/15: Reward=0.6108
  Fill Episode 7/15: Reward=0.5592
  Fill Episode 8/15: Reward=0.6376
  Fill Episode 9/15: Reward=0.6846
  Fill Episode 10/15: Reward=0.7006
  Fill Episode 11/15: Reward=0.6654
  Fill Episode 12/15: Reward=0.6560
  Fill Episode 13/15: Reward=0.6428
  Fill Episode 14/15: Reward=0.5922
  Fill Episode 15/15: Reward=0.6530
Epoch 13/200
  Fill Episode 1/15: Reward=0.5562
  Fill Episode 2/15: Reward=0.6954
  Fill Episode 3/15: Reward=0.6472
  Fill Episode 4/15: Reward=0.5126
  Fill Episode 5/15: Reward=0.6644
  Fill Episode 6/15: Reward=0.6628
  Fill Episode 7/15: Reward=0.5362
  Fill Episode 8/15: Reward=0.5124
  Fill Episode 9/15: Reward=0.5814
  Fill Episode 10/15: Reward=0.5480
  Fill Episode 11/15: Reward=0.5954
  Fill Episode 12/15: Reward=0.5406
  Fill Episode 13/15: Reward=0.6386
  Fill Episode 14/15: Reward=0.6888
  Fill Episode 15/15: Reward=0.7200
Epoch 14/200
  Fill Episode 1/15: Reward=0.6044
  Fill Episode 2/15: Reward=0.5872
  Fill Episode 3/15: Reward=0.6838
  Fill Episode 4/15: Reward=0.6200
  Fill Episode 5/15: Reward=0.6790
  Fill Episode 6/15: Reward=0.5956
  Fill Episode 7/15: Reward=0.6884
  Fill Episode 8/15: Reward=0.7020
  Fill Episode 9/15: Reward=0.6692
  Fill Episode 10/15: Reward=0.6012
  Fill Episode 11/15: Reward=0.5732
  Fill Episode 12/15: Reward=0.6052
  Fill Episode 13/15: Reward=0.6238
  Fill Episode 14/15: Reward=0.6714
  Fill Episode 15/15: Reward=0.6702
Epoch 15/200
  Fill Episode 1/15: Reward=0.6766
  Fill Episode 2/15: Reward=0.6464
  Fill Episode 3/15: Reward=0.6242
  Fill Episode 4/15: Reward=0.6730
  Fill Episode 5/15: Reward=0.6472
  Fill Episode 6/15: Reward=0.6504
  Fill Episode 7/15: Reward=0.6700
  Fill Episode 8/15: Reward=0.6296
  Fill Episode 9/15: Reward=0.5724
  Fill Episode 10/15: Reward=0.6780
  Fill Episode 11/15: Reward=0.6384
  Fill Episode 12/15: Reward=0.6712
  Fill Episode 13/15: Reward=0.6802
  Fill Episode 14/15: Reward=0.6210
  Fill Episode 15/15: Reward=0.6532
Epoch 16/200
  Fill Episode 1/15: Reward=0.7112
  Fill Episode 2/15: Reward=0.6082
  Fill Episode 3/15: Reward=0.6262
  Fill Episode 4/15: Reward=0.6638
  Fill Episode 5/15: Reward=0.6026
  Fill Episode 6/15: Reward=0.5878
  Fill Episode 7/15: Reward=0.6460
  Fill Episode 8/15: Reward=0.5446
  Fill Episode 9/15: Reward=0.5446
  Fill Episode 10/15: Reward=0.5608
  Fill Episode 11/15: Reward=0.5872
  Fill Episode 12/15: Reward=0.5792
  Fill Episode 13/15: Reward=0.5576
  Fill Episode 14/15: Reward=0.6420
  Fill Episode 15/15: Reward=0.5818
Epoch 17/200
  Fill Episode 1/15: Reward=0.6536
  Fill Episode 2/15: Reward=0.6102
  Fill Episode 3/15: Reward=0.6568
  Fill Episode 4/15: Reward=0.5508
  Fill Episode 5/15: Reward=0.6504
  Fill Episode 6/15: Reward=0.6158
  Fill Episode 7/15: Reward=0.7146
  Fill Episode 8/15: Reward=0.6806
  Fill Episode 9/15: Reward=0.6564
  Fill Episode 10/15: Reward=0.5470
  Fill Episode 11/15: Reward=0.6652
  Fill Episode 12/15: Reward=0.7020
  Fill Episode 13/15: Reward=0.6710
  Fill Episode 14/15: Reward=0.6682
  Fill Episode 15/15: Reward=0.5044
Epoch 18/200
  Fill Episode 1/15: Reward=0.6882
  Fill Episode 2/15: Reward=0.6940
  Fill Episode 3/15: Reward=0.6930
  Fill Episode 4/15: Reward=0.6058
  Fill Episode 5/15: Reward=0.6274
  Fill Episode 6/15: Reward=0.6756
  Fill Episode 7/15: Reward=0.6484
  Fill Episode 8/15: Reward=0.6228
  Fill Episode 9/15: Reward=0.6382
  Fill Episode 10/15: Reward=0.6546
  Fill Episode 11/15: Reward=0.6270
  Fill Episode 12/15: Reward=0.7136
  Fill Episode 13/15: Reward=0.7016
  Fill Episode 14/15: Reward=0.6798
  Fill Episode 15/15: Reward=0.6956
Epoch 19/200
  Fill Episode 1/15: Reward=0.6342
  Fill Episode 2/15: Reward=0.6574
  Fill Episode 3/15: Reward=0.6348
  Fill Episode 4/15: Reward=0.6240
  Fill Episode 5/15: Reward=0.6548
  Fill Episode 6/15: Reward=0.5198
  Fill Episode 7/15: Reward=0.5564
  Fill Episode 8/15: Reward=0.5948
  Fill Episode 9/15: Reward=0.6712
  Fill Episode 10/15: Reward=0.6660
  Fill Episode 11/15: Reward=0.6852
  Fill Episode 12/15: Reward=0.5744
  Fill Episode 13/15: Reward=0.6738
  Fill Episode 14/15: Reward=0.5402
  Fill Episode 15/15: Reward=0.5740
Epoch 20/200
  Fill Episode 1/15: Reward=0.6282
  Fill Episode 2/15: Reward=0.5502
  Fill Episode 3/15: Reward=0.6644
  Fill Episode 4/15: Reward=0.6318
  Fill Episode 5/15: Reward=0.5650
  Fill Episode 6/15: Reward=0.6548
  Fill Episode 7/15: Reward=0.6510
  Fill Episode 8/15: Reward=0.6560
  Fill Episode 9/15: Reward=0.5688
  Fill Episode 10/15: Reward=0.6952
  Fill Episode 11/15: Reward=0.5510
  Fill Episode 12/15: Reward=0.6944
  Fill Episode 13/15: Reward=0.5818
  Fill Episode 14/15: Reward=0.6008
  Fill Episode 15/15: Reward=0.5272

=== [Phase 3] Joint Agent Training & Pruning Search ===
Epoch 21/200
[BestPolicy] Updated best reward: 0.6142
  Episode 1/15: Reward=0.6142
  Episode 2/15: Reward=0.6068
[BestPolicy] Updated best reward: 0.6690
  Episode 3/15: Reward=0.6690
  Episode 4/15: Reward=0.5776
  Episode 5/15: Reward=0.5310
  Episode 6/15: Reward=0.5954
  Episode 7/15: Reward=0.6278
  Episode 8/15: Reward=0.5522
[BestPolicy] Updated best reward: 0.6886
  Episode 9/15: Reward=0.6886
  Episode 10/15: Reward=0.5830
  Episode 11/15: Reward=0.6246
  Episode 12/15: Reward=0.6400
  Episode 13/15: Reward=0.6228
  Episode 14/15: Reward=0.5360
  Episode 15/15: Reward=0.6326
  >> Decoder Loss: 0.019223
  >> SAC Q1 Loss: 0.0213, Policy Loss: 0.1150
Epoch 21 Val Acc: 0.8215 | LR: 0.10000
Epoch 22/200
[BestPolicy] Updated best reward: 0.7070
  Episode 1/15: Reward=0.7070
  Episode 2/15: Reward=0.6274
  Episode 3/15: Reward=0.6010
  Episode 4/15: Reward=0.6372
  Episode 5/15: Reward=0.5438
  Episode 6/15: Reward=0.6064
  Episode 7/15: Reward=0.6246
  Episode 8/15: Reward=0.6788
  Episode 9/15: Reward=0.6920
  Episode 10/15: Reward=0.6840
  Episode 11/15: Reward=0.7064
  Episode 12/15: Reward=0.6620
  Episode 13/15: Reward=0.5988
  Episode 14/15: Reward=0.6876
  Episode 15/15: Reward=0.7006
  >> Decoder Loss: 0.012427
  >> SAC Q1 Loss: 0.0087, Policy Loss: -0.0285
Epoch 22 Val Acc: 0.8048 | LR: 0.10000
Epoch 23/200
  Episode 1/15: Reward=0.5710
  Episode 2/15: Reward=0.6940
[BestPolicy] Updated best reward: 0.7104
  Episode 3/15: Reward=0.7104
  Episode 4/15: Reward=0.6732
  Episode 5/15: Reward=0.6370
  Episode 6/15: Reward=0.6728
  Episode 7/15: Reward=0.5754
  Episode 8/15: Reward=0.6484
  Episode 9/15: Reward=0.6224
  Episode 10/15: Reward=0.5990
  Episode 11/15: Reward=0.6552
  Episode 12/15: Reward=0.6066
  Episode 13/15: Reward=0.6342
  Episode 14/15: Reward=0.6768
  Episode 15/15: Reward=0.5176
  >> Decoder Loss: 0.012448
  >> SAC Q1 Loss: 0.0026, Policy Loss: -0.1229
Epoch 23 Val Acc: 0.8466 | LR: 0.10000
Epoch 24/200
  Episode 1/15: Reward=0.6164
  Episode 2/15: Reward=0.6888
  Episode 3/15: Reward=0.5984
  Episode 4/15: Reward=0.5990
[BestPolicy] Updated best reward: 0.7302
  Episode 5/15: Reward=0.7302
  Episode 6/15: Reward=0.6282
  Episode 7/15: Reward=0.5324
  Episode 8/15: Reward=0.6522
  Episode 9/15: Reward=0.6322
  Episode 10/15: Reward=0.7112
  Episode 11/15: Reward=0.7066
  Episode 12/15: Reward=0.6466
  Episode 13/15: Reward=0.6870
  Episode 14/15: Reward=0.7230
  Episode 15/15: Reward=0.6954
  >> Decoder Loss: 0.011432
  >> SAC Q1 Loss: 0.0007, Policy Loss: -0.2163
Epoch 24 Val Acc: 0.7992 | LR: 0.10000
Epoch 25/200
  Episode 1/15: Reward=0.5180
  Episode 2/15: Reward=0.6562
  Episode 3/15: Reward=0.5690
  Episode 4/15: Reward=0.5070
  Episode 5/15: Reward=0.6752
  Episode 6/15: Reward=0.6500
[BestPolicy] Updated best reward: 0.7476
  Episode 7/15: Reward=0.7476
  Episode 8/15: Reward=0.6384
  Episode 9/15: Reward=0.6666
  Episode 10/15: Reward=0.6182
  Episode 11/15: Reward=0.5212
  Episode 12/15: Reward=0.6826
  Episode 13/15: Reward=0.5196
  Episode 14/15: Reward=0.6608
  Episode 15/15: Reward=0.6622
  >> Decoder Loss: 0.010397
  >> SAC Q1 Loss: 0.0006, Policy Loss: -0.2980
Epoch 25 Val Acc: 0.8254 | LR: 0.10000
Epoch 26/200
  Episode 1/15: Reward=0.6440
  Episode 2/15: Reward=0.6982
  Episode 3/15: Reward=0.6498
  Episode 4/15: Reward=0.6978
  Episode 5/15: Reward=0.6648
  Episode 6/15: Reward=0.6388
  Episode 7/15: Reward=0.7278
[BestPolicy] Updated best reward: 0.7496
  Episode 8/15: Reward=0.7496
  Episode 9/15: Reward=0.6190
[BestPolicy] Updated best reward: 0.7660
  Episode 10/15: Reward=0.7660
  Episode 11/15: Reward=0.5590
  Episode 12/15: Reward=0.7216
  Episode 13/15: Reward=0.6536
  Episode 14/15: Reward=0.7302
  Episode 15/15: Reward=0.7006
  >> Decoder Loss: 0.008984
  >> SAC Q1 Loss: 0.0006, Policy Loss: -0.3779
Epoch 26 Val Acc: 0.8120 | LR: 0.10000
Epoch 27/200
  Episode 1/15: Reward=0.7044
  Episode 2/15: Reward=0.6834
  Episode 3/15: Reward=0.6992
  Episode 4/15: Reward=0.7242
  Episode 5/15: Reward=0.6622
  Episode 6/15: Reward=0.6864
  Episode 7/15: Reward=0.7386
  Episode 8/15: Reward=0.6722
  Episode 9/15: Reward=0.5564
  Episode 10/15: Reward=0.7110
  Episode 11/15: Reward=0.6646
  Episode 12/15: Reward=0.7004
  Episode 13/15: Reward=0.5874
  Episode 14/15: Reward=0.6492
  Episode 15/15: Reward=0.6786
  >> Decoder Loss: 0.008454
  >> SAC Q1 Loss: 0.0011, Policy Loss: -0.4588
Epoch 27 Val Acc: 0.8130 | LR: 0.10000
Epoch 28/200
  Episode 1/15: Reward=0.7394
  Episode 2/15: Reward=0.6632
  Episode 3/15: Reward=0.6364
  Episode 4/15: Reward=0.6782
  Episode 5/15: Reward=0.6616
  Episode 6/15: Reward=0.6360
  Episode 7/15: Reward=0.7614
  Episode 8/15: Reward=0.6672
  Episode 9/15: Reward=0.7404
  Episode 10/15: Reward=0.6468
  Episode 11/15: Reward=0.7484
  Episode 12/15: Reward=0.6738
  Episode 13/15: Reward=0.7618
  Episode 14/15: Reward=0.6694
  Episode 15/15: Reward=0.7362
  >> Decoder Loss: 0.007644
  >> SAC Q1 Loss: 0.0014, Policy Loss: -0.5333
Epoch 28 Val Acc: 0.8311 | LR: 0.10000
Epoch 29/200
  Episode 1/15: Reward=0.6342
  Episode 2/15: Reward=0.7658
  Episode 3/15: Reward=0.6952
  Episode 4/15: Reward=0.7142
[BestPolicy] Updated best reward: 0.7708
  Episode 5/15: Reward=0.7708
  Episode 6/15: Reward=0.7318
  Episode 7/15: Reward=0.7030
  Episode 8/15: Reward=0.6656
  Episode 9/15: Reward=0.6888
  Episode 10/15: Reward=0.6822
  Episode 11/15: Reward=0.6416
  Episode 12/15: Reward=0.6726
  Episode 13/15: Reward=0.6654
  Episode 14/15: Reward=0.6882
  Episode 15/15: Reward=0.7706
  >> Decoder Loss: 0.007094
  >> SAC Q1 Loss: 0.0018, Policy Loss: -0.6097
Epoch 29 Val Acc: 0.8371 | LR: 0.10000
Epoch 30/200
  Episode 1/15: Reward=0.7316
  Episode 2/15: Reward=0.7578
  Episode 3/15: Reward=0.7652
  Episode 4/15: Reward=0.5950
[BestPolicy] Updated best reward: 0.7714
  Episode 5/15: Reward=0.7714
  Episode 6/15: Reward=0.6890
  Episode 7/15: Reward=0.6560
  Episode 8/15: Reward=0.7476
  Episode 9/15: Reward=0.6362
  Episode 10/15: Reward=0.6614
  Episode 11/15: Reward=0.6210
  Episode 12/15: Reward=0.6166
  Episode 13/15: Reward=0.6218
  Episode 14/15: Reward=0.7524
  Episode 15/15: Reward=0.6632
  >> Decoder Loss: 0.006292
  >> SAC Q1 Loss: 0.0017, Policy Loss: -0.6765
Epoch 30 Val Acc: 0.8214 | LR: 0.10000
Epoch 31/200
[BestPolicy] Updated best reward: 0.7816
  Episode 1/15: Reward=0.7816
  Episode 2/15: Reward=0.6374
  Episode 3/15: Reward=0.5802
  Episode 4/15: Reward=0.7104
  Episode 5/15: Reward=0.5552
  Episode 6/15: Reward=0.6788
  Episode 7/15: Reward=0.7614
  Episode 8/15: Reward=0.5756
  Episode 9/15: Reward=0.5060
  Episode 10/15: Reward=0.6088
  Episode 11/15: Reward=0.7196
  Episode 12/15: Reward=0.6794
  Episode 13/15: Reward=0.6496
  Episode 14/15: Reward=0.5842
  Episode 15/15: Reward=0.6398
  >> Decoder Loss: 0.004861
  >> SAC Q1 Loss: 0.0016, Policy Loss: -0.7358
Epoch 31 Val Acc: 0.7905 | LR: 0.10000
Epoch 32/200
  Episode 1/15: Reward=0.7014
  Episode 2/15: Reward=0.7326
  Episode 3/15: Reward=0.6750
  Episode 4/15: Reward=0.5452
  Episode 5/15: Reward=0.7298
  Episode 6/15: Reward=0.7678
  Episode 7/15: Reward=0.6304
  Episode 8/15: Reward=0.6202
  Episode 9/15: Reward=0.7110
  Episode 10/15: Reward=0.7478
  Episode 11/15: Reward=0.7314
  Episode 12/15: Reward=0.6930
  Episode 13/15: Reward=0.4832
  Episode 14/15: Reward=0.7430
  Episode 15/15: Reward=0.7220
  >> Decoder Loss: 0.005095
  >> SAC Q1 Loss: 0.0012, Policy Loss: -0.8010
Epoch 32 Val Acc: 0.8501 | LR: 0.10000
Epoch 33/200
  Episode 1/15: Reward=0.7616
  Episode 2/15: Reward=0.7152
  Episode 3/15: Reward=0.6912
  Episode 4/15: Reward=0.7502
  Episode 5/15: Reward=0.7214
  Episode 6/15: Reward=0.6110
  Episode 7/15: Reward=0.7184
  Episode 8/15: Reward=0.6614
  Episode 9/15: Reward=0.7310
  Episode 10/15: Reward=0.6754
  Episode 11/15: Reward=0.6258
  Episode 12/15: Reward=0.6290
  Episode 13/15: Reward=0.7482
  Episode 14/15: Reward=0.7348
  Episode 15/15: Reward=0.7670
  >> Decoder Loss: 0.003580
  >> SAC Q1 Loss: 0.0009, Policy Loss: -0.8529
Epoch 33 Val Acc: 0.8238 | LR: 0.10000
Epoch 34/200
  Episode 1/15: Reward=0.7512
  Episode 2/15: Reward=0.6436
  Episode 3/15: Reward=0.7358
  Episode 4/15: Reward=0.6526
  Episode 5/15: Reward=0.6028
  Episode 6/15: Reward=0.6830
  Episode 7/15: Reward=0.6874
  Episode 8/15: Reward=0.6798
  Episode 9/15: Reward=0.7430
  Episode 10/15: Reward=0.6666
  Episode 11/15: Reward=0.7288
  Episode 12/15: Reward=0.5980
  Episode 13/15: Reward=0.7498
  Episode 14/15: Reward=0.6900
  Episode 15/15: Reward=0.6882
  >> Decoder Loss: 0.004427
  >> SAC Q1 Loss: 0.0008, Policy Loss: -0.9032
Epoch 34 Val Acc: 0.8544 | LR: 0.10000
Epoch 35/200
  Episode 1/15: Reward=0.7418
  Episode 2/15: Reward=0.7412
  Episode 3/15: Reward=0.5760
  Episode 4/15: Reward=0.6982
  Episode 5/15: Reward=0.7272
  Episode 6/15: Reward=0.6698
  Episode 7/15: Reward=0.6142
  Episode 8/15: Reward=0.6652
  Episode 9/15: Reward=0.6086
  Episode 10/15: Reward=0.7342
  Episode 11/15: Reward=0.7390
  Episode 12/15: Reward=0.7010
  Episode 13/15: Reward=0.7806
  Episode 14/15: Reward=0.6408
  Episode 15/15: Reward=0.7492
  >> Decoder Loss: 0.004189
  >> SAC Q1 Loss: 0.0006, Policy Loss: -0.9578
Epoch 35 Val Acc: 0.8230 | LR: 0.10000
Epoch 36/200
  Episode 1/15: Reward=0.7290
  Episode 2/15: Reward=0.7188
  Episode 3/15: Reward=0.7102
  Episode 4/15: Reward=0.5992
  Episode 5/15: Reward=0.7632
  Episode 6/15: Reward=0.5440
  Episode 7/15: Reward=0.6554
  Episode 8/15: Reward=0.5654
  Episode 9/15: Reward=0.7648
  Episode 10/15: Reward=0.6494
  Episode 11/15: Reward=0.6810
  Episode 12/15: Reward=0.7316
  Episode 13/15: Reward=0.5740
  Episode 14/15: Reward=0.6696
  Episode 15/15: Reward=0.6462
  >> Decoder Loss: 0.002960
  >> SAC Q1 Loss: 0.0008, Policy Loss: -0.9981
Epoch 36 Val Acc: 0.8475 | LR: 0.10000
Epoch 37/200
  Episode 1/15: Reward=0.6888
  Episode 2/15: Reward=0.6392
  Episode 3/15: Reward=0.5948
  Episode 4/15: Reward=0.6358
  Episode 5/15: Reward=0.6988
  Episode 6/15: Reward=0.5648
  Episode 7/15: Reward=0.6228
  Episode 8/15: Reward=0.5174
  Episode 9/15: Reward=0.6908
  Episode 10/15: Reward=0.7274
[BestPolicy] Updated best reward: 0.7846
  Episode 11/15: Reward=0.7846
  Episode 12/15: Reward=0.7570
  Episode 13/15: Reward=0.6298
  Episode 14/15: Reward=0.7018
  Episode 15/15: Reward=0.6288
  >> Decoder Loss: 0.002749
  >> SAC Q1 Loss: 0.0009, Policy Loss: -1.0415
Epoch 37 Val Acc: 0.8556 | LR: 0.10000
Epoch 38/200
  Episode 1/15: Reward=0.6582
  Episode 2/15: Reward=0.6206
  Episode 3/15: Reward=0.7398
  Episode 4/15: Reward=0.7316
  Episode 5/15: Reward=0.6404
  Episode 6/15: Reward=0.7512
  Episode 7/15: Reward=0.7588
  Episode 8/15: Reward=0.6652
  Episode 9/15: Reward=0.6490
  Episode 10/15: Reward=0.7600
[BestPolicy] Updated best reward: 0.7944
  Episode 11/15: Reward=0.7944
  Episode 12/15: Reward=0.7056
  Episode 13/15: Reward=0.7522
  Episode 14/15: Reward=0.6294
  Episode 15/15: Reward=0.6224
  >> Decoder Loss: 0.002762
  >> SAC Q1 Loss: 0.0006, Policy Loss: -1.0817
Epoch 38 Val Acc: 0.8487 | LR: 0.10000
Epoch 39/200
  Episode 1/15: Reward=0.7424
  Episode 2/15: Reward=0.7318
[BestPolicy] Updated best reward: 0.8170
  Episode 3/15: Reward=0.8170
  Episode 4/15: Reward=0.6968
  Episode 5/15: Reward=0.7452
  Episode 6/15: Reward=0.7224
  Episode 7/15: Reward=0.7302
  Episode 8/15: Reward=0.6838
  Episode 9/15: Reward=0.6254
  Episode 10/15: Reward=0.5984
  Episode 11/15: Reward=0.7532
  Episode 12/15: Reward=0.7868
  Episode 13/15: Reward=0.6958
  Episode 14/15: Reward=0.7854
  Episode 15/15: Reward=0.6396
  >> Decoder Loss: 0.002733
  >> SAC Q1 Loss: 0.0007, Policy Loss: -1.1169
Epoch 39 Val Acc: 0.8659 | LR: 0.10000
Epoch 40/200
  Episode 1/15: Reward=0.7698
  Episode 2/15: Reward=0.7368
  Episode 3/15: Reward=0.7318
  Episode 4/15: Reward=0.7494
  Episode 5/15: Reward=0.6648
  Episode 6/15: Reward=0.5778
  Episode 7/15: Reward=0.7490
  Episode 8/15: Reward=0.6168
  Episode 9/15: Reward=0.7406
  Episode 10/15: Reward=0.6494
  Episode 11/15: Reward=0.5896
  Episode 12/15: Reward=0.6920
  Episode 13/15: Reward=0.7612
  Episode 14/15: Reward=0.7000
  Episode 15/15: Reward=0.7832
  >> Decoder Loss: 0.003011
  >> SAC Q1 Loss: 0.0006, Policy Loss: -1.1364
Epoch 40 Val Acc: 0.8500 | LR: 0.10000
Epoch 41/200
  Episode 1/15: Reward=0.7212
  Episode 2/15: Reward=0.6022
  Episode 3/15: Reward=0.8016
  Episode 4/15: Reward=0.6450
  Episode 5/15: Reward=0.7536
  Episode 6/15: Reward=0.6412
  Episode 7/15: Reward=0.4718
  Episode 8/15: Reward=0.6098
  Episode 9/15: Reward=0.5364
  Episode 10/15: Reward=0.5880
  Episode 11/15: Reward=0.6380
  Episode 12/15: Reward=0.6564
  Episode 13/15: Reward=0.6368
  Episode 14/15: Reward=0.5344
  Episode 15/15: Reward=0.6810
  >> Decoder Loss: 0.003308
  >> SAC Q1 Loss: 0.0006, Policy Loss: -1.1679
Epoch 41 Val Acc: 0.8407 | LR: 0.10000
Epoch 42/200
  Episode 1/15: Reward=0.5372
  Episode 2/15: Reward=0.7734
  Episode 3/15: Reward=0.6212
  Episode 4/15: Reward=0.7296
  Episode 5/15: Reward=0.5738
  Episode 6/15: Reward=0.4948
  Episode 7/15: Reward=0.7510
  Episode 8/15: Reward=0.7622
  Episode 9/15: Reward=0.7086
  Episode 10/15: Reward=0.6148
  Episode 11/15: Reward=0.7864
  Episode 12/15: Reward=0.6512
  Episode 13/15: Reward=0.7656
  Episode 14/15: Reward=0.7398
  Episode 15/15: Reward=0.7546
  >> Decoder Loss: 0.002058
  >> SAC Q1 Loss: 0.0008, Policy Loss: -1.1947
Epoch 42 Val Acc: 0.8193 | LR: 0.10000
Epoch 43/200
  Episode 1/15: Reward=0.7462
  Episode 2/15: Reward=0.8058
  Episode 3/15: Reward=0.5768
  Episode 4/15: Reward=0.5988
  Episode 5/15: Reward=0.6482
  Episode 6/15: Reward=0.6764
  Episode 7/15: Reward=0.6984
  Episode 8/15: Reward=0.5802
  Episode 9/15: Reward=0.6912
  Episode 10/15: Reward=0.7886
  Episode 11/15: Reward=0.5426
  Episode 12/15: Reward=0.5744
  Episode 13/15: Reward=0.6172
  Episode 14/15: Reward=0.7284
  Episode 15/15: Reward=0.7416
  >> Decoder Loss: 0.002410
  >> SAC Q1 Loss: 0.0006, Policy Loss: -1.2123
Epoch 43 Val Acc: 0.8671 | LR: 0.10000
Epoch 44/200
  Episode 1/15: Reward=0.6302
  Episode 2/15: Reward=0.6828
  Episode 3/15: Reward=0.7022
  Episode 4/15: Reward=0.7340
  Episode 5/15: Reward=0.7186
  Episode 6/15: Reward=0.6842
  Episode 7/15: Reward=0.6182
  Episode 8/15: Reward=0.7208
  Episode 9/15: Reward=0.5810
  Episode 10/15: Reward=0.6870
  Episode 11/15: Reward=0.7210
  Episode 12/15: Reward=0.7506
  Episode 13/15: Reward=0.7398
  Episode 14/15: Reward=0.7294
  Episode 15/15: Reward=0.7670
  >> Decoder Loss: 0.001896
  >> SAC Q1 Loss: 0.0006, Policy Loss: -1.2432
Epoch 44 Val Acc: 0.8620 | LR: 0.10000
Epoch 45/200
  Episode 1/15: Reward=0.5962
  Episode 2/15: Reward=0.6588
  Episode 3/15: Reward=0.6114
  Episode 4/15: Reward=0.7046
  Episode 5/15: Reward=0.5310
  Episode 6/15: Reward=0.5890
  Episode 7/15: Reward=0.6014
  Episode 8/15: Reward=0.5944
  Episode 9/15: Reward=0.5768
  Episode 10/15: Reward=0.5742
  Episode 11/15: Reward=0.5364
  Episode 12/15: Reward=0.7862
  Episode 13/15: Reward=0.5584
  Episode 14/15: Reward=0.6770
  Episode 15/15: Reward=0.7538
  >> Decoder Loss: 0.002204
  >> SAC Q1 Loss: 0.0006, Policy Loss: -1.2683
Epoch 45 Val Acc: 0.8690 | LR: 0.10000
Epoch 46/200
  Episode 1/15: Reward=0.6110
  Episode 2/15: Reward=0.6538
  Episode 3/15: Reward=0.6854
  Episode 4/15: Reward=0.6222
  Episode 5/15: Reward=0.7310
  Episode 6/15: Reward=0.7206
  Episode 7/15: Reward=0.6240
  Episode 8/15: Reward=0.6670
  Episode 9/15: Reward=0.6230
  Episode 10/15: Reward=0.7092
  Episode 11/15: Reward=0.7014
  Episode 12/15: Reward=0.7170
  Episode 13/15: Reward=0.6064
  Episode 14/15: Reward=0.6484
  Episode 15/15: Reward=0.6104
  >> Decoder Loss: 0.002064
  >> SAC Q1 Loss: 0.0007, Policy Loss: -1.2976
Epoch 46 Val Acc: 0.8598 | LR: 0.10000
Epoch 47/200
  Episode 1/15: Reward=0.7580
  Episode 2/15: Reward=0.4996
  Episode 3/15: Reward=0.7618
  Episode 4/15: Reward=0.5686
  Episode 5/15: Reward=0.7622
  Episode 6/15: Reward=0.7384
  Episode 7/15: Reward=0.6742
  Episode 8/15: Reward=0.7478
  Episode 9/15: Reward=0.7308
  Episode 10/15: Reward=0.6714
  Episode 11/15: Reward=0.6740
  Episode 12/15: Reward=0.6552
  Episode 13/15: Reward=0.5182
  Episode 14/15: Reward=0.6780
  Episode 15/15: Reward=0.5618
  >> Decoder Loss: 0.001817
  >> SAC Q1 Loss: 0.0007, Policy Loss: -1.3115
Epoch 47 Val Acc: 0.8621 | LR: 0.10000
Epoch 48/200
  Episode 1/15: Reward=0.6914
  Episode 2/15: Reward=0.7242
  Episode 3/15: Reward=0.7336
  Episode 4/15: Reward=0.6476
  Episode 5/15: Reward=0.6890
  Episode 6/15: Reward=0.5780
  Episode 7/15: Reward=0.7192
  Episode 8/15: Reward=0.5512
  Episode 9/15: Reward=0.7154
  Episode 10/15: Reward=0.7744
  Episode 11/15: Reward=0.5586
  Episode 12/15: Reward=0.6972
  Episode 13/15: Reward=0.6738
  Episode 14/15: Reward=0.5776
  Episode 15/15: Reward=0.7600
  >> Decoder Loss: 0.001563
  >> SAC Q1 Loss: 0.0007, Policy Loss: -1.3251
Epoch 48 Val Acc: 0.8437 | LR: 0.10000
Epoch 49/200
  Episode 1/15: Reward=0.5292
  Episode 2/15: Reward=0.5646
  Episode 3/15: Reward=0.5446
  Episode 4/15: Reward=0.7182
  Episode 5/15: Reward=0.6854
  Episode 6/15: Reward=0.5378
  Episode 7/15: Reward=0.7260
  Episode 8/15: Reward=0.4150
  Episode 9/15: Reward=0.6108
  Episode 10/15: Reward=0.5116
  Episode 11/15: Reward=0.7436
  Episode 12/15: Reward=0.7286
  Episode 13/15: Reward=0.8152
  Episode 14/15: Reward=0.7044
  Episode 15/15: Reward=0.8068
  >> Decoder Loss: 0.003459
  >> SAC Q1 Loss: 0.0006, Policy Loss: -1.3308
Epoch 49 Val Acc: 0.8697 | LR: 0.10000
Epoch 50/200
  Episode 1/15: Reward=0.5864
  Episode 2/15: Reward=0.6814
  Episode 3/15: Reward=0.7856
  Episode 4/15: Reward=0.7078
  Episode 5/15: Reward=0.6202
  Episode 6/15: Reward=0.6762
  Episode 7/15: Reward=0.5780
  Episode 8/15: Reward=0.7236
  Episode 9/15: Reward=0.7798
  Episode 10/15: Reward=0.5912
  Episode 11/15: Reward=0.7924
  Episode 12/15: Reward=0.7188
  Episode 13/15: Reward=0.7836
  Episode 14/15: Reward=0.7286
  Episode 15/15: Reward=0.5832
  >> Decoder Loss: 0.001755
  >> SAC Q1 Loss: 0.0007, Policy Loss: -1.3304
Epoch 50 Val Acc: 0.8679 | LR: 0.10000
Epoch 51/200
  Episode 1/15: Reward=0.6918
  Episode 2/15: Reward=0.6406
  Episode 3/15: Reward=0.5502
  Episode 4/15: Reward=0.6526
  Episode 5/15: Reward=0.5356
  Episode 6/15: Reward=0.6676
  Episode 7/15: Reward=0.6846
  Episode 8/15: Reward=0.7828
  Episode 9/15: Reward=0.5608
  Episode 10/15: Reward=0.6998
  Episode 11/15: Reward=0.7128
  Episode 12/15: Reward=0.6568
  Episode 13/15: Reward=0.6810
  Episode 14/15: Reward=0.5198
  Episode 15/15: Reward=0.6798
  >> Decoder Loss: 0.001459
  >> SAC Q1 Loss: 0.0006, Policy Loss: -1.3404
Epoch 51 Val Acc: 0.8448 | LR: 0.10000
Epoch 52/200
  Episode 1/15: Reward=0.6136
  Episode 2/15: Reward=0.6286
  Episode 3/15: Reward=0.6748
  Episode 4/15: Reward=0.5192
  Episode 5/15: Reward=0.7780
  Episode 6/15: Reward=0.7106
  Episode 7/15: Reward=0.7454
  Episode 8/15: Reward=0.7430
  Episode 9/15: Reward=0.5770
  Episode 10/15: Reward=0.6640
  Episode 11/15: Reward=0.6390
  Episode 12/15: Reward=0.6976
  Episode 13/15: Reward=0.7656
  Episode 14/15: Reward=0.7310
  Episode 15/15: Reward=0.7590
  >> Decoder Loss: 0.002538
  >> SAC Q1 Loss: 0.0006, Policy Loss: -1.3442
Epoch 52 Val Acc: 0.8662 | LR: 0.10000
Epoch 53/200
  Episode 1/15: Reward=0.6186
  Episode 2/15: Reward=0.6866
  Episode 3/15: Reward=0.7480
  Episode 4/15: Reward=0.5568
  Episode 5/15: Reward=0.7580
  Episode 6/15: Reward=0.6862
  Episode 7/15: Reward=0.5698
  Episode 8/15: Reward=0.6316
  Episode 9/15: Reward=0.7534
  Episode 10/15: Reward=0.6800
  Episode 11/15: Reward=0.6500
  Episode 12/15: Reward=0.7096
  Episode 13/15: Reward=0.5440
  Episode 14/15: Reward=0.5526
  Episode 15/15: Reward=0.6904
  >> Decoder Loss: 0.001608
  >> SAC Q1 Loss: 0.0006, Policy Loss: -1.3509
Epoch 53 Val Acc: 0.8443 | LR: 0.10000
Epoch 54/200
  Episode 1/15: Reward=0.5954
  Episode 2/15: Reward=0.6668
  Episode 3/15: Reward=0.7030
  Episode 4/15: Reward=0.6726
  Episode 5/15: Reward=0.5780
  Episode 6/15: Reward=0.6306
  Episode 7/15: Reward=0.7988
  Episode 8/15: Reward=0.5840
  Episode 9/15: Reward=0.6962
  Episode 10/15: Reward=0.7242
  Episode 11/15: Reward=0.6640
  Episode 12/15: Reward=0.7206
  Episode 13/15: Reward=0.7142
  Episode 14/15: Reward=0.7784
  Episode 15/15: Reward=0.7156
  >> Decoder Loss: 0.001545
  >> SAC Q1 Loss: 0.0006, Policy Loss: -1.3572
Epoch 54 Val Acc: 0.8741 | LR: 0.10000
Epoch 55/200
  Episode 1/15: Reward=0.7100
  Episode 2/15: Reward=0.6720
  Episode 3/15: Reward=0.7352
  Episode 4/15: Reward=0.5682
  Episode 5/15: Reward=0.7312
  Episode 6/15: Reward=0.6978
  Episode 7/15: Reward=0.7598
  Episode 8/15: Reward=0.7524
  Episode 9/15: Reward=0.6484
  Episode 10/15: Reward=0.6758
  Episode 11/15: Reward=0.6610
  Episode 12/15: Reward=0.6402
  Episode 13/15: Reward=0.6228
  Episode 14/15: Reward=0.5990
  Episode 15/15: Reward=0.7806
  >> Decoder Loss: 0.001464
  >> SAC Q1 Loss: 0.0005, Policy Loss: -1.3614
Epoch 55 Val Acc: 0.8667 | LR: 0.10000
Epoch 56/200
  Episode 1/15: Reward=0.7352
  Episode 2/15: Reward=0.7212
  Episode 3/15: Reward=0.7506
  Episode 4/15: Reward=0.5116
  Episode 5/15: Reward=0.6034
  Episode 6/15: Reward=0.5782
  Episode 7/15: Reward=0.6002
  Episode 8/15: Reward=0.6580
  Episode 9/15: Reward=0.6916
  Episode 10/15: Reward=0.8040
  Episode 11/15: Reward=0.7378
  Episode 12/15: Reward=0.7312
  Episode 13/15: Reward=0.5330
  Episode 14/15: Reward=0.6496
  Episode 15/15: Reward=0.7974
  >> Decoder Loss: 0.000900
  >> SAC Q1 Loss: 0.0006, Policy Loss: -1.3659
Epoch 56 Val Acc: 0.8708 | LR: 0.10000
Epoch 57/200
  Episode 1/15: Reward=0.7566
  Episode 2/15: Reward=0.6852
  Episode 3/15: Reward=0.7708
  Episode 4/15: Reward=0.6922
  Episode 5/15: Reward=0.8066
  Episode 6/15: Reward=0.6090
  Episode 7/15: Reward=0.6510
  Episode 8/15: Reward=0.7612
  Episode 9/15: Reward=0.7342
  Episode 10/15: Reward=0.7176
  Episode 11/15: Reward=0.6068
  Episode 12/15: Reward=0.8110
  Episode 13/15: Reward=0.6452
  Episode 14/15: Reward=0.6408
  Episode 15/15: Reward=0.7918
  >> Decoder Loss: 0.002059
  >> SAC Q1 Loss: 0.0006, Policy Loss: -1.3695
Epoch 57 Val Acc: 0.8551 | LR: 0.10000
Epoch 58/200
  Episode 1/15: Reward=0.8062
  Episode 2/15: Reward=0.7500
  Episode 3/15: Reward=0.7644
  Episode 4/15: Reward=0.7440
  Episode 5/15: Reward=0.6662
  Episode 6/15: Reward=0.7510
  Episode 7/15: Reward=0.6456
  Episode 8/15: Reward=0.7676
  Episode 9/15: Reward=0.5780
  Episode 10/15: Reward=0.6146
  Episode 11/15: Reward=0.7354
  Episode 12/15: Reward=0.6558
  Episode 13/15: Reward=0.7026
  Episode 14/15: Reward=0.7376
  Episode 15/15: Reward=0.6048
  >> Decoder Loss: 0.001058
  >> SAC Q1 Loss: 0.0006, Policy Loss: -1.3593
Epoch 58 Val Acc: 0.8240 | LR: 0.10000
Epoch 59/200
  Episode 1/15: Reward=0.6804
  Episode 2/15: Reward=0.5646
  Episode 3/15: Reward=0.6762
  Episode 4/15: Reward=0.6588
  Episode 5/15: Reward=0.6224
  Episode 6/15: Reward=0.6078
  Episode 7/15: Reward=0.6710
  Episode 8/15: Reward=0.5092
  Episode 9/15: Reward=0.7218
  Episode 10/15: Reward=0.7306
  Episode 11/15: Reward=0.6146
  Episode 12/15: Reward=0.6674
  Episode 13/15: Reward=0.7364
  Episode 14/15: Reward=0.7778
  Episode 15/15: Reward=0.6884
  >> Decoder Loss: 0.001159
  >> SAC Q1 Loss: 0.0007, Policy Loss: -1.3685
Epoch 59 Val Acc: 0.8483 | LR: 0.10000
Epoch 60/200
  Episode 1/15: Reward=0.6870
  Episode 2/15: Reward=0.7740
  Episode 3/15: Reward=0.6714
  Episode 4/15: Reward=0.6696
  Episode 5/15: Reward=0.7824
  Episode 6/15: Reward=0.6644
  Episode 7/15: Reward=0.7668
  Episode 8/15: Reward=0.7056
  Episode 9/15: Reward=0.7008
  Episode 10/15: Reward=0.5156
  Episode 11/15: Reward=0.6118
  Episode 12/15: Reward=0.7302
  Episode 13/15: Reward=0.8006
  Episode 14/15: Reward=0.7628
  Episode 15/15: Reward=0.7284
  >> Decoder Loss: 0.001407
  >> SAC Q1 Loss: 0.0006, Policy Loss: -1.3672
Epoch 60 Val Acc: 0.8504 | LR: 0.10000
Epoch 61/200
  Episode 1/15: Reward=0.6450
  Episode 2/15: Reward=0.6538
  Episode 3/15: Reward=0.5472
  Episode 4/15: Reward=0.7712
  Episode 5/15: Reward=0.6750
  Episode 6/15: Reward=0.5856
  Episode 7/15: Reward=0.7784
  Episode 8/15: Reward=0.7134
  Episode 9/15: Reward=0.6840
  Episode 10/15: Reward=0.6834
  Episode 11/15: Reward=0.6212
  Episode 12/15: Reward=0.6922
  Episode 13/15: Reward=0.7120
  Episode 14/15: Reward=0.5880
  Episode 15/15: Reward=0.6774
  >> Decoder Loss: 0.000974
  >> SAC Q1 Loss: 0.0006, Policy Loss: -1.3719
Epoch 61 Val Acc: 0.8785 | LR: 0.10000
Epoch 62/200
  Episode 1/15: Reward=0.7536
  Episode 2/15: Reward=0.7544
  Episode 3/15: Reward=0.6798
  Episode 4/15: Reward=0.7516
[BestPolicy] Updated best reward: 0.8178
  Episode 5/15: Reward=0.8178
  Episode 6/15: Reward=0.8080
  Episode 7/15: Reward=0.7748
  Episode 8/15: Reward=0.7550
  Episode 9/15: Reward=0.6308
  Episode 10/15: Reward=0.7330
  Episode 11/15: Reward=0.6892
  Episode 12/15: Reward=0.7654
[BestPolicy] Updated best reward: 0.8324
  Episode 13/15: Reward=0.8324
  Episode 14/15: Reward=0.5780
  Episode 15/15: Reward=0.7592
  >> Decoder Loss: 0.001052
  >> SAC Q1 Loss: 0.0006, Policy Loss: -1.3698
Epoch 62 Val Acc: 0.8613 | LR: 0.10000
Epoch 63/200
  Episode 1/15: Reward=0.6498
  Episode 2/15: Reward=0.6530
  Episode 3/15: Reward=0.7532
  Episode 4/15: Reward=0.6850
  Episode 5/15: Reward=0.6672
  Episode 6/15: Reward=0.6648
  Episode 7/15: Reward=0.6448
  Episode 8/15: Reward=0.6122
  Episode 9/15: Reward=0.7068
  Episode 10/15: Reward=0.7852
  Episode 11/15: Reward=0.8036
  Episode 12/15: Reward=0.6674
  Episode 13/15: Reward=0.7520
  Episode 14/15: Reward=0.6010
  Episode 15/15: Reward=0.7554
  >> Decoder Loss: 0.001314
  >> SAC Q1 Loss: 0.0007, Policy Loss: -1.3602
Epoch 63 Val Acc: 0.8720 | LR: 0.10000
Epoch 64/200
  Episode 1/15: Reward=0.6900
  Episode 2/15: Reward=0.6570
  Episode 3/15: Reward=0.7922
  Episode 4/15: Reward=0.5976
  Episode 5/15: Reward=0.8100
  Episode 6/15: Reward=0.5748
  Episode 7/15: Reward=0.7380
  Episode 8/15: Reward=0.7294
  Episode 9/15: Reward=0.6768
  Episode 10/15: Reward=0.6050
  Episode 11/15: Reward=0.7428
  Episode 12/15: Reward=0.5176
  Episode 13/15: Reward=0.7694
  Episode 14/15: Reward=0.4640
  Episode 15/15: Reward=0.6628
  >> Decoder Loss: 0.001195
  >> SAC Q1 Loss: 0.0006, Policy Loss: -1.3594
Epoch 64 Val Acc: 0.8666 | LR: 0.10000
Epoch 65/200
  Episode 1/15: Reward=0.8106
  Episode 2/15: Reward=0.5840
  Episode 3/15: Reward=0.5716
  Episode 4/15: Reward=0.6410
  Episode 5/15: Reward=0.6602
  Episode 6/15: Reward=0.6982
  Episode 7/15: Reward=0.6792
  Episode 8/15: Reward=0.7462
  Episode 9/15: Reward=0.7806
  Episode 10/15: Reward=0.7326
  Episode 11/15: Reward=0.7800
  Episode 12/15: Reward=0.4734
  Episode 13/15: Reward=0.6398
  Episode 14/15: Reward=0.6894
  Episode 15/15: Reward=0.8308
  >> Decoder Loss: 0.001920
  >> SAC Q1 Loss: 0.0006, Policy Loss: -1.3652
Epoch 65 Val Acc: 0.8619 | LR: 0.10000
Epoch 66/200
  Episode 1/15: Reward=0.7522
  Episode 2/15: Reward=0.6490
  Episode 3/15: Reward=0.6886
  Episode 4/15: Reward=0.6424
  Episode 5/15: Reward=0.7086
  Episode 6/15: Reward=0.6812
  Episode 7/15: Reward=0.7006
  Episode 8/15: Reward=0.5742
  Episode 9/15: Reward=0.6776
  Episode 10/15: Reward=0.6692
  Episode 11/15: Reward=0.5810
  Episode 12/15: Reward=0.7324
  Episode 13/15: Reward=0.5436
  Episode 14/15: Reward=0.7462
  Episode 15/15: Reward=0.6198
  >> Decoder Loss: 0.001656
  >> SAC Q1 Loss: 0.0006, Policy Loss: -1.3663
Epoch 66 Val Acc: 0.8738 | LR: 0.10000
Epoch 67/200
  Episode 1/15: Reward=0.8090
  Episode 2/15: Reward=0.5746
  Episode 3/15: Reward=0.6166
  Episode 4/15: Reward=0.6420
  Episode 5/15: Reward=0.6752
  Episode 6/15: Reward=0.4976
  Episode 7/15: Reward=0.4376
  Episode 8/15: Reward=0.7386
  Episode 9/15: Reward=0.4676
  Episode 10/15: Reward=0.6904
  Episode 11/15: Reward=0.6714
  Episode 12/15: Reward=0.7296
  Episode 13/15: Reward=0.6866
  Episode 14/15: Reward=0.6106
  Episode 15/15: Reward=0.7002
  >> Decoder Loss: 0.001821
  >> SAC Q1 Loss: 0.0005, Policy Loss: -1.3703
Epoch 67 Val Acc: 0.8719 | LR: 0.10000
Epoch 68/200
  Episode 1/15: Reward=0.7214
  Episode 2/15: Reward=0.6718
  Episode 3/15: Reward=0.5392
  Episode 4/15: Reward=0.7560
  Episode 5/15: Reward=0.7128
  Episode 6/15: Reward=0.6186
  Episode 7/15: Reward=0.6154
  Episode 8/15: Reward=0.7758
  Episode 9/15: Reward=0.7360
  Episode 10/15: Reward=0.6328
  Episode 11/15: Reward=0.7620
  Episode 12/15: Reward=0.6972
  Episode 13/15: Reward=0.6136
  Episode 14/15: Reward=0.7532
  Episode 15/15: Reward=0.7162
  >> Decoder Loss: 0.002000
  >> SAC Q1 Loss: 0.0006, Policy Loss: -1.3701
Epoch 68 Val Acc: 0.8756 | LR: 0.10000
Epoch 69/200
  Episode 1/15: Reward=0.6992
  Episode 2/15: Reward=0.7920
  Episode 3/15: Reward=0.5802
  Episode 4/15: Reward=0.7956
  Episode 5/15: Reward=0.8080
  Episode 6/15: Reward=0.7664
  Episode 7/15: Reward=0.6876
  Episode 8/15: Reward=0.7092
  Episode 9/15: Reward=0.6778
  Episode 10/15: Reward=0.7096
  Episode 11/15: Reward=0.7260
  Episode 12/15: Reward=0.7274
  Episode 13/15: Reward=0.7964
  Episode 14/15: Reward=0.6582
  Episode 15/15: Reward=0.7336
  >> Decoder Loss: 0.002030
  >> SAC Q1 Loss: 0.0005, Policy Loss: -1.3621
Epoch 69 Val Acc: 0.8281 | LR: 0.10000
Epoch 70/200
  Episode 1/15: Reward=0.6604
  Episode 2/15: Reward=0.7000
  Episode 3/15: Reward=0.6274
  Episode 4/15: Reward=0.5648
  Episode 5/15: Reward=0.6156
  Episode 6/15: Reward=0.5956
  Episode 7/15: Reward=0.7050
  Episode 8/15: Reward=0.6626
  Episode 9/15: Reward=0.6356
  Episode 10/15: Reward=0.6422
  Episode 11/15: Reward=0.5570
  Episode 12/15: Reward=0.6616
  Episode 13/15: Reward=0.7254
  Episode 14/15: Reward=0.7722
  Episode 15/15: Reward=0.7678
  >> Decoder Loss: 0.001837
  >> SAC Q1 Loss: 0.0006, Policy Loss: -1.3676
Epoch 70 Val Acc: 0.8627 | LR: 0.10000
Epoch 71/200
  Episode 1/15: Reward=0.7614
  Episode 2/15: Reward=0.7208
  Episode 3/15: Reward=0.5406
  Episode 4/15: Reward=0.7420
  Episode 5/15: Reward=0.7424
  Episode 6/15: Reward=0.8016
  Episode 7/15: Reward=0.6090
  Episode 8/15: Reward=0.7238
  Episode 9/15: Reward=0.7886
  Episode 10/15: Reward=0.6160
  Episode 11/15: Reward=0.7120
  Episode 12/15: Reward=0.6120
  Episode 13/15: Reward=0.5046
  Episode 14/15: Reward=0.6652
  Episode 15/15: Reward=0.6726
  >> Decoder Loss: 0.001937
  >> SAC Q1 Loss: 0.0005, Policy Loss: -1.3689
Epoch 71 Val Acc: 0.8546 | LR: 0.10000
Epoch 72/200
  Episode 1/15: Reward=0.5706
  Episode 2/15: Reward=0.6084
  Episode 3/15: Reward=0.6820
  Episode 4/15: Reward=0.5934
  Episode 5/15: Reward=0.4470
  Episode 6/15: Reward=0.5030
  Episode 7/15: Reward=0.5228
  Episode 8/15: Reward=0.7186
  Episode 9/15: Reward=0.6542
  Episode 10/15: Reward=0.7588
  Episode 11/15: Reward=0.7604
  Episode 12/15: Reward=0.6226
  Episode 13/15: Reward=0.8046
  Episode 14/15: Reward=0.6242
  Episode 15/15: Reward=0.8188
  >> Decoder Loss: 0.001931
  >> SAC Q1 Loss: 0.0006, Policy Loss: -1.3666
Epoch 72 Val Acc: 0.8614 | LR: 0.10000
Epoch 73/200
  Episode 1/15: Reward=0.7202
  Episode 2/15: Reward=0.6960
  Episode 3/15: Reward=0.7296
  Episode 4/15: Reward=0.7112
  Episode 5/15: Reward=0.8154
  Episode 6/15: Reward=0.6172
  Episode 7/15: Reward=0.8026
  Episode 8/15: Reward=0.7290
  Episode 9/15: Reward=0.7544
  Episode 10/15: Reward=0.6580
  Episode 11/15: Reward=0.7246
  Episode 12/15: Reward=0.5014
  Episode 13/15: Reward=0.6834
  Episode 14/15: Reward=0.6382
  Episode 15/15: Reward=0.7802
  >> Decoder Loss: 0.001739
  >> SAC Q1 Loss: 0.0006, Policy Loss: -1.3737
Epoch 73 Val Acc: 0.8628 | LR: 0.10000
Epoch 74/200
  Episode 1/15: Reward=0.7434
  Episode 2/15: Reward=0.6674
  Episode 3/15: Reward=0.6736
  Episode 4/15: Reward=0.7018
  Episode 5/15: Reward=0.7548
  Episode 6/15: Reward=0.8068
  Episode 7/15: Reward=0.6520
  Episode 8/15: Reward=0.6882
  Episode 9/15: Reward=0.6074
  Episode 10/15: Reward=0.7010
  Episode 11/15: Reward=0.6922
  Episode 12/15: Reward=0.5492
  Episode 13/15: Reward=0.6582
  Episode 14/15: Reward=0.7468
  Episode 15/15: Reward=0.6532
  >> Decoder Loss: 0.001716
  >> SAC Q1 Loss: 0.0005, Policy Loss: -1.3733
Epoch 74 Val Acc: 0.8572 | LR: 0.10000
Epoch 75/200
  Episode 1/15: Reward=0.6526
  Episode 2/15: Reward=0.7468
  Episode 3/15: Reward=0.5566
  Episode 4/15: Reward=0.6038
  Episode 5/15: Reward=0.6398
  Episode 6/15: Reward=0.7208
  Episode 7/15: Reward=0.5742
  Episode 8/15: Reward=0.7390
  Episode 9/15: Reward=0.7172
  Episode 10/15: Reward=0.6824
  Episode 11/15: Reward=0.6794
  Episode 12/15: Reward=0.5220
  Episode 13/15: Reward=0.5974
  Episode 14/15: Reward=0.8112
  Episode 15/15: Reward=0.6986
  >> Decoder Loss: 0.001332
  >> SAC Q1 Loss: 0.0005, Policy Loss: -1.3857
Epoch 75 Val Acc: 0.8633 | LR: 0.10000
Epoch 76/200
  Episode 1/15: Reward=0.7462
  Episode 2/15: Reward=0.7028
  Episode 3/15: Reward=0.7810
  Episode 4/15: Reward=0.7000
  Episode 5/15: Reward=0.7036
  Episode 6/15: Reward=0.7678
  Episode 7/15: Reward=0.7896
  Episode 8/15: Reward=0.6794
  Episode 9/15: Reward=0.5856
  Episode 10/15: Reward=0.5778
  Episode 11/15: Reward=0.5626
  Episode 12/15: Reward=0.7060
  Episode 13/15: Reward=0.7726
  Episode 14/15: Reward=0.5492
  Episode 15/15: Reward=0.6224
  >> Decoder Loss: 0.002105
  >> SAC Q1 Loss: 0.0005, Policy Loss: -1.3896
Epoch 76 Val Acc: 0.8716 | LR: 0.10000
Epoch 77/200
  Episode 1/15: Reward=0.4778
  Episode 2/15: Reward=0.5896
  Episode 3/15: Reward=0.5796
  Episode 4/15: Reward=0.6174
  Episode 5/15: Reward=0.8076
  Episode 6/15: Reward=0.7060
  Episode 7/15: Reward=0.6510
  Episode 8/15: Reward=0.7988
  Episode 9/15: Reward=0.7670
  Episode 10/15: Reward=0.6612
  Episode 11/15: Reward=0.4204
  Episode 12/15: Reward=0.6918
  Episode 13/15: Reward=0.8154
  Episode 14/15: Reward=0.7048
  Episode 15/15: Reward=0.7014
  >> Decoder Loss: 0.002876
  >> SAC Q1 Loss: 0.0005, Policy Loss: -1.3976
Epoch 77 Val Acc: 0.8729 | LR: 0.10000
Epoch 78/200
  Episode 1/15: Reward=0.5536
  Episode 2/15: Reward=0.7098
  Episode 3/15: Reward=0.7494
  Episode 4/15: Reward=0.6356
  Episode 5/15: Reward=0.4710
  Episode 6/15: Reward=0.7140
  Episode 7/15: Reward=0.6380
  Episode 8/15: Reward=0.6502
  Episode 9/15: Reward=0.5874
  Episode 10/15: Reward=0.5504
  Episode 11/15: Reward=0.5216
  Episode 12/15: Reward=0.6292
  Episode 13/15: Reward=0.6988
  Episode 14/15: Reward=0.7232
  Episode 15/15: Reward=0.6604
  >> Decoder Loss: 0.001307
  >> SAC Q1 Loss: 0.0006, Policy Loss: -1.4050
Epoch 78 Val Acc: 0.8643 | LR: 0.10000
Epoch 79/200
  Episode 1/15: Reward=0.6216
  Episode 2/15: Reward=0.7756
  Episode 3/15: Reward=0.7420
  Episode 4/15: Reward=0.6924
  Episode 5/15: Reward=0.5580
  Episode 6/15: Reward=0.7376
  Episode 7/15: Reward=0.7102
  Episode 8/15: Reward=0.5900
  Episode 9/15: Reward=0.5744
  Episode 10/15: Reward=0.7556
  Episode 11/15: Reward=0.6042
  Episode 12/15: Reward=0.6566
  Episode 13/15: Reward=0.5724
  Episode 14/15: Reward=0.7292
  Episode 15/15: Reward=0.4698
  >> Decoder Loss: 0.001641
  >> SAC Q1 Loss: 0.0005, Policy Loss: -1.4069
Epoch 79 Val Acc: 0.8505 | LR: 0.10000
Epoch 80/200
  Episode 1/15: Reward=0.5968
  Episode 2/15: Reward=0.6936
  Episode 3/15: Reward=0.6216
  Episode 4/15: Reward=0.7732
  Episode 5/15: Reward=0.7146
  Episode 6/15: Reward=0.5218
  Episode 7/15: Reward=0.6244
  Episode 8/15: Reward=0.4474
  Episode 9/15: Reward=0.5804
  Episode 10/15: Reward=0.6724
  Episode 11/15: Reward=0.6714
  Episode 12/15: Reward=0.6276
  Episode 13/15: Reward=0.6326
  Episode 14/15: Reward=0.5710
  Episode 15/15: Reward=0.6616
  >> Decoder Loss: 0.001420
  >> SAC Q1 Loss: 0.0005, Policy Loss: -1.4065
Epoch 80 Val Acc: 0.8828 | LR: 0.10000
Epoch 81/200
  Episode 1/15: Reward=0.7130
  Episode 2/15: Reward=0.5736
  Episode 3/15: Reward=0.6944
  Episode 4/15: Reward=0.7464
  Episode 5/15: Reward=0.7096
  Episode 6/15: Reward=0.6736
  Episode 7/15: Reward=0.6262
  Episode 8/15: Reward=0.6862
  Episode 9/15: Reward=0.7116
  Episode 10/15: Reward=0.6996
  Episode 11/15: Reward=0.6380
  Episode 12/15: Reward=0.7010
  Episode 13/15: Reward=0.6976
  Episode 14/15: Reward=0.7550
  Episode 15/15: Reward=0.5558
  >> Decoder Loss: 0.001230
  >> SAC Q1 Loss: 0.0005, Policy Loss: -1.4069
Epoch 81 Val Acc: 0.8491 | LR: 0.10000
Epoch 82/200
  Episode 1/15: Reward=0.6168
  Episode 2/15: Reward=0.7184
  Episode 3/15: Reward=0.6270
  Episode 4/15: Reward=0.8156
  Episode 5/15: Reward=0.6308
  Episode 6/15: Reward=0.7236
  Episode 7/15: Reward=0.7350
  Episode 8/15: Reward=0.7280
  Episode 9/15: Reward=0.6926
  Episode 10/15: Reward=0.7336
  Episode 11/15: Reward=0.7404
  Episode 12/15: Reward=0.7474
  Episode 13/15: Reward=0.7636
  Episode 14/15: Reward=0.8232
  Episode 15/15: Reward=0.6048
  >> Decoder Loss: 0.002255
  >> SAC Q1 Loss: 0.0005, Policy Loss: -1.4016
Epoch 82 Val Acc: 0.8626 | LR: 0.10000
Epoch 83/200
  Episode 1/15: Reward=0.5888
  Episode 2/15: Reward=0.6788
  Episode 3/15: Reward=0.5446
  Episode 4/15: Reward=0.7204
  Episode 5/15: Reward=0.5982
  Episode 6/15: Reward=0.6880
  Episode 7/15: Reward=0.3994
  Episode 8/15: Reward=0.6144
  Episode 9/15: Reward=0.6170
  Episode 10/15: Reward=0.6000
  Episode 11/15: Reward=0.7642
  Episode 12/15: Reward=0.6334
  Episode 13/15: Reward=0.7768
  Episode 14/15: Reward=0.7676
  Episode 15/15: Reward=0.6822
  >> Decoder Loss: 0.001237
  >> SAC Q1 Loss: 0.0005, Policy Loss: -1.4002
Epoch 83 Val Acc: 0.8738 | LR: 0.10000
Epoch 84/200
  Episode 1/15: Reward=0.5628
  Episode 2/15: Reward=0.6034
  Episode 3/15: Reward=0.7646
  Episode 4/15: Reward=0.6082
  Episode 5/15: Reward=0.6774
  Episode 6/15: Reward=0.7850
  Episode 7/15: Reward=0.7774
  Episode 8/15: Reward=0.6460
  Episode 9/15: Reward=0.7128
  Episode 10/15: Reward=0.6304
  Episode 11/15: Reward=0.7500
  Episode 12/15: Reward=0.6382
  Episode 13/15: Reward=0.5834
  Episode 14/15: Reward=0.4910
  Episode 15/15: Reward=0.6542
  >> Decoder Loss: 0.001323
  >> SAC Q1 Loss: 0.0005, Policy Loss: -1.4003
Epoch 84 Val Acc: 0.8832 | LR: 0.10000
Epoch 85/200
  Episode 1/15: Reward=0.6766
  Episode 2/15: Reward=0.6720
  Episode 3/15: Reward=0.5888
  Episode 4/15: Reward=0.6170
  Episode 5/15: Reward=0.5782
  Episode 6/15: Reward=0.6610
  Episode 7/15: Reward=0.6446
  Episode 8/15: Reward=0.7074
  Episode 9/15: Reward=0.8120
  Episode 10/15: Reward=0.7098
  Episode 11/15: Reward=0.8052
  Episode 12/15: Reward=0.8098
  Episode 13/15: Reward=0.7752
  Episode 14/15: Reward=0.7620
  Episode 15/15: Reward=0.6264
  >> Decoder Loss: 0.000956
  >> SAC Q1 Loss: 0.0005, Policy Loss: -1.4076
Epoch 85 Val Acc: 0.8699 | LR: 0.10000
Epoch 86/200
  Episode 1/15: Reward=0.7338
  Episode 2/15: Reward=0.6532
  Episode 3/15: Reward=0.6874
  Episode 4/15: Reward=0.7586
  Episode 5/15: Reward=0.7562
  Episode 6/15: Reward=0.5930
  Episode 7/15: Reward=0.4792
  Episode 8/15: Reward=0.6982
  Episode 9/15: Reward=0.7614
  Episode 10/15: Reward=0.7110
  Episode 11/15: Reward=0.7974
  Episode 12/15: Reward=0.7618
  Episode 13/15: Reward=0.5570
  Episode 14/15: Reward=0.6184
  Episode 15/15: Reward=0.6600
  >> Decoder Loss: 0.000906
  >> SAC Q1 Loss: 0.0006, Policy Loss: -1.4023
Epoch 86 Val Acc: 0.8673 | LR: 0.10000
Epoch 87/200
  Episode 1/15: Reward=0.6636
  Episode 2/15: Reward=0.6162
  Episode 3/15: Reward=0.5306
  Episode 4/15: Reward=0.5482
  Episode 5/15: Reward=0.4830
  Episode 6/15: Reward=0.6748
  Episode 7/15: Reward=0.7378
  Episode 8/15: Reward=0.7700
  Episode 9/15: Reward=0.6606
  Episode 10/15: Reward=0.6238
  Episode 11/15: Reward=0.5724
  Episode 12/15: Reward=0.8028
  Episode 13/15: Reward=0.5358
  Episode 14/15: Reward=0.6122
  Episode 15/15: Reward=0.7238
  >> Decoder Loss: 0.000768
  >> SAC Q1 Loss: 0.0006, Policy Loss: -1.3961
Epoch 87 Val Acc: 0.8589 | LR: 0.10000
Epoch 88/200
  Episode 1/15: Reward=0.6606
  Episode 2/15: Reward=0.7924
  Episode 3/15: Reward=0.8158
  Episode 4/15: Reward=0.7742
  Episode 5/15: Reward=0.6868
  Episode 6/15: Reward=0.6576
  Episode 7/15: Reward=0.7646
  Episode 8/15: Reward=0.6978
  Episode 9/15: Reward=0.6570
  Episode 10/15: Reward=0.6428
  Episode 11/15: Reward=0.7128
  Episode 12/15: Reward=0.6312
  Episode 13/15: Reward=0.7076
  Episode 14/15: Reward=0.5926
  Episode 15/15: Reward=0.7190
  >> Decoder Loss: 0.000791
  >> SAC Q1 Loss: 0.0006, Policy Loss: -1.3977
Epoch 88 Val Acc: 0.8756 | LR: 0.10000
Epoch 89/200
  Episode 1/15: Reward=0.6574
  Episode 2/15: Reward=0.5146
  Episode 3/15: Reward=0.6336
  Episode 4/15: Reward=0.5962
  Episode 5/15: Reward=0.6864
  Episode 6/15: Reward=0.5692
  Episode 7/15: Reward=0.6988
  Episode 8/15: Reward=0.6118
  Episode 9/15: Reward=0.6554
  Episode 10/15: Reward=0.6472
  Episode 11/15: Reward=0.6790
  Episode 12/15: Reward=0.6534
  Episode 13/15: Reward=0.7178
  Episode 14/15: Reward=0.7838
  Episode 15/15: Reward=0.6684
  >> Decoder Loss: 0.001084
  >> SAC Q1 Loss: 0.0005, Policy Loss: -1.4047
Epoch 89 Val Acc: 0.8664 | LR: 0.10000
Epoch 90/200
  Episode 1/15: Reward=0.6608
  Episode 2/15: Reward=0.6998
  Episode 3/15: Reward=0.5516
  Episode 4/15: Reward=0.6932
  Episode 5/15: Reward=0.6556
  Episode 6/15: Reward=0.6856
  Episode 7/15: Reward=0.5588
  Episode 8/15: Reward=0.7836
  Episode 9/15: Reward=0.7472
  Episode 10/15: Reward=0.6012
  Episode 11/15: Reward=0.6426
  Episode 12/15: Reward=0.6482
  Episode 13/15: Reward=0.7120
  Episode 14/15: Reward=0.6292
  Episode 15/15: Reward=0.5404
  >> Decoder Loss: 0.000832
  >> SAC Q1 Loss: 0.0005, Policy Loss: -1.3900
Epoch 90 Val Acc: 0.8875 | LR: 0.10000

=== [Phase 4] Weights Training with Lalign (Alignment) ===
  >> Best policy loaded. Applying Soft Alignment...
Epoch 91/200 Val Acc: 0.8287
Epoch 92/200 Val Acc: 0.8617
Epoch 93/200 Val Acc: 0.8525
Epoch 94/200 Val Acc: 0.8566
Epoch 95/200 Val Acc: 0.8587
Epoch 96/200 Val Acc: 0.8627
Epoch 97/200 Val Acc: 0.8576
Epoch 98/200 Val Acc: 0.8667
Epoch 99/200 Val Acc: 0.8652
Epoch 100/200 Val Acc: 0.8773
Epoch 101/200 Val Acc: 0.8800
Epoch 102/200 Val Acc: 0.8717
Epoch 103/200 Val Acc: 0.8516
Epoch 104/200 Val Acc: 0.8619
Epoch 105/200 Val Acc: 0.8592
Epoch 106/200 Val Acc: 0.8643
Epoch 107/200 Val Acc: 0.8742
Epoch 108/200 Val Acc: 0.8540
Epoch 109/200 Val Acc: 0.8421
Epoch 110/200 Val Acc: 0.8671
Epoch 111/200 Val Acc: 0.9107
Epoch 112/200 Val Acc: 0.9150
Epoch 113/200 Val Acc: 0.9167
Epoch 114/200 Val Acc: 0.9176
Epoch 115/200 Val Acc: 0.9171
Epoch 116/200 Val Acc: 0.9167
Epoch 117/200 Val Acc: 0.9176
Epoch 118/200 Val Acc: 0.9167
Epoch 119/200 Val Acc: 0.9183
Epoch 120/200 Val Acc: 0.9195
Epoch 121/200 Val Acc: 0.9188
Epoch 122/200 Val Acc: 0.9186
Epoch 123/200 Val Acc: 0.9196
Epoch 124/200 Val Acc: 0.9185
Epoch 125/200 Val Acc: 0.9208
Epoch 126/200 Val Acc: 0.9205
Epoch 127/200 Val Acc: 0.9186
Epoch 128/200 Val Acc: 0.9210
Epoch 129/200 Val Acc: 0.9200
Epoch 130/200 Val Acc: 0.9189
Epoch 131/200 Val Acc: 0.9204
Epoch 132/200 Val Acc: 0.9201
Epoch 133/200 Val Acc: 0.9198
Epoch 134/200 Val Acc: 0.9219
Epoch 135/200 Val Acc: 0.9214
Epoch 136/200 Val Acc: 0.9209
Epoch 137/200 Val Acc: 0.9181
Epoch 138/200 Val Acc: 0.9169
Epoch 139/200 Val Acc: 0.9158
Epoch 140/200 Val Acc: 0.9190
Epoch 141/200 Val Acc: 0.9188
Epoch 142/200 Val Acc: 0.9210
Epoch 143/200 Val Acc: 0.9214
Epoch 144/200 Val Acc: 0.9213
Epoch 145/200 Val Acc: 0.9205
Epoch 146/200 Val Acc: 0.9213
Epoch 147/200 Val Acc: 0.9169
Epoch 148/200 Val Acc: 0.9187
Epoch 149/200 Val Acc: 0.9194
Epoch 150/200 Val Acc: 0.9205
Epoch 151/200 Val Acc: 0.9215
Epoch 152/200 Val Acc: 0.9207
Epoch 153/200 Val Acc: 0.9204
Epoch 154/200 Val Acc: 0.9215
Epoch 155/200 Val Acc: 0.9202
Epoch 156/200 Val Acc: 0.9209
Epoch 157/200 Val Acc: 0.9209
Epoch 158/200 Val Acc: 0.9215
Epoch 159/200 Val Acc: 0.9201
Epoch 160/200 Val Acc: 0.9181
Epoch 161/200 Val Acc: 0.9206
Epoch 162/200 Val Acc: 0.9212
Epoch 163/200 Val Acc: 0.9211
Epoch 164/200 Val Acc: 0.9216
Epoch 165/200 Val Acc: 0.9216
Epoch 166/200 Val Acc: 0.9209
Epoch 167/200 Val Acc: 0.9228
Epoch 168/200 Val Acc: 0.9222
Epoch 169/200 Val Acc: 0.9203
Epoch 170/200 Val Acc: 0.9209
Epoch 171/200 Val Acc: 0.9221
Epoch 172/200 Val Acc: 0.9212
Epoch 173/200 Val Acc: 0.9217
Epoch 174/200 Val Acc: 0.9211
Epoch 175/200 Val Acc: 0.9218
Epoch 176/200 Val Acc: 0.9215
Epoch 177/200 Val Acc: 0.9224
Epoch 178/200 Val Acc: 0.9217
Epoch 179/200 Val Acc: 0.9210
Epoch 180/200 Val Acc: 0.9198
Epoch 181/200 Val Acc: 0.9219
Epoch 182/200 Val Acc: 0.9224
Epoch 183/200 Val Acc: 0.9207
Epoch 184/200 Val Acc: 0.9208
Epoch 185/200 Val Acc: 0.9206
Epoch 186/200 Val Acc: 0.9216
Epoch 187/200 Val Acc: 0.9218
Epoch 188/200 Val Acc: 0.9214
Epoch 189/200 Val Acc: 0.9224
Epoch 190/200 Val Acc: 0.9220
Epoch 191/200 Val Acc: 0.9222
Epoch 192/200 Val Acc: 0.9212
Epoch 193/200 Val Acc: 0.9230
Epoch 194/200 Val Acc: 0.9221
Epoch 195/200 Val Acc: 0.9216
Epoch 196/200 Val Acc: 0.9216
Epoch 197/200 Val Acc: 0.9224
Epoch 198/200 Val Acc: 0.9214
Epoch 199/200 Val Acc: 0.9225
Epoch 200/200 Val Acc: 0.9212
Training Complete.
