Using device: cuda:5
>> Data: Splitting 45k (Train) / 5k (Reward) / 10k (Test)
ModelWrapper: Detected 27 prunable blocks (Conv1+Conv2 pairs).
Env Init: Original=125.04M, Target=62.52M
Environment initialized. State dim: 9, Target Prune Rate: 0.5

=== [Phase 1] Warmup (Weights Training) ===
Epoch 1 Val Acc: 0.3690 | LR: 0.10000
Epoch 2 Val Acc: 0.4339 | LR: 0.10000
Epoch 3 Val Acc: 0.5664 | LR: 0.10000
Epoch 4 Val Acc: 0.6791 | LR: 0.10000
Epoch 5 Val Acc: 0.7217 | LR: 0.10000
Epoch 6 Val Acc: 0.7242 | LR: 0.10000
Epoch 7 Val Acc: 0.6744 | LR: 0.10000
Epoch 8 Val Acc: 0.7789 | LR: 0.10000
Epoch 9 Val Acc: 0.7702 | LR: 0.10000
Epoch 10 Val Acc: 0.7904 | LR: 0.10000
>> Warmup done. Updating base weights for Agent...

=== [Phase 2] Fill Buffer (Pure Random Exploration) ===
Epoch 11/200
  Fill Episode 1/10: Reward=0.6354
  Fill Episode 2/10: Reward=0.6644
  Fill Episode 3/10: Reward=0.6856
  Fill Episode 4/10: Reward=0.6802
  Fill Episode 5/10: Reward=0.6102
  Fill Episode 6/10: Reward=0.6872
  Fill Episode 7/10: Reward=0.6950
  Fill Episode 8/10: Reward=0.5436
  Fill Episode 9/10: Reward=0.7110
  Fill Episode 10/10: Reward=0.5790
Epoch 12/200
  Fill Episode 1/10: Reward=0.6136
  Fill Episode 2/10: Reward=0.6558
  Fill Episode 3/10: Reward=0.7222
  Fill Episode 4/10: Reward=0.7066
  Fill Episode 5/10: Reward=0.6208
  Fill Episode 6/10: Reward=0.6674
  Fill Episode 7/10: Reward=0.5144
  Fill Episode 8/10: Reward=0.6454
  Fill Episode 9/10: Reward=0.6674
  Fill Episode 10/10: Reward=0.5258
Epoch 13/200
  Fill Episode 1/10: Reward=0.5494
  Fill Episode 2/10: Reward=0.7004
  Fill Episode 3/10: Reward=0.6418
  Fill Episode 4/10: Reward=0.6296
  Fill Episode 5/10: Reward=0.7116
  Fill Episode 6/10: Reward=0.6048
  Fill Episode 7/10: Reward=0.6702
  Fill Episode 8/10: Reward=0.6980
  Fill Episode 9/10: Reward=0.6618
  Fill Episode 10/10: Reward=0.7202
Epoch 14/200
  Fill Episode 1/10: Reward=0.6716
  Fill Episode 2/10: Reward=0.6832
  Fill Episode 3/10: Reward=0.6848
  Fill Episode 4/10: Reward=0.6802
  Fill Episode 5/10: Reward=0.6580
  Fill Episode 6/10: Reward=0.6806
  Fill Episode 7/10: Reward=0.5282
  Fill Episode 8/10: Reward=0.6850
  Fill Episode 9/10: Reward=0.6080
  Fill Episode 10/10: Reward=0.6122
Epoch 15/200
  Fill Episode 1/10: Reward=0.6548
  Fill Episode 2/10: Reward=0.7060
  Fill Episode 3/10: Reward=0.6418
  Fill Episode 4/10: Reward=0.6426
  Fill Episode 5/10: Reward=0.5604
  Fill Episode 6/10: Reward=0.7100
  Fill Episode 7/10: Reward=0.6770
  Fill Episode 8/10: Reward=0.7136
  Fill Episode 9/10: Reward=0.5508
  Fill Episode 10/10: Reward=0.6594
Epoch 16/200
  Fill Episode 1/10: Reward=0.6732
  Fill Episode 2/10: Reward=0.5594
  Fill Episode 3/10: Reward=0.6720
  Fill Episode 4/10: Reward=0.5840
  Fill Episode 5/10: Reward=0.6154
  Fill Episode 6/10: Reward=0.6596
  Fill Episode 7/10: Reward=0.5912
  Fill Episode 8/10: Reward=0.6722
  Fill Episode 9/10: Reward=0.6874
  Fill Episode 10/10: Reward=0.6680
Epoch 17/200
  Fill Episode 1/10: Reward=0.6488
  Fill Episode 2/10: Reward=0.6600
  Fill Episode 3/10: Reward=0.5988
  Fill Episode 4/10: Reward=0.7118
  Fill Episode 5/10: Reward=0.7120
  Fill Episode 6/10: Reward=0.6770
  Fill Episode 7/10: Reward=0.5934
  Fill Episode 8/10: Reward=0.6360
  Fill Episode 9/10: Reward=0.6782
  Fill Episode 10/10: Reward=0.6478
Epoch 18/200
  Fill Episode 1/10: Reward=0.6040
  Fill Episode 2/10: Reward=0.6316
  Fill Episode 3/10: Reward=0.5476
  Fill Episode 4/10: Reward=0.6694
  Fill Episode 5/10: Reward=0.5878
  Fill Episode 6/10: Reward=0.6834
  Fill Episode 7/10: Reward=0.6734
  Fill Episode 8/10: Reward=0.5874
  Fill Episode 9/10: Reward=0.6790
  Fill Episode 10/10: Reward=0.6440
Epoch 19/200
  Fill Episode 1/10: Reward=0.7078
  Fill Episode 2/10: Reward=0.6546
  Fill Episode 3/10: Reward=0.6492
  Fill Episode 4/10: Reward=0.6532
  Fill Episode 5/10: Reward=0.6400
  Fill Episode 6/10: Reward=0.5608
  Fill Episode 7/10: Reward=0.6618
  Fill Episode 8/10: Reward=0.6594
  Fill Episode 9/10: Reward=0.6496
  Fill Episode 10/10: Reward=0.6820
Epoch 20/200
  Fill Episode 1/10: Reward=0.7152
  Fill Episode 2/10: Reward=0.6904
  Fill Episode 3/10: Reward=0.6984
  Fill Episode 4/10: Reward=0.6256
  Fill Episode 5/10: Reward=0.6852
  Fill Episode 6/10: Reward=0.6998
  Fill Episode 7/10: Reward=0.6372
  Fill Episode 8/10: Reward=0.6586
  Fill Episode 9/10: Reward=0.6826
  Fill Episode 10/10: Reward=0.6916

=== [Phase 3] Joint Agent Training & Pruning Search ===
Epoch 21/200
[BestPolicy] Updated best reward: 0.5944
  Episode 1/10: Reward=0.5944
  Episode 2/10: Reward=0.5716
[BestPolicy] Updated best reward: 0.6760
  Episode 3/10: Reward=0.6760
  Episode 4/10: Reward=0.6494
[BestPolicy] Updated best reward: 0.6928
  Episode 5/10: Reward=0.6928
[BestPolicy] Updated best reward: 0.6968
  Episode 6/10: Reward=0.6968
  Episode 7/10: Reward=0.5968
  Episode 8/10: Reward=0.5620
  Episode 9/10: Reward=0.6592
  Episode 10/10: Reward=0.5314
  >> Decoder Loss: 0.018516
  >> SAC Q1 Loss: 0.0237, Policy Loss: 0.1103
Epoch 21 Val Acc: 0.8050 | LR: 0.10000
Epoch 22/200
  Episode 1/10: Reward=0.6144
  Episode 2/10: Reward=0.5302
  Episode 3/10: Reward=0.6252
[BestPolicy] Updated best reward: 0.7116
  Episode 4/10: Reward=0.7116
  Episode 5/10: Reward=0.6602
  Episode 6/10: Reward=0.6000
  Episode 7/10: Reward=0.6820
[BestPolicy] Updated best reward: 0.7258
  Episode 8/10: Reward=0.7258
  Episode 9/10: Reward=0.6338
  Episode 10/10: Reward=0.5528
  >> Decoder Loss: 0.014297
  >> SAC Q1 Loss: 0.0088, Policy Loss: -0.0283
Epoch 22 Val Acc: 0.8109 | LR: 0.10000
Epoch 23/200
  Episode 1/10: Reward=0.6456
[BestPolicy] Updated best reward: 0.7484
  Episode 2/10: Reward=0.7484
  Episode 3/10: Reward=0.7200
  Episode 4/10: Reward=0.7456
  Episode 5/10: Reward=0.5688
  Episode 6/10: Reward=0.7152
  Episode 7/10: Reward=0.7338
  Episode 8/10: Reward=0.7168
  Episode 9/10: Reward=0.6282
  Episode 10/10: Reward=0.6848
  >> Decoder Loss: 0.013686
  >> SAC Q1 Loss: 0.0032, Policy Loss: -0.1235
Epoch 23 Val Acc: 0.7996 | LR: 0.10000
Epoch 24/200
  Episode 1/10: Reward=0.6698
  Episode 2/10: Reward=0.6776
  Episode 3/10: Reward=0.6970
  Episode 4/10: Reward=0.5960
  Episode 5/10: Reward=0.6464
  Episode 6/10: Reward=0.6772
  Episode 7/10: Reward=0.6484
  Episode 8/10: Reward=0.5230
  Episode 9/10: Reward=0.6920
  Episode 10/10: Reward=0.5828
  >> Decoder Loss: 0.012740
  >> SAC Q1 Loss: 0.0009, Policy Loss: -0.2168
Epoch 24 Val Acc: 0.8318 | LR: 0.10000
Epoch 25/200
  Episode 1/10: Reward=0.6438
  Episode 2/10: Reward=0.7314
[BestPolicy] Updated best reward: 0.7612
  Episode 3/10: Reward=0.7612
  Episode 4/10: Reward=0.6458
  Episode 5/10: Reward=0.6956
  Episode 6/10: Reward=0.7580
  Episode 7/10: Reward=0.6610
  Episode 8/10: Reward=0.6358
  Episode 9/10: Reward=0.5430
  Episode 10/10: Reward=0.7500
  >> Decoder Loss: 0.010659
  >> SAC Q1 Loss: 0.0006, Policy Loss: -0.2977
Epoch 25 Val Acc: 0.8276 | LR: 0.10000
Epoch 26/200
  Episode 1/10: Reward=0.6372
  Episode 2/10: Reward=0.5990
  Episode 3/10: Reward=0.7004
  Episode 4/10: Reward=0.7120
  Episode 5/10: Reward=0.6938
  Episode 6/10: Reward=0.6036
  Episode 7/10: Reward=0.7384
  Episode 8/10: Reward=0.7518
[BestPolicy] Updated best reward: 0.7806
  Episode 9/10: Reward=0.7806
  Episode 10/10: Reward=0.7234
  >> Decoder Loss: 0.009633
  >> SAC Q1 Loss: 0.0007, Policy Loss: -0.3817
Epoch 26 Val Acc: 0.8243 | LR: 0.10000
Epoch 27/200
  Episode 1/10: Reward=0.6944
  Episode 2/10: Reward=0.6750
  Episode 3/10: Reward=0.6202
  Episode 4/10: Reward=0.7588
  Episode 5/10: Reward=0.7062
  Episode 6/10: Reward=0.7354
  Episode 7/10: Reward=0.6068
  Episode 8/10: Reward=0.7460
  Episode 9/10: Reward=0.6942
  Episode 10/10: Reward=0.7406
  >> Decoder Loss: 0.008747
  >> SAC Q1 Loss: 0.0010, Policy Loss: -0.4573
Epoch 27 Val Acc: 0.8106 | LR: 0.10000
Epoch 28/200
  Episode 1/10: Reward=0.6468
  Episode 2/10: Reward=0.6458
  Episode 3/10: Reward=0.7438
  Episode 4/10: Reward=0.5730
[BestPolicy] Updated best reward: 0.8012
  Episode 5/10: Reward=0.8012
  Episode 6/10: Reward=0.7614
  Episode 7/10: Reward=0.5698
  Episode 8/10: Reward=0.7144
  Episode 9/10: Reward=0.7220
  Episode 10/10: Reward=0.7128
  >> Decoder Loss: 0.007648
  >> SAC Q1 Loss: 0.0014, Policy Loss: -0.5362
Epoch 28 Val Acc: 0.8305 | LR: 0.10000
Epoch 29/200
  Episode 1/10: Reward=0.6808
  Episode 2/10: Reward=0.7428
  Episode 3/10: Reward=0.7492
  Episode 4/10: Reward=0.7636
  Episode 5/10: Reward=0.7812
  Episode 6/10: Reward=0.7416
  Episode 7/10: Reward=0.7144
  Episode 8/10: Reward=0.7516
  Episode 9/10: Reward=0.7476
  Episode 10/10: Reward=0.6332
  >> Decoder Loss: 0.007578
  >> SAC Q1 Loss: 0.0018, Policy Loss: -0.6159
Epoch 29 Val Acc: 0.8438 | LR: 0.10000
Epoch 30/200
  Episode 1/10: Reward=0.7022
[BestPolicy] Updated best reward: 0.8138
  Episode 2/10: Reward=0.8138
  Episode 3/10: Reward=0.6236
  Episode 4/10: Reward=0.7658
  Episode 5/10: Reward=0.7652
  Episode 6/10: Reward=0.6856
  Episode 7/10: Reward=0.7456
  Episode 8/10: Reward=0.8106
  Episode 9/10: Reward=0.7752
  Episode 10/10: Reward=0.7422
  >> Decoder Loss: 0.006740
  >> SAC Q1 Loss: 0.0017, Policy Loss: -0.6860
Epoch 30 Val Acc: 0.8203 | LR: 0.10000
Epoch 31/200
  Episode 1/10: Reward=0.5626
  Episode 2/10: Reward=0.7178
  Episode 3/10: Reward=0.6878
  Episode 4/10: Reward=0.7430
  Episode 5/10: Reward=0.7332
  Episode 6/10: Reward=0.6508
  Episode 7/10: Reward=0.8048
  Episode 8/10: Reward=0.6384
  Episode 9/10: Reward=0.6840
  Episode 10/10: Reward=0.5566
  >> Decoder Loss: 0.006682
  >> SAC Q1 Loss: 0.0016, Policy Loss: -0.7463
Epoch 31 Val Acc: 0.8365 | LR: 0.10000
Epoch 32/200
  Episode 1/10: Reward=0.7494
  Episode 2/10: Reward=0.6504
  Episode 3/10: Reward=0.7194
  Episode 4/10: Reward=0.6938
  Episode 5/10: Reward=0.7358
  Episode 6/10: Reward=0.7150
  Episode 7/10: Reward=0.7364
  Episode 8/10: Reward=0.5932
  Episode 9/10: Reward=0.7356
  Episode 10/10: Reward=0.7004
  >> Decoder Loss: 0.005337
  >> SAC Q1 Loss: 0.0013, Policy Loss: -0.8126
Epoch 32 Val Acc: 0.8301 | LR: 0.10000
Epoch 33/200
  Episode 1/10: Reward=0.7230
  Episode 2/10: Reward=0.7446
  Episode 3/10: Reward=0.7518
  Episode 4/10: Reward=0.6602
  Episode 5/10: Reward=0.7432
  Episode 6/10: Reward=0.6792
  Episode 7/10: Reward=0.7732
  Episode 8/10: Reward=0.7184
  Episode 9/10: Reward=0.7508
  Episode 10/10: Reward=0.7688
  >> Decoder Loss: 0.005793
  >> SAC Q1 Loss: 0.0010, Policy Loss: -0.8675
Epoch 33 Val Acc: 0.8463 | LR: 0.10000
Epoch 34/200
  Episode 1/10: Reward=0.8004
  Episode 2/10: Reward=0.5564
  Episode 3/10: Reward=0.7576
  Episode 4/10: Reward=0.7926
  Episode 5/10: Reward=0.7408
  Episode 6/10: Reward=0.7600
  Episode 7/10: Reward=0.6452
  Episode 8/10: Reward=0.7544
  Episode 9/10: Reward=0.7190
  Episode 10/10: Reward=0.7234
  >> Decoder Loss: 0.004475
  >> SAC Q1 Loss: 0.0007, Policy Loss: -0.9222
Epoch 34 Val Acc: 0.8410 | LR: 0.10000
Epoch 35/200
  Episode 1/10: Reward=0.6834
  Episode 2/10: Reward=0.5998
  Episode 3/10: Reward=0.7348
  Episode 4/10: Reward=0.7072
  Episode 5/10: Reward=0.7018
  Episode 6/10: Reward=0.7128
  Episode 7/10: Reward=0.5818
  Episode 8/10: Reward=0.6474
  Episode 9/10: Reward=0.6640
  Episode 10/10: Reward=0.6862
  >> Decoder Loss: 0.005251
  >> SAC Q1 Loss: 0.0008, Policy Loss: -0.9733
Epoch 35 Val Acc: 0.8306 | LR: 0.10000
Epoch 36/200
  Episode 1/10: Reward=0.6166
  Episode 2/10: Reward=0.7090
  Episode 3/10: Reward=0.7700
  Episode 4/10: Reward=0.6880
  Episode 5/10: Reward=0.7116
  Episode 6/10: Reward=0.7802
  Episode 7/10: Reward=0.7206
  Episode 8/10: Reward=0.7388
  Episode 9/10: Reward=0.7324
  Episode 10/10: Reward=0.6570
  >> Decoder Loss: 0.003297
  >> SAC Q1 Loss: 0.0007, Policy Loss: -1.0203
Epoch 36 Val Acc: 0.8394 | LR: 0.10000
Epoch 37/200
  Episode 1/10: Reward=0.6986
  Episode 2/10: Reward=0.7120
  Episode 3/10: Reward=0.7792
  Episode 4/10: Reward=0.6140
  Episode 5/10: Reward=0.6448
  Episode 6/10: Reward=0.7702
  Episode 7/10: Reward=0.6962
  Episode 8/10: Reward=0.8002
  Episode 9/10: Reward=0.6568
  Episode 10/10: Reward=0.7086
  >> Decoder Loss: 0.003613
  >> SAC Q1 Loss: 0.0008, Policy Loss: -1.0632
Epoch 37 Val Acc: 0.8166 | LR: 0.10000
Epoch 38/200
  Episode 1/10: Reward=0.7872
  Episode 2/10: Reward=0.7764
  Episode 3/10: Reward=0.7816
  Episode 4/10: Reward=0.7460
  Episode 5/10: Reward=0.7464
  Episode 6/10: Reward=0.7552
  Episode 7/10: Reward=0.7166
  Episode 8/10: Reward=0.6426
  Episode 9/10: Reward=0.6468
  Episode 10/10: Reward=0.7690
  >> Decoder Loss: 0.003080
  >> SAC Q1 Loss: 0.0007, Policy Loss: -1.1041
Epoch 38 Val Acc: 0.8475 | LR: 0.10000
Epoch 39/200
  Episode 1/10: Reward=0.7462
[BestPolicy] Updated best reward: 0.8152
  Episode 2/10: Reward=0.8152
  Episode 3/10: Reward=0.7626
  Episode 4/10: Reward=0.7724
  Episode 5/10: Reward=0.6530
  Episode 6/10: Reward=0.6630
[BestPolicy] Updated best reward: 0.8294
  Episode 7/10: Reward=0.8294
  Episode 8/10: Reward=0.6804
  Episode 9/10: Reward=0.6468
  Episode 10/10: Reward=0.7632
  >> Decoder Loss: 0.003124
  >> SAC Q1 Loss: 0.0006, Policy Loss: -1.1403
Epoch 39 Val Acc: 0.8543 | LR: 0.10000
Epoch 40/200
  Episode 1/10: Reward=0.6320
  Episode 2/10: Reward=0.6960
[BestPolicy] Updated best reward: 0.8386
  Episode 3/10: Reward=0.8386
  Episode 4/10: Reward=0.6256
  Episode 5/10: Reward=0.7482
  Episode 6/10: Reward=0.7730
  Episode 7/10: Reward=0.7234
  Episode 8/10: Reward=0.8316
  Episode 9/10: Reward=0.6972
  Episode 10/10: Reward=0.7910
  >> Decoder Loss: 0.002166
  >> SAC Q1 Loss: 0.0007, Policy Loss: -1.1706
Epoch 40 Val Acc: 0.8562 | LR: 0.10000
Epoch 41/200
  Episode 1/10: Reward=0.7546
  Episode 2/10: Reward=0.6854
  Episode 3/10: Reward=0.7240
  Episode 4/10: Reward=0.6936
  Episode 5/10: Reward=0.7182
  Episode 6/10: Reward=0.7148
  Episode 7/10: Reward=0.7942
  Episode 8/10: Reward=0.7722
  Episode 9/10: Reward=0.7624
  Episode 10/10: Reward=0.7182
  >> Decoder Loss: 0.002034
  >> SAC Q1 Loss: 0.0007, Policy Loss: -1.1971
Epoch 41 Val Acc: 0.8373 | LR: 0.10000
Epoch 42/200
  Episode 1/10: Reward=0.7882
  Episode 2/10: Reward=0.6990
  Episode 3/10: Reward=0.6888
  Episode 4/10: Reward=0.7056
  Episode 5/10: Reward=0.6992
  Episode 6/10: Reward=0.6490
  Episode 7/10: Reward=0.6776
  Episode 8/10: Reward=0.6850
  Episode 9/10: Reward=0.6810
  Episode 10/10: Reward=0.6410
  >> Decoder Loss: 0.001863
  >> SAC Q1 Loss: 0.0006, Policy Loss: -1.2259
Epoch 42 Val Acc: 0.8383 | LR: 0.10000
Epoch 43/200
  Episode 1/10: Reward=0.7364
  Episode 2/10: Reward=0.6808
  Episode 3/10: Reward=0.6882
  Episode 4/10: Reward=0.7884
  Episode 5/10: Reward=0.7912
  Episode 6/10: Reward=0.7820
  Episode 7/10: Reward=0.7082
  Episode 8/10: Reward=0.6888
  Episode 9/10: Reward=0.7570
  Episode 10/10: Reward=0.6230
  >> Decoder Loss: 0.001719
  >> SAC Q1 Loss: 0.0006, Policy Loss: -1.2546
Epoch 43 Val Acc: 0.8469 | LR: 0.10000
Epoch 44/200
  Episode 1/10: Reward=0.7360
  Episode 2/10: Reward=0.7178
  Episode 3/10: Reward=0.7484
  Episode 4/10: Reward=0.7782
  Episode 5/10: Reward=0.7676
  Episode 6/10: Reward=0.7682
  Episode 7/10: Reward=0.6240
  Episode 8/10: Reward=0.7922
  Episode 9/10: Reward=0.6528
  Episode 10/10: Reward=0.7718
  >> Decoder Loss: 0.001901
  >> SAC Q1 Loss: 0.0006, Policy Loss: -1.2809
Epoch 44 Val Acc: 0.8441 | LR: 0.10000
Epoch 45/200
  Episode 1/10: Reward=0.6392
  Episode 2/10: Reward=0.8380
  Episode 3/10: Reward=0.6164
  Episode 4/10: Reward=0.8058
  Episode 5/10: Reward=0.7280
  Episode 6/10: Reward=0.6390
  Episode 7/10: Reward=0.7236
  Episode 8/10: Reward=0.7540
  Episode 9/10: Reward=0.6602
  Episode 10/10: Reward=0.7970
  >> Decoder Loss: 0.001549
  >> SAC Q1 Loss: 0.0006, Policy Loss: -1.3049
Epoch 45 Val Acc: 0.8452 | LR: 0.10000
Epoch 46/200
  Episode 1/10: Reward=0.7432
  Episode 2/10: Reward=0.7458
  Episode 3/10: Reward=0.6548
  Episode 4/10: Reward=0.7266
  Episode 5/10: Reward=0.7016
  Episode 6/10: Reward=0.7486
  Episode 7/10: Reward=0.7294
  Episode 8/10: Reward=0.6632
  Episode 9/10: Reward=0.7194
  Episode 10/10: Reward=0.7696
  >> Decoder Loss: 0.001986
  >> SAC Q1 Loss: 0.0005, Policy Loss: -1.3386
Epoch 46 Val Acc: 0.8567 | LR: 0.10000
Epoch 47/200
  Episode 1/10: Reward=0.7124
  Episode 2/10: Reward=0.8054
  Episode 3/10: Reward=0.6414
  Episode 4/10: Reward=0.6456
  Episode 5/10: Reward=0.6614
  Episode 6/10: Reward=0.7726
  Episode 7/10: Reward=0.7796
  Episode 8/10: Reward=0.6196
  Episode 9/10: Reward=0.6688
  Episode 10/10: Reward=0.6262
  >> Decoder Loss: 0.001860
  >> SAC Q1 Loss: 0.0007, Policy Loss: -1.3522
Epoch 47 Val Acc: 0.8639 | LR: 0.10000
Epoch 48/200
  Episode 1/10: Reward=0.7308
  Episode 2/10: Reward=0.7422
  Episode 3/10: Reward=0.7646
  Episode 4/10: Reward=0.7458
  Episode 5/10: Reward=0.7428
  Episode 6/10: Reward=0.6772
  Episode 7/10: Reward=0.7726
  Episode 8/10: Reward=0.6520
  Episode 9/10: Reward=0.7966
  Episode 10/10: Reward=0.7600
  >> Decoder Loss: 0.001845
  >> SAC Q1 Loss: 0.0006, Policy Loss: -1.3563
Epoch 48 Val Acc: 0.8428 | LR: 0.10000
Epoch 49/200
  Episode 1/10: Reward=0.7054
  Episode 2/10: Reward=0.5434
  Episode 3/10: Reward=0.6364
  Episode 4/10: Reward=0.5760
  Episode 5/10: Reward=0.5674
  Episode 6/10: Reward=0.7344
  Episode 7/10: Reward=0.4702
  Episode 8/10: Reward=0.8160
  Episode 9/10: Reward=0.6894
  Episode 10/10: Reward=0.6880
  >> Decoder Loss: 0.003281
  >> SAC Q1 Loss: 0.0006, Policy Loss: -1.3710
Epoch 49 Val Acc: 0.8403 | LR: 0.10000
Epoch 50/200
  Episode 1/10: Reward=0.6704
  Episode 2/10: Reward=0.6906
[BestPolicy] Updated best reward: 0.8514
  Episode 3/10: Reward=0.8514
  Episode 4/10: Reward=0.5720
  Episode 5/10: Reward=0.7938
  Episode 6/10: Reward=0.6446
  Episode 7/10: Reward=0.8400
  Episode 8/10: Reward=0.7584
  Episode 9/10: Reward=0.7072
  Episode 10/10: Reward=0.7222
  >> Decoder Loss: 0.001604
  >> SAC Q1 Loss: 0.0006, Policy Loss: -1.3799
Epoch 50 Val Acc: 0.8386 | LR: 0.10000
Epoch 51/200
  Episode 1/10: Reward=0.6408
  Episode 2/10: Reward=0.7806
  Episode 3/10: Reward=0.6684
  Episode 4/10: Reward=0.7698
  Episode 5/10: Reward=0.6702
  Episode 6/10: Reward=0.8404
  Episode 7/10: Reward=0.7284
  Episode 8/10: Reward=0.7500
  Episode 9/10: Reward=0.8040
  Episode 10/10: Reward=0.6284
  >> Decoder Loss: 0.001614
  >> SAC Q1 Loss: 0.0006, Policy Loss: -1.3876
Epoch 51 Val Acc: 0.8502 | LR: 0.10000
Epoch 52/200
  Episode 1/10: Reward=0.7342
  Episode 2/10: Reward=0.7164
  Episode 3/10: Reward=0.5988
  Episode 4/10: Reward=0.7738
  Episode 5/10: Reward=0.7406
  Episode 6/10: Reward=0.7732
  Episode 7/10: Reward=0.8332
  Episode 8/10: Reward=0.7638
  Episode 9/10: Reward=0.7922
  Episode 10/10: Reward=0.7478
  >> Decoder Loss: 0.001791
  >> SAC Q1 Loss: 0.0006, Policy Loss: -1.3865
Epoch 52 Val Acc: 0.8597 | LR: 0.10000
Epoch 53/200
  Episode 1/10: Reward=0.7524
  Episode 2/10: Reward=0.8420
  Episode 3/10: Reward=0.6898
  Episode 4/10: Reward=0.7410
  Episode 5/10: Reward=0.8230
  Episode 6/10: Reward=0.5556
  Episode 7/10: Reward=0.8064
  Episode 8/10: Reward=0.7576
  Episode 9/10: Reward=0.6502
  Episode 10/10: Reward=0.6422
  >> Decoder Loss: 0.001193
  >> SAC Q1 Loss: 0.0006, Policy Loss: -1.3945
Epoch 53 Val Acc: 0.8400 | LR: 0.10000
Epoch 54/200
  Episode 1/10: Reward=0.7666
  Episode 2/10: Reward=0.7556
  Episode 3/10: Reward=0.8336
  Episode 4/10: Reward=0.8116
  Episode 5/10: Reward=0.7396
  Episode 6/10: Reward=0.7518
  Episode 7/10: Reward=0.7514
  Episode 8/10: Reward=0.7946
  Episode 9/10: Reward=0.7530
  Episode 10/10: Reward=0.7502
  >> Decoder Loss: 0.001534
  >> SAC Q1 Loss: 0.0006, Policy Loss: -1.3893
Epoch 54 Val Acc: 0.8572 | LR: 0.10000
Epoch 55/200
  Episode 1/10: Reward=0.7300
  Episode 2/10: Reward=0.7696
  Episode 3/10: Reward=0.7846
[BestPolicy] Updated best reward: 0.8534
  Episode 4/10: Reward=0.8534
  Episode 5/10: Reward=0.8116
  Episode 6/10: Reward=0.7370
  Episode 7/10: Reward=0.8066
  Episode 8/10: Reward=0.7368
  Episode 9/10: Reward=0.7354
  Episode 10/10: Reward=0.7048
  >> Decoder Loss: 0.001481
  >> SAC Q1 Loss: 0.0006, Policy Loss: -1.4017
Epoch 55 Val Acc: 0.8306 | LR: 0.10000
Epoch 56/200
  Episode 1/10: Reward=0.6920
  Episode 2/10: Reward=0.6594
  Episode 3/10: Reward=0.6406
  Episode 4/10: Reward=0.6938
  Episode 5/10: Reward=0.7132
  Episode 6/10: Reward=0.5850
  Episode 7/10: Reward=0.7360
  Episode 8/10: Reward=0.7440
  Episode 9/10: Reward=0.5008
  Episode 10/10: Reward=0.6274
  >> Decoder Loss: 0.002782
  >> SAC Q1 Loss: 0.0005, Policy Loss: -1.4001
Epoch 56 Val Acc: 0.8650 | LR: 0.10000
Epoch 57/200
  Episode 1/10: Reward=0.7382
  Episode 2/10: Reward=0.6044
  Episode 3/10: Reward=0.7904
  Episode 4/10: Reward=0.6084
  Episode 5/10: Reward=0.6512
  Episode 6/10: Reward=0.7476
  Episode 7/10: Reward=0.7440
  Episode 8/10: Reward=0.6862
  Episode 9/10: Reward=0.6882
  Episode 10/10: Reward=0.7538
  >> Decoder Loss: 0.001247
  >> SAC Q1 Loss: 0.0005, Policy Loss: -1.4119
Epoch 57 Val Acc: 0.8631 | LR: 0.10000
Epoch 58/200
  Episode 1/10: Reward=0.6598
  Episode 2/10: Reward=0.6774
  Episode 3/10: Reward=0.7414
  Episode 4/10: Reward=0.7624
  Episode 5/10: Reward=0.5630
  Episode 6/10: Reward=0.7646
  Episode 7/10: Reward=0.6702
  Episode 8/10: Reward=0.8182
  Episode 9/10: Reward=0.6112
  Episode 10/10: Reward=0.7612
  >> Decoder Loss: 0.001017
  >> SAC Q1 Loss: 0.0005, Policy Loss: -1.4141
Epoch 58 Val Acc: 0.8606 | LR: 0.10000
Epoch 59/200
  Episode 1/10: Reward=0.7650
  Episode 2/10: Reward=0.6876
  Episode 3/10: Reward=0.7320
  Episode 4/10: Reward=0.5860
  Episode 5/10: Reward=0.7490
  Episode 6/10: Reward=0.7076
  Episode 7/10: Reward=0.6846
  Episode 8/10: Reward=0.6454
  Episode 9/10: Reward=0.7152
  Episode 10/10: Reward=0.7268
  >> Decoder Loss: 0.001223
  >> SAC Q1 Loss: 0.0006, Policy Loss: -1.4167
Epoch 59 Val Acc: 0.8410 | LR: 0.10000
Epoch 60/200
  Episode 1/10: Reward=0.7596
  Episode 2/10: Reward=0.7352
  Episode 3/10: Reward=0.8374
  Episode 4/10: Reward=0.7182
  Episode 5/10: Reward=0.6070
  Episode 6/10: Reward=0.7440
  Episode 7/10: Reward=0.7168
  Episode 8/10: Reward=0.7936
  Episode 9/10: Reward=0.7838
  Episode 10/10: Reward=0.7710
  >> Decoder Loss: 0.001298
  >> SAC Q1 Loss: 0.0006, Policy Loss: -1.4289
Epoch 60 Val Acc: 0.8482 | LR: 0.10000
Epoch 61/200
  Episode 1/10: Reward=0.6242
  Episode 2/10: Reward=0.7172
  Episode 3/10: Reward=0.6758
  Episode 4/10: Reward=0.7172
  Episode 5/10: Reward=0.7304
  Episode 6/10: Reward=0.8410
  Episode 7/10: Reward=0.7028
  Episode 8/10: Reward=0.7542
  Episode 9/10: Reward=0.7084
  Episode 10/10: Reward=0.8218
  >> Decoder Loss: 0.000949
  >> SAC Q1 Loss: 0.0005, Policy Loss: -1.4184
Epoch 61 Val Acc: 0.8577 | LR: 0.10000
Epoch 62/200
  Episode 1/10: Reward=0.7196
  Episode 2/10: Reward=0.7880
  Episode 3/10: Reward=0.6084
  Episode 4/10: Reward=0.5968
  Episode 5/10: Reward=0.7578
  Episode 6/10: Reward=0.7044
  Episode 7/10: Reward=0.6526
  Episode 8/10: Reward=0.7702
  Episode 9/10: Reward=0.7142
  Episode 10/10: Reward=0.6556
  >> Decoder Loss: 0.001612
  >> SAC Q1 Loss: 0.0005, Policy Loss: -1.4263
Epoch 62 Val Acc: 0.8397 | LR: 0.10000
Epoch 63/200
  Episode 1/10: Reward=0.7366
  Episode 2/10: Reward=0.5980
  Episode 3/10: Reward=0.7644
  Episode 4/10: Reward=0.7518
  Episode 5/10: Reward=0.7614
  Episode 6/10: Reward=0.6350
  Episode 7/10: Reward=0.7486
  Episode 8/10: Reward=0.8170
  Episode 9/10: Reward=0.7708
  Episode 10/10: Reward=0.8114
  >> Decoder Loss: 0.000923
  >> SAC Q1 Loss: 0.0005, Policy Loss: -1.4234
Epoch 63 Val Acc: 0.8782 | LR: 0.10000
Epoch 64/200
  Episode 1/10: Reward=0.7944
[BestPolicy] Updated best reward: 0.8606
  Episode 2/10: Reward=0.8606
  Episode 3/10: Reward=0.8416
  Episode 4/10: Reward=0.7650
  Episode 5/10: Reward=0.5552
  Episode 6/10: Reward=0.7770
  Episode 7/10: Reward=0.7878
  Episode 8/10: Reward=0.8098
  Episode 9/10: Reward=0.8072
  Episode 10/10: Reward=0.7850
  >> Decoder Loss: 0.001486
  >> SAC Q1 Loss: 0.0005, Policy Loss: -1.4259
Epoch 64 Val Acc: 0.8313 | LR: 0.10000
Epoch 65/200
  Episode 1/10: Reward=0.7496
  Episode 2/10: Reward=0.7464
  Episode 3/10: Reward=0.7622
  Episode 4/10: Reward=0.8382
  Episode 5/10: Reward=0.6830
  Episode 6/10: Reward=0.7168
  Episode 7/10: Reward=0.7130
  Episode 8/10: Reward=0.8254
  Episode 9/10: Reward=0.7452
  Episode 10/10: Reward=0.8504
  >> Decoder Loss: 0.001122
  >> SAC Q1 Loss: 0.0006, Policy Loss: -1.4253
Epoch 65 Val Acc: 0.8443 | LR: 0.10000
Epoch 66/200
  Episode 1/10: Reward=0.6934
  Episode 2/10: Reward=0.8434
  Episode 3/10: Reward=0.7504
  Episode 4/10: Reward=0.7412
  Episode 5/10: Reward=0.7788
  Episode 6/10: Reward=0.6414
  Episode 7/10: Reward=0.7360
  Episode 8/10: Reward=0.7916
  Episode 9/10: Reward=0.6182
  Episode 10/10: Reward=0.7964
  >> Decoder Loss: 0.001013
  >> SAC Q1 Loss: 0.0005, Policy Loss: -1.4265
Epoch 66 Val Acc: 0.8675 | LR: 0.10000
Epoch 67/200
  Episode 1/10: Reward=0.6888
  Episode 2/10: Reward=0.6826
  Episode 3/10: Reward=0.7574
  Episode 4/10: Reward=0.7144
  Episode 5/10: Reward=0.8138
  Episode 6/10: Reward=0.7652
  Episode 7/10: Reward=0.5256
  Episode 8/10: Reward=0.6916
  Episode 9/10: Reward=0.7522
  Episode 10/10: Reward=0.5696
  >> Decoder Loss: 0.001216
  >> SAC Q1 Loss: 0.0005, Policy Loss: -1.4253
Epoch 67 Val Acc: 0.8582 | LR: 0.10000
Epoch 68/200
  Episode 1/10: Reward=0.8218
  Episode 2/10: Reward=0.7308
  Episode 3/10: Reward=0.7698
  Episode 4/10: Reward=0.7874
  Episode 5/10: Reward=0.6924
  Episode 6/10: Reward=0.7906
  Episode 7/10: Reward=0.7910
  Episode 8/10: Reward=0.7648
  Episode 9/10: Reward=0.7876
  Episode 10/10: Reward=0.6756
  >> Decoder Loss: 0.001895
  >> SAC Q1 Loss: 0.0005, Policy Loss: -1.4260
Epoch 68 Val Acc: 0.8570 | LR: 0.10000
Epoch 69/200
  Episode 1/10: Reward=0.7494
  Episode 2/10: Reward=0.6600
  Episode 3/10: Reward=0.7772
  Episode 4/10: Reward=0.7204
  Episode 5/10: Reward=0.8042
  Episode 6/10: Reward=0.7722
  Episode 7/10: Reward=0.6530
  Episode 8/10: Reward=0.7938
  Episode 9/10: Reward=0.7320
  Episode 10/10: Reward=0.7260
  >> Decoder Loss: 0.001327
  >> SAC Q1 Loss: 0.0005, Policy Loss: -1.4305
Epoch 69 Val Acc: 0.8737 | LR: 0.10000
Epoch 70/200
  Episode 1/10: Reward=0.5112
  Episode 2/10: Reward=0.7436
  Episode 3/10: Reward=0.6336
  Episode 4/10: Reward=0.8130
  Episode 5/10: Reward=0.7442
[BestPolicy] Updated best reward: 0.8698
  Episode 6/10: Reward=0.8698
  Episode 7/10: Reward=0.7774
  Episode 8/10: Reward=0.6698
  Episode 9/10: Reward=0.7202
  Episode 10/10: Reward=0.8178
  >> Decoder Loss: 0.001341
  >> SAC Q1 Loss: 0.0005, Policy Loss: -1.4260
Epoch 70 Val Acc: 0.8491 | LR: 0.10000
Epoch 71/200
  Episode 1/10: Reward=0.7958
  Episode 2/10: Reward=0.7500
  Episode 3/10: Reward=0.7458
  Episode 4/10: Reward=0.6818
  Episode 5/10: Reward=0.7266
  Episode 6/10: Reward=0.7300
  Episode 7/10: Reward=0.7956
  Episode 8/10: Reward=0.6616
  Episode 9/10: Reward=0.7022
  Episode 10/10: Reward=0.7810
  >> Decoder Loss: 0.001364
  >> SAC Q1 Loss: 0.0005, Policy Loss: -1.4251
Epoch 71 Val Acc: 0.8591 | LR: 0.10000
Epoch 72/200
  Episode 1/10: Reward=0.8292
  Episode 2/10: Reward=0.7858
  Episode 3/10: Reward=0.7028
  Episode 4/10: Reward=0.7442
  Episode 5/10: Reward=0.7470
  Episode 6/10: Reward=0.6978
  Episode 7/10: Reward=0.6976
  Episode 8/10: Reward=0.7366
  Episode 9/10: Reward=0.7296
  Episode 10/10: Reward=0.5900
  >> Decoder Loss: 0.001351
  >> SAC Q1 Loss: 0.0005, Policy Loss: -1.4266
Epoch 72 Val Acc: 0.8575 | LR: 0.10000
Epoch 73/200
  Episode 1/10: Reward=0.7588
  Episode 2/10: Reward=0.8426
  Episode 3/10: Reward=0.6578
  Episode 4/10: Reward=0.7446
  Episode 5/10: Reward=0.6580
  Episode 6/10: Reward=0.7088
  Episode 7/10: Reward=0.8594
  Episode 8/10: Reward=0.7468
  Episode 9/10: Reward=0.6364
  Episode 10/10: Reward=0.7752
  >> Decoder Loss: 0.001196
  >> SAC Q1 Loss: 0.0006, Policy Loss: -1.4277
Epoch 73 Val Acc: 0.8481 | LR: 0.10000
Epoch 74/200
  Episode 1/10: Reward=0.7168
  Episode 2/10: Reward=0.7834
  Episode 3/10: Reward=0.7532
  Episode 4/10: Reward=0.6358
  Episode 5/10: Reward=0.8304
  Episode 6/10: Reward=0.7050
  Episode 7/10: Reward=0.8118
  Episode 8/10: Reward=0.7228
  Episode 9/10: Reward=0.8334
  Episode 10/10: Reward=0.8246
  >> Decoder Loss: 0.001492
  >> SAC Q1 Loss: 0.0005, Policy Loss: -1.4397
Epoch 74 Val Acc: 0.8648 | LR: 0.10000
Epoch 75/200
  Episode 1/10: Reward=0.6968
  Episode 2/10: Reward=0.7272
  Episode 3/10: Reward=0.7410
  Episode 4/10: Reward=0.6952
  Episode 5/10: Reward=0.6324
  Episode 6/10: Reward=0.7952
  Episode 7/10: Reward=0.7818
  Episode 8/10: Reward=0.8258
  Episode 9/10: Reward=0.7184
  Episode 10/10: Reward=0.6234
  >> Decoder Loss: 0.001576
  >> SAC Q1 Loss: 0.0005, Policy Loss: -1.4345
Epoch 75 Val Acc: 0.8514 | LR: 0.10000
Epoch 76/200
  Episode 1/10: Reward=0.7514
  Episode 2/10: Reward=0.6492
  Episode 3/10: Reward=0.7560
  Episode 4/10: Reward=0.6640
  Episode 5/10: Reward=0.7754
  Episode 6/10: Reward=0.7848
  Episode 7/10: Reward=0.7410
  Episode 8/10: Reward=0.8496
  Episode 9/10: Reward=0.6522
  Episode 10/10: Reward=0.7092
  >> Decoder Loss: 0.000669
  >> SAC Q1 Loss: 0.0005, Policy Loss: -1.4476
Epoch 76 Val Acc: 0.8600 | LR: 0.10000
Epoch 77/200
  Episode 1/10: Reward=0.8044
  Episode 2/10: Reward=0.7490
  Episode 3/10: Reward=0.7872
  Episode 4/10: Reward=0.7290
  Episode 5/10: Reward=0.6916
  Episode 6/10: Reward=0.7590
  Episode 7/10: Reward=0.7320
  Episode 8/10: Reward=0.8356
  Episode 9/10: Reward=0.8492
  Episode 10/10: Reward=0.7724
  >> Decoder Loss: 0.000774
  >> SAC Q1 Loss: 0.0004, Policy Loss: -1.4530
Epoch 77 Val Acc: 0.8736 | LR: 0.10000
Epoch 78/200
  Episode 1/10: Reward=0.7154
  Episode 2/10: Reward=0.7714
  Episode 3/10: Reward=0.7594
  Episode 4/10: Reward=0.7822
  Episode 5/10: Reward=0.6028
  Episode 6/10: Reward=0.8656
  Episode 7/10: Reward=0.8554
  Episode 8/10: Reward=0.8500
  Episode 9/10: Reward=0.7506
  Episode 10/10: Reward=0.6036
  >> Decoder Loss: 0.000883
  >> SAC Q1 Loss: 0.0005, Policy Loss: -1.4621
Epoch 78 Val Acc: 0.8683 | LR: 0.10000
Epoch 79/200
  Episode 1/10: Reward=0.7028
  Episode 2/10: Reward=0.8446
  Episode 3/10: Reward=0.7166
  Episode 4/10: Reward=0.6198
  Episode 5/10: Reward=0.7230
  Episode 6/10: Reward=0.6334
  Episode 7/10: Reward=0.8564
  Episode 8/10: Reward=0.6710
  Episode 9/10: Reward=0.6720
  Episode 10/10: Reward=0.8438
  >> Decoder Loss: 0.000858
  >> SAC Q1 Loss: 0.0004, Policy Loss: -1.4627
Epoch 79 Val Acc: 0.8863 | LR: 0.10000
Epoch 80/200
  Episode 1/10: Reward=0.7912
  Episode 2/10: Reward=0.6518
  Episode 3/10: Reward=0.8376
  Episode 4/10: Reward=0.6176
  Episode 5/10: Reward=0.6766
  Episode 6/10: Reward=0.7860
  Episode 7/10: Reward=0.5902
  Episode 8/10: Reward=0.7460
  Episode 9/10: Reward=0.7976
  Episode 10/10: Reward=0.7550
  >> Decoder Loss: 0.001102
  >> SAC Q1 Loss: 0.0005, Policy Loss: -1.4529
Epoch 80 Val Acc: 0.8740 | LR: 0.10000
Epoch 81/200
  Episode 1/10: Reward=0.6276
  Episode 2/10: Reward=0.8594
  Episode 3/10: Reward=0.6526
  Episode 4/10: Reward=0.6140
  Episode 5/10: Reward=0.7376
  Episode 6/10: Reward=0.6824
  Episode 7/10: Reward=0.8420
  Episode 8/10: Reward=0.6240
  Episode 9/10: Reward=0.6048
  Episode 10/10: Reward=0.7616
  >> Decoder Loss: 0.000630
  >> SAC Q1 Loss: 0.0005, Policy Loss: -1.4512
Epoch 81 Val Acc: 0.8558 | LR: 0.10000
Epoch 82/200
  Episode 1/10: Reward=0.7900
  Episode 2/10: Reward=0.7600
  Episode 3/10: Reward=0.8400
  Episode 4/10: Reward=0.7784
  Episode 5/10: Reward=0.6866
  Episode 6/10: Reward=0.7134
  Episode 7/10: Reward=0.8080
  Episode 8/10: Reward=0.7698
  Episode 9/10: Reward=0.7844
  Episode 10/10: Reward=0.6508
  >> Decoder Loss: 0.000991
  >> SAC Q1 Loss: 0.0005, Policy Loss: -1.4537
Epoch 82 Val Acc: 0.8601 | LR: 0.10000
Epoch 83/200
  Episode 1/10: Reward=0.6858
  Episode 2/10: Reward=0.7716
  Episode 3/10: Reward=0.5712
  Episode 4/10: Reward=0.5332
  Episode 5/10: Reward=0.6142
  Episode 6/10: Reward=0.7610
  Episode 7/10: Reward=0.7282
  Episode 8/10: Reward=0.8300
  Episode 9/10: Reward=0.7594
  Episode 10/10: Reward=0.7130
  >> Decoder Loss: 0.001388
  >> SAC Q1 Loss: 0.0004, Policy Loss: -1.4571
Epoch 83 Val Acc: 0.8831 | LR: 0.10000
Epoch 84/200
  Episode 1/10: Reward=0.7246
  Episode 2/10: Reward=0.7710
  Episode 3/10: Reward=0.7954
  Episode 4/10: Reward=0.7338
  Episode 5/10: Reward=0.7124
  Episode 6/10: Reward=0.7522
  Episode 7/10: Reward=0.7278
  Episode 8/10: Reward=0.8308
  Episode 9/10: Reward=0.7380
  Episode 10/10: Reward=0.7436
  >> Decoder Loss: 0.000664
  >> SAC Q1 Loss: 0.0005, Policy Loss: -1.4530
Epoch 84 Val Acc: 0.8735 | LR: 0.10000
Epoch 85/200
  Episode 1/10: Reward=0.8518
  Episode 2/10: Reward=0.8204
  Episode 3/10: Reward=0.6584
  Episode 4/10: Reward=0.7696
  Episode 5/10: Reward=0.7446
  Episode 6/10: Reward=0.8564
  Episode 7/10: Reward=0.8684
[BestPolicy] Updated best reward: 0.8820
  Episode 8/10: Reward=0.8820
  Episode 9/10: Reward=0.8150
  Episode 10/10: Reward=0.6678
  >> Decoder Loss: 0.001056
  >> SAC Q1 Loss: 0.0005, Policy Loss: -1.4553
Epoch 85 Val Acc: 0.8715 | LR: 0.10000
Epoch 86/200
  Episode 1/10: Reward=0.6812
  Episode 2/10: Reward=0.7186
  Episode 3/10: Reward=0.8660
  Episode 4/10: Reward=0.6448
  Episode 5/10: Reward=0.6810
  Episode 6/10: Reward=0.6570
  Episode 7/10: Reward=0.6416
  Episode 8/10: Reward=0.7250
  Episode 9/10: Reward=0.6774
  Episode 10/10: Reward=0.8492
  >> Decoder Loss: 0.000807
  >> SAC Q1 Loss: 0.0004, Policy Loss: -1.4583
Epoch 86 Val Acc: 0.8427 | LR: 0.10000
Epoch 87/200
  Episode 1/10: Reward=0.7486
  Episode 2/10: Reward=0.6312
  Episode 3/10: Reward=0.6610
  Episode 4/10: Reward=0.7028
  Episode 5/10: Reward=0.6840
  Episode 6/10: Reward=0.7048
  Episode 7/10: Reward=0.7422
  Episode 8/10: Reward=0.7444
  Episode 9/10: Reward=0.6938
  Episode 10/10: Reward=0.7088
  >> Decoder Loss: 0.000432
  >> SAC Q1 Loss: 0.0005, Policy Loss: -1.4539
Epoch 87 Val Acc: 0.8430 | LR: 0.10000
Epoch 88/200
  Episode 1/10: Reward=0.6812
  Episode 2/10: Reward=0.8222
  Episode 3/10: Reward=0.8430
  Episode 4/10: Reward=0.7274
  Episode 5/10: Reward=0.6482
  Episode 6/10: Reward=0.7778
  Episode 7/10: Reward=0.7412
  Episode 8/10: Reward=0.6344
  Episode 9/10: Reward=0.5814
  Episode 10/10: Reward=0.7196
  >> Decoder Loss: 0.000670
  >> SAC Q1 Loss: 0.0005, Policy Loss: -1.4587
Epoch 88 Val Acc: 0.8806 | LR: 0.10000
Epoch 89/200
  Episode 1/10: Reward=0.8454
  Episode 2/10: Reward=0.5788
  Episode 3/10: Reward=0.6494
  Episode 4/10: Reward=0.7610
  Episode 5/10: Reward=0.8412
  Episode 6/10: Reward=0.6220
  Episode 7/10: Reward=0.7172
  Episode 8/10: Reward=0.6244
  Episode 9/10: Reward=0.7296
  Episode 10/10: Reward=0.7646
  >> Decoder Loss: 0.000389
  >> SAC Q1 Loss: 0.0005, Policy Loss: -1.4561
Epoch 89 Val Acc: 0.8727 | LR: 0.10000
Epoch 90/200
  Episode 1/10: Reward=0.8514
  Episode 2/10: Reward=0.7390
  Episode 3/10: Reward=0.5968
  Episode 4/10: Reward=0.7344
  Episode 5/10: Reward=0.7060
  Episode 6/10: Reward=0.6820
  Episode 7/10: Reward=0.7728
  Episode 8/10: Reward=0.8038
  Episode 9/10: Reward=0.5982
  Episode 10/10: Reward=0.7312
  >> Decoder Loss: 0.000369
  >> SAC Q1 Loss: 0.0005, Policy Loss: -1.4560
Epoch 90 Val Acc: 0.8550 | LR: 0.10000

=== [Phase 4] Weights Training with Lalign (Alignment) ===
  >> Best policy loaded. Applying Soft Alignment...
Epoch 91/200 Val Acc: 0.8444
Epoch 92/200 Val Acc: 0.8670
Epoch 93/200 Val Acc: 0.8690
Epoch 94/200 Val Acc: 0.8556
Epoch 95/200 Val Acc: 0.8648
Epoch 96/200 Val Acc: 0.8686
Epoch 97/200 Val Acc: 0.8675
Epoch 98/200 Val Acc: 0.8586
Epoch 99/200 Val Acc: 0.8656
Epoch 100/200 Val Acc: 0.8691
Epoch 101/200 Val Acc: 0.8823
Epoch 102/200 Val Acc: 0.8758
Epoch 103/200 Val Acc: 0.8760
Epoch 104/200 Val Acc: 0.8820
Epoch 105/200 Val Acc: 0.8592
Epoch 106/200 Val Acc: 0.8682
Epoch 107/200 Val Acc: 0.8606
Epoch 108/200 Val Acc: 0.8845
Epoch 109/200 Val Acc: 0.8341
Epoch 110/200 Val Acc: 0.8652
Epoch 111/200 Val Acc: 0.9131
Epoch 112/200 Val Acc: 0.9173
Epoch 113/200 Val Acc: 0.9193
Epoch 114/200 Val Acc: 0.9191
Epoch 115/200 Val Acc: 0.9206
Epoch 116/200 Val Acc: 0.9187
Epoch 117/200 Val Acc: 0.9211
Epoch 118/200 Val Acc: 0.9212
Epoch 119/200 Val Acc: 0.9203
Epoch 120/200 Val Acc: 0.9206
Epoch 121/200 Val Acc: 0.9194
Epoch 122/200 Val Acc: 0.9181
Epoch 123/200 Val Acc: 0.9218
Epoch 124/200 Val Acc: 0.9187
Epoch 125/200 Val Acc: 0.9212
Epoch 126/200 Val Acc: 0.9219
Epoch 127/200 Val Acc: 0.9208
Epoch 128/200 Val Acc: 0.9205
Epoch 129/200 Val Acc: 0.9225
Epoch 130/200 Val Acc: 0.9225
Epoch 131/200 Val Acc: 0.9194
Epoch 132/200 Val Acc: 0.9197
Epoch 133/200 Val Acc: 0.9222
Epoch 134/200 Val Acc: 0.9219
Epoch 135/200 Val Acc: 0.9221
Epoch 136/200 Val Acc: 0.9222
Epoch 137/200 Val Acc: 0.9207
Epoch 138/200 Val Acc: 0.9187
Epoch 139/200 Val Acc: 0.9242
Epoch 140/200 Val Acc: 0.9244
Epoch 141/200 Val Acc: 0.9234
Epoch 142/200 Val Acc: 0.9214
Epoch 143/200 Val Acc: 0.9237
Epoch 144/200 Val Acc: 0.9198
Epoch 145/200 Val Acc: 0.9209
Epoch 146/200 Val Acc: 0.9199
Epoch 147/200 Val Acc: 0.9202
Epoch 148/200 Val Acc: 0.9220
Epoch 149/200 Val Acc: 0.9213
Epoch 150/200 Val Acc: 0.9202
Epoch 151/200 Val Acc: 0.9207
Epoch 152/200 Val Acc: 0.9202
Epoch 153/200 Val Acc: 0.9220
Epoch 154/200 Val Acc: 0.9205
Epoch 155/200 Val Acc: 0.9230
Epoch 156/200 Val Acc: 0.9244
Epoch 157/200 Val Acc: 0.9243
Epoch 158/200 Val Acc: 0.9231
Epoch 159/200 Val Acc: 0.9223
Epoch 160/200 Val Acc: 0.9240
Epoch 161/200 Val Acc: 0.9249
Epoch 162/200 Val Acc: 0.9249
Epoch 163/200 Val Acc: 0.9245
Epoch 164/200 Val Acc: 0.9248
Epoch 165/200 Val Acc: 0.9256
Epoch 166/200 Val Acc: 0.9261
Epoch 167/200 Val Acc: 0.9257
Epoch 168/200 Val Acc: 0.9256
Epoch 169/200 Val Acc: 0.9258
Epoch 170/200 Val Acc: 0.9247
Epoch 171/200 Val Acc: 0.9258
Epoch 172/200 Val Acc: 0.9261
Epoch 173/200 Val Acc: 0.9259
Epoch 174/200 Val Acc: 0.9250
Epoch 175/200 Val Acc: 0.9256
Epoch 176/200 Val Acc: 0.9264
Epoch 177/200 Val Acc: 0.9269
Epoch 178/200 Val Acc: 0.9257
Epoch 179/200 Val Acc: 0.9266
Epoch 180/200 Val Acc: 0.9268
Epoch 181/200 Val Acc: 0.9257
Epoch 182/200 Val Acc: 0.9258
Epoch 183/200 Val Acc: 0.9267
Epoch 184/200 Val Acc: 0.9254
Epoch 185/200 Val Acc: 0.9261
Epoch 186/200 Val Acc: 0.9258
Epoch 187/200 Val Acc: 0.9253
Epoch 188/200 Val Acc: 0.9263
Epoch 189/200 Val Acc: 0.9258
Epoch 190/200 Val Acc: 0.9248
Epoch 191/200 Val Acc: 0.9252
Epoch 192/200 Val Acc: 0.9253
Epoch 193/200 Val Acc: 0.9264
Epoch 194/200 Val Acc: 0.9246
Epoch 195/200 Val Acc: 0.9264
Epoch 196/200 Val Acc: 0.9251
Epoch 197/200 Val Acc: 0.9256
Epoch 198/200 Val Acc: 0.9265
Epoch 199/200 Val Acc: 0.9254
Epoch 200/200 Val Acc: 0.9245
Training Complete.
