nohup: ignoring input
Using device: cuda:5
>> Data: Splitting 45k (Train) / 5k (Reward) / 10k (Test)
ModelWrapper: Detected 27 prunable blocks (Conv1+Conv2 pairs).
Env Init: Original=125.04M, Target=62.52M
Environment initialized. State dim: 9, Target Prune Rate: 0.5

=== [Phase 1] Warmup (Weights Training) ===
Epoch 1 Val Acc: 0.3690 | LR: 0.10000
Epoch 2 Val Acc: 0.4339 | LR: 0.10000
Epoch 3 Val Acc: 0.5664 | LR: 0.10000
Epoch 4 Val Acc: 0.6791 | LR: 0.10000
Epoch 5 Val Acc: 0.7217 | LR: 0.10000
Epoch 6 Val Acc: 0.7242 | LR: 0.10000
Epoch 7 Val Acc: 0.6744 | LR: 0.10000
Epoch 8 Val Acc: 0.7789 | LR: 0.10000
Epoch 9 Val Acc: 0.7702 | LR: 0.10000
Epoch 10 Val Acc: 0.7904 | LR: 0.10000
>> Warmup done. Updating base weights for Agent...

=== [Phase 2] Fill Buffer (Exploration) ===
Epoch 11/200
  Fill Episode 1/10: Reward=0.4594
  Fill Episode 2/10: Reward=0.5602
  Fill Episode 3/10: Reward=0.6604
  Fill Episode 4/10: Reward=0.5954
  Fill Episode 5/10: Reward=0.6104
  Fill Episode 6/10: Reward=0.6874
  Fill Episode 7/10: Reward=0.5598
  Fill Episode 8/10: Reward=0.3964
  Fill Episode 9/10: Reward=0.6646
  Fill Episode 10/10: Reward=0.4668
Epoch 12/200
  Fill Episode 1/10: Reward=0.6454
  Fill Episode 2/10: Reward=0.6298
  Fill Episode 3/10: Reward=0.4024
  Fill Episode 4/10: Reward=0.3040
  Fill Episode 5/10: Reward=0.6786
  Fill Episode 6/10: Reward=0.4998
  Fill Episode 7/10: Reward=0.4404
  Fill Episode 8/10: Reward=0.5548
  Fill Episode 9/10: Reward=0.5602
  Fill Episode 10/10: Reward=0.4850
Epoch 13/200
  Fill Episode 1/10: Reward=0.3938
  Fill Episode 2/10: Reward=0.2618
  Fill Episode 3/10: Reward=0.6492
  Fill Episode 4/10: Reward=0.3974
  Fill Episode 5/10: Reward=0.6914
  Fill Episode 6/10: Reward=0.5880
  Fill Episode 7/10: Reward=0.6122
  Fill Episode 8/10: Reward=0.2284
  Fill Episode 9/10: Reward=0.5686
  Fill Episode 10/10: Reward=0.5744
Epoch 14/200
  Fill Episode 1/10: Reward=0.4400
  Fill Episode 2/10: Reward=0.6962
  Fill Episode 3/10: Reward=0.5136
  Fill Episode 4/10: Reward=0.2244
  Fill Episode 5/10: Reward=0.6204
  Fill Episode 6/10: Reward=0.4922
  Fill Episode 7/10: Reward=0.4076
  Fill Episode 8/10: Reward=0.2864
  Fill Episode 9/10: Reward=0.4804
  Fill Episode 10/10: Reward=0.3748
Epoch 15/200
  Fill Episode 1/10: Reward=0.4398
  Fill Episode 2/10: Reward=0.4478
  Fill Episode 3/10: Reward=0.6222
  Fill Episode 4/10: Reward=0.4096
  Fill Episode 5/10: Reward=0.5320
  Fill Episode 6/10: Reward=0.6136
  Fill Episode 7/10: Reward=0.3588
  Fill Episode 8/10: Reward=0.5692
  Fill Episode 9/10: Reward=0.4190
  Fill Episode 10/10: Reward=0.3602
Epoch 16/200
  Fill Episode 1/10: Reward=0.3854
  Fill Episode 2/10: Reward=0.6676
  Fill Episode 3/10: Reward=0.6636
  Fill Episode 4/10: Reward=0.6388
  Fill Episode 5/10: Reward=0.5190
  Fill Episode 6/10: Reward=0.4414
  Fill Episode 7/10: Reward=0.5960
  Fill Episode 8/10: Reward=0.5582
  Fill Episode 9/10: Reward=0.5144
  Fill Episode 10/10: Reward=0.6424
Epoch 17/200
  Fill Episode 1/10: Reward=0.5202
  Fill Episode 2/10: Reward=0.6286
  Fill Episode 3/10: Reward=0.4452
  Fill Episode 4/10: Reward=0.5722
  Fill Episode 5/10: Reward=0.5704
  Fill Episode 6/10: Reward=0.5806
  Fill Episode 7/10: Reward=0.6436
  Fill Episode 8/10: Reward=0.6262
  Fill Episode 9/10: Reward=0.5282
  Fill Episode 10/10: Reward=0.3854
Epoch 18/200
  Fill Episode 1/10: Reward=0.6464
  Fill Episode 2/10: Reward=0.6752
  Fill Episode 3/10: Reward=0.6778
  Fill Episode 4/10: Reward=0.6146
  Fill Episode 5/10: Reward=0.4372
  Fill Episode 6/10: Reward=0.3286
  Fill Episode 7/10: Reward=0.5886
  Fill Episode 8/10: Reward=0.5786
  Fill Episode 9/10: Reward=0.6508
  Fill Episode 10/10: Reward=0.3960
Epoch 19/200
  Fill Episode 1/10: Reward=0.5278
  Fill Episode 2/10: Reward=0.3690
  Fill Episode 3/10: Reward=0.3226
  Fill Episode 4/10: Reward=0.3440
  Fill Episode 5/10: Reward=0.2870
  Fill Episode 6/10: Reward=0.5458
  Fill Episode 7/10: Reward=0.5014
  Fill Episode 8/10: Reward=0.4184
  Fill Episode 9/10: Reward=0.5258
  Fill Episode 10/10: Reward=0.5486
Epoch 20/200
  Fill Episode 1/10: Reward=0.5098
  Fill Episode 2/10: Reward=0.2506
  Fill Episode 3/10: Reward=0.4262
  Fill Episode 4/10: Reward=0.3322
  Fill Episode 5/10: Reward=0.3976
  Fill Episode 6/10: Reward=0.4326
  Fill Episode 7/10: Reward=0.6430
  Fill Episode 8/10: Reward=0.5826
  Fill Episode 9/10: Reward=0.5456
  Fill Episode 10/10: Reward=0.2788

=== [Phase 3] Joint Agent Training & Pruning Search ===
Epoch 21/200
[BestPolicy] Updated best reward: 0.5194
  Episode 1/10: Reward=0.5194
[BestPolicy] Updated best reward: 0.6318
  Episode 2/10: Reward=0.6318
[BestPolicy] Updated best reward: 0.6630
  Episode 3/10: Reward=0.6630
  Episode 4/10: Reward=0.6216
  Episode 5/10: Reward=0.2028
  Episode 6/10: Reward=0.6608
  Episode 7/10: Reward=0.6436
[BestPolicy] Updated best reward: 0.6632
  Episode 8/10: Reward=0.6632
  Episode 9/10: Reward=0.5312
  Episode 10/10: Reward=0.5122
  >> Decoder Loss: 0.013689
  >> SAC Q1 Loss: 0.0175, Policy Loss: 0.1187
Epoch 21 Val Acc: 0.7979 | LR: 0.10000
Epoch 22/200
  Episode 1/10: Reward=0.5278
  Episode 2/10: Reward=0.4516
  Episode 3/10: Reward=0.4490
  Episode 4/10: Reward=0.3804
  Episode 5/10: Reward=0.6562
  Episode 6/10: Reward=0.3048
  Episode 7/10: Reward=0.5760
  Episode 8/10: Reward=0.4244
  Episode 9/10: Reward=0.4236
  Episode 10/10: Reward=0.4388
  >> Decoder Loss: 0.009033
  >> SAC Q1 Loss: 0.0066, Policy Loss: -0.0095
Epoch 22 Val Acc: 0.8259 | LR: 0.10000
Epoch 23/200
[BestPolicy] Updated best reward: 0.7032
  Episode 1/10: Reward=0.7032
[BestPolicy] Updated best reward: 0.7158
  Episode 2/10: Reward=0.7158
  Episode 3/10: Reward=0.6816
  Episode 4/10: Reward=0.4878
  Episode 5/10: Reward=0.6630
  Episode 6/10: Reward=0.4406
  Episode 7/10: Reward=0.6934
  Episode 8/10: Reward=0.6522
  Episode 9/10: Reward=0.7088
  Episode 10/10: Reward=0.4498
  >> Decoder Loss: 0.009285
  >> SAC Q1 Loss: 0.0032, Policy Loss: -0.0959
Epoch 23 Val Acc: 0.7820 | LR: 0.10000
Epoch 24/200
  Episode 1/10: Reward=0.5986
  Episode 2/10: Reward=0.3836
  Episode 3/10: Reward=0.3724
  Episode 4/10: Reward=0.4986
  Episode 5/10: Reward=0.4432
  Episode 6/10: Reward=0.5734
  Episode 7/10: Reward=0.6886
[BestPolicy] Updated best reward: 0.7482
  Episode 8/10: Reward=0.7482
  Episode 9/10: Reward=0.3452
  Episode 10/10: Reward=0.4540
  >> Decoder Loss: 0.007985
  >> SAC Q1 Loss: 0.0013, Policy Loss: -0.1826
Epoch 24 Val Acc: 0.8224 | LR: 0.10000
Epoch 25/200
  Episode 1/10: Reward=0.4274
  Episode 2/10: Reward=0.6626
  Episode 3/10: Reward=0.6314
  Episode 4/10: Reward=0.6736
  Episode 5/10: Reward=0.5676
  Episode 6/10: Reward=0.6938
  Episode 7/10: Reward=0.5740
  Episode 8/10: Reward=0.6738
  Episode 9/10: Reward=0.6706
  Episode 10/10: Reward=0.4488
  >> Decoder Loss: 0.007087
  >> SAC Q1 Loss: 0.0011, Policy Loss: -0.2568
Epoch 25 Val Acc: 0.8080 | LR: 0.10000
Epoch 26/200
  Episode 1/10: Reward=0.5742
[BestPolicy] Updated best reward: 0.7570
  Episode 2/10: Reward=0.7570
  Episode 3/10: Reward=0.4818
  Episode 4/10: Reward=0.3144
  Episode 5/10: Reward=0.7338
  Episode 6/10: Reward=0.6414
  Episode 7/10: Reward=0.5486
  Episode 8/10: Reward=0.7442
  Episode 9/10: Reward=0.6946
  Episode 10/10: Reward=0.6434
  >> Decoder Loss: 0.006809
  >> SAC Q1 Loss: 0.0009, Policy Loss: -0.3352
Epoch 26 Val Acc: 0.8259 | LR: 0.10000
Epoch 27/200
  Episode 1/10: Reward=0.5014
[BestPolicy] Updated best reward: 0.7900
  Episode 2/10: Reward=0.7900
  Episode 3/10: Reward=0.3878
  Episode 4/10: Reward=0.3024
  Episode 5/10: Reward=0.4794
  Episode 6/10: Reward=0.4840
  Episode 7/10: Reward=0.6054
  Episode 8/10: Reward=0.5878
  Episode 9/10: Reward=0.5276
  Episode 10/10: Reward=0.4704
  >> Decoder Loss: 0.006212
  >> SAC Q1 Loss: 0.0010, Policy Loss: -0.4079
Epoch 27 Val Acc: 0.8139 | LR: 0.10000
Epoch 28/200
  Episode 1/10: Reward=0.4242
  Episode 2/10: Reward=0.4962
  Episode 3/10: Reward=0.4824
  Episode 4/10: Reward=0.3516
  Episode 5/10: Reward=0.4072
  Episode 6/10: Reward=0.7684
  Episode 7/10: Reward=0.5484
  Episode 8/10: Reward=0.7384
  Episode 9/10: Reward=0.5038
  Episode 10/10: Reward=0.5402
  >> Decoder Loss: 0.005533
  >> SAC Q1 Loss: 0.0014, Policy Loss: -0.4810
Epoch 28 Val Acc: 0.8094 | LR: 0.10000
Epoch 29/200
  Episode 1/10: Reward=0.5776
  Episode 2/10: Reward=0.4722
  Episode 3/10: Reward=0.5160
  Episode 4/10: Reward=0.4070
  Episode 5/10: Reward=0.2878
  Episode 6/10: Reward=0.4036
  Episode 7/10: Reward=0.4144
  Episode 8/10: Reward=0.5114
  Episode 9/10: Reward=0.5350
  Episode 10/10: Reward=0.6582
  >> Decoder Loss: 0.005019
  >> SAC Q1 Loss: 0.0018, Policy Loss: -0.5538
Epoch 29 Val Acc: 0.8294 | LR: 0.10000
Epoch 30/200
  Episode 1/10: Reward=0.7034
  Episode 2/10: Reward=0.2772
  Episode 3/10: Reward=0.4956
  Episode 4/10: Reward=0.7874
[BestPolicy] Updated best reward: 0.7964
  Episode 5/10: Reward=0.7964
  Episode 6/10: Reward=0.4804
  Episode 7/10: Reward=0.7336
  Episode 8/10: Reward=0.4674
  Episode 9/10: Reward=0.6026
  Episode 10/10: Reward=0.4558
  >> Decoder Loss: 0.004682
  >> SAC Q1 Loss: 0.0021, Policy Loss: -0.6200
Epoch 30 Val Acc: 0.8300 | LR: 0.10000
Epoch 31/200
  Episode 1/10: Reward=0.7650
  Episode 2/10: Reward=0.3912
  Episode 3/10: Reward=0.7072
  Episode 4/10: Reward=0.6604
  Episode 5/10: Reward=0.2898
  Episode 6/10: Reward=0.5546
  Episode 7/10: Reward=0.4618
  Episode 8/10: Reward=0.6844
  Episode 9/10: Reward=0.2926
  Episode 10/10: Reward=0.2422
  >> Decoder Loss: 0.004971
  >> SAC Q1 Loss: 0.0024, Policy Loss: -0.6798
Epoch 31 Val Acc: 0.8350 | LR: 0.10000
Epoch 32/200
  Episode 1/10: Reward=0.6478
  Episode 2/10: Reward=0.4508
  Episode 3/10: Reward=0.4340
  Episode 4/10: Reward=0.4532
  Episode 5/10: Reward=0.4526
  Episode 6/10: Reward=0.7010
  Episode 7/10: Reward=0.6412
  Episode 8/10: Reward=0.7818
  Episode 9/10: Reward=0.4306
  Episode 10/10: Reward=0.4406
  >> Decoder Loss: 0.003680
  >> SAC Q1 Loss: 0.0022, Policy Loss: -0.7420
Epoch 32 Val Acc: 0.8314 | LR: 0.10000
Epoch 33/200
  Episode 1/10: Reward=0.7294
  Episode 2/10: Reward=0.2874
  Episode 3/10: Reward=0.4806
  Episode 4/10: Reward=0.7186
  Episode 5/10: Reward=0.4370
  Episode 6/10: Reward=0.3558
  Episode 7/10: Reward=0.3436
  Episode 8/10: Reward=0.7872
  Episode 9/10: Reward=0.7310
  Episode 10/10: Reward=0.6282
  >> Decoder Loss: 0.003685
  >> SAC Q1 Loss: 0.0018, Policy Loss: -0.7964
Epoch 33 Val Acc: 0.8427 | LR: 0.10000
Epoch 34/200
  Episode 1/10: Reward=0.7316
[BestPolicy] Updated best reward: 0.8062
  Episode 2/10: Reward=0.8062
  Episode 3/10: Reward=0.7540
  Episode 4/10: Reward=0.6976
  Episode 5/10: Reward=0.7366
  Episode 6/10: Reward=0.7522
  Episode 7/10: Reward=0.3664
  Episode 8/10: Reward=0.3792
  Episode 9/10: Reward=0.7858
  Episode 10/10: Reward=0.4238
  >> Decoder Loss: 0.003140
  >> SAC Q1 Loss: 0.0015, Policy Loss: -0.8454
Epoch 34 Val Acc: 0.8390 | LR: 0.10000
Epoch 35/200
  Episode 1/10: Reward=0.7984
  Episode 2/10: Reward=0.4724
  Episode 3/10: Reward=0.5068
  Episode 4/10: Reward=0.4578
  Episode 5/10: Reward=0.4086
  Episode 6/10: Reward=0.7452
  Episode 7/10: Reward=0.6074
  Episode 8/10: Reward=0.6688
  Episode 9/10: Reward=0.4894
  Episode 10/10: Reward=0.4730
  >> Decoder Loss: 0.003654
  >> SAC Q1 Loss: 0.0012, Policy Loss: -0.8952
Epoch 35 Val Acc: 0.8267 | LR: 0.10000
Epoch 36/200
  Episode 1/10: Reward=0.7030
  Episode 2/10: Reward=0.5638
  Episode 3/10: Reward=0.4100
  Episode 4/10: Reward=0.7476
  Episode 5/10: Reward=0.5204
  Episode 6/10: Reward=0.4202
  Episode 7/10: Reward=0.7896
  Episode 8/10: Reward=0.3708
  Episode 9/10: Reward=0.7666
  Episode 10/10: Reward=0.5184
  >> Decoder Loss: 0.002526
  >> SAC Q1 Loss: 0.0013, Policy Loss: -0.9364
Epoch 36 Val Acc: 0.8368 | LR: 0.10000
Epoch 37/200
  Episode 1/10: Reward=0.8022
  Episode 2/10: Reward=0.5390
  Episode 3/10: Reward=0.7520
  Episode 4/10: Reward=0.3820
  Episode 5/10: Reward=0.6090
  Episode 6/10: Reward=0.4422
  Episode 7/10: Reward=0.7658
  Episode 8/10: Reward=0.3702
  Episode 9/10: Reward=0.5060
  Episode 10/10: Reward=0.6756
  >> Decoder Loss: 0.002587
  >> SAC Q1 Loss: 0.0012, Policy Loss: -0.9755
Epoch 37 Val Acc: 0.8392 | LR: 0.10000
Epoch 38/200
  Episode 1/10: Reward=0.5006
  Episode 2/10: Reward=0.7588
  Episode 3/10: Reward=0.7028
  Episode 4/10: Reward=0.6286
  Episode 5/10: Reward=0.2786
  Episode 6/10: Reward=0.5190
  Episode 7/10: Reward=0.7450
  Episode 8/10: Reward=0.3806
  Episode 9/10: Reward=0.5200
  Episode 10/10: Reward=0.7756
  >> Decoder Loss: 0.001930
  >> SAC Q1 Loss: 0.0011, Policy Loss: -1.0136
Epoch 38 Val Acc: 0.8512 | LR: 0.10000
Epoch 39/200
[BestPolicy] Updated best reward: 0.8234
  Episode 1/10: Reward=0.8234
  Episode 2/10: Reward=0.7538
  Episode 3/10: Reward=0.7116
[BestPolicy] Updated best reward: 0.8292
  Episode 4/10: Reward=0.8292
  Episode 5/10: Reward=0.3652
  Episode 6/10: Reward=0.4778
  Episode 7/10: Reward=0.4076
  Episode 8/10: Reward=0.7694
  Episode 9/10: Reward=0.7208
  Episode 10/10: Reward=0.7338
  >> Decoder Loss: 0.002142
  >> SAC Q1 Loss: 0.0010, Policy Loss: -1.0453
Epoch 39 Val Acc: 0.8534 | LR: 0.10000
Epoch 40/200
  Episode 1/10: Reward=0.8030
  Episode 2/10: Reward=0.4580
  Episode 3/10: Reward=0.3588
  Episode 4/10: Reward=0.5242
  Episode 5/10: Reward=0.2006
  Episode 6/10: Reward=0.4248
  Episode 7/10: Reward=0.8084
  Episode 8/10: Reward=0.7846
  Episode 9/10: Reward=0.6842
  Episode 10/10: Reward=0.6832
  >> Decoder Loss: 0.001915
  >> SAC Q1 Loss: 0.0011, Policy Loss: -1.0726
Epoch 40 Val Acc: 0.8319 | LR: 0.10000
Epoch 41/200
  Episode 1/10: Reward=0.5546
  Episode 2/10: Reward=0.3782
  Episode 3/10: Reward=0.8070
  Episode 4/10: Reward=0.5040
  Episode 5/10: Reward=0.5552
  Episode 6/10: Reward=0.3712
  Episode 7/10: Reward=0.7154
  Episode 8/10: Reward=0.8114
  Episode 9/10: Reward=0.5802
  Episode 10/10: Reward=0.6234
  >> Decoder Loss: 0.002054
  >> SAC Q1 Loss: 0.0012, Policy Loss: -1.0960
Epoch 41 Val Acc: 0.8566 | LR: 0.10000
Epoch 42/200
  Episode 1/10: Reward=0.7556
  Episode 2/10: Reward=0.7238
  Episode 3/10: Reward=0.6228
  Episode 4/10: Reward=0.5710
  Episode 5/10: Reward=0.7020
  Episode 6/10: Reward=0.6236
  Episode 7/10: Reward=0.7494
  Episode 8/10: Reward=0.4990
  Episode 9/10: Reward=0.7668
[BestPolicy] Updated best reward: 0.8348
  Episode 10/10: Reward=0.8348
  >> Decoder Loss: 0.001585
  >> SAC Q1 Loss: 0.0011, Policy Loss: -1.1229
Epoch 42 Val Acc: 0.8311 | LR: 0.10000
Epoch 43/200
  Episode 1/10: Reward=0.3812
  Episode 2/10: Reward=0.7846
  Episode 3/10: Reward=0.3784
  Episode 4/10: Reward=0.8012
  Episode 5/10: Reward=0.3540
  Episode 6/10: Reward=0.5096
  Episode 7/10: Reward=0.7662
  Episode 8/10: Reward=0.6850
  Episode 9/10: Reward=0.4090
  Episode 10/10: Reward=0.7288
  >> Decoder Loss: 0.001958
  >> SAC Q1 Loss: 0.0012, Policy Loss: -1.1504
Epoch 43 Val Acc: 0.8485 | LR: 0.10000
Epoch 44/200
  Episode 1/10: Reward=0.3800
  Episode 2/10: Reward=0.5190
  Episode 3/10: Reward=0.4308
  Episode 4/10: Reward=0.7458
  Episode 5/10: Reward=0.7640
  Episode 6/10: Reward=0.4212
  Episode 7/10: Reward=0.6526
  Episode 8/10: Reward=0.5120
  Episode 9/10: Reward=0.8284
  Episode 10/10: Reward=0.6598
  >> Decoder Loss: 0.001458
  >> SAC Q1 Loss: 0.0010, Policy Loss: -1.1767
Epoch 44 Val Acc: 0.8462 | LR: 0.10000
Epoch 45/200
  Episode 1/10: Reward=0.2284
  Episode 2/10: Reward=0.3234
  Episode 3/10: Reward=0.2664
  Episode 4/10: Reward=0.2330
  Episode 5/10: Reward=0.7938
  Episode 6/10: Reward=0.6616
  Episode 7/10: Reward=0.5244
  Episode 8/10: Reward=0.2750
  Episode 9/10: Reward=0.3130
  Episode 10/10: Reward=0.5038
  >> Decoder Loss: 0.001316
  >> SAC Q1 Loss: 0.0012, Policy Loss: -1.1968
Epoch 45 Val Acc: 0.8568 | LR: 0.10000
Epoch 46/200
  Episode 1/10: Reward=0.8184
  Episode 2/10: Reward=0.3122
  Episode 3/10: Reward=0.6702
  Episode 4/10: Reward=0.7798
  Episode 5/10: Reward=0.2146
  Episode 6/10: Reward=0.3928
  Episode 7/10: Reward=0.8038
  Episode 8/10: Reward=0.6982
  Episode 9/10: Reward=0.3752
  Episode 10/10: Reward=0.7292
  >> Decoder Loss: 0.001369
  >> SAC Q1 Loss: 0.0011, Policy Loss: -1.2296
Epoch 46 Val Acc: 0.8635 | LR: 0.10000
Epoch 47/200
  Episode 1/10: Reward=0.6116
  Episode 2/10: Reward=0.5836
  Episode 3/10: Reward=0.4702
  Episode 4/10: Reward=0.8250
  Episode 5/10: Reward=0.5314
  Episode 6/10: Reward=0.7512
  Episode 7/10: Reward=0.5354
  Episode 8/10: Reward=0.8184
[BestPolicy] Updated best reward: 0.8452
  Episode 9/10: Reward=0.8452
  Episode 10/10: Reward=0.5132
  >> Decoder Loss: 0.001568
  >> SAC Q1 Loss: 0.0012, Policy Loss: -1.2447
Epoch 47 Val Acc: 0.8361 | LR: 0.10000
Epoch 48/200
  Episode 1/10: Reward=0.2710
  Episode 2/10: Reward=0.3348
  Episode 3/10: Reward=0.5420
  Episode 4/10: Reward=0.8226
  Episode 5/10: Reward=0.7890
  Episode 6/10: Reward=0.7834
  Episode 7/10: Reward=0.8382
  Episode 8/10: Reward=0.6638
  Episode 9/10: Reward=0.4662
  Episode 10/10: Reward=0.7872
  >> Decoder Loss: 0.002117
  >> SAC Q1 Loss: 0.0011, Policy Loss: -1.2466
Epoch 48 Val Acc: 0.8260 | LR: 0.10000
Epoch 49/200
  Episode 1/10: Reward=0.2990
  Episode 2/10: Reward=0.3956
  Episode 3/10: Reward=0.6380
  Episode 4/10: Reward=0.1612
  Episode 5/10: Reward=0.7702
  Episode 6/10: Reward=0.5092
  Episode 7/10: Reward=0.8062
  Episode 8/10: Reward=0.2990
  Episode 9/10: Reward=0.2614
  Episode 10/10: Reward=0.4044
  >> Decoder Loss: 0.002209
  >> SAC Q1 Loss: 0.0011, Policy Loss: -1.2634
Epoch 49 Val Acc: 0.8128 | LR: 0.10000
Epoch 50/200
  Episode 1/10: Reward=0.4202
  Episode 2/10: Reward=0.3560
  Episode 3/10: Reward=0.5976
  Episode 4/10: Reward=0.6710
  Episode 5/10: Reward=0.7138
  Episode 6/10: Reward=0.5564
  Episode 7/10: Reward=0.7152
  Episode 8/10: Reward=0.7798
  Episode 9/10: Reward=0.8114
  Episode 10/10: Reward=0.8176
  >> Decoder Loss: 0.001516
  >> SAC Q1 Loss: 0.0011, Policy Loss: -1.2742
Epoch 50 Val Acc: 0.8367 | LR: 0.10000
Epoch 51/200
  Episode 1/10: Reward=0.8280
  Episode 2/10: Reward=0.7790
  Episode 3/10: Reward=0.5996
  Episode 4/10: Reward=0.8236
  Episode 5/10: Reward=0.3782
  Episode 6/10: Reward=0.8232
  Episode 7/10: Reward=0.7666
  Episode 8/10: Reward=0.5270
  Episode 9/10: Reward=0.8020
  Episode 10/10: Reward=0.6562
  >> Decoder Loss: 0.001796
  >> SAC Q1 Loss: 0.0011, Policy Loss: -1.2872
Epoch 51 Val Acc: 0.8390 | LR: 0.10000
Epoch 52/200
  Episode 1/10: Reward=0.2002
  Episode 2/10: Reward=0.7456
  Episode 3/10: Reward=0.6070
  Episode 4/10: Reward=0.8090
  Episode 5/10: Reward=0.2298
  Episode 6/10: Reward=0.7478
  Episode 7/10: Reward=0.3164
  Episode 8/10: Reward=0.6730
  Episode 9/10: Reward=0.1780
  Episode 10/10: Reward=0.4758
  >> Decoder Loss: 0.001520
  >> SAC Q1 Loss: 0.0010, Policy Loss: -1.2920
Epoch 52 Val Acc: 0.8572 | LR: 0.10000
Epoch 53/200
  Episode 1/10: Reward=0.4296
  Episode 2/10: Reward=0.6858
  Episode 3/10: Reward=0.8196
  Episode 4/10: Reward=0.5322
  Episode 5/10: Reward=0.5314
[BestPolicy] Updated best reward: 0.8486
  Episode 6/10: Reward=0.8486
  Episode 7/10: Reward=0.6660
  Episode 8/10: Reward=0.5070
  Episode 9/10: Reward=0.3690
  Episode 10/10: Reward=0.4824
  >> Decoder Loss: 0.001325
  >> SAC Q1 Loss: 0.0012, Policy Loss: -1.3007
Epoch 53 Val Acc: 0.8577 | LR: 0.10000
Epoch 54/200
  Episode 1/10: Reward=0.4592
  Episode 2/10: Reward=0.7902
  Episode 3/10: Reward=0.7246
  Episode 4/10: Reward=0.4274
  Episode 5/10: Reward=0.7850
  Episode 6/10: Reward=0.7222
  Episode 7/10: Reward=0.8246
  Episode 8/10: Reward=0.4164
  Episode 9/10: Reward=0.7630
  Episode 10/10: Reward=0.4968
  >> Decoder Loss: 0.001486
  >> SAC Q1 Loss: 0.0010, Policy Loss: -1.2953
Epoch 54 Val Acc: 0.8539 | LR: 0.10000
Epoch 55/200
  Episode 1/10: Reward=0.4926
  Episode 2/10: Reward=0.3238
  Episode 3/10: Reward=0.4382
  Episode 4/10: Reward=0.6454
  Episode 5/10: Reward=0.7832
  Episode 6/10: Reward=0.4610
  Episode 7/10: Reward=0.4136
[BestPolicy] Updated best reward: 0.8528
  Episode 8/10: Reward=0.8528
  Episode 9/10: Reward=0.4784
  Episode 10/10: Reward=0.6158
  >> Decoder Loss: 0.001595
  >> SAC Q1 Loss: 0.0011, Policy Loss: -1.3089
Epoch 55 Val Acc: 0.8731 | LR: 0.10000
Epoch 56/200
  Episode 1/10: Reward=0.4398
  Episode 2/10: Reward=0.4448
  Episode 3/10: Reward=0.6944
  Episode 4/10: Reward=0.5464
  Episode 5/10: Reward=0.4208
  Episode 6/10: Reward=0.4718
  Episode 7/10: Reward=0.4350
  Episode 8/10: Reward=0.8204
  Episode 9/10: Reward=0.3896
  Episode 10/10: Reward=0.4646
  >> Decoder Loss: 0.002132
  >> SAC Q1 Loss: 0.0013, Policy Loss: -1.3084
Epoch 56 Val Acc: 0.8616 | LR: 0.10000
Epoch 57/200
  Episode 1/10: Reward=0.7328
  Episode 2/10: Reward=0.3744
  Episode 3/10: Reward=0.3744
  Episode 4/10: Reward=0.5042
  Episode 5/10: Reward=0.3228
  Episode 6/10: Reward=0.8180
  Episode 7/10: Reward=0.5436
  Episode 8/10: Reward=0.2610
  Episode 9/10: Reward=0.4672
  Episode 10/10: Reward=0.7756
  >> Decoder Loss: 0.001307
  >> SAC Q1 Loss: 0.0011, Policy Loss: -1.3236
Epoch 57 Val Acc: 0.8520 | LR: 0.10000
Epoch 58/200
  Episode 1/10: Reward=0.6270
  Episode 2/10: Reward=0.4666
  Episode 3/10: Reward=0.4642
  Episode 4/10: Reward=0.8274
  Episode 5/10: Reward=0.2976
  Episode 6/10: Reward=0.7936
  Episode 7/10: Reward=0.7562
  Episode 8/10: Reward=0.5390
  Episode 9/10: Reward=0.8018
  Episode 10/10: Reward=0.3422
  >> Decoder Loss: 0.001173
  >> SAC Q1 Loss: 0.0012, Policy Loss: -1.3252
Epoch 58 Val Acc: 0.8623 | LR: 0.10000
Epoch 59/200
  Episode 1/10: Reward=0.6182
  Episode 2/10: Reward=0.8088
  Episode 3/10: Reward=0.8016
  Episode 4/10: Reward=0.8320
  Episode 5/10: Reward=0.4854
  Episode 6/10: Reward=0.4414
  Episode 7/10: Reward=0.7990
  Episode 8/10: Reward=0.3580
  Episode 9/10: Reward=0.5432
  Episode 10/10: Reward=0.7326
  >> Decoder Loss: 0.001452
  >> SAC Q1 Loss: 0.0012, Policy Loss: -1.3282
Epoch 59 Val Acc: 0.8645 | LR: 0.10000
Epoch 60/200
  Episode 1/10: Reward=0.5894
  Episode 2/10: Reward=0.5554
  Episode 3/10: Reward=0.2922
  Episode 4/10: Reward=0.8178
  Episode 5/10: Reward=0.3676
  Episode 6/10: Reward=0.4676
  Episode 7/10: Reward=0.6364
  Episode 8/10: Reward=0.7788
  Episode 9/10: Reward=0.7054
  Episode 10/10: Reward=0.2546
  >> Decoder Loss: 0.001498
  >> SAC Q1 Loss: 0.0011, Policy Loss: -1.3417
Epoch 60 Val Acc: 0.8668 | LR: 0.10000
Epoch 61/200
  Episode 1/10: Reward=0.7308
  Episode 2/10: Reward=0.5008
  Episode 3/10: Reward=0.6130
  Episode 4/10: Reward=0.5762
  Episode 5/10: Reward=0.4554
  Episode 6/10: Reward=0.6044
  Episode 7/10: Reward=0.7268
  Episode 8/10: Reward=0.5950
  Episode 9/10: Reward=0.7610
  Episode 10/10: Reward=0.4882
  >> Decoder Loss: 0.001039
  >> SAC Q1 Loss: 0.0013, Policy Loss: -1.3308
Epoch 61 Val Acc: 0.8674 | LR: 0.10000
Epoch 62/200
  Episode 1/10: Reward=0.7802
  Episode 2/10: Reward=0.4828
  Episode 3/10: Reward=0.5132
  Episode 4/10: Reward=0.4482
  Episode 5/10: Reward=0.5032
  Episode 6/10: Reward=0.4362
  Episode 7/10: Reward=0.2546
  Episode 8/10: Reward=0.4960
  Episode 9/10: Reward=0.8134
  Episode 10/10: Reward=0.3532
  >> Decoder Loss: 0.001272
  >> SAC Q1 Loss: 0.0012, Policy Loss: -1.3378
Epoch 62 Val Acc: 0.8598 | LR: 0.10000
Epoch 63/200
  Episode 1/10: Reward=0.4234
  Episode 2/10: Reward=0.3894
  Episode 3/10: Reward=0.8348
  Episode 4/10: Reward=0.5264
  Episode 5/10: Reward=0.5632
  Episode 6/10: Reward=0.5372
  Episode 7/10: Reward=0.3748
  Episode 8/10: Reward=0.3972
  Episode 9/10: Reward=0.3678
  Episode 10/10: Reward=0.8472
  >> Decoder Loss: 0.001375
  >> SAC Q1 Loss: 0.0013, Policy Loss: -1.3304
Epoch 63 Val Acc: 0.8583 | LR: 0.10000
Epoch 64/200
  Episode 1/10: Reward=0.7344
  Episode 2/10: Reward=0.8244
  Episode 3/10: Reward=0.5234
  Episode 4/10: Reward=0.5404
  Episode 5/10: Reward=0.7998
  Episode 6/10: Reward=0.4622
  Episode 7/10: Reward=0.5770
  Episode 8/10: Reward=0.8054
  Episode 9/10: Reward=0.5242
  Episode 10/10: Reward=0.4852
  >> Decoder Loss: 0.002517
  >> SAC Q1 Loss: 0.0011, Policy Loss: -1.3332
Epoch 64 Val Acc: 0.8764 | LR: 0.10000
Epoch 65/200
  Episode 1/10: Reward=0.4450
  Episode 2/10: Reward=0.7018
  Episode 3/10: Reward=0.6798
[BestPolicy] Updated best reward: 0.8580
  Episode 4/10: Reward=0.8580
  Episode 5/10: Reward=0.7814
  Episode 6/10: Reward=0.2622
  Episode 7/10: Reward=0.7712
  Episode 8/10: Reward=0.5284
  Episode 9/10: Reward=0.8220
  Episode 10/10: Reward=0.3744
  >> Decoder Loss: 0.001735
  >> SAC Q1 Loss: 0.0012, Policy Loss: -1.3315
Epoch 65 Val Acc: 0.8107 | LR: 0.10000
Epoch 66/200
  Episode 1/10: Reward=0.4252
  Episode 2/10: Reward=0.3484
  Episode 3/10: Reward=0.3072
  Episode 4/10: Reward=0.6980
  Episode 5/10: Reward=0.7608
  Episode 6/10: Reward=0.7452
  Episode 7/10: Reward=0.4428
  Episode 8/10: Reward=0.7110
  Episode 9/10: Reward=0.5264
  Episode 10/10: Reward=0.7980
  >> Decoder Loss: 0.001803
  >> SAC Q1 Loss: 0.0012, Policy Loss: -1.3340
Epoch 66 Val Acc: 0.8740 | LR: 0.10000
Epoch 67/200
  Episode 1/10: Reward=0.7028
  Episode 2/10: Reward=0.7346
  Episode 3/10: Reward=0.4882
  Episode 4/10: Reward=0.8094
  Episode 5/10: Reward=0.4076
  Episode 6/10: Reward=0.7306
  Episode 7/10: Reward=0.7532
  Episode 8/10: Reward=0.3914
  Episode 9/10: Reward=0.6934
  Episode 10/10: Reward=0.7466
  >> Decoder Loss: 0.002174
  >> SAC Q1 Loss: 0.0012, Policy Loss: -1.3350
Epoch 67 Val Acc: 0.8747 | LR: 0.10000
Epoch 68/200
  Episode 1/10: Reward=0.5906
  Episode 2/10: Reward=0.8166
  Episode 3/10: Reward=0.5320
  Episode 4/10: Reward=0.8422
  Episode 5/10: Reward=0.7736
  Episode 6/10: Reward=0.7094
  Episode 7/10: Reward=0.3028
  Episode 8/10: Reward=0.3312
  Episode 9/10: Reward=0.7302
  Episode 10/10: Reward=0.2310
  >> Decoder Loss: 0.001674
  >> SAC Q1 Loss: 0.0012, Policy Loss: -1.3370
Epoch 68 Val Acc: 0.8291 | LR: 0.10000
Epoch 69/200
  Episode 1/10: Reward=0.6688
  Episode 2/10: Reward=0.3498
  Episode 3/10: Reward=0.3318
  Episode 4/10: Reward=0.7826
  Episode 5/10: Reward=0.2506
  Episode 6/10: Reward=0.8024
  Episode 7/10: Reward=0.2988
  Episode 8/10: Reward=0.2680
  Episode 9/10: Reward=0.7212
  Episode 10/10: Reward=0.6716
  >> Decoder Loss: 0.001569
  >> SAC Q1 Loss: 0.0012, Policy Loss: -1.3425
Epoch 69 Val Acc: 0.8668 | LR: 0.10000
Epoch 70/200
  Episode 1/10: Reward=0.8470
  Episode 2/10: Reward=0.8500
  Episode 3/10: Reward=0.5586
  Episode 4/10: Reward=0.3092
  Episode 5/10: Reward=0.8358
  Episode 6/10: Reward=0.6624
  Episode 7/10: Reward=0.4266
  Episode 8/10: Reward=0.6656
  Episode 9/10: Reward=0.3380
  Episode 10/10: Reward=0.2784
  >> Decoder Loss: 0.001809
  >> SAC Q1 Loss: 0.0012, Policy Loss: -1.3388
Epoch 70 Val Acc: 0.8161 | LR: 0.10000
Epoch 71/200
  Episode 1/10: Reward=0.4040
  Episode 2/10: Reward=0.5030
  Episode 3/10: Reward=0.3456
  Episode 4/10: Reward=0.4568
  Episode 5/10: Reward=0.8240
  Episode 6/10: Reward=0.7766
  Episode 7/10: Reward=0.6570
  Episode 8/10: Reward=0.3162
  Episode 9/10: Reward=0.5930
  Episode 10/10: Reward=0.2816
  >> Decoder Loss: 0.001723
  >> SAC Q1 Loss: 0.0012, Policy Loss: -1.3334
Epoch 71 Val Acc: 0.8742 | LR: 0.10000
Epoch 72/200
  Episode 1/10: Reward=0.8112
  Episode 2/10: Reward=0.2164
  Episode 3/10: Reward=0.8358
  Episode 4/10: Reward=0.2458
  Episode 5/10: Reward=0.7970
  Episode 6/10: Reward=0.7478
  Episode 7/10: Reward=0.5908
  Episode 8/10: Reward=0.2618
  Episode 9/10: Reward=0.2068
  Episode 10/10: Reward=0.7684
  >> Decoder Loss: 0.001536
  >> SAC Q1 Loss: 0.0012, Policy Loss: -1.3339
Epoch 72 Val Acc: 0.8815 | LR: 0.10000
Epoch 73/200
  Episode 1/10: Reward=0.6996
  Episode 2/10: Reward=0.8556
  Episode 3/10: Reward=0.8474
  Episode 4/10: Reward=0.4388
  Episode 5/10: Reward=0.6286
  Episode 6/10: Reward=0.5318
  Episode 7/10: Reward=0.5720
  Episode 8/10: Reward=0.8456
  Episode 9/10: Reward=0.6942
  Episode 10/10: Reward=0.7060
  >> Decoder Loss: 0.001256
  >> SAC Q1 Loss: 0.0015, Policy Loss: -1.3307
Epoch 73 Val Acc: 0.8652 | LR: 0.10000
Epoch 74/200
  Episode 1/10: Reward=0.4126
  Episode 2/10: Reward=0.3342
  Episode 3/10: Reward=0.1846
  Episode 4/10: Reward=0.3460
  Episode 5/10: Reward=0.7574
  Episode 6/10: Reward=0.7880
  Episode 7/10: Reward=0.7480
  Episode 8/10: Reward=0.7144
  Episode 9/10: Reward=0.6812
  Episode 10/10: Reward=0.7254
  >> Decoder Loss: 0.001784
  >> SAC Q1 Loss: 0.0012, Policy Loss: -1.3387
Epoch 74 Val Acc: 0.8526 | LR: 0.10000
Epoch 75/200
  Episode 1/10: Reward=0.2836
  Episode 2/10: Reward=0.7146
  Episode 3/10: Reward=0.4838
  Episode 4/10: Reward=0.7354
  Episode 5/10: Reward=0.2484
  Episode 6/10: Reward=0.6328
  Episode 7/10: Reward=0.4432
  Episode 8/10: Reward=0.5580
  Episode 9/10: Reward=0.8102
  Episode 10/10: Reward=0.6966
  >> Decoder Loss: 0.001147
  >> SAC Q1 Loss: 0.0012, Policy Loss: -1.3337
Epoch 75 Val Acc: 0.8683 | LR: 0.10000
Epoch 76/200
  Episode 1/10: Reward=0.3400
  Episode 2/10: Reward=0.3862
  Episode 3/10: Reward=0.2888
  Episode 4/10: Reward=0.7790
  Episode 5/10: Reward=0.7582
  Episode 6/10: Reward=0.5464
  Episode 7/10: Reward=0.7478
  Episode 8/10: Reward=0.7124
  Episode 9/10: Reward=0.4388
  Episode 10/10: Reward=0.7744
  >> Decoder Loss: 0.001377
  >> SAC Q1 Loss: 0.0013, Policy Loss: -1.3428
Epoch 76 Val Acc: 0.8774 | LR: 0.10000
Epoch 77/200
  Episode 1/10: Reward=0.5186
  Episode 2/10: Reward=0.6972
  Episode 3/10: Reward=0.8218
  Episode 4/10: Reward=0.8096
  Episode 5/10: Reward=0.4462
  Episode 6/10: Reward=0.7842
  Episode 7/10: Reward=0.7864
  Episode 8/10: Reward=0.2572
  Episode 9/10: Reward=0.8106
  Episode 10/10: Reward=0.8254
  >> Decoder Loss: 0.001304
  >> SAC Q1 Loss: 0.0011, Policy Loss: -1.3471
Epoch 77 Val Acc: 0.8683 | LR: 0.10000
Epoch 78/200
  Episode 1/10: Reward=0.6938
  Episode 2/10: Reward=0.3800
  Episode 3/10: Reward=0.5522
  Episode 4/10: Reward=0.3764
  Episode 5/10: Reward=0.8090
  Episode 6/10: Reward=0.5346
  Episode 7/10: Reward=0.5852
  Episode 8/10: Reward=0.8316
  Episode 9/10: Reward=0.8026
  Episode 10/10: Reward=0.3590
  >> Decoder Loss: 0.001229
  >> SAC Q1 Loss: 0.0011, Policy Loss: -1.3560
Epoch 78 Val Acc: 0.8632 | LR: 0.10000
Epoch 79/200
  Episode 1/10: Reward=0.4768
  Episode 2/10: Reward=0.5448
  Episode 3/10: Reward=0.5176
  Episode 4/10: Reward=0.3900
  Episode 5/10: Reward=0.8094
  Episode 6/10: Reward=0.4700
  Episode 7/10: Reward=0.6744
  Episode 8/10: Reward=0.4406
  Episode 9/10: Reward=0.8546
  Episode 10/10: Reward=0.8364
  >> Decoder Loss: 0.001714
  >> SAC Q1 Loss: 0.0011, Policy Loss: -1.3570
Epoch 79 Val Acc: 0.8702 | LR: 0.10000
Epoch 80/200
  Episode 1/10: Reward=0.4032
  Episode 2/10: Reward=0.6996
  Episode 3/10: Reward=0.6840
  Episode 4/10: Reward=0.8522
  Episode 5/10: Reward=0.3224
  Episode 6/10: Reward=0.3792
  Episode 7/10: Reward=0.2974
  Episode 8/10: Reward=0.6078
  Episode 9/10: Reward=0.4030
  Episode 10/10: Reward=0.8206
  >> Decoder Loss: 0.001340
  >> SAC Q1 Loss: 0.0012, Policy Loss: -1.3517
Epoch 80 Val Acc: 0.8755 | LR: 0.10000
Epoch 81/200
  Episode 1/10: Reward=0.5596
  Episode 2/10: Reward=0.3566
  Episode 3/10: Reward=0.1776
  Episode 4/10: Reward=0.7554
  Episode 5/10: Reward=0.3366
  Episode 6/10: Reward=0.7928
  Episode 7/10: Reward=0.6396
  Episode 8/10: Reward=0.7126
  Episode 9/10: Reward=0.7704
  Episode 10/10: Reward=0.2976
  >> Decoder Loss: 0.001272
  >> SAC Q1 Loss: 0.0012, Policy Loss: -1.3551
Epoch 81 Val Acc: 0.8726 | LR: 0.10000
Epoch 82/200
  Episode 1/10: Reward=0.4918
  Episode 2/10: Reward=0.7406
  Episode 3/10: Reward=0.6860
  Episode 4/10: Reward=0.8208
  Episode 5/10: Reward=0.7682
  Episode 6/10: Reward=0.3144
  Episode 7/10: Reward=0.3358
  Episode 8/10: Reward=0.4864
  Episode 9/10: Reward=0.7468
  Episode 10/10: Reward=0.7536
  >> Decoder Loss: 0.001518
  >> SAC Q1 Loss: 0.0011, Policy Loss: -1.3606
Epoch 82 Val Acc: 0.8573 | LR: 0.10000
Epoch 83/200
  Episode 1/10: Reward=0.7978
  Episode 2/10: Reward=0.1638
  Episode 3/10: Reward=0.4328
  Episode 4/10: Reward=0.4106
  Episode 5/10: Reward=0.3896
  Episode 6/10: Reward=0.1954
  Episode 7/10: Reward=0.7172
  Episode 8/10: Reward=0.6008
  Episode 9/10: Reward=0.4354
  Episode 10/10: Reward=0.3528
  >> Decoder Loss: 0.001223
  >> SAC Q1 Loss: 0.0011, Policy Loss: -1.3666
Epoch 83 Val Acc: 0.8810 | LR: 0.10000
Epoch 84/200
[BestPolicy] Updated best reward: 0.8592
  Episode 1/10: Reward=0.8592
  Episode 2/10: Reward=0.6908
  Episode 3/10: Reward=0.7870
  Episode 4/10: Reward=0.4498
  Episode 5/10: Reward=0.2778
  Episode 6/10: Reward=0.5652
  Episode 7/10: Reward=0.3240
  Episode 8/10: Reward=0.8110
  Episode 9/10: Reward=0.3636
  Episode 10/10: Reward=0.8000
  >> Decoder Loss: 0.001040
  >> SAC Q1 Loss: 0.0012, Policy Loss: -1.3610
Epoch 84 Val Acc: 0.8747 | LR: 0.10000
Epoch 85/200
  Episode 1/10: Reward=0.8182
  Episode 2/10: Reward=0.2008
  Episode 3/10: Reward=0.5370
  Episode 4/10: Reward=0.3816
  Episode 5/10: Reward=0.3398
  Episode 6/10: Reward=0.7900
  Episode 7/10: Reward=0.5490
  Episode 8/10: Reward=0.3738
  Episode 9/10: Reward=0.3218
  Episode 10/10: Reward=0.2734
  >> Decoder Loss: 0.001132
  >> SAC Q1 Loss: 0.0011, Policy Loss: -1.3634
Epoch 85 Val Acc: 0.8646 | LR: 0.10000
Epoch 86/200
  Episode 1/10: Reward=0.8340
  Episode 2/10: Reward=0.7998
  Episode 3/10: Reward=0.4054
  Episode 4/10: Reward=0.3512
  Episode 5/10: Reward=0.4028
  Episode 6/10: Reward=0.7724
  Episode 7/10: Reward=0.6590
  Episode 8/10: Reward=0.3956
  Episode 9/10: Reward=0.7636
  Episode 10/10: Reward=0.8106
  >> Decoder Loss: 0.001138
  >> SAC Q1 Loss: 0.0012, Policy Loss: -1.3673
Epoch 86 Val Acc: 0.8373 | LR: 0.10000
Epoch 87/200
  Episode 1/10: Reward=0.6668
  Episode 2/10: Reward=0.3582
  Episode 3/10: Reward=0.3032
  Episode 4/10: Reward=0.8044
  Episode 5/10: Reward=0.4894
  Episode 6/10: Reward=0.7592
  Episode 7/10: Reward=0.3722
  Episode 8/10: Reward=0.4520
  Episode 9/10: Reward=0.3042
  Episode 10/10: Reward=0.3772
  >> Decoder Loss: 0.001255
  >> SAC Q1 Loss: 0.0012, Policy Loss: -1.3650
Epoch 87 Val Acc: 0.8711 | LR: 0.10000
Epoch 88/200
  Episode 1/10: Reward=0.4420
  Episode 2/10: Reward=0.7706
  Episode 3/10: Reward=0.3034
  Episode 4/10: Reward=0.3786
  Episode 5/10: Reward=0.1750
  Episode 6/10: Reward=0.6588
  Episode 7/10: Reward=0.8170
  Episode 8/10: Reward=0.3324
  Episode 9/10: Reward=0.7272
  Episode 10/10: Reward=0.5066
  >> Decoder Loss: 0.000952
  >> SAC Q1 Loss: 0.0012, Policy Loss: -1.3730
Epoch 88 Val Acc: 0.8683 | LR: 0.10000
Epoch 89/200
  Episode 1/10: Reward=0.7312
  Episode 2/10: Reward=0.8282
  Episode 3/10: Reward=0.7990
  Episode 4/10: Reward=0.6014
  Episode 5/10: Reward=0.3670
  Episode 6/10: Reward=0.3580
  Episode 7/10: Reward=0.6654
  Episode 8/10: Reward=0.6420
  Episode 9/10: Reward=0.3786
  Episode 10/10: Reward=0.7490
  >> Decoder Loss: 0.001152
  >> SAC Q1 Loss: 0.0011, Policy Loss: -1.3686
Epoch 89 Val Acc: 0.8657 | LR: 0.10000
Epoch 90/200
  Episode 1/10: Reward=0.8208
  Episode 2/10: Reward=0.6542
  Episode 3/10: Reward=0.7760
  Episode 4/10: Reward=0.6920
  Episode 5/10: Reward=0.4084
  Episode 6/10: Reward=0.8092
  Episode 7/10: Reward=0.2746
  Episode 8/10: Reward=0.8138
  Episode 9/10: Reward=0.4128
  Episode 10/10: Reward=0.5104
  >> Decoder Loss: 0.000953
  >> SAC Q1 Loss: 0.0011, Policy Loss: -1.3691
Epoch 90 Val Acc: 0.8542 | LR: 0.10000

=== [Phase 4] Weights Training with Lalign (Alignment) ===
  >> Best policy loaded. Applying Soft Alignment...
Epoch 91/200 Val Acc: 0.8475
Epoch 92/200 Val Acc: 0.8620
Epoch 93/200 Val Acc: 0.8444
Epoch 94/200 Val Acc: 0.8279
Epoch 95/200 Val Acc: 0.8526
Epoch 96/200 Val Acc: 0.8634
Epoch 97/200 Val Acc: 0.8636
Epoch 98/200 Val Acc: 0.8375
Epoch 99/200 Val Acc: 0.8418
Epoch 100/200 Val Acc: 0.8498
Epoch 101/200 Val Acc: 0.8782
Epoch 102/200 Val Acc: 0.8459
Epoch 103/200 Val Acc: 0.8726
Epoch 104/200 Val Acc: 0.8536
Epoch 105/200 Val Acc: 0.8631
Epoch 106/200 Val Acc: 0.8634
Epoch 107/200 Val Acc: 0.8567
Epoch 108/200 Val Acc: 0.8695
Epoch 109/200 Val Acc: 0.8743
Epoch 110/200 Val Acc: 0.8340
Epoch 111/200 Val Acc: 0.9130
Epoch 112/200 Val Acc: 0.9176
Epoch 113/200 Val Acc: 0.9200
Epoch 114/200 Val Acc: 0.9190
Epoch 115/200 Val Acc: 0.9187
Epoch 116/200 Val Acc: 0.9193
Epoch 117/200 Val Acc: 0.9209
Epoch 118/200 Val Acc: 0.9187
Epoch 119/200 Val Acc: 0.9205
Epoch 120/200 Val Acc: 0.9194
Epoch 121/200 Val Acc: 0.9192
Epoch 122/200 Val Acc: 0.9207
Epoch 123/200 Val Acc: 0.9206
Epoch 124/200 Val Acc: 0.9186
Epoch 125/200 Val Acc: 0.9200
Epoch 126/200 Val Acc: 0.9180
Epoch 127/200 Val Acc: 0.9201
Epoch 128/200 Val Acc: 0.9190
Epoch 129/200 Val Acc: 0.9206
Epoch 130/200 Val Acc: 0.9186
Epoch 131/200 Val Acc: 0.9191
Epoch 132/200 Val Acc: 0.9201
Epoch 133/200 Val Acc: 0.9187
Epoch 134/200 Val Acc: 0.9210
Epoch 135/200 Val Acc: 0.9207
Epoch 136/200 Val Acc: 0.9206
Epoch 137/200 Val Acc: 0.9222
Epoch 138/200 Val Acc: 0.9216
Epoch 139/200 Val Acc: 0.9203
Epoch 140/200 Val Acc: 0.9206
Epoch 141/200 Val Acc: 0.9209
Epoch 142/200 Val Acc: 0.9208
Epoch 143/200 Val Acc: 0.9197
Epoch 144/200 Val Acc: 0.9230
Epoch 145/200 Val Acc: 0.9200
Epoch 146/200 Val Acc: 0.9207
Epoch 147/200 Val Acc: 0.9189
Epoch 148/200 Val Acc: 0.9207
Epoch 149/200 Val Acc: 0.9225
Epoch 150/200 Val Acc: 0.9203
Epoch 151/200 Val Acc: 0.9204
Epoch 152/200 Val Acc: 0.9221
Epoch 153/200 Val Acc: 0.9214
Epoch 154/200 Val Acc: 0.9229
Epoch 155/200 Val Acc: 0.9220
Epoch 156/200 Val Acc: 0.9204
Epoch 157/200 Val Acc: 0.9174
Epoch 158/200 Val Acc: 0.9215
Epoch 159/200 Val Acc: 0.9213
Epoch 160/200 Val Acc: 0.9192
Epoch 161/200 Val Acc: 0.9193
Epoch 162/200 Val Acc: 0.9211
Epoch 163/200 Val Acc: 0.9219
Epoch 164/200 Val Acc: 0.9215
Epoch 165/200 Val Acc: 0.9201
Epoch 166/200 Val Acc: 0.9212
Epoch 167/200 Val Acc: 0.9204
Epoch 168/200 Val Acc: 0.9225
Epoch 169/200 Val Acc: 0.9221
Epoch 170/200 Val Acc: 0.9216
Epoch 171/200 Val Acc: 0.9228
Epoch 172/200 Val Acc: 0.9218
Epoch 173/200 Val Acc: 0.9208
Epoch 174/200 Val Acc: 0.9214
Epoch 175/200 Val Acc: 0.9211
Epoch 176/200 Val Acc: 0.9230
Epoch 177/200 Val Acc: 0.9214
Epoch 178/200 Val Acc: 0.9214
Epoch 179/200 Val Acc: 0.9214
Epoch 180/200 Val Acc: 0.9224
Epoch 181/200 Val Acc: 0.9213
Epoch 182/200 Val Acc: 0.9217
Epoch 183/200 Val Acc: 0.9219
Epoch 184/200 Val Acc: 0.9220
Epoch 185/200 Val Acc: 0.9235
Epoch 186/200 Val Acc: 0.9216
Epoch 187/200 Val Acc: 0.9225
Epoch 188/200 Val Acc: 0.9214
Epoch 189/200 Val Acc: 0.9225
Epoch 190/200 Val Acc: 0.9217
Epoch 191/200 Val Acc: 0.9222
Epoch 192/200 Val Acc: 0.9226
Epoch 193/200 Val Acc: 0.9227
Epoch 194/200 Val Acc: 0.9224
Epoch 195/200 Val Acc: 0.9218
Epoch 196/200 Val Acc: 0.9224
Epoch 197/200 Val Acc: 0.9217
Epoch 198/200 Val Acc: 0.9213
Epoch 199/200 Val Acc: 0.9220
Epoch 200/200 Val Acc: 0.9201

=== [Phase 5] Final Fine-tuning ===
Training Complete.
