Using device: cuda:7
>> TensorBoard logging to checkpoints/paramcloss-kl/runs
>> Data: Splitting 45k (Train) / 5k (Reward) / 10k (Test)
ModelWrapper: Detected 27 prunable blocks (Conv1+Conv2 pairs).
Env Init: Original=125.04M, Target=62.52M
Environment initialized. State dim: 9, Target Prune Rate: 0.5

=== [Phase 1] Warmup (Weights Training) ===
Epoch 1 Val Acc: 0.3690 | LR: 0.10000
Epoch 2 Val Acc: 0.4339 | LR: 0.10000
Epoch 3 Val Acc: 0.5664 | LR: 0.10000
Epoch 4 Val Acc: 0.6791 | LR: 0.10000
Epoch 5 Val Acc: 0.7217 | LR: 0.10000
Epoch 6 Val Acc: 0.7242 | LR: 0.10000
Epoch 7 Val Acc: 0.6744 | LR: 0.10000
Epoch 8 Val Acc: 0.7789 | LR: 0.10000
Epoch 9 Val Acc: 0.7702 | LR: 0.10000
Epoch 10 Val Acc: 0.7904 | LR: 0.10000
>> Warmup done. Updating base weights for Agent...

=== [Phase 2] Fill Buffer (Pure Random Exploration) ===
Epoch 11/200
  Fill Episode 1/10: Reward=0.6354
  Fill Episode 2/10: Reward=0.6644
  Fill Episode 3/10: Reward=0.6856
  Fill Episode 4/10: Reward=0.6802
  Fill Episode 5/10: Reward=0.6102
  Fill Episode 6/10: Reward=0.6872
  Fill Episode 7/10: Reward=0.6950
  Fill Episode 8/10: Reward=0.5436
  Fill Episode 9/10: Reward=0.7110
  Fill Episode 10/10: Reward=0.5790
Epoch 12/200
  Fill Episode 1/10: Reward=0.6136
  Fill Episode 2/10: Reward=0.6558
  Fill Episode 3/10: Reward=0.7222
  Fill Episode 4/10: Reward=0.7066
  Fill Episode 5/10: Reward=0.6208
  Fill Episode 6/10: Reward=0.6674
  Fill Episode 7/10: Reward=0.5144
  Fill Episode 8/10: Reward=0.6454
  Fill Episode 9/10: Reward=0.6674
  Fill Episode 10/10: Reward=0.5258
Epoch 13/200
  Fill Episode 1/10: Reward=0.5494
  Fill Episode 2/10: Reward=0.7004
  Fill Episode 3/10: Reward=0.6418
  Fill Episode 4/10: Reward=0.6296
  Fill Episode 5/10: Reward=0.7116
  Fill Episode 6/10: Reward=0.6048
  Fill Episode 7/10: Reward=0.6702
  Fill Episode 8/10: Reward=0.6980
  Fill Episode 9/10: Reward=0.6618
  Fill Episode 10/10: Reward=0.7202
Epoch 14/200
  Fill Episode 1/10: Reward=0.6716
  Fill Episode 2/10: Reward=0.6832
  Fill Episode 3/10: Reward=0.6848
  Fill Episode 4/10: Reward=0.6802
  Fill Episode 5/10: Reward=0.6580
  Fill Episode 6/10: Reward=0.6806
  Fill Episode 7/10: Reward=0.5282
  Fill Episode 8/10: Reward=0.6850
  Fill Episode 9/10: Reward=0.6080
  Fill Episode 10/10: Reward=0.6122
Epoch 15/200
  Fill Episode 1/10: Reward=0.6548
  Fill Episode 2/10: Reward=0.7060
  Fill Episode 3/10: Reward=0.6418
  Fill Episode 4/10: Reward=0.6426
  Fill Episode 5/10: Reward=0.5604
  Fill Episode 6/10: Reward=0.7100
  Fill Episode 7/10: Reward=0.6770
  Fill Episode 8/10: Reward=0.7136
  Fill Episode 9/10: Reward=0.5508
  Fill Episode 10/10: Reward=0.6594
Epoch 16/200
  Fill Episode 1/10: Reward=0.6732
  Fill Episode 2/10: Reward=0.5594
  Fill Episode 3/10: Reward=0.6720
  Fill Episode 4/10: Reward=0.5840
  Fill Episode 5/10: Reward=0.6154
  Fill Episode 6/10: Reward=0.6596
  Fill Episode 7/10: Reward=0.5912
  Fill Episode 8/10: Reward=0.6722
  Fill Episode 9/10: Reward=0.6874
  Fill Episode 10/10: Reward=0.6680
Epoch 17/200
  Fill Episode 1/10: Reward=0.6488
  Fill Episode 2/10: Reward=0.6600
  Fill Episode 3/10: Reward=0.5988
  Fill Episode 4/10: Reward=0.7118
  Fill Episode 5/10: Reward=0.7120
  Fill Episode 6/10: Reward=0.6770
  Fill Episode 7/10: Reward=0.5934
  Fill Episode 8/10: Reward=0.6360
  Fill Episode 9/10: Reward=0.6782
  Fill Episode 10/10: Reward=0.6478
Epoch 18/200
  Fill Episode 1/10: Reward=0.6040
  Fill Episode 2/10: Reward=0.6316
  Fill Episode 3/10: Reward=0.5476
  Fill Episode 4/10: Reward=0.6694
  Fill Episode 5/10: Reward=0.5878
  Fill Episode 6/10: Reward=0.6834
  Fill Episode 7/10: Reward=0.6734
  Fill Episode 8/10: Reward=0.5874
  Fill Episode 9/10: Reward=0.6790
  Fill Episode 10/10: Reward=0.6440
Epoch 19/200
  Fill Episode 1/10: Reward=0.7078
  Fill Episode 2/10: Reward=0.6546
  Fill Episode 3/10: Reward=0.6492
  Fill Episode 4/10: Reward=0.6532
  Fill Episode 5/10: Reward=0.6400
  Fill Episode 6/10: Reward=0.5608
  Fill Episode 7/10: Reward=0.6618
  Fill Episode 8/10: Reward=0.6594
  Fill Episode 9/10: Reward=0.6496
  Fill Episode 10/10: Reward=0.6820
Epoch 20/200
  Fill Episode 1/10: Reward=0.7152
  Fill Episode 2/10: Reward=0.6904
  Fill Episode 3/10: Reward=0.6984
  Fill Episode 4/10: Reward=0.6256
  Fill Episode 5/10: Reward=0.6852
  Fill Episode 6/10: Reward=0.6998
  Fill Episode 7/10: Reward=0.6372
  Fill Episode 8/10: Reward=0.6586
  Fill Episode 9/10: Reward=0.6826
  Fill Episode 10/10: Reward=0.6916

=== [Phase 3] Joint Agent Training & Pruning Search ===
Epoch 21/200
[BestPolicy] Updated best reward: 0.5944
  Episode 1/10: Reward=0.5944
  Episode 2/10: Reward=0.5716
[BestPolicy] Updated best reward: 0.6760
  Episode 3/10: Reward=0.6760
  Episode 4/10: Reward=0.6494
[BestPolicy] Updated best reward: 0.6928
  Episode 5/10: Reward=0.6928
[BestPolicy] Updated best reward: 0.6968
  Episode 6/10: Reward=0.6968
  Episode 7/10: Reward=0.5968
  Episode 8/10: Reward=0.5620
  Episode 9/10: Reward=0.6592
  Episode 10/10: Reward=0.5314
  >> Decoder Loss: 0.018516
  >> SAC Q1 Loss: 0.0237, Policy Loss: 0.1103, Consistency Loss: 0.0227
Epoch 21 Val Acc: 0.8000 | LR: 0.10000
Epoch 22/200
  Episode 1/10: Reward=0.6160
  Episode 2/10: Reward=0.5358
  Episode 3/10: Reward=0.6216
[BestPolicy] Updated best reward: 0.7136
  Episode 4/10: Reward=0.7136
  Episode 5/10: Reward=0.6670
  Episode 6/10: Reward=0.6286
  Episode 7/10: Reward=0.6902
[BestPolicy] Updated best reward: 0.7214
  Episode 8/10: Reward=0.7214
  Episode 9/10: Reward=0.6342
  Episode 10/10: Reward=0.5622
  >> Decoder Loss: 0.014325
  >> SAC Q1 Loss: 0.0088, Policy Loss: -0.0282, Consistency Loss: 0.0079
Epoch 22 Val Acc: 0.8309 | LR: 0.10000
Epoch 23/200
  Episode 1/10: Reward=0.6416
[BestPolicy] Updated best reward: 0.7452
  Episode 2/10: Reward=0.7452
  Episode 3/10: Reward=0.7026
  Episode 4/10: Reward=0.7394
  Episode 5/10: Reward=0.5442
  Episode 6/10: Reward=0.6998
  Episode 7/10: Reward=0.7334
  Episode 8/10: Reward=0.7020
  Episode 9/10: Reward=0.5892
  Episode 10/10: Reward=0.6694
  >> Decoder Loss: 0.013612
  >> SAC Q1 Loss: 0.0032, Policy Loss: -0.1246, Consistency Loss: 0.0058
Epoch 23 Val Acc: 0.8054 | LR: 0.10000
Epoch 24/200
  Episode 1/10: Reward=0.6642
  Episode 2/10: Reward=0.6736
  Episode 3/10: Reward=0.6894
  Episode 4/10: Reward=0.5946
  Episode 5/10: Reward=0.6516
  Episode 6/10: Reward=0.6590
  Episode 7/10: Reward=0.6478
  Episode 8/10: Reward=0.5444
  Episode 9/10: Reward=0.6812
  Episode 10/10: Reward=0.5956
  >> Decoder Loss: 0.012681
  >> SAC Q1 Loss: 0.0009, Policy Loss: -0.2165, Consistency Loss: 0.0050
Epoch 24 Val Acc: 0.8248 | LR: 0.10000
Epoch 25/200
  Episode 1/10: Reward=0.6642
  Episode 2/10: Reward=0.6926
[BestPolicy] Updated best reward: 0.7526
  Episode 3/10: Reward=0.7526
  Episode 4/10: Reward=0.6112
  Episode 5/10: Reward=0.6760
  Episode 6/10: Reward=0.7316
  Episode 7/10: Reward=0.6600
  Episode 8/10: Reward=0.6398
  Episode 9/10: Reward=0.5856
  Episode 10/10: Reward=0.7462
  >> Decoder Loss: 0.010436
  >> SAC Q1 Loss: 0.0006, Policy Loss: -0.2982, Consistency Loss: 0.0046
Epoch 25 Val Acc: 0.8266 | LR: 0.10000
Epoch 26/200
  Episode 1/10: Reward=0.5926
  Episode 2/10: Reward=0.5848
  Episode 3/10: Reward=0.6936
  Episode 4/10: Reward=0.6920
  Episode 5/10: Reward=0.6772
  Episode 6/10: Reward=0.5862
  Episode 7/10: Reward=0.7412
  Episode 8/10: Reward=0.7514
[BestPolicy] Updated best reward: 0.7778
  Episode 9/10: Reward=0.7778
  Episode 10/10: Reward=0.7086
  >> Decoder Loss: 0.009563
  >> SAC Q1 Loss: 0.0007, Policy Loss: -0.3816, Consistency Loss: 0.0058
Epoch 26 Val Acc: 0.8354 | LR: 0.10000
Epoch 27/200
  Episode 1/10: Reward=0.6582
  Episode 2/10: Reward=0.6458
  Episode 3/10: Reward=0.6178
  Episode 4/10: Reward=0.7496
  Episode 5/10: Reward=0.6746
  Episode 6/10: Reward=0.7134
  Episode 7/10: Reward=0.6094
  Episode 8/10: Reward=0.7296
  Episode 9/10: Reward=0.6712
  Episode 10/10: Reward=0.7206
  >> Decoder Loss: 0.008564
  >> SAC Q1 Loss: 0.0010, Policy Loss: -0.4580, Consistency Loss: 0.0046
Epoch 27 Val Acc: 0.8291 | LR: 0.10000
Epoch 28/200
  Episode 1/10: Reward=0.6318
  Episode 2/10: Reward=0.6140
  Episode 3/10: Reward=0.7432
  Episode 4/10: Reward=0.5192
[BestPolicy] Updated best reward: 0.7850
  Episode 5/10: Reward=0.7850
  Episode 6/10: Reward=0.7498
  Episode 7/10: Reward=0.5792
  Episode 8/10: Reward=0.6798
  Episode 9/10: Reward=0.7158
  Episode 10/10: Reward=0.6808
  >> Decoder Loss: 0.007471
  >> SAC Q1 Loss: 0.0015, Policy Loss: -0.5370, Consistency Loss: 0.0041
Epoch 28 Val Acc: 0.8402 | LR: 0.10000
Epoch 29/200
  Episode 1/10: Reward=0.6420
  Episode 2/10: Reward=0.7084
  Episode 3/10: Reward=0.6898
  Episode 4/10: Reward=0.7478
  Episode 5/10: Reward=0.7264
  Episode 6/10: Reward=0.6968
  Episode 7/10: Reward=0.6322
  Episode 8/10: Reward=0.6740
  Episode 9/10: Reward=0.7028
  Episode 10/10: Reward=0.5308
  >> Decoder Loss: 0.007268
  >> SAC Q1 Loss: 0.0019, Policy Loss: -0.6171, Consistency Loss: 0.0047
Epoch 29 Val Acc: 0.8373 | LR: 0.10000
Epoch 30/200
  Episode 1/10: Reward=0.6464
  Episode 2/10: Reward=0.7846
  Episode 3/10: Reward=0.5674
  Episode 4/10: Reward=0.7170
  Episode 5/10: Reward=0.7392
  Episode 6/10: Reward=0.6100
  Episode 7/10: Reward=0.7116
  Episode 8/10: Reward=0.7794
  Episode 9/10: Reward=0.7188
  Episode 10/10: Reward=0.6688
  >> Decoder Loss: 0.006504
  >> SAC Q1 Loss: 0.0019, Policy Loss: -0.6868, Consistency Loss: 0.0042
Epoch 30 Val Acc: 0.8483 | LR: 0.10000
Epoch 31/200
  Episode 1/10: Reward=0.5674
  Episode 2/10: Reward=0.6816
  Episode 3/10: Reward=0.6822
  Episode 4/10: Reward=0.7430
  Episode 5/10: Reward=0.7154
  Episode 6/10: Reward=0.6358
[BestPolicy] Updated best reward: 0.7910
  Episode 7/10: Reward=0.7910
  Episode 8/10: Reward=0.6204
  Episode 9/10: Reward=0.6710
  Episode 10/10: Reward=0.5684
  >> Decoder Loss: 0.006442
  >> SAC Q1 Loss: 0.0018, Policy Loss: -0.7461, Consistency Loss: 0.0049
Epoch 31 Val Acc: 0.8520 | LR: 0.10000
Epoch 32/200
  Episode 1/10: Reward=0.7024
  Episode 2/10: Reward=0.6182
  Episode 3/10: Reward=0.6574
  Episode 4/10: Reward=0.6104
  Episode 5/10: Reward=0.6722
  Episode 6/10: Reward=0.6446
  Episode 7/10: Reward=0.6794
  Episode 8/10: Reward=0.5030
  Episode 9/10: Reward=0.7060
  Episode 10/10: Reward=0.6572
  >> Decoder Loss: 0.005139
  >> SAC Q1 Loss: 0.0015, Policy Loss: -0.8112, Consistency Loss: 0.0029
Epoch 32 Val Acc: 0.8321 | LR: 0.10000
Epoch 33/200
  Episode 1/10: Reward=0.6908
  Episode 2/10: Reward=0.6948
  Episode 3/10: Reward=0.7304
  Episode 4/10: Reward=0.6264
  Episode 5/10: Reward=0.7020
  Episode 6/10: Reward=0.6722
  Episode 7/10: Reward=0.7392
  Episode 8/10: Reward=0.6588
  Episode 9/10: Reward=0.7234
  Episode 10/10: Reward=0.7500
  >> Decoder Loss: 0.005477
  >> SAC Q1 Loss: 0.0011, Policy Loss: -0.8662, Consistency Loss: 0.0033
Epoch 33 Val Acc: 0.8477 | LR: 0.10000
Epoch 34/200
  Episode 1/10: Reward=0.7258
  Episode 2/10: Reward=0.5464
  Episode 3/10: Reward=0.7594
  Episode 4/10: Reward=0.7230
  Episode 5/10: Reward=0.6984
  Episode 6/10: Reward=0.7288
  Episode 7/10: Reward=0.6172
  Episode 8/10: Reward=0.7104
  Episode 9/10: Reward=0.6954
  Episode 10/10: Reward=0.7010
  >> Decoder Loss: 0.004224
  >> SAC Q1 Loss: 0.0007, Policy Loss: -0.9205, Consistency Loss: 0.0035
Epoch 34 Val Acc: 0.8395 | LR: 0.10000
Epoch 35/200
  Episode 1/10: Reward=0.6540
  Episode 2/10: Reward=0.5646
  Episode 3/10: Reward=0.7096
  Episode 4/10: Reward=0.6734
  Episode 5/10: Reward=0.6802
  Episode 6/10: Reward=0.6718
  Episode 7/10: Reward=0.5988
  Episode 8/10: Reward=0.6090
  Episode 9/10: Reward=0.6400
  Episode 10/10: Reward=0.6540
  >> Decoder Loss: 0.004991
  >> SAC Q1 Loss: 0.0008, Policy Loss: -0.9716, Consistency Loss: 0.0032
Epoch 35 Val Acc: 0.8196 | LR: 0.10000
Epoch 36/200
  Episode 1/10: Reward=0.6052
  Episode 2/10: Reward=0.7088
  Episode 3/10: Reward=0.7576
  Episode 4/10: Reward=0.6880
  Episode 5/10: Reward=0.7016
  Episode 6/10: Reward=0.7576
  Episode 7/10: Reward=0.6934
  Episode 8/10: Reward=0.7100
  Episode 9/10: Reward=0.7076
  Episode 10/10: Reward=0.6638
  >> Decoder Loss: 0.003046
  >> SAC Q1 Loss: 0.0007, Policy Loss: -1.0183, Consistency Loss: 0.0037
Epoch 36 Val Acc: 0.8623 | LR: 0.10000
Epoch 37/200
  Episode 1/10: Reward=0.6714
  Episode 2/10: Reward=0.6672
  Episode 3/10: Reward=0.7430
  Episode 4/10: Reward=0.5832
  Episode 5/10: Reward=0.6272
  Episode 6/10: Reward=0.7376
  Episode 7/10: Reward=0.6898
  Episode 8/10: Reward=0.7322
  Episode 9/10: Reward=0.6508
  Episode 10/10: Reward=0.6884
  >> Decoder Loss: 0.003470
  >> SAC Q1 Loss: 0.0008, Policy Loss: -1.0621, Consistency Loss: 0.0037
Epoch 37 Val Acc: 0.8468 | LR: 0.10000
Epoch 38/200
  Episode 1/10: Reward=0.7356
  Episode 2/10: Reward=0.7234
  Episode 3/10: Reward=0.7418
  Episode 4/10: Reward=0.7404
  Episode 5/10: Reward=0.7210
  Episode 6/10: Reward=0.7180
  Episode 7/10: Reward=0.7200
  Episode 8/10: Reward=0.6256
  Episode 9/10: Reward=0.6400
  Episode 10/10: Reward=0.7218
  >> Decoder Loss: 0.002688
  >> SAC Q1 Loss: 0.0007, Policy Loss: -1.1034, Consistency Loss: 0.0029
Epoch 38 Val Acc: 0.8630 | LR: 0.10000
Epoch 39/200
  Episode 1/10: Reward=0.6952
  Episode 2/10: Reward=0.7826
  Episode 3/10: Reward=0.7830
  Episode 4/10: Reward=0.7508
  Episode 5/10: Reward=0.6294
  Episode 6/10: Reward=0.6328
[BestPolicy] Updated best reward: 0.8148
  Episode 7/10: Reward=0.8148
  Episode 8/10: Reward=0.6220
  Episode 9/10: Reward=0.5844
  Episode 10/10: Reward=0.6904
  >> Decoder Loss: 0.002749
  >> SAC Q1 Loss: 0.0006, Policy Loss: -1.1389, Consistency Loss: 0.0027
Epoch 39 Val Acc: 0.8548 | LR: 0.10000
Epoch 40/200
  Episode 1/10: Reward=0.5994
  Episode 2/10: Reward=0.6698
[BestPolicy] Updated best reward: 0.8158
  Episode 3/10: Reward=0.8158
  Episode 4/10: Reward=0.5556
  Episode 5/10: Reward=0.7530
  Episode 6/10: Reward=0.7520
  Episode 7/10: Reward=0.6810
  Episode 8/10: Reward=0.8132
  Episode 9/10: Reward=0.6824
  Episode 10/10: Reward=0.7574
  >> Decoder Loss: 0.002056
  >> SAC Q1 Loss: 0.0007, Policy Loss: -1.0682, Consistency Loss: 0.0002
Epoch 40 Val Acc: 0.8571 | LR: 0.10000
Epoch 41/200
  Episode 1/10: Reward=0.7322
  Episode 2/10: Reward=0.6068
  Episode 3/10: Reward=0.6944
  Episode 4/10: Reward=0.6558
  Episode 5/10: Reward=0.6342
  Episode 6/10: Reward=0.6684
  Episode 7/10: Reward=0.7306
  Episode 8/10: Reward=0.7378
  Episode 9/10: Reward=0.7358
  Episode 10/10: Reward=0.6980
  >> Decoder Loss: 0.001862
  >> SAC Q1 Loss: 0.0006, Policy Loss: -1.1947, Consistency Loss: 0.0000
Epoch 41 Val Acc: 0.8640 | LR: 0.10000
Epoch 42/200
  Episode 1/10: Reward=0.7336
  Episode 2/10: Reward=0.6626
  Episode 3/10: Reward=0.6036
  Episode 4/10: Reward=0.6688
  Episode 5/10: Reward=0.7024
  Episode 6/10: Reward=0.6178
  Episode 7/10: Reward=0.6632
  Episode 8/10: Reward=0.6666
  Episode 9/10: Reward=0.6292
  Episode 10/10: Reward=0.5522
  >> Decoder Loss: 0.001749
  >> SAC Q1 Loss: 0.0005, Policy Loss: -1.2229, Consistency Loss: 0.0000
Epoch 42 Val Acc: 0.8521 | LR: 0.10000
Epoch 43/200
  Episode 1/10: Reward=0.7192
  Episode 2/10: Reward=0.6244
  Episode 3/10: Reward=0.6474
  Episode 4/10: Reward=0.7486
  Episode 5/10: Reward=0.7304
  Episode 6/10: Reward=0.6816
  Episode 7/10: Reward=0.6376
  Episode 8/10: Reward=0.6618
  Episode 9/10: Reward=0.7392
  Episode 10/10: Reward=0.5778
  >> Decoder Loss: 0.001615
  >> SAC Q1 Loss: 0.0006, Policy Loss: -1.2501, Consistency Loss: 0.0000
Epoch 43 Val Acc: 0.8588 | LR: 0.10000
Epoch 44/200
  Episode 1/10: Reward=0.7444
  Episode 2/10: Reward=0.6948
  Episode 3/10: Reward=0.7018
  Episode 4/10: Reward=0.7738
  Episode 5/10: Reward=0.7362
  Episode 6/10: Reward=0.7260
  Episode 7/10: Reward=0.5688
  Episode 8/10: Reward=0.7486
  Episode 9/10: Reward=0.7042
  Episode 10/10: Reward=0.7280
  >> Decoder Loss: 0.001902
  >> SAC Q1 Loss: 0.0006, Policy Loss: -1.2769, Consistency Loss: 0.0000
Epoch 44 Val Acc: 0.8369 | LR: 0.10000
Epoch 45/200
  Episode 1/10: Reward=0.5704
  Episode 2/10: Reward=0.8028
  Episode 3/10: Reward=0.5738
  Episode 4/10: Reward=0.7806
  Episode 5/10: Reward=0.6878
  Episode 6/10: Reward=0.5920
  Episode 7/10: Reward=0.6570
  Episode 8/10: Reward=0.7236
  Episode 9/10: Reward=0.5948
  Episode 10/10: Reward=0.7214
  >> Decoder Loss: 0.001412
  >> SAC Q1 Loss: 0.0006, Policy Loss: -1.2997, Consistency Loss: 0.0000
Epoch 45 Val Acc: 0.8513 | LR: 0.10000
Epoch 46/200
  Episode 1/10: Reward=0.6938
  Episode 2/10: Reward=0.6602
  Episode 3/10: Reward=0.6114
  Episode 4/10: Reward=0.6054
  Episode 5/10: Reward=0.7070
  Episode 6/10: Reward=0.6664
  Episode 7/10: Reward=0.6892
  Episode 8/10: Reward=0.6210
  Episode 9/10: Reward=0.6780
  Episode 10/10: Reward=0.7128
  >> Decoder Loss: 0.001633
  >> SAC Q1 Loss: 0.0005, Policy Loss: -1.3336, Consistency Loss: 0.0000
Epoch 46 Val Acc: 0.8487 | LR: 0.10000
Epoch 47/200
  Episode 1/10: Reward=0.6498
  Episode 2/10: Reward=0.7602
  Episode 3/10: Reward=0.5034
  Episode 4/10: Reward=0.5450
  Episode 5/10: Reward=0.5784
  Episode 6/10: Reward=0.6932
  Episode 7/10: Reward=0.6918
  Episode 8/10: Reward=0.5008
  Episode 9/10: Reward=0.5530
  Episode 10/10: Reward=0.5580
  >> Decoder Loss: 0.001594
  >> SAC Q1 Loss: 0.0007, Policy Loss: -1.3462, Consistency Loss: 0.0000
Epoch 47 Val Acc: 0.8585 | LR: 0.10000
Epoch 48/200
  Episode 1/10: Reward=0.6710
  Episode 2/10: Reward=0.6872
  Episode 3/10: Reward=0.7172
  Episode 4/10: Reward=0.6984
  Episode 5/10: Reward=0.7420
  Episode 6/10: Reward=0.6024
  Episode 7/10: Reward=0.6958
  Episode 8/10: Reward=0.6288
  Episode 9/10: Reward=0.7384
  Episode 10/10: Reward=0.7036
  >> Decoder Loss: 0.001549
  >> SAC Q1 Loss: 0.0006, Policy Loss: -1.3484, Consistency Loss: 0.0000
Epoch 48 Val Acc: 0.8380 | LR: 0.10000
Epoch 49/200
  Episode 1/10: Reward=0.6246
  Episode 2/10: Reward=0.4432
  Episode 3/10: Reward=0.5502
  Episode 4/10: Reward=0.5866
  Episode 5/10: Reward=0.5594
  Episode 6/10: Reward=0.6952
  Episode 7/10: Reward=0.5486
  Episode 8/10: Reward=0.8124
  Episode 9/10: Reward=0.6658
  Episode 10/10: Reward=0.6722
  >> Decoder Loss: 0.002860
  >> SAC Q1 Loss: 0.0006, Policy Loss: -1.3623, Consistency Loss: 0.0000
Epoch 49 Val Acc: 0.8591 | LR: 0.10000
Epoch 50/200
  Episode 1/10: Reward=0.6350
  Episode 2/10: Reward=0.5874
  Episode 3/10: Reward=0.8132
  Episode 4/10: Reward=0.4852
  Episode 5/10: Reward=0.7206
  Episode 6/10: Reward=0.6360
  Episode 7/10: Reward=0.7652
  Episode 8/10: Reward=0.6738
  Episode 9/10: Reward=0.6832
  Episode 10/10: Reward=0.6960
  >> Decoder Loss: 0.001466
  >> SAC Q1 Loss: 0.0005, Policy Loss: -1.3697, Consistency Loss: 0.0000
Epoch 50 Val Acc: 0.8543 | LR: 0.10000
Epoch 51/200
  Episode 1/10: Reward=0.6162
  Episode 2/10: Reward=0.7256
  Episode 3/10: Reward=0.6494
  Episode 4/10: Reward=0.7228
  Episode 5/10: Reward=0.6250
  Episode 6/10: Reward=0.7954
  Episode 7/10: Reward=0.6338
  Episode 8/10: Reward=0.7450
  Episode 9/10: Reward=0.7600
  Episode 10/10: Reward=0.6036
  >> Decoder Loss: 0.001370
  >> SAC Q1 Loss: 0.0007, Policy Loss: -1.3741, Consistency Loss: 0.0000
Epoch 51 Val Acc: 0.8578 | LR: 0.10000
Epoch 52/200
  Episode 1/10: Reward=0.6942
  Episode 2/10: Reward=0.6602
  Episode 3/10: Reward=0.5790
  Episode 4/10: Reward=0.7208
  Episode 5/10: Reward=0.6896
  Episode 6/10: Reward=0.7116
  Episode 7/10: Reward=0.7990
  Episode 8/10: Reward=0.7262
  Episode 9/10: Reward=0.7558
  Episode 10/10: Reward=0.7108
  >> Decoder Loss: 0.001768
  >> SAC Q1 Loss: 0.0006, Policy Loss: -1.3731, Consistency Loss: 0.0000
Epoch 52 Val Acc: 0.8685 | LR: 0.10000
Epoch 53/200
  Episode 1/10: Reward=0.7480
  Episode 2/10: Reward=0.7966
  Episode 3/10: Reward=0.6274
  Episode 4/10: Reward=0.7004
  Episode 5/10: Reward=0.7900
  Episode 6/10: Reward=0.5228
  Episode 7/10: Reward=0.7570
  Episode 8/10: Reward=0.6954
  Episode 9/10: Reward=0.5904
  Episode 10/10: Reward=0.5964
  >> Decoder Loss: 0.001154
  >> SAC Q1 Loss: 0.0006, Policy Loss: -1.3793, Consistency Loss: 0.0000
Epoch 53 Val Acc: 0.8406 | LR: 0.10000
Epoch 54/200
  Episode 1/10: Reward=0.6834
  Episode 2/10: Reward=0.6640
  Episode 3/10: Reward=0.7466
  Episode 4/10: Reward=0.7346
  Episode 5/10: Reward=0.7686
  Episode 6/10: Reward=0.6746
  Episode 7/10: Reward=0.6456
  Episode 8/10: Reward=0.6654
  Episode 9/10: Reward=0.6850
  Episode 10/10: Reward=0.6274
  >> Decoder Loss: 0.001613
  >> SAC Q1 Loss: 0.0006, Policy Loss: -1.3691, Consistency Loss: 0.0000
Epoch 54 Val Acc: 0.8521 | LR: 0.10000
Epoch 55/200
  Episode 1/10: Reward=0.6696
  Episode 2/10: Reward=0.7332
  Episode 3/10: Reward=0.7316
  Episode 4/10: Reward=0.8144
  Episode 5/10: Reward=0.7746
  Episode 6/10: Reward=0.6908
  Episode 7/10: Reward=0.7690
  Episode 8/10: Reward=0.7042
  Episode 9/10: Reward=0.6788
  Episode 10/10: Reward=0.6386
  >> Decoder Loss: 0.001267
  >> SAC Q1 Loss: 0.0006, Policy Loss: -1.3839, Consistency Loss: 0.0000
Epoch 55 Val Acc: 0.8651 | LR: 0.10000
Epoch 56/200
  Episode 1/10: Reward=0.6420
  Episode 2/10: Reward=0.5816
  Episode 3/10: Reward=0.5316
  Episode 4/10: Reward=0.4890
  Episode 5/10: Reward=0.6538
  Episode 6/10: Reward=0.4982
  Episode 7/10: Reward=0.6570
  Episode 8/10: Reward=0.6768
  Episode 9/10: Reward=0.4252
  Episode 10/10: Reward=0.5158
  >> Decoder Loss: 0.002986
  >> SAC Q1 Loss: 0.0006, Policy Loss: -1.3802, Consistency Loss: 0.0000
Epoch 56 Val Acc: 0.8547 | LR: 0.10000
Epoch 57/200
  Episode 1/10: Reward=0.5722
  Episode 2/10: Reward=0.5454
  Episode 3/10: Reward=0.7254
  Episode 4/10: Reward=0.4902
  Episode 5/10: Reward=0.5662
  Episode 6/10: Reward=0.6834
  Episode 7/10: Reward=0.5492
  Episode 8/10: Reward=0.5784
  Episode 9/10: Reward=0.6212
  Episode 10/10: Reward=0.6772
  >> Decoder Loss: 0.001157
  >> SAC Q1 Loss: 0.0006, Policy Loss: -1.3889, Consistency Loss: 0.0000
Epoch 57 Val Acc: 0.8725 | LR: 0.10000
Epoch 58/200
  Episode 1/10: Reward=0.6206
  Episode 2/10: Reward=0.6424
  Episode 3/10: Reward=0.6726
  Episode 4/10: Reward=0.6042
  Episode 5/10: Reward=0.5042
  Episode 6/10: Reward=0.7334
  Episode 7/10: Reward=0.5000
  Episode 8/10: Reward=0.8086
  Episode 9/10: Reward=0.5498
  Episode 10/10: Reward=0.7252
  >> Decoder Loss: 0.000877
  >> SAC Q1 Loss: 0.0006, Policy Loss: -1.3873, Consistency Loss: 0.0000
Epoch 58 Val Acc: 0.8663 | LR: 0.10000
Epoch 59/200
  Episode 1/10: Reward=0.6924
  Episode 2/10: Reward=0.6540
  Episode 3/10: Reward=0.6808
  Episode 4/10: Reward=0.5746
  Episode 5/10: Reward=0.6478
  Episode 6/10: Reward=0.6430
  Episode 7/10: Reward=0.6330
  Episode 8/10: Reward=0.6100
  Episode 9/10: Reward=0.6432
  Episode 10/10: Reward=0.6342
  >> Decoder Loss: 0.001249
  >> SAC Q1 Loss: 0.0006, Policy Loss: -1.3904, Consistency Loss: 0.0000
Epoch 59 Val Acc: 0.8610 | LR: 0.10000
Epoch 60/200
  Episode 1/10: Reward=0.6648
  Episode 2/10: Reward=0.6162
  Episode 3/10: Reward=0.7618
  Episode 4/10: Reward=0.6826
  Episode 5/10: Reward=0.5340
  Episode 6/10: Reward=0.7092
  Episode 7/10: Reward=0.5878
  Episode 8/10: Reward=0.7206
  Episode 9/10: Reward=0.6784
  Episode 10/10: Reward=0.6824
  >> Decoder Loss: 0.001241
  >> SAC Q1 Loss: 0.0006, Policy Loss: -1.4028, Consistency Loss: 0.0000
Epoch 60 Val Acc: 0.8489 | LR: 0.10000
Epoch 61/200
  Episode 1/10: Reward=0.5474
  Episode 2/10: Reward=0.7048
  Episode 3/10: Reward=0.6458
  Episode 4/10: Reward=0.6804
  Episode 5/10: Reward=0.6872
  Episode 6/10: Reward=0.8068
  Episode 7/10: Reward=0.6598
  Episode 8/10: Reward=0.6810
  Episode 9/10: Reward=0.6576
  Episode 10/10: Reward=0.7708
  >> Decoder Loss: 0.000985
  >> SAC Q1 Loss: 0.0007, Policy Loss: -1.3891, Consistency Loss: 0.0000
Epoch 61 Val Acc: 0.8704 | LR: 0.10000
Epoch 62/200
  Episode 1/10: Reward=0.7518
  Episode 2/10: Reward=0.7068
  Episode 3/10: Reward=0.6816
  Episode 4/10: Reward=0.5904
  Episode 5/10: Reward=0.7082
  Episode 6/10: Reward=0.6088
  Episode 7/10: Reward=0.5370
  Episode 8/10: Reward=0.6444
  Episode 9/10: Reward=0.5992
  Episode 10/10: Reward=0.5452
  >> Decoder Loss: 0.001688
  >> SAC Q1 Loss: 0.0006, Policy Loss: -1.3971, Consistency Loss: 0.0000
Epoch 62 Val Acc: 0.8632 | LR: 0.10000
Epoch 63/200
  Episode 1/10: Reward=0.7192
  Episode 2/10: Reward=0.6170
  Episode 3/10: Reward=0.7362
  Episode 4/10: Reward=0.7204
  Episode 5/10: Reward=0.7500
  Episode 6/10: Reward=0.5858
  Episode 7/10: Reward=0.7414
  Episode 8/10: Reward=0.7586
  Episode 9/10: Reward=0.7276
  Episode 10/10: Reward=0.7564
  >> Decoder Loss: 0.000962
  >> SAC Q1 Loss: 0.0006, Policy Loss: -1.3902, Consistency Loss: 0.0000
Epoch 63 Val Acc: 0.8740 | LR: 0.10000
Epoch 64/200
  Episode 1/10: Reward=0.7078
[BestPolicy] Updated best reward: 0.8176
  Episode 2/10: Reward=0.8176
  Episode 3/10: Reward=0.7894
  Episode 4/10: Reward=0.6768
  Episode 5/10: Reward=0.4538
  Episode 6/10: Reward=0.7136
  Episode 7/10: Reward=0.7002
  Episode 8/10: Reward=0.7142
  Episode 9/10: Reward=0.7586
  Episode 10/10: Reward=0.6676
  >> Decoder Loss: 0.001326
  >> SAC Q1 Loss: 0.0006, Policy Loss: -1.3885, Consistency Loss: 0.0000
Epoch 64 Val Acc: 0.8440 | LR: 0.10000
Epoch 65/200
  Episode 1/10: Reward=0.6754
  Episode 2/10: Reward=0.6498
  Episode 3/10: Reward=0.6704
  Episode 4/10: Reward=0.7728
  Episode 5/10: Reward=0.5758
  Episode 6/10: Reward=0.6102
  Episode 7/10: Reward=0.6274
  Episode 8/10: Reward=0.7654
  Episode 9/10: Reward=0.6826
  Episode 10/10: Reward=0.8072
  >> Decoder Loss: 0.001119
  >> SAC Q1 Loss: 0.0007, Policy Loss: -1.3882, Consistency Loss: 0.0000
Epoch 65 Val Acc: 0.8540 | LR: 0.10000
Epoch 66/200
  Episode 1/10: Reward=0.6686
  Episode 2/10: Reward=0.8144
  Episode 3/10: Reward=0.6622
  Episode 4/10: Reward=0.7066
  Episode 5/10: Reward=0.7190
  Episode 6/10: Reward=0.5186
  Episode 7/10: Reward=0.6804
  Episode 8/10: Reward=0.7178
  Episode 9/10: Reward=0.5566
  Episode 10/10: Reward=0.6916
  >> Decoder Loss: 0.000984
  >> SAC Q1 Loss: 0.0006, Policy Loss: -1.3890, Consistency Loss: 0.0000
Epoch 66 Val Acc: 0.8763 | LR: 0.10000
Epoch 67/200
  Episode 1/10: Reward=0.6830
  Episode 2/10: Reward=0.6078
  Episode 3/10: Reward=0.7176
  Episode 4/10: Reward=0.6736
  Episode 5/10: Reward=0.7830
  Episode 6/10: Reward=0.6640
  Episode 7/10: Reward=0.4688
  Episode 8/10: Reward=0.6782
  Episode 9/10: Reward=0.6920
  Episode 10/10: Reward=0.4516
  >> Decoder Loss: 0.001132
  >> SAC Q1 Loss: 0.0006, Policy Loss: -1.3831, Consistency Loss: 0.0000
Epoch 67 Val Acc: 0.8743 | LR: 0.10000
Epoch 68/200
[BestPolicy] Updated best reward: 0.8234
  Episode 1/10: Reward=0.8234
  Episode 2/10: Reward=0.7130
  Episode 3/10: Reward=0.6886
  Episode 4/10: Reward=0.7976
  Episode 5/10: Reward=0.6008
  Episode 6/10: Reward=0.7074
  Episode 7/10: Reward=0.7210
  Episode 8/10: Reward=0.6964
  Episode 9/10: Reward=0.7588
  Episode 10/10: Reward=0.6880
  >> Decoder Loss: 0.002125
  >> SAC Q1 Loss: 0.0006, Policy Loss: -1.3866, Consistency Loss: 0.0000
Epoch 68 Val Acc: 0.8276 | LR: 0.10000
Epoch 69/200
  Episode 1/10: Reward=0.6860
  Episode 2/10: Reward=0.6394
  Episode 3/10: Reward=0.6750
  Episode 4/10: Reward=0.7706
  Episode 5/10: Reward=0.6458
  Episode 6/10: Reward=0.6856
  Episode 7/10: Reward=0.5638
  Episode 8/10: Reward=0.7596
  Episode 9/10: Reward=0.7612
  Episode 10/10: Reward=0.6250
  >> Decoder Loss: 0.001233
  >> SAC Q1 Loss: 0.0006, Policy Loss: -1.3917, Consistency Loss: 0.0000
Epoch 69 Val Acc: 0.8814 | LR: 0.10000
Epoch 70/200
  Episode 1/10: Reward=0.3932
  Episode 2/10: Reward=0.6370
  Episode 3/10: Reward=0.5664
  Episode 4/10: Reward=0.7772
  Episode 5/10: Reward=0.6770
  Episode 6/10: Reward=0.8016
  Episode 7/10: Reward=0.6968
  Episode 8/10: Reward=0.5948
  Episode 9/10: Reward=0.6360
  Episode 10/10: Reward=0.7472
  >> Decoder Loss: 0.001247
  >> SAC Q1 Loss: 0.0007, Policy Loss: -1.3841, Consistency Loss: 0.0000
Epoch 70 Val Acc: 0.8572 | LR: 0.10000
Epoch 71/200
  Episode 1/10: Reward=0.7290
  Episode 2/10: Reward=0.6264
  Episode 3/10: Reward=0.6942
  Episode 4/10: Reward=0.5860
  Episode 5/10: Reward=0.6322
  Episode 6/10: Reward=0.6692
  Episode 7/10: Reward=0.7192
  Episode 8/10: Reward=0.5674
  Episode 9/10: Reward=0.6688
  Episode 10/10: Reward=0.7286
  >> Decoder Loss: 0.001363
  >> SAC Q1 Loss: 0.0006, Policy Loss: -1.3792, Consistency Loss: 0.0000
Epoch 71 Val Acc: 0.8850 | LR: 0.10000
Epoch 72/200
  Episode 1/10: Reward=0.7556
  Episode 2/10: Reward=0.6652
  Episode 3/10: Reward=0.6592
  Episode 4/10: Reward=0.6692
  Episode 5/10: Reward=0.6470
  Episode 6/10: Reward=0.7350
  Episode 7/10: Reward=0.6338
  Episode 8/10: Reward=0.6638
  Episode 9/10: Reward=0.6474
  Episode 10/10: Reward=0.5992
  >> Decoder Loss: 0.001133
  >> SAC Q1 Loss: 0.0006, Policy Loss: -1.3791, Consistency Loss: 0.0000
Epoch 72 Val Acc: 0.8565 | LR: 0.10000
Epoch 73/200
  Episode 1/10: Reward=0.6778
  Episode 2/10: Reward=0.7536
  Episode 3/10: Reward=0.5628
  Episode 4/10: Reward=0.6836
  Episode 5/10: Reward=0.5690
  Episode 6/10: Reward=0.6524
[BestPolicy] Updated best reward: 0.8254
  Episode 7/10: Reward=0.8254
  Episode 8/10: Reward=0.6728
  Episode 9/10: Reward=0.5260
  Episode 10/10: Reward=0.6484
  >> Decoder Loss: 0.000904
  >> SAC Q1 Loss: 0.0007, Policy Loss: -1.3793, Consistency Loss: 0.0000
Epoch 73 Val Acc: 0.8835 | LR: 0.10000
Epoch 74/200
  Episode 1/10: Reward=0.6728
  Episode 2/10: Reward=0.5622
  Episode 3/10: Reward=0.6598
  Episode 4/10: Reward=0.5668
  Episode 5/10: Reward=0.6464
  Episode 6/10: Reward=0.6472
  Episode 7/10: Reward=0.6364
  Episode 8/10: Reward=0.7024
  Episode 9/10: Reward=0.7716
  Episode 10/10: Reward=0.7856
  >> Decoder Loss: 0.000945
  >> SAC Q1 Loss: 0.0005, Policy Loss: -1.3887, Consistency Loss: 0.0000
Epoch 74 Val Acc: 0.8655 | LR: 0.10000
Epoch 75/200
  Episode 1/10: Reward=0.6940
  Episode 2/10: Reward=0.6714
  Episode 3/10: Reward=0.5636
  Episode 4/10: Reward=0.5390
  Episode 5/10: Reward=0.5706
  Episode 6/10: Reward=0.7302
  Episode 7/10: Reward=0.7444
  Episode 8/10: Reward=0.7812
  Episode 9/10: Reward=0.5070
  Episode 10/10: Reward=0.5312
  >> Decoder Loss: 0.000903
  >> SAC Q1 Loss: 0.0007, Policy Loss: -1.3763, Consistency Loss: 0.0000
Epoch 75 Val Acc: 0.8701 | LR: 0.10000
Epoch 76/200
  Episode 1/10: Reward=0.6516
  Episode 2/10: Reward=0.5612
  Episode 3/10: Reward=0.6740
  Episode 4/10: Reward=0.6834
  Episode 5/10: Reward=0.7212
  Episode 6/10: Reward=0.7382
  Episode 7/10: Reward=0.6580
  Episode 8/10: Reward=0.7932
  Episode 9/10: Reward=0.5522
  Episode 10/10: Reward=0.6358
  >> Decoder Loss: 0.000930
  >> SAC Q1 Loss: 0.0006, Policy Loss: -1.3933, Consistency Loss: 0.0000
Epoch 76 Val Acc: 0.8642 | LR: 0.10000
Epoch 77/200
  Episode 1/10: Reward=0.7208
  Episode 2/10: Reward=0.6984
  Episode 3/10: Reward=0.7200
  Episode 4/10: Reward=0.6488
  Episode 5/10: Reward=0.5818
  Episode 6/10: Reward=0.6954
  Episode 7/10: Reward=0.6154
  Episode 8/10: Reward=0.7590
  Episode 9/10: Reward=0.7820
  Episode 10/10: Reward=0.7002
  >> Decoder Loss: 0.000880
  >> SAC Q1 Loss: 0.0006, Policy Loss: -1.3966, Consistency Loss: 0.0000
Epoch 77 Val Acc: 0.8706 | LR: 0.10000
Epoch 78/200
  Episode 1/10: Reward=0.6618
  Episode 2/10: Reward=0.7362
  Episode 3/10: Reward=0.6668
  Episode 4/10: Reward=0.7072
  Episode 5/10: Reward=0.4926
[BestPolicy] Updated best reward: 0.8274
  Episode 6/10: Reward=0.8274
  Episode 7/10: Reward=0.8080
  Episode 8/10: Reward=0.7948
  Episode 9/10: Reward=0.6142
  Episode 10/10: Reward=0.4808
  >> Decoder Loss: 0.000699
  >> SAC Q1 Loss: 0.0006, Policy Loss: -1.4043, Consistency Loss: 0.0000
Epoch 78 Val Acc: 0.8648 | LR: 0.10000
Epoch 79/200
  Episode 1/10: Reward=0.6346
  Episode 2/10: Reward=0.7654
  Episode 3/10: Reward=0.6456
  Episode 4/10: Reward=0.5458
  Episode 5/10: Reward=0.5606
  Episode 6/10: Reward=0.5160
  Episode 7/10: Reward=0.8114
  Episode 8/10: Reward=0.6110
  Episode 9/10: Reward=0.6284
  Episode 10/10: Reward=0.7672
  >> Decoder Loss: 0.001003
  >> SAC Q1 Loss: 0.0006, Policy Loss: -1.4028, Consistency Loss: 0.0000
Epoch 79 Val Acc: 0.8809 | LR: 0.10000
Epoch 80/200
  Episode 1/10: Reward=0.7064
  Episode 2/10: Reward=0.5404
  Episode 3/10: Reward=0.6442
  Episode 4/10: Reward=0.5368
  Episode 5/10: Reward=0.5848
  Episode 6/10: Reward=0.7206
  Episode 7/10: Reward=0.4998
  Episode 8/10: Reward=0.6844
  Episode 9/10: Reward=0.7180
  Episode 10/10: Reward=0.7240
  >> Decoder Loss: 0.001201
  >> SAC Q1 Loss: 0.0006, Policy Loss: -1.3946, Consistency Loss: 0.0000
Epoch 80 Val Acc: 0.8547 | LR: 0.10000
Epoch 81/200
  Episode 1/10: Reward=0.6166
  Episode 2/10: Reward=0.7818
  Episode 3/10: Reward=0.6294
  Episode 4/10: Reward=0.5728
  Episode 5/10: Reward=0.6454
  Episode 6/10: Reward=0.6248
  Episode 7/10: Reward=0.7504
  Episode 8/10: Reward=0.5722
  Episode 9/10: Reward=0.4966
  Episode 10/10: Reward=0.6590
  >> Decoder Loss: 0.000813
  >> SAC Q1 Loss: 0.0006, Policy Loss: -1.3903, Consistency Loss: 0.0000
Epoch 81 Val Acc: 0.8605 | LR: 0.10000
Epoch 82/200
  Episode 1/10: Reward=0.7444
  Episode 2/10: Reward=0.6648
  Episode 3/10: Reward=0.7930
  Episode 4/10: Reward=0.8100
  Episode 5/10: Reward=0.6132
  Episode 6/10: Reward=0.6324
  Episode 7/10: Reward=0.7434
  Episode 8/10: Reward=0.7562
  Episode 9/10: Reward=0.7108
  Episode 10/10: Reward=0.6622
  >> Decoder Loss: 0.001004
  >> SAC Q1 Loss: 0.0006, Policy Loss: -1.3908, Consistency Loss: 0.0000
Epoch 82 Val Acc: 0.8901 | LR: 0.10000
Epoch 83/200
  Episode 1/10: Reward=0.6772
  Episode 2/10: Reward=0.7504
  Episode 3/10: Reward=0.4986
  Episode 4/10: Reward=0.4702
  Episode 5/10: Reward=0.5888
  Episode 6/10: Reward=0.6746
  Episode 7/10: Reward=0.6894
  Episode 8/10: Reward=0.7652
  Episode 9/10: Reward=0.7472
  Episode 10/10: Reward=0.6998
  >> Decoder Loss: 0.001025
  >> SAC Q1 Loss: 0.0006, Policy Loss: -1.3963, Consistency Loss: 0.0000
Epoch 83 Val Acc: 0.8591 | LR: 0.10000
Epoch 84/200
  Episode 1/10: Reward=0.6718
  Episode 2/10: Reward=0.6608
  Episode 3/10: Reward=0.7226
  Episode 4/10: Reward=0.6522
  Episode 5/10: Reward=0.6402
  Episode 6/10: Reward=0.7056
  Episode 7/10: Reward=0.6520
  Episode 8/10: Reward=0.7918
  Episode 9/10: Reward=0.6682
  Episode 10/10: Reward=0.7654
  >> Decoder Loss: 0.000720
  >> SAC Q1 Loss: 0.0007, Policy Loss: -1.3933, Consistency Loss: 0.0000
Epoch 84 Val Acc: 0.8889 | LR: 0.10000
Epoch 85/200
  Episode 1/10: Reward=0.7970
  Episode 2/10: Reward=0.7610
  Episode 3/10: Reward=0.5798
  Episode 4/10: Reward=0.6494
  Episode 5/10: Reward=0.6268
  Episode 6/10: Reward=0.7786
  Episode 7/10: Reward=0.8034
[BestPolicy] Updated best reward: 0.8364
  Episode 8/10: Reward=0.8364
  Episode 9/10: Reward=0.7636
  Episode 10/10: Reward=0.5842
  >> Decoder Loss: 0.000949
  >> SAC Q1 Loss: 0.0007, Policy Loss: -1.3941, Consistency Loss: 0.0000
Epoch 85 Val Acc: 0.8851 | LR: 0.10000
Epoch 86/200
  Episode 1/10: Reward=0.6506
  Episode 2/10: Reward=0.6294
  Episode 3/10: Reward=0.8034
  Episode 4/10: Reward=0.5444
  Episode 5/10: Reward=0.5782
  Episode 6/10: Reward=0.5794
  Episode 7/10: Reward=0.5664
  Episode 8/10: Reward=0.6860
  Episode 9/10: Reward=0.6272
  Episode 10/10: Reward=0.7688
  >> Decoder Loss: 0.001162
  >> SAC Q1 Loss: 0.0006, Policy Loss: -1.3935, Consistency Loss: 0.0000
Epoch 86 Val Acc: 0.8850 | LR: 0.10000
Epoch 87/200
  Episode 1/10: Reward=0.7008
  Episode 2/10: Reward=0.5490
  Episode 3/10: Reward=0.5378
  Episode 4/10: Reward=0.5926
  Episode 5/10: Reward=0.6022
  Episode 6/10: Reward=0.5604
  Episode 7/10: Reward=0.6294
  Episode 8/10: Reward=0.6682
  Episode 9/10: Reward=0.6306
  Episode 10/10: Reward=0.6890
  >> Decoder Loss: 0.000696
  >> SAC Q1 Loss: 0.0006, Policy Loss: -1.3931, Consistency Loss: 0.0000
Epoch 87 Val Acc: 0.8431 | LR: 0.10000
Epoch 88/200
  Episode 1/10: Reward=0.4920
  Episode 2/10: Reward=0.6324
  Episode 3/10: Reward=0.8012
  Episode 4/10: Reward=0.6514
  Episode 5/10: Reward=0.6110
  Episode 6/10: Reward=0.6382
  Episode 7/10: Reward=0.6394
  Episode 8/10: Reward=0.5080
  Episode 9/10: Reward=0.5204
  Episode 10/10: Reward=0.6414
  >> Decoder Loss: 0.000841
  >> SAC Q1 Loss: 0.0006, Policy Loss: -1.3988, Consistency Loss: 0.0000
Epoch 88 Val Acc: 0.8784 | LR: 0.10000
Epoch 89/200
  Episode 1/10: Reward=0.7848
  Episode 2/10: Reward=0.4676
  Episode 3/10: Reward=0.5408
  Episode 4/10: Reward=0.6526
  Episode 5/10: Reward=0.7628
  Episode 6/10: Reward=0.5378
  Episode 7/10: Reward=0.7540
  Episode 8/10: Reward=0.6462
  Episode 9/10: Reward=0.6768
  Episode 10/10: Reward=0.7284
  >> Decoder Loss: 0.000558
  >> SAC Q1 Loss: 0.0006, Policy Loss: -1.3912, Consistency Loss: 0.0000
Epoch 89 Val Acc: 0.8724 | LR: 0.10000
Epoch 90/200
  Episode 1/10: Reward=0.7662
  Episode 2/10: Reward=0.6386
  Episode 3/10: Reward=0.6560
  Episode 4/10: Reward=0.7176
  Episode 5/10: Reward=0.7662
  Episode 6/10: Reward=0.6774
  Episode 7/10: Reward=0.6906
  Episode 8/10: Reward=0.7528
  Episode 9/10: Reward=0.6272
  Episode 10/10: Reward=0.6536
  >> Decoder Loss: 0.000816
  >> SAC Q1 Loss: 0.0006, Policy Loss: -1.3893, Consistency Loss: 0.0000
Epoch 90 Val Acc: 0.8615 | LR: 0.10000

=== [Phase 4] Weights Training with Lalign (Alignment) ===
  >> Best policy loaded. Applying Soft Alignment...
Epoch 91/200 Val Acc: 0.8521
Epoch 92/200 Val Acc: 0.8573
Epoch 93/200 Val Acc: 0.8653
Epoch 94/200 Val Acc: 0.8685
Epoch 95/200 Val Acc: 0.8549
Epoch 96/200 Val Acc: 0.8625
Epoch 97/200 Val Acc: 0.8670
Epoch 98/200 Val Acc: 0.8589
Epoch 99/200 Val Acc: 0.8748
Epoch 100/200 Val Acc: 0.8626
Epoch 101/200 Val Acc: 0.8747
Epoch 102/200 Val Acc: 0.8657
Epoch 103/200 Val Acc: 0.8584
Epoch 104/200 Val Acc: 0.8693
Epoch 105/200 Val Acc: 0.8707
Epoch 106/200 Val Acc: 0.8818
Epoch 107/200 Val Acc: 0.8686
Epoch 108/200 Val Acc: 0.8726
Epoch 109/200 Val Acc: 0.8409
Epoch 110/200 Val Acc: 0.8524
Epoch 111/200 Val Acc: 0.9135
Epoch 112/200 Val Acc: 0.9161
Epoch 113/200 Val Acc: 0.9189
Epoch 114/200 Val Acc: 0.9213
Epoch 115/200 Val Acc: 0.9191
Epoch 116/200 Val Acc: 0.9206
Epoch 117/200 Val Acc: 0.9205
Epoch 118/200 Val Acc: 0.9196
Epoch 119/200 Val Acc: 0.9209
Epoch 120/200 Val Acc: 0.9224
Epoch 121/200 Val Acc: 0.9198
Epoch 122/200 Val Acc: 0.9209
Epoch 123/200 Val Acc: 0.9213
Epoch 124/200 Val Acc: 0.9217
Epoch 125/200 Val Acc: 0.9230
Epoch 126/200 Val Acc: 0.9197
Epoch 127/200 Val Acc: 0.9195
Epoch 128/200 Val Acc: 0.9236
Epoch 129/200 Val Acc: 0.9226
Epoch 130/200 Val Acc: 0.9215
Epoch 131/200 Val Acc: 0.9221
Epoch 132/200 Val Acc: 0.9219
Epoch 133/200 Val Acc: 0.9226
Epoch 134/200 Val Acc: 0.9222
Epoch 135/200 Val Acc: 0.9220
Epoch 136/200 Val Acc: 0.9231
Epoch 137/200 Val Acc: 0.9222
Epoch 138/200 Val Acc: 0.9210
Epoch 139/200 Val Acc: 0.9199
Epoch 140/200 Val Acc: 0.9209
Epoch 141/200 Val Acc: 0.9203
Epoch 142/200 Val Acc: 0.9211
Epoch 143/200 Val Acc: 0.9200
Epoch 144/200 Val Acc: 0.9201
Epoch 145/200 Val Acc: 0.9193
Epoch 146/200 Val Acc: 0.9214
Epoch 147/200 Val Acc: 0.9204
Epoch 148/200 Val Acc: 0.9218
Epoch 149/200 Val Acc: 0.9200
Epoch 150/200 Val Acc: 0.9171
Epoch 151/200 Val Acc: 0.9183
Epoch 152/200 Val Acc: 0.9205
Epoch 153/200 Val Acc: 0.9211
Epoch 154/200 Val Acc: 0.9210
Epoch 155/200 Val Acc: 0.9200
Epoch 156/200 Val Acc: 0.9205
Epoch 157/200 Val Acc: 0.9207
Epoch 158/200 Val Acc: 0.9185
Epoch 159/200 Val Acc: 0.9198
Epoch 160/200 Val Acc: 0.9188
Epoch 161/200 Val Acc: 0.9206
Epoch 162/200 Val Acc: 0.9205
Epoch 163/200 Val Acc: 0.9203
Epoch 164/200 Val Acc: 0.9207
Epoch 165/200 Val Acc: 0.9203
Epoch 166/200 Val Acc: 0.9209
Epoch 167/200 Val Acc: 0.9208
Epoch 168/200 Val Acc: 0.9219
Epoch 169/200 Val Acc: 0.9201
Epoch 170/200 Val Acc: 0.9214
Epoch 171/200 Val Acc: 0.9213
Epoch 172/200 Val Acc: 0.9195
Epoch 173/200 Val Acc: 0.9202
Epoch 174/200 Val Acc: 0.9211
Epoch 175/200 Val Acc: 0.9211
Epoch 176/200 Val Acc: 0.9201
Epoch 177/200 Val Acc: 0.9207
Epoch 178/200 Val Acc: 0.9206
Epoch 179/200 Val Acc: 0.9210
Epoch 180/200 Val Acc: 0.9213
Epoch 181/200 Val Acc: 0.9199
Epoch 182/200 Val Acc: 0.9221
Epoch 183/200 Val Acc: 0.9209
Epoch 184/200 Val Acc: 0.9209
Epoch 185/200 Val Acc: 0.9214
Epoch 186/200 Val Acc: 0.9210
Epoch 187/200 Val Acc: 0.9215
Epoch 188/200 Val Acc: 0.9199
Epoch 189/200 Val Acc: 0.9218
Epoch 190/200 Val Acc: 0.9216
Epoch 191/200 Val Acc: 0.9218
Epoch 192/200 Val Acc: 0.9206
Epoch 193/200 Val Acc: 0.9214
Epoch 194/200 Val Acc: 0.9216
Epoch 195/200 Val Acc: 0.9207
Epoch 196/200 Val Acc: 0.9205
Epoch 197/200 Val Acc: 0.9208
Epoch 198/200 Val Acc: 0.9204
Epoch 199/200 Val Acc: 0.9222
Epoch 200/200 Val Acc: 0.9212
writer closed.
Training Complete.
