Using device: cuda:7
>> Data: Splitting 45k (Train) / 5k (Reward) / 10k (Test)
ModelWrapper: Detected 27 prunable blocks (Conv1+Conv2 pairs).
Env Init: Original=125.04M, Target=62.52M
Environment initialized. State dim: 9, Target Prune Rate: 0.5

=== [Phase 1] Warmup (Weights Training) ===
Epoch 1 Val Acc: 0.3690 | LR: 0.10000
Epoch 2 Val Acc: 0.4339 | LR: 0.10000
Epoch 3 Val Acc: 0.5664 | LR: 0.10000
Epoch 4 Val Acc: 0.6791 | LR: 0.10000
Epoch 5 Val Acc: 0.7217 | LR: 0.10000
Epoch 6 Val Acc: 0.7242 | LR: 0.10000
Epoch 7 Val Acc: 0.6744 | LR: 0.10000
Epoch 8 Val Acc: 0.7789 | LR: 0.10000
Epoch 9 Val Acc: 0.7702 | LR: 0.10000
Epoch 10 Val Acc: 0.7904 | LR: 0.10000
>> Warmup done. Updating base weights for Agent...

=== [Phase 2] Fill Buffer (Exploration) ===
Epoch 11/200
  Fill Episode 1/10: Reward=0.5858
  Fill Episode 2/10: Reward=0.5696
  Fill Episode 3/10: Reward=0.6746
  Fill Episode 4/10: Reward=0.6442
  Fill Episode 5/10: Reward=0.6842
  Fill Episode 6/10: Reward=0.6942
  Fill Episode 7/10: Reward=0.5922
  Fill Episode 8/10: Reward=0.5710
  Fill Episode 9/10: Reward=0.6688
  Fill Episode 10/10: Reward=0.5346
Epoch 12/200
  Fill Episode 1/10: Reward=0.6950
  Fill Episode 2/10: Reward=0.7046
  Fill Episode 3/10: Reward=0.6490
  Fill Episode 4/10: Reward=0.6458
  Fill Episode 5/10: Reward=0.6878
  Fill Episode 6/10: Reward=0.5950
  Fill Episode 7/10: Reward=0.6678
  Fill Episode 8/10: Reward=0.6198
  Fill Episode 9/10: Reward=0.6124
  Fill Episode 10/10: Reward=0.6664
Epoch 13/200
  Fill Episode 1/10: Reward=0.6234
  Fill Episode 2/10: Reward=0.5614
  Fill Episode 3/10: Reward=0.6514
  Fill Episode 4/10: Reward=0.6864
  Fill Episode 5/10: Reward=0.7040
  Fill Episode 6/10: Reward=0.6706
  Fill Episode 7/10: Reward=0.6436
  Fill Episode 8/10: Reward=0.6384
  Fill Episode 9/10: Reward=0.5876
  Fill Episode 10/10: Reward=0.6508
Epoch 14/200
  Fill Episode 1/10: Reward=0.5582
  Fill Episode 2/10: Reward=0.7264
  Fill Episode 3/10: Reward=0.6440
  Fill Episode 4/10: Reward=0.5142
  Fill Episode 5/10: Reward=0.6656
  Fill Episode 6/10: Reward=0.6616
  Fill Episode 7/10: Reward=0.5380
  Fill Episode 8/10: Reward=0.5174
  Fill Episode 9/10: Reward=0.5952
  Fill Episode 10/10: Reward=0.5510
Epoch 15/200
  Fill Episode 1/10: Reward=0.5868
  Fill Episode 2/10: Reward=0.5738
  Fill Episode 3/10: Reward=0.6146
  Fill Episode 4/10: Reward=0.7010
  Fill Episode 5/10: Reward=0.7224
  Fill Episode 6/10: Reward=0.6474
  Fill Episode 7/10: Reward=0.5428
  Fill Episode 8/10: Reward=0.6610
  Fill Episode 9/10: Reward=0.6250
  Fill Episode 10/10: Reward=0.7028
Epoch 16/200
  Fill Episode 1/10: Reward=0.5816
  Fill Episode 2/10: Reward=0.6780
  Fill Episode 3/10: Reward=0.6864
  Fill Episode 4/10: Reward=0.6542
  Fill Episode 5/10: Reward=0.5718
  Fill Episode 6/10: Reward=0.6098
  Fill Episode 7/10: Reward=0.6356
  Fill Episode 8/10: Reward=0.6532
  Fill Episode 9/10: Reward=0.6760
  Fill Episode 10/10: Reward=0.6586
Epoch 17/200
  Fill Episode 1/10: Reward=0.6746
  Fill Episode 2/10: Reward=0.6510
  Fill Episode 3/10: Reward=0.6222
  Fill Episode 4/10: Reward=0.6618
  Fill Episode 5/10: Reward=0.6074
  Fill Episode 6/10: Reward=0.6132
  Fill Episode 7/10: Reward=0.6532
  Fill Episode 8/10: Reward=0.6346
  Fill Episode 9/10: Reward=0.5302
  Fill Episode 10/10: Reward=0.6654
Epoch 18/200
  Fill Episode 1/10: Reward=0.6520
  Fill Episode 2/10: Reward=0.6784
  Fill Episode 3/10: Reward=0.7070
  Fill Episode 4/10: Reward=0.6408
  Fill Episode 5/10: Reward=0.6432
  Fill Episode 6/10: Reward=0.7106
  Fill Episode 7/10: Reward=0.6252
  Fill Episode 8/10: Reward=0.6418
  Fill Episode 9/10: Reward=0.6642
  Fill Episode 10/10: Reward=0.5962
Epoch 19/200
  Fill Episode 1/10: Reward=0.6214
  Fill Episode 2/10: Reward=0.6522
  Fill Episode 3/10: Reward=0.5650
  Fill Episode 4/10: Reward=0.5304
  Fill Episode 5/10: Reward=0.5860
  Fill Episode 6/10: Reward=0.5996
  Fill Episode 7/10: Reward=0.5600
  Fill Episode 8/10: Reward=0.5568
  Fill Episode 9/10: Reward=0.6348
  Fill Episode 10/10: Reward=0.5780
Epoch 20/200
  Fill Episode 1/10: Reward=0.6000
  Fill Episode 2/10: Reward=0.5922
  Fill Episode 3/10: Reward=0.6370
  Fill Episode 4/10: Reward=0.5358
  Fill Episode 5/10: Reward=0.6516
  Fill Episode 6/10: Reward=0.5540
  Fill Episode 7/10: Reward=0.6926
  Fill Episode 8/10: Reward=0.6448
  Fill Episode 9/10: Reward=0.6148
  Fill Episode 10/10: Reward=0.5342

=== [Phase 3] Joint Agent Training & Pruning Search ===
Epoch 21/200
[BestPolicy] Updated best reward: 0.6424
  Episode 1/10: Reward=0.6424
[BestPolicy] Updated best reward: 0.6848
  Episode 2/10: Reward=0.6848
  Episode 3/10: Reward=0.6310
  Episode 4/10: Reward=0.6744
  Episode 5/10: Reward=0.5096
  Episode 6/10: Reward=0.6798
[BestPolicy] Updated best reward: 0.6864
  Episode 7/10: Reward=0.6864
  Episode 8/10: Reward=0.6772
  Episode 9/10: Reward=0.5338
  Episode 10/10: Reward=0.6026
  >> Decoder Loss: 0.017366
  >> SAC Q1 Loss: 0.0224, Policy Loss: 0.1117
Epoch 21 Val Acc: 0.7916 | LR: 0.10000
Epoch 22/200
  Episode 1/10: Reward=0.5504
  Episode 2/10: Reward=0.6140
  Episode 3/10: Reward=0.6618
  Episode 4/10: Reward=0.5990
  Episode 5/10: Reward=0.6404
  Episode 6/10: Reward=0.5164
  Episode 7/10: Reward=0.6314
  Episode 8/10: Reward=0.5534
  Episode 9/10: Reward=0.6260
  Episode 10/10: Reward=0.5880
  >> Decoder Loss: 0.013186
  >> SAC Q1 Loss: 0.0089, Policy Loss: -0.0232
Epoch 22 Val Acc: 0.8183 | LR: 0.10000
Epoch 23/200
[BestPolicy] Updated best reward: 0.7266
  Episode 1/10: Reward=0.7266
  Episode 2/10: Reward=0.7092
  Episode 3/10: Reward=0.6858
  Episode 4/10: Reward=0.6668
  Episode 5/10: Reward=0.6620
  Episode 6/10: Reward=0.7008
[BestPolicy] Updated best reward: 0.7284
  Episode 7/10: Reward=0.7284
  Episode 8/10: Reward=0.6488
  Episode 9/10: Reward=0.7070
  Episode 10/10: Reward=0.6828
  >> Decoder Loss: 0.012812
  >> SAC Q1 Loss: 0.0034, Policy Loss: -0.1164
Epoch 23 Val Acc: 0.8188 | LR: 0.10000
Epoch 24/200
  Episode 1/10: Reward=0.6196
  Episode 2/10: Reward=0.6548
[BestPolicy] Updated best reward: 0.7350
  Episode 3/10: Reward=0.7350
  Episode 4/10: Reward=0.6180
  Episode 5/10: Reward=0.6346
  Episode 6/10: Reward=0.6064
  Episode 7/10: Reward=0.7254
  Episode 8/10: Reward=0.7326
  Episode 9/10: Reward=0.6952
  Episode 10/10: Reward=0.6668
  >> Decoder Loss: 0.011626
  >> SAC Q1 Loss: 0.0010, Policy Loss: -0.2067
Epoch 24 Val Acc: 0.8438 | LR: 0.10000
Epoch 25/200
  Episode 1/10: Reward=0.6468
  Episode 2/10: Reward=0.6570
  Episode 3/10: Reward=0.6792
  Episode 4/10: Reward=0.7068
  Episode 5/10: Reward=0.6774
  Episode 6/10: Reward=0.6992
  Episode 7/10: Reward=0.6594
  Episode 8/10: Reward=0.6872
  Episode 9/10: Reward=0.6924
  Episode 10/10: Reward=0.6198
  >> Decoder Loss: 0.009999
  >> SAC Q1 Loss: 0.0006, Policy Loss: -0.2874
Epoch 25 Val Acc: 0.8256 | LR: 0.10000
Epoch 26/200
  Episode 1/10: Reward=0.6418
[BestPolicy] Updated best reward: 0.7454
  Episode 2/10: Reward=0.7454
  Episode 3/10: Reward=0.6940
  Episode 4/10: Reward=0.6468
  Episode 5/10: Reward=0.7390
  Episode 6/10: Reward=0.6190
  Episode 7/10: Reward=0.6112
[BestPolicy] Updated best reward: 0.7484
  Episode 8/10: Reward=0.7484
  Episode 9/10: Reward=0.6916
  Episode 10/10: Reward=0.6324
  >> Decoder Loss: 0.009355
  >> SAC Q1 Loss: 0.0006, Policy Loss: -0.3702
Epoch 26 Val Acc: 0.8364 | LR: 0.10000
Epoch 27/200
  Episode 1/10: Reward=0.7446
[BestPolicy] Updated best reward: 0.7676
  Episode 2/10: Reward=0.7676
  Episode 3/10: Reward=0.6820
  Episode 4/10: Reward=0.6516
  Episode 5/10: Reward=0.7078
  Episode 6/10: Reward=0.7236
  Episode 7/10: Reward=0.6632
  Episode 8/10: Reward=0.7338
  Episode 9/10: Reward=0.7400
  Episode 10/10: Reward=0.7248
  >> Decoder Loss: 0.008388
  >> SAC Q1 Loss: 0.0009, Policy Loss: -0.4461
Epoch 27 Val Acc: 0.8327 | LR: 0.10000
Epoch 28/200
  Episode 1/10: Reward=0.6158
  Episode 2/10: Reward=0.6762
  Episode 3/10: Reward=0.7076
  Episode 4/10: Reward=0.6812
  Episode 5/10: Reward=0.6606
  Episode 6/10: Reward=0.7280
  Episode 7/10: Reward=0.6802
  Episode 8/10: Reward=0.7404
  Episode 9/10: Reward=0.7312
  Episode 10/10: Reward=0.6260
  >> Decoder Loss: 0.007441
  >> SAC Q1 Loss: 0.0012, Policy Loss: -0.5256
Epoch 28 Val Acc: 0.8234 | LR: 0.10000
Epoch 29/200
  Episode 1/10: Reward=0.7612
  Episode 2/10: Reward=0.7356
  Episode 3/10: Reward=0.7400
  Episode 4/10: Reward=0.6858
  Episode 5/10: Reward=0.5812
  Episode 6/10: Reward=0.7272
  Episode 7/10: Reward=0.6736
  Episode 8/10: Reward=0.6994
  Episode 9/10: Reward=0.7084
  Episode 10/10: Reward=0.6342
  >> Decoder Loss: 0.007216
  >> SAC Q1 Loss: 0.0017, Policy Loss: -0.6027
Epoch 29 Val Acc: 0.8442 | LR: 0.10000
Epoch 30/200
  Episode 1/10: Reward=0.7232
  Episode 2/10: Reward=0.5340
  Episode 3/10: Reward=0.6604
[BestPolicy] Updated best reward: 0.7816
  Episode 4/10: Reward=0.7816
  Episode 5/10: Reward=0.7556
  Episode 6/10: Reward=0.7110
  Episode 7/10: Reward=0.7532
  Episode 8/10: Reward=0.6720
  Episode 9/10: Reward=0.6492
  Episode 10/10: Reward=0.6434
  >> Decoder Loss: 0.006500
  >> SAC Q1 Loss: 0.0018, Policy Loss: -0.6722
Epoch 30 Val Acc: 0.8308 | LR: 0.10000
Epoch 31/200
  Episode 1/10: Reward=0.7458
  Episode 2/10: Reward=0.6154
  Episode 3/10: Reward=0.6790
  Episode 4/10: Reward=0.6500
  Episode 5/10: Reward=0.6146
  Episode 6/10: Reward=0.6028
  Episode 7/10: Reward=0.7368
  Episode 8/10: Reward=0.6544
  Episode 9/10: Reward=0.5606
  Episode 10/10: Reward=0.5112
  >> Decoder Loss: 0.006311
  >> SAC Q1 Loss: 0.0021, Policy Loss: -0.7344
Epoch 31 Val Acc: 0.8511 | LR: 0.10000
Epoch 32/200
  Episode 1/10: Reward=0.6452
  Episode 2/10: Reward=0.5372
  Episode 3/10: Reward=0.7518
  Episode 4/10: Reward=0.6318
  Episode 5/10: Reward=0.6112
  Episode 6/10: Reward=0.7048
  Episode 7/10: Reward=0.6490
  Episode 8/10: Reward=0.7582
  Episode 9/10: Reward=0.6828
  Episode 10/10: Reward=0.7502
  >> Decoder Loss: 0.004921
  >> SAC Q1 Loss: 0.0018, Policy Loss: -0.7991
Epoch 32 Val Acc: 0.8234 | LR: 0.10000
Epoch 33/200
  Episode 1/10: Reward=0.7638
  Episode 2/10: Reward=0.6012
  Episode 3/10: Reward=0.7524
  Episode 4/10: Reward=0.7112
  Episode 5/10: Reward=0.6952
  Episode 6/10: Reward=0.6196
  Episode 7/10: Reward=0.7310
  Episode 8/10: Reward=0.7554
  Episode 9/10: Reward=0.7196
  Episode 10/10: Reward=0.6806
  >> Decoder Loss: 0.004944
  >> SAC Q1 Loss: 0.0014, Policy Loss: -0.8551
Epoch 33 Val Acc: 0.8398 | LR: 0.10000
Epoch 34/200
  Episode 1/10: Reward=0.7156
[BestPolicy] Updated best reward: 0.7874
  Episode 2/10: Reward=0.7874
  Episode 3/10: Reward=0.6572
  Episode 4/10: Reward=0.6828
  Episode 5/10: Reward=0.7184
  Episode 6/10: Reward=0.7522
  Episode 7/10: Reward=0.5602
  Episode 8/10: Reward=0.7216
  Episode 9/10: Reward=0.7626
  Episode 10/10: Reward=0.6900
  >> Decoder Loss: 0.003727
  >> SAC Q1 Loss: 0.0011, Policy Loss: -0.9062
Epoch 34 Val Acc: 0.8293 | LR: 0.10000
Epoch 35/200
  Episode 1/10: Reward=0.6804
  Episode 2/10: Reward=0.6486
  Episode 3/10: Reward=0.7206
  Episode 4/10: Reward=0.6620
  Episode 5/10: Reward=0.6302
  Episode 6/10: Reward=0.7108
  Episode 7/10: Reward=0.6374
  Episode 8/10: Reward=0.6724
  Episode 9/10: Reward=0.6968
  Episode 10/10: Reward=0.6948
  >> Decoder Loss: 0.004485
  >> SAC Q1 Loss: 0.0007, Policy Loss: -0.9587
Epoch 35 Val Acc: 0.8366 | LR: 0.10000
Epoch 36/200
  Episode 1/10: Reward=0.7124
  Episode 2/10: Reward=0.6428
  Episode 3/10: Reward=0.6524
  Episode 4/10: Reward=0.7470
  Episode 5/10: Reward=0.7532
  Episode 6/10: Reward=0.6354
  Episode 7/10: Reward=0.7570
  Episode 8/10: Reward=0.6076
  Episode 9/10: Reward=0.7500
  Episode 10/10: Reward=0.7264
  >> Decoder Loss: 0.002937
  >> SAC Q1 Loss: 0.0007, Policy Loss: -1.0036
Epoch 36 Val Acc: 0.8505 | LR: 0.10000
Epoch 37/200
  Episode 1/10: Reward=0.7836
  Episode 2/10: Reward=0.6686
  Episode 3/10: Reward=0.6800
  Episode 4/10: Reward=0.7190
  Episode 5/10: Reward=0.6878
  Episode 6/10: Reward=0.6700
  Episode 7/10: Reward=0.7406
  Episode 8/10: Reward=0.7094
  Episode 9/10: Reward=0.6610
  Episode 10/10: Reward=0.6532
  >> Decoder Loss: 0.002934
  >> SAC Q1 Loss: 0.0006, Policy Loss: -1.0473
Epoch 37 Val Acc: 0.8468 | LR: 0.10000
Epoch 38/200
  Episode 1/10: Reward=0.6952
  Episode 2/10: Reward=0.7778
  Episode 3/10: Reward=0.6892
  Episode 4/10: Reward=0.6804
  Episode 5/10: Reward=0.5108
  Episode 6/10: Reward=0.6492
  Episode 7/10: Reward=0.7198
  Episode 8/10: Reward=0.7696
  Episode 9/10: Reward=0.6416
  Episode 10/10: Reward=0.7672
  >> Decoder Loss: 0.002017
  >> SAC Q1 Loss: 0.0006, Policy Loss: -1.0881
Epoch 38 Val Acc: 0.8627 | LR: 0.10000
Epoch 39/200
[BestPolicy] Updated best reward: 0.7916
  Episode 1/10: Reward=0.7916
  Episode 2/10: Reward=0.6458
  Episode 3/10: Reward=0.7424
[BestPolicy] Updated best reward: 0.8086
  Episode 4/10: Reward=0.8086
  Episode 5/10: Reward=0.6108
  Episode 6/10: Reward=0.6646
  Episode 7/10: Reward=0.5864
  Episode 8/10: Reward=0.7264
  Episode 9/10: Reward=0.6958
  Episode 10/10: Reward=0.6718
  >> Decoder Loss: 0.002149
  >> SAC Q1 Loss: 0.0006, Policy Loss: -1.1254
Epoch 39 Val Acc: 0.8505 | LR: 0.10000
Epoch 40/200
  Episode 1/10: Reward=0.7872
  Episode 2/10: Reward=0.7260
  Episode 3/10: Reward=0.6076
  Episode 4/10: Reward=0.7120
  Episode 5/10: Reward=0.5496
  Episode 6/10: Reward=0.7240
  Episode 7/10: Reward=0.7844
  Episode 8/10: Reward=0.7450
  Episode 9/10: Reward=0.7162
  Episode 10/10: Reward=0.6782
  >> Decoder Loss: 0.002048
  >> SAC Q1 Loss: 0.0006, Policy Loss: -1.1555
Epoch 40 Val Acc: 0.8431 | LR: 0.10000
Epoch 41/200
  Episode 1/10: Reward=0.5016
  Episode 2/10: Reward=0.5374
  Episode 3/10: Reward=0.7872
  Episode 4/10: Reward=0.6158
  Episode 5/10: Reward=0.4748
  Episode 6/10: Reward=0.5624
  Episode 7/10: Reward=0.7346
  Episode 8/10: Reward=0.7644
  Episode 9/10: Reward=0.5358
  Episode 10/10: Reward=0.7000
  >> Decoder Loss: 0.001625
  >> SAC Q1 Loss: 0.0007, Policy Loss: -1.1812
Epoch 41 Val Acc: 0.8550 | LR: 0.10000
Epoch 42/200
  Episode 1/10: Reward=0.7888
  Episode 2/10: Reward=0.7058
  Episode 3/10: Reward=0.6898
  Episode 4/10: Reward=0.5806
  Episode 5/10: Reward=0.6836
  Episode 6/10: Reward=0.6512
  Episode 7/10: Reward=0.7292
  Episode 8/10: Reward=0.4522
  Episode 9/10: Reward=0.7542
  Episode 10/10: Reward=0.7948
  >> Decoder Loss: 0.001596
  >> SAC Q1 Loss: 0.0007, Policy Loss: -1.2119
Epoch 42 Val Acc: 0.8411 | LR: 0.10000
Epoch 43/200
  Episode 1/10: Reward=0.6008
  Episode 2/10: Reward=0.6748
  Episode 3/10: Reward=0.6574
  Episode 4/10: Reward=0.7470
  Episode 5/10: Reward=0.6104
  Episode 6/10: Reward=0.6464
  Episode 7/10: Reward=0.7132
  Episode 8/10: Reward=0.6674
  Episode 9/10: Reward=0.7118
  Episode 10/10: Reward=0.6366
  >> Decoder Loss: 0.001385
  >> SAC Q1 Loss: 0.0006, Policy Loss: -1.2413
Epoch 43 Val Acc: 0.8577 | LR: 0.10000
Epoch 44/200
  Episode 1/10: Reward=0.5722
  Episode 2/10: Reward=0.6508
  Episode 3/10: Reward=0.6672
  Episode 4/10: Reward=0.7118
  Episode 5/10: Reward=0.7390
  Episode 6/10: Reward=0.5586
  Episode 7/10: Reward=0.6782
  Episode 8/10: Reward=0.5918
  Episode 9/10: Reward=0.7904
  Episode 10/10: Reward=0.6092
  >> Decoder Loss: 0.001200
  >> SAC Q1 Loss: 0.0006, Policy Loss: -1.2671
Epoch 44 Val Acc: 0.8374 | LR: 0.10000
Epoch 45/200
  Episode 1/10: Reward=0.6154
  Episode 2/10: Reward=0.5910
  Episode 3/10: Reward=0.5946
  Episode 4/10: Reward=0.5372
  Episode 5/10: Reward=0.7248
  Episode 6/10: Reward=0.6854
  Episode 7/10: Reward=0.4502
  Episode 8/10: Reward=0.5676
  Episode 9/10: Reward=0.7016
  Episode 10/10: Reward=0.6066
  >> Decoder Loss: 0.001244
  >> SAC Q1 Loss: 0.0005, Policy Loss: -1.2903
Epoch 45 Val Acc: 0.8274 | LR: 0.10000
Epoch 46/200
  Episode 1/10: Reward=0.7832
  Episode 2/10: Reward=0.5158
  Episode 3/10: Reward=0.6664
  Episode 4/10: Reward=0.7646
  Episode 5/10: Reward=0.6276
  Episode 6/10: Reward=0.6912
  Episode 7/10: Reward=0.7600
  Episode 8/10: Reward=0.6674
  Episode 9/10: Reward=0.5870
  Episode 10/10: Reward=0.5852
  >> Decoder Loss: 0.001347
  >> SAC Q1 Loss: 0.0006, Policy Loss: -1.3245
Epoch 46 Val Acc: 0.8606 | LR: 0.10000
Epoch 47/200
  Episode 1/10: Reward=0.5802
  Episode 2/10: Reward=0.6854
  Episode 3/10: Reward=0.6362
  Episode 4/10: Reward=0.7622
  Episode 5/10: Reward=0.6418
  Episode 6/10: Reward=0.7264
  Episode 7/10: Reward=0.6654
  Episode 8/10: Reward=0.7398
  Episode 9/10: Reward=0.7662
  Episode 10/10: Reward=0.6768
  >> Decoder Loss: 0.001286
  >> SAC Q1 Loss: 0.0007, Policy Loss: -1.3404
Epoch 47 Val Acc: 0.8559 | LR: 0.10000
Epoch 48/200
  Episode 1/10: Reward=0.6024
  Episode 2/10: Reward=0.4980
  Episode 3/10: Reward=0.6848
  Episode 4/10: Reward=0.8066
  Episode 5/10: Reward=0.7452
  Episode 6/10: Reward=0.7250
  Episode 7/10: Reward=0.8042
  Episode 8/10: Reward=0.7028
  Episode 9/10: Reward=0.7070
  Episode 10/10: Reward=0.7144
  >> Decoder Loss: 0.001669
  >> SAC Q1 Loss: 0.0006, Policy Loss: -1.3473
Epoch 48 Val Acc: 0.8651 | LR: 0.10000
Epoch 49/200
  Episode 1/10: Reward=0.4658
  Episode 2/10: Reward=0.6604
  Episode 3/10: Reward=0.6342
  Episode 4/10: Reward=0.4960
  Episode 5/10: Reward=0.7374
  Episode 6/10: Reward=0.6800
  Episode 7/10: Reward=0.7528
  Episode 8/10: Reward=0.5996
  Episode 9/10: Reward=0.6062
  Episode 10/10: Reward=0.7304
  >> Decoder Loss: 0.001863
  >> SAC Q1 Loss: 0.0006, Policy Loss: -1.3635
Epoch 49 Val Acc: 0.8605 | LR: 0.10000
Epoch 50/200
  Episode 1/10: Reward=0.6048
  Episode 2/10: Reward=0.5688
  Episode 3/10: Reward=0.5770
  Episode 4/10: Reward=0.6422
  Episode 5/10: Reward=0.6974
  Episode 6/10: Reward=0.5998
  Episode 7/10: Reward=0.6414
  Episode 8/10: Reward=0.7346
  Episode 9/10: Reward=0.7912
  Episode 10/10: Reward=0.7704
  >> Decoder Loss: 0.001274
  >> SAC Q1 Loss: 0.0006, Policy Loss: -1.3702
Epoch 50 Val Acc: 0.8670 | LR: 0.10000
Epoch 51/200
  Episode 1/10: Reward=0.7910
  Episode 2/10: Reward=0.7214
  Episode 3/10: Reward=0.6712
  Episode 4/10: Reward=0.7964
  Episode 5/10: Reward=0.7082
  Episode 6/10: Reward=0.7910
  Episode 7/10: Reward=0.6998
  Episode 8/10: Reward=0.6090
  Episode 9/10: Reward=0.7398
  Episode 10/10: Reward=0.6268
  >> Decoder Loss: 0.001121
  >> SAC Q1 Loss: 0.0007, Policy Loss: -1.3798
Epoch 51 Val Acc: 0.8514 | LR: 0.10000
Epoch 52/200
  Episode 1/10: Reward=0.5434
  Episode 2/10: Reward=0.6732
  Episode 3/10: Reward=0.5958
  Episode 4/10: Reward=0.7558
  Episode 5/10: Reward=0.5758
  Episode 6/10: Reward=0.7326
  Episode 7/10: Reward=0.6776
  Episode 8/10: Reward=0.6760
  Episode 9/10: Reward=0.6130
  Episode 10/10: Reward=0.6834
  >> Decoder Loss: 0.001907
  >> SAC Q1 Loss: 0.0005, Policy Loss: -1.3874
Epoch 52 Val Acc: 0.8771 | LR: 0.10000
Epoch 53/200
  Episode 1/10: Reward=0.7020
  Episode 2/10: Reward=0.7176
  Episode 3/10: Reward=0.7820
  Episode 4/10: Reward=0.7492
  Episode 5/10: Reward=0.6862
[BestPolicy] Updated best reward: 0.8318
  Episode 6/10: Reward=0.8318
  Episode 7/10: Reward=0.6014
  Episode 8/10: Reward=0.7628
  Episode 9/10: Reward=0.5782
  Episode 10/10: Reward=0.7774
  >> Decoder Loss: 0.001621
  >> SAC Q1 Loss: 0.0006, Policy Loss: -1.3928
Epoch 53 Val Acc: 0.8547 | LR: 0.10000
Epoch 54/200
  Episode 1/10: Reward=0.7226
  Episode 2/10: Reward=0.7328
  Episode 3/10: Reward=0.6884
  Episode 4/10: Reward=0.6890
  Episode 5/10: Reward=0.7154
  Episode 6/10: Reward=0.6988
  Episode 7/10: Reward=0.7960
  Episode 8/10: Reward=0.6576
  Episode 9/10: Reward=0.6964
  Episode 10/10: Reward=0.6704
  >> Decoder Loss: 0.001116
  >> SAC Q1 Loss: 0.0006, Policy Loss: -1.3953
Epoch 54 Val Acc: 0.8381 | LR: 0.10000
Epoch 55/200
  Episode 1/10: Reward=0.6708
  Episode 2/10: Reward=0.5424
  Episode 3/10: Reward=0.7450
  Episode 4/10: Reward=0.6270
  Episode 5/10: Reward=0.7462
  Episode 6/10: Reward=0.5680
  Episode 7/10: Reward=0.6226
  Episode 8/10: Reward=0.8046
  Episode 9/10: Reward=0.6844
  Episode 10/10: Reward=0.6202
  >> Decoder Loss: 0.001192
  >> SAC Q1 Loss: 0.0005, Policy Loss: -1.3924
Epoch 55 Val Acc: 0.8742 | LR: 0.10000
Epoch 56/200
  Episode 1/10: Reward=0.6010
  Episode 2/10: Reward=0.5960
  Episode 3/10: Reward=0.7408
  Episode 4/10: Reward=0.7406
  Episode 5/10: Reward=0.6290
  Episode 6/10: Reward=0.7334
  Episode 7/10: Reward=0.6472
  Episode 8/10: Reward=0.7434
  Episode 9/10: Reward=0.6726
  Episode 10/10: Reward=0.6652
  >> Decoder Loss: 0.001796
  >> SAC Q1 Loss: 0.0005, Policy Loss: -1.4020
Epoch 56 Val Acc: 0.8528 | LR: 0.10000
Epoch 57/200
  Episode 1/10: Reward=0.7186
  Episode 2/10: Reward=0.6980
  Episode 3/10: Reward=0.5878
  Episode 4/10: Reward=0.5238
  Episode 5/10: Reward=0.5730
  Episode 6/10: Reward=0.7722
  Episode 7/10: Reward=0.6802
  Episode 8/10: Reward=0.5406
  Episode 9/10: Reward=0.6292
  Episode 10/10: Reward=0.7966
  >> Decoder Loss: 0.001211
  >> SAC Q1 Loss: 0.0005, Policy Loss: -1.4009
Epoch 57 Val Acc: 0.8645 | LR: 0.10000
Epoch 58/200
  Episode 1/10: Reward=0.6394
  Episode 2/10: Reward=0.6094
  Episode 3/10: Reward=0.7394
  Episode 4/10: Reward=0.7442
  Episode 5/10: Reward=0.5646
  Episode 6/10: Reward=0.7922
  Episode 7/10: Reward=0.7320
  Episode 8/10: Reward=0.7394
  Episode 9/10: Reward=0.6900
  Episode 10/10: Reward=0.5692
  >> Decoder Loss: 0.001131
  >> SAC Q1 Loss: 0.0006, Policy Loss: -1.4032
Epoch 58 Val Acc: 0.8735 | LR: 0.10000
Epoch 59/200
  Episode 1/10: Reward=0.5982
  Episode 2/10: Reward=0.7478
  Episode 3/10: Reward=0.7274
  Episode 4/10: Reward=0.7240
  Episode 5/10: Reward=0.6104
  Episode 6/10: Reward=0.6578
  Episode 7/10: Reward=0.7344
  Episode 8/10: Reward=0.5566
  Episode 9/10: Reward=0.7438
  Episode 10/10: Reward=0.6520
  >> Decoder Loss: 0.001075
  >> SAC Q1 Loss: 0.0006, Policy Loss: -1.4127
Epoch 59 Val Acc: 0.8715 | LR: 0.10000
Epoch 60/200
  Episode 1/10: Reward=0.6564
  Episode 2/10: Reward=0.6274
  Episode 3/10: Reward=0.6166
  Episode 4/10: Reward=0.7954
  Episode 5/10: Reward=0.5920
  Episode 6/10: Reward=0.5668
  Episode 7/10: Reward=0.5328
  Episode 8/10: Reward=0.7472
  Episode 9/10: Reward=0.6654
  Episode 10/10: Reward=0.5838
  >> Decoder Loss: 0.001311
  >> SAC Q1 Loss: 0.0005, Policy Loss: -1.4071
Epoch 60 Val Acc: 0.8550 | LR: 0.10000
Epoch 61/200
  Episode 1/10: Reward=0.7378
  Episode 2/10: Reward=0.7166
  Episode 3/10: Reward=0.7370
  Episode 4/10: Reward=0.6452
  Episode 5/10: Reward=0.6634
  Episode 6/10: Reward=0.7116
  Episode 7/10: Reward=0.6846
  Episode 8/10: Reward=0.6306
  Episode 9/10: Reward=0.7264
  Episode 10/10: Reward=0.6672
  >> Decoder Loss: 0.001480
  >> SAC Q1 Loss: 0.0006, Policy Loss: -1.4014
Epoch 61 Val Acc: 0.8347 | LR: 0.10000
Epoch 62/200
  Episode 1/10: Reward=0.7008
  Episode 2/10: Reward=0.6382
  Episode 3/10: Reward=0.6996
  Episode 4/10: Reward=0.6382
  Episode 5/10: Reward=0.7512
  Episode 6/10: Reward=0.6448
  Episode 7/10: Reward=0.4844
  Episode 8/10: Reward=0.6844
  Episode 9/10: Reward=0.7898
  Episode 10/10: Reward=0.5270
  >> Decoder Loss: 0.001666
  >> SAC Q1 Loss: 0.0005, Policy Loss: -1.4098
Epoch 62 Val Acc: 0.8680 | LR: 0.10000
Epoch 63/200
  Episode 1/10: Reward=0.6616
  Episode 2/10: Reward=0.6554
  Episode 3/10: Reward=0.7330
  Episode 4/10: Reward=0.6660
  Episode 5/10: Reward=0.7348
  Episode 6/10: Reward=0.5600
  Episode 7/10: Reward=0.5270
  Episode 8/10: Reward=0.5200
  Episode 9/10: Reward=0.5670
  Episode 10/10: Reward=0.8000
  >> Decoder Loss: 0.001062
  >> SAC Q1 Loss: 0.0005, Policy Loss: -1.4114
Epoch 63 Val Acc: 0.8647 | LR: 0.10000
Epoch 64/200
  Episode 1/10: Reward=0.7332
  Episode 2/10: Reward=0.7076
  Episode 3/10: Reward=0.7072
  Episode 4/10: Reward=0.6426
  Episode 5/10: Reward=0.7782
  Episode 6/10: Reward=0.5584
  Episode 7/10: Reward=0.7340
  Episode 8/10: Reward=0.7620
  Episode 9/10: Reward=0.7426
  Episode 10/10: Reward=0.5834
  >> Decoder Loss: 0.001041
  >> SAC Q1 Loss: 0.0005, Policy Loss: -1.4076
Epoch 64 Val Acc: 0.8466 | LR: 0.10000
Epoch 65/200
  Episode 1/10: Reward=0.6996
  Episode 2/10: Reward=0.7064
  Episode 3/10: Reward=0.7074
  Episode 4/10: Reward=0.8186
  Episode 5/10: Reward=0.7240
  Episode 6/10: Reward=0.5718
  Episode 7/10: Reward=0.6604
  Episode 8/10: Reward=0.5552
  Episode 9/10: Reward=0.7824
  Episode 10/10: Reward=0.4404
  >> Decoder Loss: 0.001266
  >> SAC Q1 Loss: 0.0005, Policy Loss: -1.4092
Epoch 65 Val Acc: 0.8539 | LR: 0.10000
Epoch 66/200
  Episode 1/10: Reward=0.6712
  Episode 2/10: Reward=0.5910
  Episode 3/10: Reward=0.6066
  Episode 4/10: Reward=0.6814
  Episode 5/10: Reward=0.7490
  Episode 6/10: Reward=0.7380
  Episode 7/10: Reward=0.6932
  Episode 8/10: Reward=0.7786
  Episode 9/10: Reward=0.7254
  Episode 10/10: Reward=0.7586
  >> Decoder Loss: 0.001057
  >> SAC Q1 Loss: 0.0006, Policy Loss: -1.4095
Epoch 66 Val Acc: 0.8629 | LR: 0.10000
Epoch 67/200
  Episode 1/10: Reward=0.6630
  Episode 2/10: Reward=0.6950
  Episode 3/10: Reward=0.6276
  Episode 4/10: Reward=0.7686
  Episode 5/10: Reward=0.6568
  Episode 6/10: Reward=0.6534
  Episode 7/10: Reward=0.7182
  Episode 8/10: Reward=0.6234
  Episode 9/10: Reward=0.7330
  Episode 10/10: Reward=0.7362
  >> Decoder Loss: 0.001236
  >> SAC Q1 Loss: 0.0005, Policy Loss: -1.4142
Epoch 67 Val Acc: 0.8814 | LR: 0.10000
Epoch 68/200
  Episode 1/10: Reward=0.6976
  Episode 2/10: Reward=0.6988
  Episode 3/10: Reward=0.6692
  Episode 4/10: Reward=0.8204
  Episode 5/10: Reward=0.7464
  Episode 6/10: Reward=0.7098
  Episode 7/10: Reward=0.6242
  Episode 8/10: Reward=0.6384
  Episode 9/10: Reward=0.6402
  Episode 10/10: Reward=0.6116
  >> Decoder Loss: 0.001697
  >> SAC Q1 Loss: 0.0005, Policy Loss: -1.4019
Epoch 68 Val Acc: 0.8579 | LR: 0.10000
Epoch 69/200
  Episode 1/10: Reward=0.7090
  Episode 2/10: Reward=0.7130
  Episode 3/10: Reward=0.6422
  Episode 4/10: Reward=0.7246
  Episode 5/10: Reward=0.5490
  Episode 6/10: Reward=0.7586
  Episode 7/10: Reward=0.5922
  Episode 8/10: Reward=0.6036
  Episode 9/10: Reward=0.6980
  Episode 10/10: Reward=0.6218
  >> Decoder Loss: 0.001034
  >> SAC Q1 Loss: 0.0005, Policy Loss: -1.4181
Epoch 69 Val Acc: 0.8646 | LR: 0.10000
Epoch 70/200
  Episode 1/10: Reward=0.8014
  Episode 2/10: Reward=0.8154
  Episode 3/10: Reward=0.6434
  Episode 4/10: Reward=0.5260
  Episode 5/10: Reward=0.7238
  Episode 6/10: Reward=0.6646
  Episode 7/10: Reward=0.6986
  Episode 8/10: Reward=0.6556
  Episode 9/10: Reward=0.5566
  Episode 10/10: Reward=0.4458
  >> Decoder Loss: 0.001264
  >> SAC Q1 Loss: 0.0005, Policy Loss: -1.4156
Epoch 70 Val Acc: 0.8646 | LR: 0.10000
Epoch 71/200
  Episode 1/10: Reward=0.6664
  Episode 2/10: Reward=0.6734
  Episode 3/10: Reward=0.6760
  Episode 4/10: Reward=0.7312
  Episode 5/10: Reward=0.8118
  Episode 6/10: Reward=0.7130
  Episode 7/10: Reward=0.6374
  Episode 8/10: Reward=0.5750
  Episode 9/10: Reward=0.6788
  Episode 10/10: Reward=0.5612
  >> Decoder Loss: 0.001405
  >> SAC Q1 Loss: 0.0005, Policy Loss: -1.4164
Epoch 71 Val Acc: 0.8832 | LR: 0.10000
Epoch 72/200
  Episode 1/10: Reward=0.7844
  Episode 2/10: Reward=0.5738
  Episode 3/10: Reward=0.8190
  Episode 4/10: Reward=0.5812
  Episode 5/10: Reward=0.7796
  Episode 6/10: Reward=0.6474
  Episode 7/10: Reward=0.6448
  Episode 8/10: Reward=0.5782
  Episode 9/10: Reward=0.4838
  Episode 10/10: Reward=0.7104
  >> Decoder Loss: 0.001141
  >> SAC Q1 Loss: 0.0005, Policy Loss: -1.4153
Epoch 72 Val Acc: 0.8662 | LR: 0.10000
Epoch 73/200
  Episode 1/10: Reward=0.5898
  Episode 2/10: Reward=0.8158
  Episode 3/10: Reward=0.7938
  Episode 4/10: Reward=0.6786
  Episode 5/10: Reward=0.5526
  Episode 6/10: Reward=0.6558
  Episode 7/10: Reward=0.6276
  Episode 8/10: Reward=0.8252
  Episode 9/10: Reward=0.7590
  Episode 10/10: Reward=0.6776
  >> Decoder Loss: 0.001036
  >> SAC Q1 Loss: 0.0005, Policy Loss: -1.4130
Epoch 73 Val Acc: 0.8454 | LR: 0.10000
Epoch 74/200
  Episode 1/10: Reward=0.6536
  Episode 2/10: Reward=0.5236
  Episode 3/10: Reward=0.4204
  Episode 4/10: Reward=0.6510
  Episode 5/10: Reward=0.7090
  Episode 6/10: Reward=0.7126
  Episode 7/10: Reward=0.6552
  Episode 8/10: Reward=0.6508
  Episode 9/10: Reward=0.6396
  Episode 10/10: Reward=0.6108
  >> Decoder Loss: 0.001030
  >> SAC Q1 Loss: 0.0005, Policy Loss: -1.4177
Epoch 74 Val Acc: 0.8520 | LR: 0.10000
Epoch 75/200
  Episode 1/10: Reward=0.4584
  Episode 2/10: Reward=0.6454
  Episode 3/10: Reward=0.6918
  Episode 4/10: Reward=0.7246
  Episode 5/10: Reward=0.5494
  Episode 6/10: Reward=0.6476
  Episode 7/10: Reward=0.6818
  Episode 8/10: Reward=0.7312
  Episode 9/10: Reward=0.7748
  Episode 10/10: Reward=0.6644
  >> Decoder Loss: 0.000723
  >> SAC Q1 Loss: 0.0005, Policy Loss: -1.4238
Epoch 75 Val Acc: 0.8652 | LR: 0.10000
Epoch 76/200
  Episode 1/10: Reward=0.5904
  Episode 2/10: Reward=0.5442
  Episode 3/10: Reward=0.5766
  Episode 4/10: Reward=0.7132
  Episode 5/10: Reward=0.6490
  Episode 6/10: Reward=0.6502
  Episode 7/10: Reward=0.7296
  Episode 8/10: Reward=0.7022
  Episode 9/10: Reward=0.6350
  Episode 10/10: Reward=0.7212
  >> Decoder Loss: 0.000786
  >> SAC Q1 Loss: 0.0005, Policy Loss: -1.4186
Epoch 76 Val Acc: 0.8775 | LR: 0.10000
Epoch 77/200
  Episode 1/10: Reward=0.7086
  Episode 2/10: Reward=0.5272
  Episode 3/10: Reward=0.6684
  Episode 4/10: Reward=0.6636
  Episode 5/10: Reward=0.6946
  Episode 6/10: Reward=0.7282
  Episode 7/10: Reward=0.7442
  Episode 8/10: Reward=0.5950
  Episode 9/10: Reward=0.6870
  Episode 10/10: Reward=0.7702
  >> Decoder Loss: 0.000752
  >> SAC Q1 Loss: 0.0005, Policy Loss: -1.4265
Epoch 77 Val Acc: 0.8819 | LR: 0.10000
Epoch 78/200
  Episode 1/10: Reward=0.7038
  Episode 2/10: Reward=0.6864
  Episode 3/10: Reward=0.6400
  Episode 4/10: Reward=0.6192
  Episode 5/10: Reward=0.7730
  Episode 6/10: Reward=0.7332
  Episode 7/10: Reward=0.6330
  Episode 8/10: Reward=0.8180
  Episode 9/10: Reward=0.7516
  Episode 10/10: Reward=0.6892
  >> Decoder Loss: 0.000714
  >> SAC Q1 Loss: 0.0005, Policy Loss: -1.4290
Epoch 78 Val Acc: 0.8836 | LR: 0.10000
Epoch 79/200
  Episode 1/10: Reward=0.6388
  Episode 2/10: Reward=0.5860
  Episode 3/10: Reward=0.7190
  Episode 4/10: Reward=0.6190
  Episode 5/10: Reward=0.6816
  Episode 6/10: Reward=0.6712
  Episode 7/10: Reward=0.6418
  Episode 8/10: Reward=0.7030
  Episode 9/10: Reward=0.8068
  Episode 10/10: Reward=0.8102
  >> Decoder Loss: 0.001001
  >> SAC Q1 Loss: 0.0005, Policy Loss: -1.4290
Epoch 79 Val Acc: 0.8816 | LR: 0.10000
Epoch 80/200
  Episode 1/10: Reward=0.7060
  Episode 2/10: Reward=0.5988
  Episode 3/10: Reward=0.6176
  Episode 4/10: Reward=0.8140
  Episode 5/10: Reward=0.6204
  Episode 6/10: Reward=0.6984
  Episode 7/10: Reward=0.5862
  Episode 8/10: Reward=0.7060
  Episode 9/10: Reward=0.6516
  Episode 10/10: Reward=0.7698
  >> Decoder Loss: 0.000745
  >> SAC Q1 Loss: 0.0005, Policy Loss: -1.4329
Epoch 80 Val Acc: 0.8616 | LR: 0.10000
Epoch 81/200
  Episode 1/10: Reward=0.7330
  Episode 2/10: Reward=0.6600
  Episode 3/10: Reward=0.5860
  Episode 4/10: Reward=0.7192
  Episode 5/10: Reward=0.6964
  Episode 6/10: Reward=0.7858
  Episode 7/10: Reward=0.7442
  Episode 8/10: Reward=0.6702
  Episode 9/10: Reward=0.6556
  Episode 10/10: Reward=0.6790
  >> Decoder Loss: 0.000519
  >> SAC Q1 Loss: 0.0005, Policy Loss: -1.4242
Epoch 81 Val Acc: 0.8656 | LR: 0.10000
Epoch 82/200
  Episode 1/10: Reward=0.5920
  Episode 2/10: Reward=0.6158
  Episode 3/10: Reward=0.6782
  Episode 4/10: Reward=0.7654
  Episode 5/10: Reward=0.6936
  Episode 6/10: Reward=0.5958
  Episode 7/10: Reward=0.5662
  Episode 8/10: Reward=0.7122
  Episode 9/10: Reward=0.6512
  Episode 10/10: Reward=0.7134
  >> Decoder Loss: 0.000450
  >> SAC Q1 Loss: 0.0005, Policy Loss: -1.4344
Epoch 82 Val Acc: 0.8746 | LR: 0.10000
Epoch 83/200
  Episode 1/10: Reward=0.6620
  Episode 2/10: Reward=0.5040
  Episode 3/10: Reward=0.5402
  Episode 4/10: Reward=0.7174
  Episode 5/10: Reward=0.6728
  Episode 6/10: Reward=0.4696
  Episode 7/10: Reward=0.7266
  Episode 8/10: Reward=0.6712
  Episode 9/10: Reward=0.6820
  Episode 10/10: Reward=0.6628
  >> Decoder Loss: 0.000751
  >> SAC Q1 Loss: 0.0005, Policy Loss: -1.4316
Epoch 83 Val Acc: 0.8698 | LR: 0.10000
Epoch 84/200
  Episode 1/10: Reward=0.8114
  Episode 2/10: Reward=0.6100
  Episode 3/10: Reward=0.7502
  Episode 4/10: Reward=0.4992
  Episode 5/10: Reward=0.6044
  Episode 6/10: Reward=0.5592
  Episode 7/10: Reward=0.6944
  Episode 8/10: Reward=0.7172
  Episode 9/10: Reward=0.6914
  Episode 10/10: Reward=0.6990
  >> Decoder Loss: 0.000629
  >> SAC Q1 Loss: 0.0005, Policy Loss: -1.4303
Epoch 84 Val Acc: 0.8731 | LR: 0.10000
Epoch 85/200
  Episode 1/10: Reward=0.7396
  Episode 2/10: Reward=0.4158
  Episode 3/10: Reward=0.7088
  Episode 4/10: Reward=0.5960
  Episode 5/10: Reward=0.6972
  Episode 6/10: Reward=0.6262
  Episode 7/10: Reward=0.6070
  Episode 8/10: Reward=0.6594
  Episode 9/10: Reward=0.5518
  Episode 10/10: Reward=0.5866
  >> Decoder Loss: 0.001132
  >> SAC Q1 Loss: 0.0005, Policy Loss: -1.4371
Epoch 85 Val Acc: 0.8710 | LR: 0.10000
Epoch 86/200
  Episode 1/10: Reward=0.7882
  Episode 2/10: Reward=0.7758
  Episode 3/10: Reward=0.7054
  Episode 4/10: Reward=0.4648
  Episode 5/10: Reward=0.7298
  Episode 6/10: Reward=0.7336
  Episode 7/10: Reward=0.6784
  Episode 8/10: Reward=0.6928
  Episode 9/10: Reward=0.7002
  Episode 10/10: Reward=0.7568
  >> Decoder Loss: 0.000719
  >> SAC Q1 Loss: 0.0005, Policy Loss: -1.4351
Epoch 86 Val Acc: 0.8688 | LR: 0.10000
Epoch 87/200
  Episode 1/10: Reward=0.5618
  Episode 2/10: Reward=0.6746
  Episode 3/10: Reward=0.6226
  Episode 4/10: Reward=0.7420
  Episode 5/10: Reward=0.6036
  Episode 6/10: Reward=0.7234
  Episode 7/10: Reward=0.6836
  Episode 8/10: Reward=0.7230
  Episode 9/10: Reward=0.6674
  Episode 10/10: Reward=0.6946
  >> Decoder Loss: 0.000544
  >> SAC Q1 Loss: 0.0005, Policy Loss: -1.4310
Epoch 87 Val Acc: 0.8791 | LR: 0.10000
Epoch 88/200
  Episode 1/10: Reward=0.7368
  Episode 2/10: Reward=0.6912
  Episode 3/10: Reward=0.5074
  Episode 4/10: Reward=0.7012
  Episode 5/10: Reward=0.5200
  Episode 6/10: Reward=0.7052
  Episode 7/10: Reward=0.8062
  Episode 8/10: Reward=0.6388
  Episode 9/10: Reward=0.6626
  Episode 10/10: Reward=0.6316
  >> Decoder Loss: 0.000717
  >> SAC Q1 Loss: 0.0005, Policy Loss: -1.4289
Epoch 88 Val Acc: 0.8735 | LR: 0.10000
Epoch 89/200
  Episode 1/10: Reward=0.6784
  Episode 2/10: Reward=0.7818
  Episode 3/10: Reward=0.7154
  Episode 4/10: Reward=0.7532
  Episode 5/10: Reward=0.5758
  Episode 6/10: Reward=0.6038
  Episode 7/10: Reward=0.6532
  Episode 8/10: Reward=0.6168
  Episode 9/10: Reward=0.7286
  Episode 10/10: Reward=0.6898
  >> Decoder Loss: 0.000671
  >> SAC Q1 Loss: 0.0005, Policy Loss: -1.4357
Epoch 89 Val Acc: 0.8742 | LR: 0.10000
Epoch 90/200
  Episode 1/10: Reward=0.7602
  Episode 2/10: Reward=0.5542
  Episode 3/10: Reward=0.7082
  Episode 4/10: Reward=0.6408
  Episode 5/10: Reward=0.6728
  Episode 6/10: Reward=0.8146
  Episode 7/10: Reward=0.3894
  Episode 8/10: Reward=0.7606
  Episode 9/10: Reward=0.6544
  Episode 10/10: Reward=0.6846
  >> Decoder Loss: 0.000918
  >> SAC Q1 Loss: 0.0005, Policy Loss: -1.4220
Epoch 90 Val Acc: 0.8732 | LR: 0.10000

=== [Phase 4] Weights Training with Lalign (Alignment) ===
  >> Best policy loaded. Applying Soft Alignment...
Epoch 91/200 Val Acc: 0.8599
Epoch 92/200 Val Acc: 0.8576
Epoch 93/200 Val Acc: 0.8700
Epoch 94/200 Val Acc: 0.8671
Epoch 95/200 Val Acc: 0.8690
Epoch 96/200 Val Acc: 0.8719
Epoch 97/200 Val Acc: 0.8798
Epoch 98/200 Val Acc: 0.8619
Epoch 99/200 Val Acc: 0.8634
Epoch 100/200 Val Acc: 0.8150
Epoch 101/200 Val Acc: 0.8594
Epoch 102/200 Val Acc: 0.8647
Epoch 103/200 Val Acc: 0.8388
Epoch 104/200 Val Acc: 0.8738
Epoch 105/200 Val Acc: 0.8551
Epoch 106/200 Val Acc: 0.8704
Epoch 107/200 Val Acc: 0.8646
Epoch 108/200 Val Acc: 0.8524
Epoch 109/200 Val Acc: 0.8593
Epoch 110/200 Val Acc: 0.8627
Epoch 111/200 Val Acc: 0.9131
Epoch 112/200 Val Acc: 0.9149
Epoch 113/200 Val Acc: 0.9189
Epoch 114/200 Val Acc: 0.9170
Epoch 115/200 Val Acc: 0.9186
Epoch 116/200 Val Acc: 0.9196
Epoch 117/200 Val Acc: 0.9174
Epoch 118/200 Val Acc: 0.9194
Epoch 119/200 Val Acc: 0.9203
Epoch 120/200 Val Acc: 0.9191
Epoch 121/200 Val Acc: 0.9195
Epoch 122/200 Val Acc: 0.9207
Epoch 123/200 Val Acc: 0.9188
Epoch 124/200 Val Acc: 0.9190
Epoch 125/200 Val Acc: 0.9200
Epoch 126/200 Val Acc: 0.9200
Epoch 127/200 Val Acc: 0.9183
Epoch 128/200 Val Acc: 0.9170
Epoch 129/200 Val Acc: 0.9203
Epoch 130/200 Val Acc: 0.9198
Epoch 131/200 Val Acc: 0.9192
Epoch 132/200 Val Acc: 0.9208
Epoch 133/200 Val Acc: 0.9193
Epoch 134/200 Val Acc: 0.9181
Epoch 135/200 Val Acc: 0.9178
Epoch 136/200 Val Acc: 0.9193
Epoch 137/200 Val Acc: 0.9197
Epoch 138/200 Val Acc: 0.9187
Epoch 139/200 Val Acc: 0.9217
Epoch 140/200 Val Acc: 0.9192
Epoch 141/200 Val Acc: 0.9207
Epoch 142/200 Val Acc: 0.9184
Epoch 143/200 Val Acc: 0.9160
Epoch 144/200 Val Acc: 0.9171
Epoch 145/200 Val Acc: 0.9180
Epoch 146/200 Val Acc: 0.9203
Epoch 147/200 Val Acc: 0.9211
Epoch 148/200 Val Acc: 0.9183
Epoch 149/200 Val Acc: 0.9175
Epoch 150/200 Val Acc: 0.9186
Epoch 151/200 Val Acc: 0.9156
Epoch 152/200 Val Acc: 0.9174
Epoch 153/200 Val Acc: 0.9215
Epoch 154/200 Val Acc: 0.9207
Epoch 155/200 Val Acc: 0.9215
Epoch 156/200 Val Acc: 0.9181
Epoch 157/200 Val Acc: 0.9195
Epoch 158/200 Val Acc: 0.9197
Epoch 159/200 Val Acc: 0.9209
Epoch 160/200 Val Acc: 0.9193
Epoch 161/200 Val Acc: 0.9207
Epoch 162/200 Val Acc: 0.9216
Epoch 163/200 Val Acc: 0.9228
Epoch 164/200 Val Acc: 0.9229
Epoch 165/200 Val Acc: 0.9224
Epoch 166/200 Val Acc: 0.9226
Epoch 167/200 Val Acc: 0.9227
Epoch 168/200 Val Acc: 0.9234
Epoch 169/200 Val Acc: 0.9217
Epoch 170/200 Val Acc: 0.9219
Epoch 171/200 Val Acc: 0.9240
Epoch 172/200 Val Acc: 0.9230
Epoch 173/200 Val Acc: 0.9222
Epoch 174/200 Val Acc: 0.9204
Epoch 175/200 Val Acc: 0.9222
Epoch 176/200 Val Acc: 0.9222
Epoch 177/200 Val Acc: 0.9217
Epoch 178/200 Val Acc: 0.9223
Epoch 179/200 Val Acc: 0.9211
Epoch 180/200 Val Acc: 0.9221
Epoch 181/200 Val Acc: 0.9208
Epoch 182/200 Val Acc: 0.9213
Epoch 183/200 Val Acc: 0.9231
Epoch 184/200 Val Acc: 0.9216
Epoch 185/200 Val Acc: 0.9231
Epoch 186/200 Val Acc: 0.9225
Epoch 187/200 Val Acc: 0.9232
Epoch 188/200 Val Acc: 0.9235
Epoch 189/200 Val Acc: 0.9236
Epoch 190/200 Val Acc: 0.9221
Epoch 191/200 Val Acc: 0.9222
Epoch 192/200 Val Acc: 0.9231
Epoch 193/200 Val Acc: 0.9232
Epoch 194/200 Val Acc: 0.9219
Epoch 195/200 Val Acc: 0.9224
Epoch 196/200 Val Acc: 0.9220
Epoch 197/200 Val Acc: 0.9227
Epoch 198/200 Val Acc: 0.9232
Epoch 199/200 Val Acc: 0.9224
Epoch 200/200 Val Acc: 0.9224
Training Complete.
