Using device: cuda:4
>> Data: Splitting 45k (Train) / 5k (Reward) / 10k (Test)
ModelWrapper: Detected 27 prunable blocks (Conv1+Conv2 pairs).
Env Init: Original=125.04M, Target=62.52M
Environment initialized. State dim: 9, Target Prune Rate: 0.5

=== [Phase 1] Warmup (Weights Training) ===
Epoch 1 Val Acc: 0.3690 | LR: 0.10000
Epoch 2 Val Acc: 0.4339 | LR: 0.10000
Epoch 3 Val Acc: 0.5664 | LR: 0.10000
Epoch 4 Val Acc: 0.6791 | LR: 0.10000
Epoch 5 Val Acc: 0.7217 | LR: 0.10000
Epoch 6 Val Acc: 0.7242 | LR: 0.10000
Epoch 7 Val Acc: 0.6744 | LR: 0.10000
Epoch 8 Val Acc: 0.7789 | LR: 0.10000
Epoch 9 Val Acc: 0.7702 | LR: 0.10000
Epoch 10 Val Acc: 0.7904 | LR: 0.10000
>> Warmup done. Updating base weights for Agent...

=== [Phase 2] Fill Buffer (Pure Random Exploration) ===
Epoch 11/200
  Fill Episode 1/10: Reward=0.3882
  Fill Episode 2/10: Reward=0.6660
  Fill Episode 3/10: Reward=0.5100
  Fill Episode 4/10: Reward=0.6186
  Fill Episode 5/10: Reward=0.5764
  Fill Episode 6/10: Reward=0.6424
  Fill Episode 7/10: Reward=0.6834
  Fill Episode 8/10: Reward=0.5262
  Fill Episode 9/10: Reward=0.7012
  Fill Episode 10/10: Reward=0.3820
Epoch 12/200
  Fill Episode 1/10: Reward=0.5962
  Fill Episode 2/10: Reward=0.5752
  Fill Episode 3/10: Reward=0.5218
  Fill Episode 4/10: Reward=0.6734
  Fill Episode 5/10: Reward=0.6062
  Fill Episode 6/10: Reward=0.6798
  Fill Episode 7/10: Reward=0.3544
  Fill Episode 8/10: Reward=0.5800
  Fill Episode 9/10: Reward=0.6160
  Fill Episode 10/10: Reward=0.2722
Epoch 13/200
  Fill Episode 1/10: Reward=0.5510
  Fill Episode 2/10: Reward=0.6488
  Fill Episode 3/10: Reward=0.2800
  Fill Episode 4/10: Reward=0.3190
  Fill Episode 5/10: Reward=0.4002
  Fill Episode 6/10: Reward=0.4738
  Fill Episode 7/10: Reward=0.5172
  Fill Episode 8/10: Reward=0.6780
  Fill Episode 9/10: Reward=0.6600
  Fill Episode 10/10: Reward=0.7016
Epoch 14/200
  Fill Episode 1/10: Reward=0.6608
  Fill Episode 2/10: Reward=0.4452
  Fill Episode 3/10: Reward=0.3970
  Fill Episode 4/10: Reward=0.5240
  Fill Episode 5/10: Reward=0.6696
  Fill Episode 6/10: Reward=0.5174
  Fill Episode 7/10: Reward=0.3568
  Fill Episode 8/10: Reward=0.6422
  Fill Episode 9/10: Reward=0.5756
  Fill Episode 10/10: Reward=0.5390
Epoch 15/200
  Fill Episode 1/10: Reward=0.5958
  Fill Episode 2/10: Reward=0.6902
  Fill Episode 3/10: Reward=0.6360
  Fill Episode 4/10: Reward=0.6044
  Fill Episode 5/10: Reward=0.3676
  Fill Episode 6/10: Reward=0.6644
  Fill Episode 7/10: Reward=0.5282
  Fill Episode 8/10: Reward=0.3470
  Fill Episode 9/10: Reward=0.5448
  Fill Episode 10/10: Reward=0.5796
Epoch 16/200
  Fill Episode 1/10: Reward=0.6406
  Fill Episode 2/10: Reward=0.3434
  Fill Episode 3/10: Reward=0.6252
  Fill Episode 4/10: Reward=0.4076
  Fill Episode 5/10: Reward=0.5874
  Fill Episode 6/10: Reward=0.6504
  Fill Episode 7/10: Reward=0.3370
  Fill Episode 8/10: Reward=0.6264
  Fill Episode 9/10: Reward=0.5040
  Fill Episode 10/10: Reward=0.4198
Epoch 17/200
  Fill Episode 1/10: Reward=0.4272
  Fill Episode 2/10: Reward=0.6074
  Fill Episode 3/10: Reward=0.5872
  Fill Episode 4/10: Reward=0.3536
  Fill Episode 5/10: Reward=0.5346
  Fill Episode 6/10: Reward=0.5722
  Fill Episode 7/10: Reward=0.3556
  Fill Episode 8/10: Reward=0.4758
  Fill Episode 9/10: Reward=0.5924
  Fill Episode 10/10: Reward=0.5910
Epoch 18/200
  Fill Episode 1/10: Reward=0.5826
  Fill Episode 2/10: Reward=0.6220
  Fill Episode 3/10: Reward=0.5210
  Fill Episode 4/10: Reward=0.6520
  Fill Episode 5/10: Reward=0.3878
  Fill Episode 6/10: Reward=0.6660
  Fill Episode 7/10: Reward=0.6222
  Fill Episode 8/10: Reward=0.6004
  Fill Episode 9/10: Reward=0.4994
  Fill Episode 10/10: Reward=0.6468
Epoch 19/200
  Fill Episode 1/10: Reward=0.7042
  Fill Episode 2/10: Reward=0.5596
  Fill Episode 3/10: Reward=0.4146
  Fill Episode 4/10: Reward=0.6374
  Fill Episode 5/10: Reward=0.3064
  Fill Episode 6/10: Reward=0.2594
  Fill Episode 7/10: Reward=0.4602
  Fill Episode 8/10: Reward=0.6668
  Fill Episode 9/10: Reward=0.6438
  Fill Episode 10/10: Reward=0.4158
Epoch 20/200
  Fill Episode 1/10: Reward=0.7242
  Fill Episode 2/10: Reward=0.6420
  Fill Episode 3/10: Reward=0.6460
  Fill Episode 4/10: Reward=0.4658
  Fill Episode 5/10: Reward=0.6876
  Fill Episode 6/10: Reward=0.6772
  Fill Episode 7/10: Reward=0.2748
  Fill Episode 8/10: Reward=0.6554
  Fill Episode 9/10: Reward=0.6760
  Fill Episode 10/10: Reward=0.3222

=== [Phase 3] Joint Agent Training & Pruning Search ===
Epoch 21/200
[BestPolicy] Updated best reward: 0.4040
  Episode 1/10: Reward=0.4040
[BestPolicy] Updated best reward: 0.5318
  Episode 2/10: Reward=0.5318
[BestPolicy] Updated best reward: 0.6564
  Episode 3/10: Reward=0.6564
  Episode 4/10: Reward=0.6112
  Episode 5/10: Reward=0.5866
[BestPolicy] Updated best reward: 0.6676
  Episode 6/10: Reward=0.6676
  Episode 7/10: Reward=0.5504
  Episode 8/10: Reward=0.3884
  Episode 9/10: Reward=0.6620
  Episode 10/10: Reward=0.4382
  >> Decoder Loss: 0.014798
  >> SAC Q1 Loss: 0.0191, Policy Loss: 0.1204
Epoch 21 Val Acc: 0.7980 | LR: 0.10000
Epoch 22/200
  Episode 1/10: Reward=0.6420
  Episode 2/10: Reward=0.3334
  Episode 3/10: Reward=0.3858
[BestPolicy] Updated best reward: 0.6690
  Episode 4/10: Reward=0.6690
  Episode 5/10: Reward=0.5106
  Episode 6/10: Reward=0.6258
[BestPolicy] Updated best reward: 0.6714
  Episode 7/10: Reward=0.6714
[BestPolicy] Updated best reward: 0.6990
  Episode 8/10: Reward=0.6990
  Episode 9/10: Reward=0.6452
  Episode 10/10: Reward=0.4448
  >> Decoder Loss: 0.010824
  >> SAC Q1 Loss: 0.0073, Policy Loss: -0.0099
Epoch 22 Val Acc: 0.8260 | LR: 0.10000
Epoch 23/200
  Episode 1/10: Reward=0.4842
[BestPolicy] Updated best reward: 0.7344
  Episode 2/10: Reward=0.7344
  Episode 3/10: Reward=0.6806
  Episode 4/10: Reward=0.7314
  Episode 5/10: Reward=0.3194
  Episode 6/10: Reward=0.6778
  Episode 7/10: Reward=0.7158
  Episode 8/10: Reward=0.7122
  Episode 9/10: Reward=0.5838
  Episode 10/10: Reward=0.5800
  >> Decoder Loss: 0.010124
  >> SAC Q1 Loss: 0.0031, Policy Loss: -0.0974
Epoch 23 Val Acc: 0.8220 | LR: 0.10000
Epoch 24/200
  Episode 1/10: Reward=0.3518
  Episode 2/10: Reward=0.3296
  Episode 3/10: Reward=0.5224
  Episode 4/10: Reward=0.4094
  Episode 5/10: Reward=0.4948
  Episode 6/10: Reward=0.3796
  Episode 7/10: Reward=0.4276
  Episode 8/10: Reward=0.1422
  Episode 9/10: Reward=0.3870
  Episode 10/10: Reward=0.4860
  >> Decoder Loss: 0.009473
  >> SAC Q1 Loss: 0.0013, Policy Loss: -0.1868
Epoch 24 Val Acc: 0.8379 | LR: 0.10000
Epoch 25/200
  Episode 1/10: Reward=0.5768
  Episode 2/10: Reward=0.6690
[BestPolicy] Updated best reward: 0.7536
  Episode 3/10: Reward=0.7536
  Episode 4/10: Reward=0.5120
  Episode 5/10: Reward=0.6582
  Episode 6/10: Reward=0.7442
  Episode 7/10: Reward=0.4678
  Episode 8/10: Reward=0.4720
  Episode 9/10: Reward=0.3292
  Episode 10/10: Reward=0.7500
  >> Decoder Loss: 0.008388
  >> SAC Q1 Loss: 0.0012, Policy Loss: -0.2638
Epoch 25 Val Acc: 0.8260 | LR: 0.10000
Epoch 26/200
  Episode 1/10: Reward=0.5296
  Episode 2/10: Reward=0.2880
  Episode 3/10: Reward=0.6772
  Episode 4/10: Reward=0.4062
  Episode 5/10: Reward=0.6810
  Episode 6/10: Reward=0.6072
  Episode 7/10: Reward=0.7204
  Episode 8/10: Reward=0.7034
  Episode 9/10: Reward=0.7432
  Episode 10/10: Reward=0.6298
  >> Decoder Loss: 0.007964
  >> SAC Q1 Loss: 0.0011, Policy Loss: -0.3428
Epoch 26 Val Acc: 0.8358 | LR: 0.10000
Epoch 27/200
  Episode 1/10: Reward=0.6546
  Episode 2/10: Reward=0.4580
  Episode 3/10: Reward=0.3258
  Episode 4/10: Reward=0.5286
  Episode 5/10: Reward=0.4560
  Episode 6/10: Reward=0.7052
  Episode 7/10: Reward=0.3594
  Episode 8/10: Reward=0.4876
  Episode 9/10: Reward=0.4222
  Episode 10/10: Reward=0.5562
  >> Decoder Loss: 0.007350
  >> SAC Q1 Loss: 0.0013, Policy Loss: -0.4161
Epoch 27 Val Acc: 0.8338 | LR: 0.10000
Epoch 28/200
  Episode 1/10: Reward=0.3002
  Episode 2/10: Reward=0.5938
  Episode 3/10: Reward=0.5218
  Episode 4/10: Reward=0.2128
[BestPolicy] Updated best reward: 0.7632
  Episode 5/10: Reward=0.7632
  Episode 6/10: Reward=0.7428
  Episode 7/10: Reward=0.2152
  Episode 8/10: Reward=0.6260
  Episode 9/10: Reward=0.6366
  Episode 10/10: Reward=0.2836
  >> Decoder Loss: 0.006996
  >> SAC Q1 Loss: 0.0018, Policy Loss: -0.4899
Epoch 28 Val Acc: 0.8452 | LR: 0.10000
Epoch 29/200
  Episode 1/10: Reward=0.3388
  Episode 2/10: Reward=0.4352
  Episode 3/10: Reward=0.4494
  Episode 4/10: Reward=0.5216
  Episode 5/10: Reward=0.7454
  Episode 6/10: Reward=0.4038
  Episode 7/10: Reward=0.3458
  Episode 8/10: Reward=0.5172
  Episode 9/10: Reward=0.6906
  Episode 10/10: Reward=0.2252
  >> Decoder Loss: 0.006883
  >> SAC Q1 Loss: 0.0021, Policy Loss: -0.5665
Epoch 29 Val Acc: 0.8349 | LR: 0.10000
Epoch 30/200
  Episode 1/10: Reward=0.6136
[BestPolicy] Updated best reward: 0.7832
  Episode 2/10: Reward=0.7832
  Episode 3/10: Reward=0.5782
  Episode 4/10: Reward=0.3864
  Episode 5/10: Reward=0.4808
  Episode 6/10: Reward=0.5470
  Episode 7/10: Reward=0.6698
  Episode 8/10: Reward=0.7718
  Episode 9/10: Reward=0.7102
  Episode 10/10: Reward=0.6592
  >> Decoder Loss: 0.006463
  >> SAC Q1 Loss: 0.0023, Policy Loss: -0.6334
Epoch 30 Val Acc: 0.8361 | LR: 0.10000
Epoch 31/200
  Episode 1/10: Reward=0.4000
  Episode 2/10: Reward=0.4920
  Episode 3/10: Reward=0.5912
  Episode 4/10: Reward=0.4142
  Episode 5/10: Reward=0.6816
  Episode 6/10: Reward=0.2494
  Episode 7/10: Reward=0.7396
  Episode 8/10: Reward=0.3764
  Episode 9/10: Reward=0.4444
  Episode 10/10: Reward=0.1792
  >> Decoder Loss: 0.006548
  >> SAC Q1 Loss: 0.0027, Policy Loss: -0.6909
Epoch 31 Val Acc: 0.8299 | LR: 0.10000
Epoch 32/200
  Episode 1/10: Reward=0.6616
  Episode 2/10: Reward=0.3048
  Episode 3/10: Reward=0.3936
  Episode 4/10: Reward=0.3386
  Episode 5/10: Reward=0.3150
  Episode 6/10: Reward=0.3000
  Episode 7/10: Reward=0.3924
  Episode 8/10: Reward=0.1732
  Episode 9/10: Reward=0.4028
  Episode 10/10: Reward=0.6508
  >> Decoder Loss: 0.005121
  >> SAC Q1 Loss: 0.0025, Policy Loss: -0.7542
Epoch 32 Val Acc: 0.8351 | LR: 0.10000
Epoch 33/200
  Episode 1/10: Reward=0.6202
  Episode 2/10: Reward=0.4496
  Episode 3/10: Reward=0.4092
  Episode 4/10: Reward=0.3202
  Episode 5/10: Reward=0.3078
  Episode 6/10: Reward=0.4488
  Episode 7/10: Reward=0.3726
  Episode 8/10: Reward=0.2958
  Episode 9/10: Reward=0.7134
  Episode 10/10: Reward=0.7602
  >> Decoder Loss: 0.004710
  >> SAC Q1 Loss: 0.0020, Policy Loss: -0.8083
Epoch 33 Val Acc: 0.8341 | LR: 0.10000
Epoch 34/200
  Episode 1/10: Reward=0.7074
  Episode 2/10: Reward=0.3428
  Episode 3/10: Reward=0.7596
  Episode 4/10: Reward=0.7234
  Episode 5/10: Reward=0.6442
  Episode 6/10: Reward=0.7590
  Episode 7/10: Reward=0.3798
  Episode 8/10: Reward=0.7072
  Episode 9/10: Reward=0.4536
  Episode 10/10: Reward=0.5122
  >> Decoder Loss: 0.004109
  >> SAC Q1 Loss: 0.0018, Policy Loss: -0.8572
Epoch 34 Val Acc: 0.8479 | LR: 0.10000
Epoch 35/200
  Episode 1/10: Reward=0.4838
  Episode 2/10: Reward=0.3224
  Episode 3/10: Reward=0.5108
  Episode 4/10: Reward=0.4448
  Episode 5/10: Reward=0.4894
  Episode 6/10: Reward=0.5006
  Episode 7/10: Reward=0.3944
  Episode 8/10: Reward=0.3350
  Episode 9/10: Reward=0.3838
  Episode 10/10: Reward=0.4250
  >> Decoder Loss: 0.004383
  >> SAC Q1 Loss: 0.0015, Policy Loss: -0.9050
Epoch 35 Val Acc: 0.8286 | LR: 0.10000
Epoch 36/200
  Episode 1/10: Reward=0.4566
  Episode 2/10: Reward=0.7058
  Episode 3/10: Reward=0.7520
  Episode 4/10: Reward=0.4018
  Episode 5/10: Reward=0.4774
  Episode 6/10: Reward=0.7350
  Episode 7/10: Reward=0.5452
  Episode 8/10: Reward=0.4970
  Episode 9/10: Reward=0.6642
  Episode 10/10: Reward=0.3920
  >> Decoder Loss: 0.003172
  >> SAC Q1 Loss: 0.0014, Policy Loss: -0.9473
Epoch 36 Val Acc: 0.8350 | LR: 0.10000
Epoch 37/200
  Episode 1/10: Reward=0.5278
  Episode 2/10: Reward=0.4968
  Episode 3/10: Reward=0.5644
  Episode 4/10: Reward=0.4540
  Episode 5/10: Reward=0.3266
  Episode 6/10: Reward=0.7122
  Episode 7/10: Reward=0.3428
  Episode 8/10: Reward=0.7276
  Episode 9/10: Reward=0.6370
  Episode 10/10: Reward=0.6022
  >> Decoder Loss: 0.003454
  >> SAC Q1 Loss: 0.0014, Policy Loss: -0.9865
Epoch 37 Val Acc: 0.8414 | LR: 0.10000
Epoch 38/200
  Episode 1/10: Reward=0.7388
  Episode 2/10: Reward=0.7104
  Episode 3/10: Reward=0.7310
  Episode 4/10: Reward=0.7472
  Episode 5/10: Reward=0.6814
  Episode 6/10: Reward=0.6968
  Episode 7/10: Reward=0.4436
  Episode 8/10: Reward=0.3564
  Episode 9/10: Reward=0.3250
  Episode 10/10: Reward=0.7126
  >> Decoder Loss: 0.003279
  >> SAC Q1 Loss: 0.0012, Policy Loss: -1.0248
Epoch 38 Val Acc: 0.8523 | LR: 0.10000
Epoch 39/200
  Episode 1/10: Reward=0.4920
  Episode 2/10: Reward=0.7608
  Episode 3/10: Reward=0.7794
  Episode 4/10: Reward=0.7530
  Episode 5/10: Reward=0.4020
  Episode 6/10: Reward=0.5608
[BestPolicy] Updated best reward: 0.7918
  Episode 7/10: Reward=0.7918
  Episode 8/10: Reward=0.5698
  Episode 9/10: Reward=0.4958
  Episode 10/10: Reward=0.7664
  >> Decoder Loss: 0.002454
  >> SAC Q1 Loss: 0.0012, Policy Loss: -1.0576
Epoch 39 Val Acc: 0.8430 | LR: 0.10000
Epoch 40/200
  Episode 1/10: Reward=0.5684
  Episode 2/10: Reward=0.6124
  Episode 3/10: Reward=0.7726
  Episode 4/10: Reward=0.3736
  Episode 5/10: Reward=0.4930
  Episode 6/10: Reward=0.7066
  Episode 7/10: Reward=0.5600
  Episode 8/10: Reward=0.7820
  Episode 9/10: Reward=0.3366
  Episode 10/10: Reward=0.7352
  >> Decoder Loss: 0.002445
  >> SAC Q1 Loss: 0.0013, Policy Loss: -1.0831
Epoch 40 Val Acc: 0.8527 | LR: 0.10000
Epoch 41/200
  Episode 1/10: Reward=0.7234
  Episode 2/10: Reward=0.6296
  Episode 3/10: Reward=0.7174
  Episode 4/10: Reward=0.6654
  Episode 5/10: Reward=0.3256
  Episode 6/10: Reward=0.7100
  Episode 7/10: Reward=0.7200
  Episode 8/10: Reward=0.4220
  Episode 9/10: Reward=0.7340
  Episode 10/10: Reward=0.7400
  >> Decoder Loss: 0.002154
  >> SAC Q1 Loss: 0.0013, Policy Loss: -1.1067
Epoch 41 Val Acc: 0.8219 | LR: 0.10000
Epoch 42/200
  Episode 1/10: Reward=0.7284
  Episode 2/10: Reward=0.5956
  Episode 3/10: Reward=0.3998
  Episode 4/10: Reward=0.4968
  Episode 5/10: Reward=0.6708
  Episode 6/10: Reward=0.3852
  Episode 7/10: Reward=0.3706
  Episode 8/10: Reward=0.5556
  Episode 9/10: Reward=0.2610
  Episode 10/10: Reward=0.2852
  >> Decoder Loss: 0.001839
  >> SAC Q1 Loss: 0.0012, Policy Loss: -1.1319
Epoch 42 Val Acc: 0.8376 | LR: 0.10000
Epoch 43/200
  Episode 1/10: Reward=0.6854
  Episode 2/10: Reward=0.5816
  Episode 3/10: Reward=0.7084
  Episode 4/10: Reward=0.7034
  Episode 5/10: Reward=0.7458
  Episode 6/10: Reward=0.6712
  Episode 7/10: Reward=0.6172
  Episode 8/10: Reward=0.6848
  Episode 9/10: Reward=0.6952
  Episode 10/10: Reward=0.3568
  >> Decoder Loss: 0.002003
  >> SAC Q1 Loss: 0.0012, Policy Loss: -1.1561
Epoch 43 Val Acc: 0.8601 | LR: 0.10000
Epoch 44/200
  Episode 1/10: Reward=0.5356
  Episode 2/10: Reward=0.4734
  Episode 3/10: Reward=0.4596
  Episode 4/10: Reward=0.6578
  Episode 5/10: Reward=0.5122
  Episode 6/10: Reward=0.5626
  Episode 7/10: Reward=0.3212
  Episode 8/10: Reward=0.7318
  Episode 9/10: Reward=0.3286
  Episode 10/10: Reward=0.6572
  >> Decoder Loss: 0.001961
  >> SAC Q1 Loss: 0.0011, Policy Loss: -1.1774
Epoch 44 Val Acc: 0.8389 | LR: 0.10000
Epoch 45/200
  Episode 1/10: Reward=0.3914
  Episode 2/10: Reward=0.7726
  Episode 3/10: Reward=0.2472
  Episode 4/10: Reward=0.7408
  Episode 5/10: Reward=0.3542
  Episode 6/10: Reward=0.3380
  Episode 7/10: Reward=0.7326
  Episode 8/10: Reward=0.6716
  Episode 9/10: Reward=0.2774
  Episode 10/10: Reward=0.7286
  >> Decoder Loss: 0.001942
  >> SAC Q1 Loss: 0.0011, Policy Loss: -1.1977
Epoch 45 Val Acc: 0.8598 | LR: 0.10000
Epoch 46/200
  Episode 1/10: Reward=0.3808
  Episode 2/10: Reward=0.6560
  Episode 3/10: Reward=0.3426
  Episode 4/10: Reward=0.7190
  Episode 5/10: Reward=0.6358
  Episode 6/10: Reward=0.6834
  Episode 7/10: Reward=0.5124
  Episode 8/10: Reward=0.5598
  Episode 9/10: Reward=0.5138
  Episode 10/10: Reward=0.7152
  >> Decoder Loss: 0.001684
  >> SAC Q1 Loss: 0.0010, Policy Loss: -1.2264
Epoch 46 Val Acc: 0.8527 | LR: 0.10000
Epoch 47/200
  Episode 1/10: Reward=0.6116
  Episode 2/10: Reward=0.7412
  Episode 3/10: Reward=0.3856
  Episode 4/10: Reward=0.3734
  Episode 5/10: Reward=0.6702
  Episode 6/10: Reward=0.6844
  Episode 7/10: Reward=0.6604
  Episode 8/10: Reward=0.6090
  Episode 9/10: Reward=0.5522
  Episode 10/10: Reward=0.5778
  >> Decoder Loss: 0.001387
  >> SAC Q1 Loss: 0.0012, Policy Loss: -1.2409
Epoch 47 Val Acc: 0.8570 | LR: 0.10000
Epoch 48/200
  Episode 1/10: Reward=0.3594
  Episode 2/10: Reward=0.4294
  Episode 3/10: Reward=0.3972
  Episode 4/10: Reward=0.7118
  Episode 5/10: Reward=0.5360
  Episode 6/10: Reward=0.3432
  Episode 7/10: Reward=0.6816
  Episode 8/10: Reward=0.6030
  Episode 9/10: Reward=0.7454
  Episode 10/10: Reward=0.4784
  >> Decoder Loss: 0.001677
  >> SAC Q1 Loss: 0.0011, Policy Loss: -1.2441
Epoch 48 Val Acc: 0.8468 | LR: 0.10000
Epoch 49/200
  Episode 1/10: Reward=0.3540
  Episode 2/10: Reward=0.4496
  Episode 3/10: Reward=0.2902
  Episode 4/10: Reward=0.3080
  Episode 5/10: Reward=0.1612
  Episode 6/10: Reward=0.6234
  Episode 7/10: Reward=0.3598
  Episode 8/10: Reward=0.7890
  Episode 9/10: Reward=0.3802
  Episode 10/10: Reward=0.2852
  >> Decoder Loss: 0.002055
  >> SAC Q1 Loss: 0.0010, Policy Loss: -1.2607
Epoch 49 Val Acc: 0.8373 | LR: 0.10000
Epoch 50/200
  Episode 1/10: Reward=0.7316
  Episode 2/10: Reward=0.4918
  Episode 3/10: Reward=0.7692
  Episode 4/10: Reward=0.5536
  Episode 5/10: Reward=0.7412
  Episode 6/10: Reward=0.4256
  Episode 7/10: Reward=0.7238
  Episode 8/10: Reward=0.5776
  Episode 9/10: Reward=0.5390
  Episode 10/10: Reward=0.5448
  >> Decoder Loss: 0.001479
  >> SAC Q1 Loss: 0.0011, Policy Loss: -1.2692
Epoch 50 Val Acc: 0.8725 | LR: 0.10000
Epoch 51/200
  Episode 1/10: Reward=0.4994
  Episode 2/10: Reward=0.7036
  Episode 3/10: Reward=0.3338
  Episode 4/10: Reward=0.7470
  Episode 5/10: Reward=0.3114
  Episode 6/10: Reward=0.7842
  Episode 7/10: Reward=0.4970
  Episode 8/10: Reward=0.4770
  Episode 9/10: Reward=0.7174
  Episode 10/10: Reward=0.2460
  >> Decoder Loss: 0.001527
  >> SAC Q1 Loss: 0.0010, Policy Loss: -1.2751
Epoch 51 Val Acc: 0.8677 | LR: 0.10000
Epoch 52/200
  Episode 1/10: Reward=0.6094
  Episode 2/10: Reward=0.3336
  Episode 3/10: Reward=0.4978
  Episode 4/10: Reward=0.6534
  Episode 5/10: Reward=0.6556
  Episode 6/10: Reward=0.6684
  Episode 7/10: Reward=0.7412
  Episode 8/10: Reward=0.5658
  Episode 9/10: Reward=0.7196
  Episode 10/10: Reward=0.7492
  >> Decoder Loss: 0.001100
  >> SAC Q1 Loss: 0.0010, Policy Loss: -1.2772
Epoch 52 Val Acc: 0.8731 | LR: 0.10000
Epoch 53/200
  Episode 1/10: Reward=0.4968
[BestPolicy] Updated best reward: 0.7942
  Episode 2/10: Reward=0.7942
  Episode 3/10: Reward=0.3566
  Episode 4/10: Reward=0.6092
  Episode 5/10: Reward=0.7918
  Episode 6/10: Reward=0.5928
  Episode 7/10: Reward=0.7276
  Episode 8/10: Reward=0.3798
  Episode 9/10: Reward=0.3072
  Episode 10/10: Reward=0.2870
  >> Decoder Loss: 0.001339
  >> SAC Q1 Loss: 0.0013, Policy Loss: -1.2861
Epoch 53 Val Acc: 0.8495 | LR: 0.10000
Epoch 54/200
  Episode 1/10: Reward=0.6242
  Episode 2/10: Reward=0.4342
  Episode 3/10: Reward=0.7646
  Episode 4/10: Reward=0.7222
[BestPolicy] Updated best reward: 0.8220
  Episode 5/10: Reward=0.8220
  Episode 6/10: Reward=0.6176
  Episode 7/10: Reward=0.6252
  Episode 8/10: Reward=0.6882
  Episode 9/10: Reward=0.6578
  Episode 10/10: Reward=0.5488
  >> Decoder Loss: 0.002216
  >> SAC Q1 Loss: 0.0011, Policy Loss: -1.2844
Epoch 54 Val Acc: 0.8281 | LR: 0.10000
Epoch 55/200
  Episode 1/10: Reward=0.3298
  Episode 2/10: Reward=0.6902
  Episode 3/10: Reward=0.7128
  Episode 4/10: Reward=0.7942
  Episode 5/10: Reward=0.7428
  Episode 6/10: Reward=0.3902
  Episode 7/10: Reward=0.7570
  Episode 8/10: Reward=0.6894
  Episode 9/10: Reward=0.4832
  Episode 10/10: Reward=0.3648
  >> Decoder Loss: 0.001415
  >> SAC Q1 Loss: 0.0011, Policy Loss: -1.2939
Epoch 55 Val Acc: 0.8629 | LR: 0.10000
Epoch 56/200
  Episode 1/10: Reward=0.4320
  Episode 2/10: Reward=0.3614
  Episode 3/10: Reward=0.5770
  Episode 4/10: Reward=0.5438
  Episode 5/10: Reward=0.4462
  Episode 6/10: Reward=0.3642
  Episode 7/10: Reward=0.4606
  Episode 8/10: Reward=0.7194
  Episode 9/10: Reward=0.4752
  Episode 10/10: Reward=0.2468
  >> Decoder Loss: 0.001635
  >> SAC Q1 Loss: 0.0011, Policy Loss: -1.2915
Epoch 56 Val Acc: 0.8485 | LR: 0.10000
Epoch 57/200
  Episode 1/10: Reward=0.6732
  Episode 2/10: Reward=0.3292
  Episode 3/10: Reward=0.6438
  Episode 4/10: Reward=0.6022
  Episode 5/10: Reward=0.4076
  Episode 6/10: Reward=0.5818
  Episode 7/10: Reward=0.6554
  Episode 8/10: Reward=0.4632
  Episode 9/10: Reward=0.7264
  Episode 10/10: Reward=0.5102
  >> Decoder Loss: 0.001355
  >> SAC Q1 Loss: 0.0011, Policy Loss: -1.3012
Epoch 57 Val Acc: 0.8725 | LR: 0.10000
Epoch 58/200
  Episode 1/10: Reward=0.7066
  Episode 2/10: Reward=0.4764
  Episode 3/10: Reward=0.5642
  Episode 4/10: Reward=0.6864
  Episode 5/10: Reward=0.2286
  Episode 6/10: Reward=0.6732
  Episode 7/10: Reward=0.4018
  Episode 8/10: Reward=0.7992
  Episode 9/10: Reward=0.3502
  Episode 10/10: Reward=0.4936
  >> Decoder Loss: 0.001163
  >> SAC Q1 Loss: 0.0013, Policy Loss: -1.2989
Epoch 58 Val Acc: 0.8708 | LR: 0.10000
Epoch 59/200
  Episode 1/10: Reward=0.5924
  Episode 2/10: Reward=0.3720
  Episode 3/10: Reward=0.6276
  Episode 4/10: Reward=0.2832
  Episode 5/10: Reward=0.6638
  Episode 6/10: Reward=0.4636
  Episode 7/10: Reward=0.4038
  Episode 8/10: Reward=0.4538
  Episode 9/10: Reward=0.5084
  Episode 10/10: Reward=0.5902
  >> Decoder Loss: 0.001202
  >> SAC Q1 Loss: 0.0011, Policy Loss: -1.2987
Epoch 59 Val Acc: 0.8581 | LR: 0.10000
Epoch 60/200
  Episode 1/10: Reward=0.7096
  Episode 2/10: Reward=0.4884
  Episode 3/10: Reward=0.7792
  Episode 4/10: Reward=0.6202
  Episode 5/10: Reward=0.3780
  Episode 6/10: Reward=0.5342
  Episode 7/10: Reward=0.6158
  Episode 8/10: Reward=0.7360
  Episode 9/10: Reward=0.5654
  Episode 10/10: Reward=0.7194
  >> Decoder Loss: 0.001261
  >> SAC Q1 Loss: 0.0010, Policy Loss: -1.3100
Epoch 60 Val Acc: 0.8546 | LR: 0.10000
Epoch 61/200
  Episode 1/10: Reward=0.4242
  Episode 2/10: Reward=0.7060
  Episode 3/10: Reward=0.3124
  Episode 4/10: Reward=0.4224
  Episode 5/10: Reward=0.6822
  Episode 6/10: Reward=0.8070
  Episode 7/10: Reward=0.6862
  Episode 8/10: Reward=0.7138
  Episode 9/10: Reward=0.7534
  Episode 10/10: Reward=0.7836
  >> Decoder Loss: 0.001419
  >> SAC Q1 Loss: 0.0010, Policy Loss: -1.3022
Epoch 61 Val Acc: 0.8534 | LR: 0.10000
Epoch 62/200
  Episode 1/10: Reward=0.7710
  Episode 2/10: Reward=0.6466
  Episode 3/10: Reward=0.3484
  Episode 4/10: Reward=0.2590
  Episode 5/10: Reward=0.5158
  Episode 6/10: Reward=0.3832
  Episode 7/10: Reward=0.4148
  Episode 8/10: Reward=0.6316
  Episode 9/10: Reward=0.4678
  Episode 10/10: Reward=0.5538
  >> Decoder Loss: 0.001192
  >> SAC Q1 Loss: 0.0011, Policy Loss: -1.3085
Epoch 62 Val Acc: 0.8475 | LR: 0.10000
Epoch 63/200
  Episode 1/10: Reward=0.4630
  Episode 2/10: Reward=0.3840
  Episode 3/10: Reward=0.7574
  Episode 4/10: Reward=0.5090
  Episode 5/10: Reward=0.5234
  Episode 6/10: Reward=0.3252
  Episode 7/10: Reward=0.4262
  Episode 8/10: Reward=0.7480
  Episode 9/10: Reward=0.7174
  Episode 10/10: Reward=0.7172
  >> Decoder Loss: 0.001123
  >> SAC Q1 Loss: 0.0011, Policy Loss: -1.3055
Epoch 63 Val Acc: 0.8448 | LR: 0.10000
Epoch 64/200
  Episode 1/10: Reward=0.7012
  Episode 2/10: Reward=0.7820
  Episode 3/10: Reward=0.7692
  Episode 4/10: Reward=0.5976
  Episode 5/10: Reward=0.1844
  Episode 6/10: Reward=0.4006
  Episode 7/10: Reward=0.7120
  Episode 8/10: Reward=0.7814
  Episode 9/10: Reward=0.7228
  Episode 10/10: Reward=0.5032
  >> Decoder Loss: 0.001184
  >> SAC Q1 Loss: 0.0011, Policy Loss: -1.3069
Epoch 64 Val Acc: 0.8690 | LR: 0.10000
Epoch 65/200
  Episode 1/10: Reward=0.5354
  Episode 2/10: Reward=0.4098
  Episode 3/10: Reward=0.4428
  Episode 4/10: Reward=0.7492
  Episode 5/10: Reward=0.3652
  Episode 6/10: Reward=0.3856
  Episode 7/10: Reward=0.2836
  Episode 8/10: Reward=0.7760
  Episode 9/10: Reward=0.5846
  Episode 10/10: Reward=0.7956
  >> Decoder Loss: 0.001022
  >> SAC Q1 Loss: 0.0011, Policy Loss: -1.3056
Epoch 65 Val Acc: 0.8503 | LR: 0.10000
Epoch 66/200
  Episode 1/10: Reward=0.6532
  Episode 2/10: Reward=0.7988
  Episode 3/10: Reward=0.6162
  Episode 4/10: Reward=0.4876
  Episode 5/10: Reward=0.7394
  Episode 6/10: Reward=0.5852
  Episode 7/10: Reward=0.4320
  Episode 8/10: Reward=0.7036
  Episode 9/10: Reward=0.5406
  Episode 10/10: Reward=0.7972
  >> Decoder Loss: 0.001062
  >> SAC Q1 Loss: 0.0010, Policy Loss: -1.3072
Epoch 66 Val Acc: 0.8674 | LR: 0.10000
Epoch 67/200
  Episode 1/10: Reward=0.4962
  Episode 2/10: Reward=0.3006
  Episode 3/10: Reward=0.3754
  Episode 4/10: Reward=0.6108
  Episode 5/10: Reward=0.7930
  Episode 6/10: Reward=0.6826
  Episode 7/10: Reward=0.1552
  Episode 8/10: Reward=0.6090
  Episode 9/10: Reward=0.7674
  Episode 10/10: Reward=0.1788
  >> Decoder Loss: 0.001069
  >> SAC Q1 Loss: 0.0010, Policy Loss: -1.3051
Epoch 67 Val Acc: 0.8614 | LR: 0.10000
Epoch 68/200
  Episode 1/10: Reward=0.5556
  Episode 2/10: Reward=0.6454
  Episode 3/10: Reward=0.5028
  Episode 4/10: Reward=0.5374
  Episode 5/10: Reward=0.4482
  Episode 6/10: Reward=0.7066
  Episode 7/10: Reward=0.5650
  Episode 8/10: Reward=0.5050
  Episode 9/10: Reward=0.7378
  Episode 10/10: Reward=0.3868
  >> Decoder Loss: 0.001509
  >> SAC Q1 Loss: 0.0010, Policy Loss: -1.3090
Epoch 68 Val Acc: 0.8578 | LR: 0.10000
Epoch 69/200
  Episode 1/10: Reward=0.4830
  Episode 2/10: Reward=0.4628
  Episode 3/10: Reward=0.5020
  Episode 4/10: Reward=0.7760
  Episode 5/10: Reward=0.6556
  Episode 6/10: Reward=0.5100
  Episode 7/10: Reward=0.2408
  Episode 8/10: Reward=0.7676
  Episode 9/10: Reward=0.7408
  Episode 10/10: Reward=0.5388
  >> Decoder Loss: 0.001261
  >> SAC Q1 Loss: 0.0009, Policy Loss: -1.3188
Epoch 69 Val Acc: 0.8759 | LR: 0.10000
Epoch 70/200
  Episode 1/10: Reward=0.2078
  Episode 2/10: Reward=0.3804
  Episode 3/10: Reward=0.3370
  Episode 4/10: Reward=0.7054
  Episode 5/10: Reward=0.6148
  Episode 6/10: Reward=0.7852
  Episode 7/10: Reward=0.5364
  Episode 8/10: Reward=0.3638
  Episode 9/10: Reward=0.6428
  Episode 10/10: Reward=0.7316
  >> Decoder Loss: 0.001133
  >> SAC Q1 Loss: 0.0010, Policy Loss: -1.3144
Epoch 70 Val Acc: 0.8526 | LR: 0.10000
Epoch 71/200
  Episode 1/10: Reward=0.6928
  Episode 2/10: Reward=0.5084
  Episode 3/10: Reward=0.6658
  Episode 4/10: Reward=0.3488
  Episode 5/10: Reward=0.6384
  Episode 6/10: Reward=0.4030
  Episode 7/10: Reward=0.7036
  Episode 8/10: Reward=0.4674
  Episode 9/10: Reward=0.3812
  Episode 10/10: Reward=0.6710
  >> Decoder Loss: 0.001218
  >> SAC Q1 Loss: 0.0010, Policy Loss: -1.3148
Epoch 71 Val Acc: 0.8722 | LR: 0.10000
Epoch 72/200
  Episode 1/10: Reward=0.7614
  Episode 2/10: Reward=0.5574
  Episode 3/10: Reward=0.5950
  Episode 4/10: Reward=0.5818
  Episode 5/10: Reward=0.5286
  Episode 6/10: Reward=0.7628
  Episode 7/10: Reward=0.3410
  Episode 8/10: Reward=0.3676
  Episode 9/10: Reward=0.3774
  Episode 10/10: Reward=0.5442
  >> Decoder Loss: 0.001073
  >> SAC Q1 Loss: 0.0010, Policy Loss: -1.3183
Epoch 72 Val Acc: 0.8729 | LR: 0.10000
Epoch 73/200
  Episode 1/10: Reward=0.3204
  Episode 2/10: Reward=0.7898
  Episode 3/10: Reward=0.2182
  Episode 4/10: Reward=0.7494
  Episode 5/10: Reward=0.4792
  Episode 6/10: Reward=0.3290
  Episode 7/10: Reward=0.7932
  Episode 8/10: Reward=0.3414
  Episode 9/10: Reward=0.3332
  Episode 10/10: Reward=0.6624
  >> Decoder Loss: 0.000850
  >> SAC Q1 Loss: 0.0011, Policy Loss: -1.3206
Epoch 73 Val Acc: 0.8816 | LR: 0.10000
Epoch 74/200
  Episode 1/10: Reward=0.2938
  Episode 2/10: Reward=0.5566
  Episode 3/10: Reward=0.6284
  Episode 4/10: Reward=0.3846
  Episode 5/10: Reward=0.7254
  Episode 6/10: Reward=0.6772
  Episode 7/10: Reward=0.7696
  Episode 8/10: Reward=0.3870
  Episode 9/10: Reward=0.7702
  Episode 10/10: Reward=0.7468
  >> Decoder Loss: 0.001022
  >> SAC Q1 Loss: 0.0009, Policy Loss: -1.3315
Epoch 74 Val Acc: 0.8578 | LR: 0.10000
Epoch 75/200
  Episode 1/10: Reward=0.6204
  Episode 2/10: Reward=0.4158
  Episode 3/10: Reward=0.5820
  Episode 4/10: Reward=0.6632
  Episode 5/10: Reward=0.3410
  Episode 6/10: Reward=0.7332
  Episode 7/10: Reward=0.7514
  Episode 8/10: Reward=0.7834
  Episode 9/10: Reward=0.6108
  Episode 10/10: Reward=0.3710
  >> Decoder Loss: 0.001036
  >> SAC Q1 Loss: 0.0011, Policy Loss: -1.3244
Epoch 75 Val Acc: 0.8439 | LR: 0.10000
Epoch 76/200
  Episode 1/10: Reward=0.3902
  Episode 2/10: Reward=0.5904
  Episode 3/10: Reward=0.7846
  Episode 4/10: Reward=0.6490
  Episode 5/10: Reward=0.7326
  Episode 6/10: Reward=0.7198
  Episode 7/10: Reward=0.6482
  Episode 8/10: Reward=0.7656
  Episode 9/10: Reward=0.3976
  Episode 10/10: Reward=0.7204
  >> Decoder Loss: 0.000854
  >> SAC Q1 Loss: 0.0009, Policy Loss: -1.3385
Epoch 76 Val Acc: 0.8770 | LR: 0.10000
Epoch 77/200
  Episode 1/10: Reward=0.6942
  Episode 2/10: Reward=0.5478
  Episode 3/10: Reward=0.7126
  Episode 4/10: Reward=0.6712
  Episode 5/10: Reward=0.4284
  Episode 6/10: Reward=0.5584
  Episode 7/10: Reward=0.5642
  Episode 8/10: Reward=0.7634
  Episode 9/10: Reward=0.7818
  Episode 10/10: Reward=0.4992
  >> Decoder Loss: 0.001036
  >> SAC Q1 Loss: 0.0009, Policy Loss: -1.3434
Epoch 77 Val Acc: 0.8748 | LR: 0.10000
Epoch 78/200
  Episode 1/10: Reward=0.3372
  Episode 2/10: Reward=0.7216
  Episode 3/10: Reward=0.6732
  Episode 4/10: Reward=0.4510
  Episode 5/10: Reward=0.2196
  Episode 6/10: Reward=0.8200
  Episode 7/10: Reward=0.8104
  Episode 8/10: Reward=0.7760
  Episode 9/10: Reward=0.5398
  Episode 10/10: Reward=0.3386
  >> Decoder Loss: 0.000856
  >> SAC Q1 Loss: 0.0010, Policy Loss: -1.3513
Epoch 78 Val Acc: 0.8544 | LR: 0.10000
Epoch 79/200
  Episode 1/10: Reward=0.4494
  Episode 2/10: Reward=0.7542
  Episode 3/10: Reward=0.4386
  Episode 4/10: Reward=0.3480
  Episode 5/10: Reward=0.6836
  Episode 6/10: Reward=0.2400
  Episode 7/10: Reward=0.7770
  Episode 8/10: Reward=0.6702
  Episode 9/10: Reward=0.3030
  Episode 10/10: Reward=0.7598
  >> Decoder Loss: 0.001173
  >> SAC Q1 Loss: 0.0009, Policy Loss: -1.3518
Epoch 79 Val Acc: 0.8769 | LR: 0.10000
Epoch 80/200
  Episode 1/10: Reward=0.5094
  Episode 2/10: Reward=0.3098
  Episode 3/10: Reward=0.7252
  Episode 4/10: Reward=0.3420
  Episode 5/10: Reward=0.4476
  Episode 6/10: Reward=0.4966
  Episode 7/10: Reward=0.3408
  Episode 8/10: Reward=0.5938
  Episode 9/10: Reward=0.7350
  Episode 10/10: Reward=0.5352
  >> Decoder Loss: 0.001140
  >> SAC Q1 Loss: 0.0009, Policy Loss: -1.3445
Epoch 80 Val Acc: 0.8703 | LR: 0.10000
Epoch 81/200
  Episode 1/10: Reward=0.3986
  Episode 2/10: Reward=0.7834
  Episode 3/10: Reward=0.4990
  Episode 4/10: Reward=0.4038
  Episode 5/10: Reward=0.6418
  Episode 6/10: Reward=0.3234
  Episode 7/10: Reward=0.7246
  Episode 8/10: Reward=0.2998
  Episode 9/10: Reward=0.3232
  Episode 10/10: Reward=0.6666
  >> Decoder Loss: 0.000928
  >> SAC Q1 Loss: 0.0010, Policy Loss: -1.3436
Epoch 81 Val Acc: 0.8654 | LR: 0.10000
Epoch 82/200
  Episode 1/10: Reward=0.5360
  Episode 2/10: Reward=0.5992
  Episode 3/10: Reward=0.7844
  Episode 4/10: Reward=0.7950
  Episode 5/10: Reward=0.3532
  Episode 6/10: Reward=0.5184
  Episode 7/10: Reward=0.7156
  Episode 8/10: Reward=0.4704
  Episode 9/10: Reward=0.5664
  Episode 10/10: Reward=0.6398
  >> Decoder Loss: 0.000953
  >> SAC Q1 Loss: 0.0010, Policy Loss: -1.3457
Epoch 82 Val Acc: 0.8654 | LR: 0.10000
Epoch 83/200
  Episode 1/10: Reward=0.3294
  Episode 2/10: Reward=0.5634
  Episode 3/10: Reward=0.1652
  Episode 4/10: Reward=0.2622
  Episode 5/10: Reward=0.2640
  Episode 6/10: Reward=0.7030
  Episode 7/10: Reward=0.2962
  Episode 8/10: Reward=0.7652
  Episode 9/10: Reward=0.7684
  Episode 10/10: Reward=0.4124
  >> Decoder Loss: 0.000866
  >> SAC Q1 Loss: 0.0009, Policy Loss: -1.3513
Epoch 83 Val Acc: 0.8799 | LR: 0.10000
Epoch 84/200
  Episode 1/10: Reward=0.4450
  Episode 2/10: Reward=0.6410
  Episode 3/10: Reward=0.6214
  Episode 4/10: Reward=0.6482
  Episode 5/10: Reward=0.5794
  Episode 6/10: Reward=0.7658
  Episode 7/10: Reward=0.4002
  Episode 8/10: Reward=0.7624
  Episode 9/10: Reward=0.5694
  Episode 10/10: Reward=0.7928
  >> Decoder Loss: 0.000841
  >> SAC Q1 Loss: 0.0010, Policy Loss: -1.3443
Epoch 84 Val Acc: 0.8759 | LR: 0.10000
Epoch 85/200
  Episode 1/10: Reward=0.7794
  Episode 2/10: Reward=0.7474
  Episode 3/10: Reward=0.5980
  Episode 4/10: Reward=0.7016
  Episode 5/10: Reward=0.5948
  Episode 6/10: Reward=0.7604
  Episode 7/10: Reward=0.7816
[BestPolicy] Updated best reward: 0.8258
  Episode 8/10: Reward=0.8258
  Episode 9/10: Reward=0.7416
  Episode 10/10: Reward=0.3088
  >> Decoder Loss: 0.000937
  >> SAC Q1 Loss: 0.0010, Policy Loss: -1.3479
Epoch 85 Val Acc: 0.8794 | LR: 0.10000
Epoch 86/200
  Episode 1/10: Reward=0.3676
  Episode 2/10: Reward=0.7582
  Episode 3/10: Reward=0.7796
  Episode 4/10: Reward=0.4554
  Episode 5/10: Reward=0.2866
  Episode 6/10: Reward=0.6274
  Episode 7/10: Reward=0.3922
  Episode 8/10: Reward=0.3984
  Episode 9/10: Reward=0.2172
  Episode 10/10: Reward=0.7682
  >> Decoder Loss: 0.000858
  >> SAC Q1 Loss: 0.0009, Policy Loss: -1.3503
Epoch 86 Val Acc: 0.8747 | LR: 0.10000
Epoch 87/200
  Episode 1/10: Reward=0.7406
  Episode 2/10: Reward=0.6114
  Episode 3/10: Reward=0.1932
  Episode 4/10: Reward=0.4798
  Episode 5/10: Reward=0.2376
  Episode 6/10: Reward=0.3148
  Episode 7/10: Reward=0.2956
  Episode 8/10: Reward=0.2420
  Episode 9/10: Reward=0.6578
  Episode 10/10: Reward=0.3606
  >> Decoder Loss: 0.000769
  >> SAC Q1 Loss: 0.0009, Policy Loss: -1.3452
Epoch 87 Val Acc: 0.8741 | LR: 0.10000
Epoch 88/200
  Episode 1/10: Reward=0.5460
  Episode 2/10: Reward=0.7416
  Episode 3/10: Reward=0.7832
  Episode 4/10: Reward=0.7092
  Episode 5/10: Reward=0.3244
  Episode 6/10: Reward=0.7234
  Episode 7/10: Reward=0.3486
  Episode 8/10: Reward=0.4554
  Episode 9/10: Reward=0.2454
  Episode 10/10: Reward=0.3276
  >> Decoder Loss: 0.000856
  >> SAC Q1 Loss: 0.0010, Policy Loss: -1.3527
Epoch 88 Val Acc: 0.8807 | LR: 0.10000
Epoch 89/200
  Episode 1/10: Reward=0.7830
  Episode 2/10: Reward=0.2044
  Episode 3/10: Reward=0.2470
  Episode 4/10: Reward=0.6618
  Episode 5/10: Reward=0.7894
  Episode 6/10: Reward=0.2778
  Episode 7/10: Reward=0.3384
  Episode 8/10: Reward=0.6106
  Episode 9/10: Reward=0.3198
  Episode 10/10: Reward=0.3976
  >> Decoder Loss: 0.000919
  >> SAC Q1 Loss: 0.0011, Policy Loss: -1.3468
Epoch 89 Val Acc: 0.8647 | LR: 0.10000
Epoch 90/200
  Episode 1/10: Reward=0.7864
  Episode 2/10: Reward=0.6572
  Episode 3/10: Reward=0.6400
  Episode 4/10: Reward=0.3822
  Episode 5/10: Reward=0.7880
  Episode 6/10: Reward=0.4120
  Episode 7/10: Reward=0.7462
  Episode 8/10: Reward=0.7678
  Episode 9/10: Reward=0.6136
  Episode 10/10: Reward=0.5426
  >> Decoder Loss: 0.000914
  >> SAC Q1 Loss: 0.0010, Policy Loss: -1.3450
Epoch 90 Val Acc: 0.8656 | LR: 0.10000

=== [Phase 4] Weights Training with Lalign (Alignment) ===
  >> Best policy loaded. Applying Soft Alignment...
Epoch 91/200 Val Acc: 0.8494
Epoch 92/200 Val Acc: 0.8565
Epoch 93/200 Val Acc: 0.8503
Epoch 94/200 Val Acc: 0.8595
Epoch 95/200 Val Acc: 0.8540
Epoch 96/200 Val Acc: 0.8647
Epoch 97/200 Val Acc: 0.8729
Epoch 98/200 Val Acc: 0.8631
Epoch 99/200 Val Acc: 0.8593
Epoch 100/200 Val Acc: 0.8600
Epoch 101/200 Val Acc: 0.8740
Epoch 102/200 Val Acc: 0.8654
Epoch 103/200 Val Acc: 0.8731
Epoch 104/200 Val Acc: 0.8847
Epoch 105/200 Val Acc: 0.8664
Epoch 106/200 Val Acc: 0.8635
Epoch 107/200 Val Acc: 0.8529
Epoch 108/200 Val Acc: 0.8649
Epoch 109/200 Val Acc: 0.8593
Epoch 110/200 Val Acc: 0.8623
Epoch 111/200 Val Acc: 0.9138
Epoch 112/200 Val Acc: 0.9164
Epoch 113/200 Val Acc: 0.9175
Epoch 114/200 Val Acc: 0.9194
Epoch 115/200 Val Acc: 0.9191
Epoch 116/200 Val Acc: 0.9178
Epoch 117/200 Val Acc: 0.9203
Epoch 118/200 Val Acc: 0.9204
Epoch 119/200 Val Acc: 0.9187
Epoch 120/200 Val Acc: 0.9209
Epoch 121/200 Val Acc: 0.9211
Epoch 122/200 Val Acc: 0.9202
Epoch 123/200 Val Acc: 0.9209
Epoch 124/200 Val Acc: 0.9214
Epoch 125/200 Val Acc: 0.9211
Epoch 126/200 Val Acc: 0.9218
Epoch 127/200 Val Acc: 0.9241
Epoch 128/200 Val Acc: 0.9212
Epoch 129/200 Val Acc: 0.9224
Epoch 130/200 Val Acc: 0.9200
Epoch 131/200 Val Acc: 0.9232
Epoch 132/200 Val Acc: 0.9213
Epoch 133/200 Val Acc: 0.9220
Epoch 134/200 Val Acc: 0.9226
Epoch 135/200 Val Acc: 0.9222
Epoch 136/200 Val Acc: 0.9233
Epoch 137/200 Val Acc: 0.9213
Epoch 138/200 Val Acc: 0.9242
Epoch 139/200 Val Acc: 0.9210
Epoch 140/200 Val Acc: 0.9230
Epoch 141/200 Val Acc: 0.9230
Epoch 142/200 Val Acc: 0.9222
Epoch 143/200 Val Acc: 0.9215
Epoch 144/200 Val Acc: 0.9227
Epoch 145/200 Val Acc: 0.9217
Epoch 146/200 Val Acc: 0.9225
Epoch 147/200 Val Acc: 0.9233
Epoch 148/200 Val Acc: 0.9231
Epoch 149/200 Val Acc: 0.9223
Epoch 150/200 Val Acc: 0.9209
Epoch 151/200 Val Acc: 0.9220
Epoch 152/200 Val Acc: 0.9235
Epoch 153/200 Val Acc: 0.9243
Epoch 154/200 Val Acc: 0.9232
Epoch 155/200 Val Acc: 0.9229
Epoch 156/200 Val Acc: 0.9250
Epoch 157/200 Val Acc: 0.9217
Epoch 158/200 Val Acc: 0.9223
Epoch 159/200 Val Acc: 0.9231
Epoch 160/200 Val Acc: 0.9211
Epoch 161/200 Val Acc: 0.9226
Epoch 162/200 Val Acc: 0.9227
Epoch 163/200 Val Acc: 0.9239
Epoch 164/200 Val Acc: 0.9226
Epoch 165/200 Val Acc: 0.9237
Epoch 166/200 Val Acc: 0.9234
Epoch 167/200 Val Acc: 0.9239
Epoch 168/200 Val Acc: 0.9224
Epoch 169/200 Val Acc: 0.9244
Epoch 170/200 Val Acc: 0.9234
Epoch 171/200 Val Acc: 0.9227
Epoch 172/200 Val Acc: 0.9235
Epoch 173/200 Val Acc: 0.9226
Epoch 174/200 Val Acc: 0.9232
Epoch 175/200 Val Acc: 0.9233
Epoch 176/200 Val Acc: 0.9236
Epoch 177/200 Val Acc: 0.9251
Epoch 178/200 Val Acc: 0.9248
Epoch 179/200 Val Acc: 0.9249
Epoch 180/200 Val Acc: 0.9256
Epoch 181/200 Val Acc: 0.9244
Epoch 182/200 Val Acc: 0.9246
Epoch 183/200 Val Acc: 0.9255
Epoch 184/200 Val Acc: 0.9252
Epoch 185/200 Val Acc: 0.9254
Epoch 186/200 Val Acc: 0.9264
Epoch 187/200 Val Acc: 0.9247
Epoch 188/200 Val Acc: 0.9246
Epoch 189/200 Val Acc: 0.9235
Epoch 190/200 Val Acc: 0.9251
Epoch 191/200 Val Acc: 0.9249
Epoch 192/200 Val Acc: 0.9241
Epoch 193/200 Val Acc: 0.9253
Epoch 194/200 Val Acc: 0.9243
Epoch 195/200 Val Acc: 0.9250
Epoch 196/200 Val Acc: 0.9234
Epoch 197/200 Val Acc: 0.9248
Epoch 198/200 Val Acc: 0.9251
Epoch 199/200 Val Acc: 0.9244
Epoch 200/200 Val Acc: 0.9251
Training Complete.
